#
# There is insufficient memory for the Java Runtime Environment to continue.
# Native memory allocation (mmap) failed to map 119537664 bytes for G1 virtual space
# Possible reasons:
#   The system is out of physical RAM or swap space
#   The process is running with CompressedOops enabled, and the Java Heap may be blocking the growth of the native heap
# Possible solutions:
#   Reduce memory load on the system
#   Increase physical memory or swap space
#   Check if swap backing store is full
#   Decrease Java heap size (-Xmx/-Xms)
#   Decrease number of Java threads
#   Decrease Java thread stack sizes (-Xss)
#   Set larger code cache with -XX:ReservedCodeCacheSize=
#   JVM is running with Unscaled Compressed Oops mode in which the Java heap is
#     placed in the first 4GB address space. The Java Heap base address is the
#     maximum limit for the native heap growth. Please use -XX:HeapBaseMinAddress
#     to set the Java Heap base and to place the Java Heap above 4GB virtual address.
# This output file may be truncated or incomplete.
#
#  Out of Memory Error (os_windows.cpp:3469), pid=1896, tid=7360
#
# JRE version: OpenJDK Runtime Environment Temurin-17.0.1+12 (17.0.1+12) (build 17.0.1+12)
# Java VM: OpenJDK 64-Bit Server VM Temurin-17.0.1+12 (17.0.1+12, mixed mode, emulated-client, tiered, compressed oops, compressed class ptrs, g1 gc, windows-amd64)
# No core dump will be written. Minidumps are not enabled by default on client versions of Windows
#

---------------  S U M M A R Y ------------

Command Line: -XX:TieredStopAtLevel=1 com.hotel.managementsystem.ManagementsystemApplication

Host: Intel(R) Xeon(R) Gold 6154 CPU @ 3.00GHz, 4 cores, 7G,  Windows 10 , 64 bit Build 19041 (10.0.19041.5438)
Time: Fri Apr 18 09:23:43 2025 India Standard Time elapsed time: 1353.576361 seconds (0d 0h 22m 33s)

---------------  T H R E A D  ---------------

Current thread (0x00000196edb229c0):  VMThread "VM Thread" [stack: 0x000000365a500000,0x000000365a600000] [id=7360]

Stack: [0x000000365a500000,0x000000365a600000]
Native frames: (J=compiled Java code, j=interpreted, Vv=VM code, C=native code)
V  [jvm.dll+0x6744da]
V  [jvm.dll+0x82e144]
V  [jvm.dll+0x82f8ee]
V  [jvm.dll+0x82ff53]
V  [jvm.dll+0x245175]
V  [jvm.dll+0x6714c9]
V  [jvm.dll+0x665f92]
V  [jvm.dll+0x303c3b]
V  [jvm.dll+0x30b176]
V  [jvm.dll+0x35af1e]
V  [jvm.dll+0x35b14f]
V  [jvm.dll+0x2dab78]
V  [jvm.dll+0x2d8e2c]
V  [jvm.dll+0x2d83fc]
V  [jvm.dll+0x31c24b]
V  [jvm.dll+0x8343bb]
V  [jvm.dll+0x8350f4]
V  [jvm.dll+0x83560c]
V  [jvm.dll+0x8359e4]
V  [jvm.dll+0x835ab0]
V  [jvm.dll+0x7de51a]
V  [jvm.dll+0x673305]
C  [ucrtbase.dll+0x21bb2]
C  [KERNEL32.DLL+0x17374]
C  [ntdll.dll+0x4cc91]

VM_Operation (0x000000365bdfa030): G1CollectForAllocation, mode: safepoint, requested by thread 0x00000196f3192850


---------------  P R O C E S S  ---------------

Threads class SMR info:
_java_thread_list=0x00000196f31f7c70, length=32, elements={
0x00000196edb24e40, 0x00000196edb280c0, 0x00000196edb747f0, 0x00000196ee525420,
0x00000196ee525ce0, 0x00000196ee5265a0, 0x00000196ee52a450, 0x00000196ee53ae70,
0x00000196ee66c6c0, 0x00000196ee6801b0, 0x00000196efeb24f0, 0x00000196f318e9c0,
0x00000196f318e4f0, 0x00000196f31901d0, 0x00000196f31936c0, 0x00000196f318fd00,
0x00000196f3192380, 0x00000196f3192d20, 0x00000196f318ee90, 0x00000196f318e020,
0x00000196f3192850, 0x00000196f318f360, 0x00000196f3194530, 0x00000196f3194a00,
0x00000196f3194ed0, 0x00000196f3195870, 0x00000196f318f830, 0x00000196f3193b90,
0x00000196f3190b70, 0x00000196f31919e0, 0x00000196f3191040, 0x00000196f3191eb0
}

Java Threads: ( => current thread )
  0x00000196edb24e40 JavaThread "Reference Handler" daemon [_thread_blocked, id=14180, stack(0x000000365a600000,0x000000365a700000)]
  0x00000196edb280c0 JavaThread "Finalizer" daemon [_thread_blocked, id=3600, stack(0x000000365a700000,0x000000365a800000)]
  0x00000196edb747f0 JavaThread "Signal Dispatcher" daemon [_thread_blocked, id=13972, stack(0x000000365a800000,0x000000365a900000)]
  0x00000196ee525420 JavaThread "Attach Listener" daemon [_thread_blocked, id=8440, stack(0x000000365a900000,0x000000365aa00000)]
  0x00000196ee525ce0 JavaThread "Service Thread" daemon [_thread_blocked, id=3240, stack(0x000000365aa00000,0x000000365ab00000)]
  0x00000196ee5265a0 JavaThread "Monitor Deflation Thread" daemon [_thread_blocked, id=2688, stack(0x000000365ab00000,0x000000365ac00000)]
  0x00000196ee52a450 JavaThread "C1 CompilerThread0" daemon [_thread_blocked, id=8600, stack(0x000000365ac00000,0x000000365ad00000)]
  0x00000196ee53ae70 JavaThread "Sweeper thread" daemon [_thread_blocked, id=4128, stack(0x000000365ad00000,0x000000365ae00000)]
  0x00000196ee66c6c0 JavaThread "Notification Thread" daemon [_thread_blocked, id=2064, stack(0x000000365b000000,0x000000365b100000)]
  0x00000196ee6801b0 JavaThread "Common-Cleaner" daemon [_thread_blocked, id=10312, stack(0x000000365b200000,0x000000365b300000)]
  0x00000196efeb24f0 JavaThread "Live Reload Server" daemon [_thread_in_native, id=12268, stack(0x000000365c300000,0x000000365c400000)]
  0x00000196f318e9c0 JavaThread "DestroyJavaVM" [_thread_blocked, id=14940, stack(0x0000003659f00000,0x000000365a000000)]
  0x00000196f318e4f0 JavaThread "Catalina-utility-1" [_thread_blocked, id=3488, stack(0x0000003659c00000,0x0000003659d00000)]
  0x00000196f31901d0 JavaThread "Catalina-utility-2" [_thread_blocked, id=13040, stack(0x000000365af00000,0x000000365b000000)]
  0x00000196f31936c0 JavaThread "container-0" [_thread_blocked, id=15140, stack(0x000000365b600000,0x000000365b700000)]
  0x00000196f318fd00 JavaThread "MVStore background writer C:/data/HotelUserDetails.mv.db" daemon [_thread_blocked, id=2516, stack(0x000000365b700000,0x000000365b800000)]
  0x00000196f3192380 JavaThread "HikariPool-4 housekeeper" daemon [_thread_blocked, id=13876, stack(0x000000365b800000,0x000000365b900000)]
  0x00000196f3192d20 JavaThread "File Watcher" daemon [_thread_blocked, id=12840, stack(0x000000365ba00000,0x000000365bb00000)]
  0x00000196f318ee90 JavaThread "http-nio-8081-exec-1" daemon [_thread_blocked, id=8864, stack(0x000000365bb00000,0x000000365bc00000)]
  0x00000196f318e020 JavaThread "http-nio-8081-exec-2" daemon [_thread_blocked, id=12820, stack(0x000000365bc00000,0x000000365bd00000)]
  0x00000196f3192850 JavaThread "http-nio-8081-exec-3" daemon [_thread_blocked, id=2824, stack(0x000000365bd00000,0x000000365be00000)]
  0x00000196f318f360 JavaThread "http-nio-8081-exec-4" daemon [_thread_blocked, id=8952, stack(0x000000365bf00000,0x000000365c000000)]
  0x00000196f3194530 JavaThread "http-nio-8081-exec-5" daemon [_thread_blocked, id=10636, stack(0x000000365c000000,0x000000365c100000)]
  0x00000196f3194a00 JavaThread "http-nio-8081-exec-6" daemon [_thread_blocked, id=10276, stack(0x000000365c100000,0x000000365c200000)]
  0x00000196f3194ed0 JavaThread "http-nio-8081-exec-7" daemon [_thread_blocked, id=9520, stack(0x000000365c200000,0x000000365c300000)]
  0x00000196f3195870 JavaThread "http-nio-8081-exec-8" daemon [_thread_blocked, id=824, stack(0x000000365c400000,0x000000365c500000)]
  0x00000196f318f830 JavaThread "http-nio-8081-exec-9" daemon [_thread_blocked, id=12232, stack(0x000000365c500000,0x000000365c600000)]
  0x00000196f3193b90 JavaThread "http-nio-8081-exec-10" daemon [_thread_blocked, id=11676, stack(0x000000365c600000,0x000000365c700000)]
  0x00000196f3190b70 JavaThread "http-nio-8081-Poller" daemon [_thread_in_native, id=2200, stack(0x000000365c700000,0x000000365c800000)]
  0x00000196f31919e0 JavaThread "http-nio-8081-Acceptor" daemon [_thread_in_native, id=4204, stack(0x000000365c800000,0x000000365c900000)]
  0x00000196f3191040 JavaThread "H2-serialization" daemon [_thread_blocked, id=4460, stack(0x000000365ae00000,0x000000365af00000)]
  0x00000196f3191eb0 JavaThread "H2-save" daemon [_thread_blocked, id=12276, stack(0x000000365c900000,0x000000365ca00000)]

Other Threads:
=>0x00000196edb229c0 VMThread "VM Thread" [stack: 0x000000365a500000,0x000000365a600000] [id=7360]
  0x00000196ee66cb90 WatcherThread [stack: 0x000000365b100000,0x000000365b200000] [id=10984]
  0x00000196dfdfa350 GCTaskThread "GC Thread#0" [stack: 0x000000365a000000,0x000000365a100000] [id=1000]
  0x00000196eedaf9b0 GCTaskThread "GC Thread#1" [stack: 0x000000365b300000,0x000000365b400000] [id=12836]
  0x00000196eedc2ac0 GCTaskThread "GC Thread#2" [stack: 0x000000365b400000,0x000000365b500000] [id=11816]
  0x00000196eede9150 GCTaskThread "GC Thread#3" [stack: 0x000000365b500000,0x000000365b600000] [id=6804]
  0x00000196dfe0b290 ConcurrentGCThread "G1 Main Marker" [stack: 0x000000365a100000,0x000000365a200000] [id=12092]
  0x00000196dfe0c810 ConcurrentGCThread "G1 Conc#0" [stack: 0x000000365a200000,0x000000365a300000] [id=10340]
  0x00000196dfe673c0 ConcurrentGCThread "G1 Refine#0" [stack: 0x000000365a300000,0x000000365a400000] [id=11256]
  0x00000196f0950d20 ConcurrentGCThread "G1 Refine#1" [stack: 0x000000365be00000,0x000000365bf00000] [id=6032]
  0x00000196dfe67de0 ConcurrentGCThread "G1 Service" [stack: 0x000000365a400000,0x000000365a500000] [id=1088]

Threads with active compile tasks:

VM state: at safepoint (normal execution)

VM Mutex/Monitor currently owned by a thread:  ([mutex/lock_event])
[0x00000196dfdaec60] Threads_lock - owner thread: 0x00000196edb229c0
[0x00000196dfdae3f0] Heap_lock - owner thread: 0x00000196f3192850

Heap address: 0x0000000080000000, size: 2048 MB, Compressed Oops mode: 32-bit

CDS archive(s) not mapped
Compressed class space mapped at: 0x0000000100000000-0x0000000140000000, reserved size: 1073741824
Narrow klass base: 0x0000000000000000, Narrow klass shift: 3, Narrow klass range: 0x140000000

GC Precious Log:
 CPUs: 4 total, 4 available
 Memory: 8191M
 Large Page Support: Disabled
 NUMA Support: Disabled
 Compressed Oops: Enabled (32-bit)
 Heap Region Size: 1M
 Heap Min Capacity: 8M
 Heap Initial Capacity: 128M
 Heap Max Capacity: 2G
 Pre-touch: Disabled
 Parallel Workers: 4
 Concurrent Workers: 1
 Concurrent Refinement Workers: 4
 Periodic GC: Disabled

Heap:
 garbage-first heap   total 96256K, used 33623K [0x0000000080000000, 0x0000000100000000)
  region size 1024K, 3 young (3072K), 3 survivors (3072K)
 Metaspace       used 77615K, committed 78336K, reserved 1122304K
  class space    used 10561K, committed 10880K, reserved 1048576K

Heap Regions: E=young(eden), S=young(survivor), O=old, HS=humongous(starts), HC=humongous(continues), CS=collection set, F=free, OA=open archive, CA=closed archive, TAMS=top-at-mark-start (previous, next)
|   0|0x0000000080000000, 0x0000000080100000, 0x0000000080100000|100%|HS|  |TAMS 0x0000000080100000, 0x0000000080000000| Untracked 
|   1|0x0000000080100000, 0x0000000080200000, 0x0000000080200000|100%|HS|  |TAMS 0x0000000080200000, 0x0000000080100000| Untracked 
|   2|0x0000000080200000, 0x00000000802ffff8, 0x0000000080300000| 99%| O|  |TAMS 0x00000000802ffff8, 0x0000000080200000| Untracked 
|   3|0x0000000080300000, 0x00000000803ffff0, 0x0000000080400000| 99%| O|  |TAMS 0x00000000803ffff0, 0x0000000080300000| Untracked 
|   4|0x0000000080400000, 0x00000000804fffe8, 0x0000000080500000| 99%| O|  |TAMS 0x00000000804fffe8, 0x0000000080400000| Untracked 
|   5|0x0000000080500000, 0x00000000805fffb0, 0x0000000080600000| 99%| O|  |TAMS 0x00000000805fffb0, 0x0000000080500000| Untracked 
|   6|0x0000000080600000, 0x00000000806ffa18, 0x0000000080700000| 99%| O|  |TAMS 0x00000000806ffa18, 0x0000000080600000| Untracked 
|   7|0x0000000080700000, 0x00000000807ffff0, 0x0000000080800000| 99%| O|  |TAMS 0x00000000807ffff0, 0x0000000080700000| Untracked 
|   8|0x0000000080800000, 0x00000000808fffe8, 0x0000000080900000| 99%| O|  |TAMS 0x00000000808fffe8, 0x0000000080800000| Untracked 
|   9|0x0000000080900000, 0x00000000809ffff0, 0x0000000080a00000| 99%| O|  |TAMS 0x00000000809ffff0, 0x0000000080900000| Untracked 
|  10|0x0000000080a00000, 0x0000000080affff0, 0x0000000080b00000| 99%| O|  |TAMS 0x0000000080affff0, 0x0000000080a00000| Untracked 
|  11|0x0000000080b00000, 0x0000000080bffff8, 0x0000000080c00000| 99%| O|  |TAMS 0x0000000080bffff8, 0x0000000080b00000| Untracked 
|  12|0x0000000080c00000, 0x0000000080cffff8, 0x0000000080d00000| 99%| O|  |TAMS 0x0000000080cffff8, 0x0000000080c00000| Untracked 
|  13|0x0000000080d00000, 0x0000000080dfffe0, 0x0000000080e00000| 99%| O|  |TAMS 0x0000000080dfffe0, 0x0000000080d00000| Untracked 
|  14|0x0000000080e00000, 0x0000000080efffb0, 0x0000000080f00000| 99%| O|  |TAMS 0x0000000080efffb0, 0x0000000080e00000| Untracked 
|  15|0x0000000080f00000, 0x0000000080ffffe0, 0x0000000081000000| 99%| O|  |TAMS 0x0000000080ffffe0, 0x0000000080f00000| Untracked 
|  16|0x0000000081000000, 0x00000000810fffd8, 0x0000000081100000| 99%| O|  |TAMS 0x00000000810fffd8, 0x0000000081000000| Untracked 
|  17|0x0000000081100000, 0x00000000811ffff0, 0x0000000081200000| 99%| O|  |TAMS 0x0000000081100000, 0x0000000081100000| Untracked 
|  18|0x0000000081200000, 0x00000000812ffff8, 0x0000000081300000| 99%| O|  |TAMS 0x0000000081200000, 0x0000000081200000| Untracked 
|  19|0x0000000081300000, 0x00000000813ffff0, 0x0000000081400000| 99%| O|  |TAMS 0x00000000813ffff0, 0x0000000081300000| Untracked 
|  20|0x0000000081400000, 0x00000000814fffd8, 0x0000000081500000| 99%| O|  |TAMS 0x0000000081400000, 0x0000000081400000| Untracked 
|  21|0x0000000081500000, 0x00000000815ffff0, 0x0000000081600000| 99%| O|  |TAMS 0x0000000081500000, 0x0000000081500000| Untracked 
|  22|0x0000000081600000, 0x00000000816fffe8, 0x0000000081700000| 99%| O|  |TAMS 0x0000000081600000, 0x0000000081600000| Untracked 
|  23|0x0000000081700000, 0x00000000817ffff0, 0x0000000081800000| 99%| O|  |TAMS 0x0000000081700000, 0x0000000081700000| Untracked 
|  24|0x0000000081800000, 0x0000000081878d60, 0x0000000081900000| 47%| O|  |TAMS 0x0000000081800000, 0x0000000081800000| Untracked 
|  25|0x0000000081900000, 0x000000008193c688, 0x0000000081a00000| 23%| O|  |TAMS 0x0000000081900000, 0x0000000081900000| Untracked 
|  26|0x0000000081a00000, 0x0000000081a71b68, 0x0000000081b00000| 44%| O|  |TAMS 0x0000000081a00000, 0x0000000081a00000| Untracked 
|  27|0x0000000081b00000, 0x0000000081ba1d58, 0x0000000081c00000| 63%| O|  |TAMS 0x0000000081b00000, 0x0000000081b00000| Untracked 
|  28|0x0000000081c00000, 0x0000000081d00000, 0x0000000081d00000|100%|HS|  |TAMS 0x0000000081c00000, 0x0000000081c00000| Complete 
|  29|0x0000000081d00000, 0x0000000081e00000, 0x0000000081e00000|100%|HC|  |TAMS 0x0000000081d00000, 0x0000000081d00000| Complete 
|  30|0x0000000081e00000, 0x0000000081f00000, 0x0000000081f00000|100%| O|  |TAMS 0x0000000081e00000, 0x0000000081e00000| Untracked 
|  31|0x0000000081f00000, 0x0000000082000000, 0x0000000082000000|100%| O|  |TAMS 0x0000000081f00000, 0x0000000081f00000| Untracked 
|  32|0x0000000082000000, 0x000000008204a400, 0x0000000082100000| 29%| O|  |TAMS 0x0000000082000000, 0x0000000082000000| Untracked 
|  33|0x0000000082100000, 0x0000000082100000, 0x0000000082200000|  0%| F|  |TAMS 0x0000000082100000, 0x0000000082100000| Untracked 
|  34|0x0000000082200000, 0x0000000082200000, 0x0000000082300000|  0%| F|  |TAMS 0x0000000082200000, 0x0000000082200000| Untracked 
|  35|0x0000000082300000, 0x0000000082300000, 0x0000000082400000|  0%| F|  |TAMS 0x0000000082300000, 0x0000000082300000| Untracked 
|  36|0x0000000082400000, 0x0000000082400000, 0x0000000082500000|  0%| F|  |TAMS 0x0000000082400000, 0x0000000082400000| Untracked 
|  37|0x0000000082500000, 0x0000000082500000, 0x0000000082600000|  0%| F|  |TAMS 0x0000000082500000, 0x0000000082500000| Untracked 
|  38|0x0000000082600000, 0x0000000082600000, 0x0000000082700000|  0%| F|  |TAMS 0x0000000082600000, 0x0000000082600000| Untracked 
|  39|0x0000000082700000, 0x0000000082700000, 0x0000000082800000|  0%| F|  |TAMS 0x0000000082700000, 0x0000000082700000| Untracked 
|  40|0x0000000082800000, 0x0000000082800000, 0x0000000082900000|  0%| F|  |TAMS 0x0000000082800000, 0x0000000082800000| Untracked 
|  41|0x0000000082900000, 0x0000000082900000, 0x0000000082a00000|  0%| F|  |TAMS 0x0000000082900000, 0x0000000082900000| Untracked 
|  42|0x0000000082a00000, 0x0000000082a00000, 0x0000000082b00000|  0%| F|  |TAMS 0x0000000082a00000, 0x0000000082a00000| Untracked 
|  43|0x0000000082b00000, 0x0000000082b00000, 0x0000000082c00000|  0%| F|  |TAMS 0x0000000082b00000, 0x0000000082b00000| Untracked 
|  44|0x0000000082c00000, 0x0000000082cc34a0, 0x0000000082d00000| 76%| S|CS|TAMS 0x0000000082c00000, 0x0000000082c00000| Complete 
|  45|0x0000000082d00000, 0x0000000082e00000, 0x0000000082e00000|100%| S|CS|TAMS 0x0000000082d00000, 0x0000000082d00000| Complete 
|  46|0x0000000082e00000, 0x0000000082f00000, 0x0000000082f00000|100%| S|CS|TAMS 0x0000000082e00000, 0x0000000082e00000| Complete 
|  47|0x0000000082f00000, 0x0000000082f00000, 0x0000000083000000|  0%| F|  |TAMS 0x0000000082f00000, 0x0000000082f00000| Untracked 
|  48|0x0000000083000000, 0x0000000083000000, 0x0000000083100000|  0%| F|  |TAMS 0x0000000083000000, 0x0000000083000000| Untracked 
|  49|0x0000000083100000, 0x0000000083100000, 0x0000000083200000|  0%| F|  |TAMS 0x0000000083100000, 0x0000000083100000| Untracked 
|  50|0x0000000083200000, 0x0000000083200000, 0x0000000083300000|  0%| F|  |TAMS 0x0000000083200000, 0x0000000083200000| Untracked 
|  51|0x0000000083300000, 0x0000000083300000, 0x0000000083400000|  0%| F|  |TAMS 0x0000000083300000, 0x0000000083300000| Untracked 
|  52|0x0000000083400000, 0x0000000083400000, 0x0000000083500000|  0%| F|  |TAMS 0x0000000083400000, 0x0000000083400000| Untracked 
|  53|0x0000000083500000, 0x0000000083500000, 0x0000000083600000|  0%| F|  |TAMS 0x0000000083500000, 0x0000000083500000| Untracked 
|  54|0x0000000083600000, 0x0000000083600000, 0x0000000083700000|  0%| F|  |TAMS 0x0000000083600000, 0x0000000083600000| Untracked 
|  55|0x0000000083700000, 0x0000000083700000, 0x0000000083800000|  0%| F|  |TAMS 0x0000000083700000, 0x0000000083700000| Untracked 
|  56|0x0000000083800000, 0x0000000083800000, 0x0000000083900000|  0%| F|  |TAMS 0x0000000083800000, 0x0000000083800000| Untracked 
|  57|0x0000000083900000, 0x0000000083900000, 0x0000000083a00000|  0%| F|  |TAMS 0x0000000083900000, 0x0000000083900000| Untracked 
|  58|0x0000000083a00000, 0x0000000083a00000, 0x0000000083b00000|  0%| F|  |TAMS 0x0000000083a00000, 0x0000000083a00000| Untracked 
|  59|0x0000000083b00000, 0x0000000083b00000, 0x0000000083c00000|  0%| F|  |TAMS 0x0000000083b00000, 0x0000000083b00000| Untracked 
|  60|0x0000000083c00000, 0x0000000083c00000, 0x0000000083d00000|  0%| F|  |TAMS 0x0000000083c00000, 0x0000000083c00000| Untracked 
|  61|0x0000000083d00000, 0x0000000083d00000, 0x0000000083e00000|  0%| F|  |TAMS 0x0000000083d00000, 0x0000000083d00000| Untracked 
|  62|0x0000000083e00000, 0x0000000083e00000, 0x0000000083f00000|  0%| F|  |TAMS 0x0000000083e00000, 0x0000000083e00000| Untracked 
|  63|0x0000000083f00000, 0x0000000083f00000, 0x0000000084000000|  0%| F|  |TAMS 0x0000000083f00000, 0x0000000083f00000| Untracked 
|  64|0x0000000084000000, 0x0000000084000000, 0x0000000084100000|  0%| F|  |TAMS 0x0000000084000000, 0x0000000084000000| Untracked 
|  65|0x0000000084100000, 0x0000000084100000, 0x0000000084200000|  0%| F|  |TAMS 0x0000000084100000, 0x0000000084100000| Untracked 
|  66|0x0000000084200000, 0x0000000084200000, 0x0000000084300000|  0%| F|  |TAMS 0x0000000084200000, 0x0000000084200000| Untracked 
|  67|0x0000000084300000, 0x0000000084300000, 0x0000000084400000|  0%| F|  |TAMS 0x0000000084300000, 0x0000000084300000| Untracked 
|  68|0x0000000084400000, 0x0000000084400000, 0x0000000084500000|  0%| F|  |TAMS 0x0000000084400000, 0x0000000084400000| Untracked 
|  69|0x0000000084500000, 0x0000000084500000, 0x0000000084600000|  0%| F|  |TAMS 0x0000000084500000, 0x0000000084500000| Untracked 
|  70|0x0000000084600000, 0x0000000084600000, 0x0000000084700000|  0%| F|  |TAMS 0x0000000084600000, 0x0000000084600000| Untracked 
|  71|0x0000000084700000, 0x0000000084700000, 0x0000000084800000|  0%| F|  |TAMS 0x0000000084700000, 0x0000000084700000| Untracked 
|  72|0x0000000084800000, 0x0000000084800000, 0x0000000084900000|  0%| F|  |TAMS 0x0000000084800000, 0x0000000084800000| Untracked 
|  73|0x0000000084900000, 0x0000000084900000, 0x0000000084a00000|  0%| F|  |TAMS 0x0000000084900000, 0x0000000084900000| Untracked 
|  74|0x0000000084a00000, 0x0000000084a00000, 0x0000000084b00000|  0%| F|  |TAMS 0x0000000084a00000, 0x0000000084a00000| Untracked 
|  75|0x0000000084b00000, 0x0000000084b00000, 0x0000000084c00000|  0%| F|  |TAMS 0x0000000084b00000, 0x0000000084b00000| Untracked 
|  76|0x0000000084c00000, 0x0000000084c00000, 0x0000000084d00000|  0%| F|  |TAMS 0x0000000084c00000, 0x0000000084c00000| Untracked 
|  77|0x0000000084d00000, 0x0000000084d00000, 0x0000000084e00000|  0%| F|  |TAMS 0x0000000084d00000, 0x0000000084d00000| Untracked 
|  78|0x0000000084e00000, 0x0000000084e00000, 0x0000000084f00000|  0%| F|  |TAMS 0x0000000084e00000, 0x0000000084e00000| Untracked 
|  79|0x0000000084f00000, 0x0000000084f00000, 0x0000000085000000|  0%| F|  |TAMS 0x0000000084f00000, 0x0000000084f00000| Untracked 
|  80|0x0000000085000000, 0x0000000085000000, 0x0000000085100000|  0%| F|  |TAMS 0x0000000085000000, 0x0000000085000000| Untracked 
|  81|0x0000000085100000, 0x0000000085100000, 0x0000000085200000|  0%| F|  |TAMS 0x0000000085100000, 0x0000000085100000| Untracked 
|  82|0x0000000085200000, 0x0000000085200000, 0x0000000085300000|  0%| F|  |TAMS 0x0000000085200000, 0x0000000085200000| Untracked 
|  83|0x0000000085300000, 0x0000000085300000, 0x0000000085400000|  0%| F|  |TAMS 0x0000000085300000, 0x0000000085300000| Untracked 
|  84|0x0000000085400000, 0x0000000085400000, 0x0000000085500000|  0%| F|  |TAMS 0x0000000085400000, 0x0000000085400000| Untracked 
|  85|0x0000000085500000, 0x0000000085500000, 0x0000000085600000|  0%| F|  |TAMS 0x0000000085500000, 0x0000000085500000| Untracked 
|  86|0x0000000085600000, 0x0000000085600000, 0x0000000085700000|  0%| F|  |TAMS 0x0000000085600000, 0x0000000085600000| Untracked 
|  87|0x0000000085700000, 0x0000000085700000, 0x0000000085800000|  0%| F|  |TAMS 0x0000000085700000, 0x0000000085700000| Untracked 
|  88|0x0000000085800000, 0x0000000085800000, 0x0000000085900000|  0%| F|  |TAMS 0x0000000085800000, 0x0000000085800000| Untracked 
|  89|0x0000000085900000, 0x0000000085900000, 0x0000000085a00000|  0%| F|  |TAMS 0x0000000085900000, 0x0000000085900000| Untracked 
|  90|0x0000000085a00000, 0x0000000085a00000, 0x0000000085b00000|  0%| F|  |TAMS 0x0000000085a00000, 0x0000000085a00000| Untracked 
|  91|0x0000000085b00000, 0x0000000085b00000, 0x0000000085c00000|  0%| F|  |TAMS 0x0000000085b00000, 0x0000000085b00000| Untracked 
|  92|0x0000000085c00000, 0x0000000085c00000, 0x0000000085d00000|  0%| F|  |TAMS 0x0000000085c00000, 0x0000000085c00000| Untracked 
|  93|0x0000000085d00000, 0x0000000085d00000, 0x0000000085e00000|  0%| F|  |TAMS 0x0000000085d00000, 0x0000000085d00000| Untracked 

Card table byte_map: [0x00000196e6cf0000,0x00000196e70f0000] _byte_map_base: 0x00000196e68f0000

Marking Bits (Prev, Next): (CMBitMap*) 0x00000196dfdfa960, (CMBitMap*) 0x00000196dfdfa9a0
 Prev Bits: [0x00000196e74f0000, 0x00000196e94f0000)
 Next Bits: [0x00000196e94f0000, 0x00000196eb4f0000)

Polling page: 0x00000196de4b0000

Metaspace:

Usage:
  Non-class:     65.48 MB used.
      Class:     10.31 MB used.
       Both:     75.80 MB used.

Virtual space:
  Non-class space:       72.00 MB reserved,      65.88 MB ( 91%) committed,  9 nodes.
      Class space:        1.00 GB reserved,      10.62 MB (  1%) committed,  1 nodes.
             Both:        1.07 GB reserved,      76.50 MB (  7%) committed. 

Chunk freelists:
   Non-Class:  1.55 MB
       Class:  1.29 MB
        Both:  2.83 MB

MaxMetaspaceSize: unlimited
CompressedClassSpaceSize: 1.00 GB
Initial GC threshold: 21.00 MB
Current GC threshold: 126.81 MB
CDS: off
MetaspaceReclaimPolicy: balanced
 - commit_granule_bytes: 65536.
 - commit_granule_words: 8192.
 - virtual_space_node_default_size: 1048576.
 - enlarge_chunks_in_place: 1.
 - new_chunks_are_fully_committed: 0.
 - uncommit_free_chunks: 1.
 - use_allocation_guard: 0.
 - handle_deallocations: 1.


Internal statistics:

num_allocs_failed_limit: 12.
num_arena_births: 1154.
num_arena_deaths: 310.
num_vsnodes_births: 10.
num_vsnodes_deaths: 0.
num_space_committed: 1224.
num_space_uncommitted: 0.
num_chunks_returned_to_freelist: 348.
num_chunks_taken_from_freelist: 3911.
num_chunk_merges: 127.
num_chunk_splits: 2680.
num_chunks_enlarged: 2021.
num_purges: 8.
num_inconsistent_stats: 0.

CodeCache: size=49152Kb used=14725Kb max_used=15235Kb free=34426Kb
 bounds [0x00000196e34b0000, 0x00000196e4410000, 0x00000196e64b0000]
 total_blobs=9365 nmethods=8678 adapters=613
 compilation: enabled
              stopped_count=0, restarted_count=0
 full_count=0

Compilation events (20 events):
Event: 1353.503 Thread 0x00000196ee52a450 8669       1       org.apache.catalina.util.FilterUtil::matchFiltersURL (161 bytes)
Event: 1353.504 Thread 0x00000196ee52a450 nmethod 8669 0x00000196e423cb10 code [0x00000196e423cd80, 0x00000196e423d458]
Event: 1353.504 Thread 0x00000196ee52a450 8670   !   1       org.apache.catalina.core.StandardContext::findFilterConfig (28 bytes)
Event: 1353.504 Thread 0x00000196ee52a450 nmethod 8670 0x00000196e423c610 code [0x00000196e423c7c0, 0x00000196e423c9e8]
Event: 1353.504 Thread 0x00000196ee52a450 8667       1       org.apache.tomcat.util.buf.CharChunk::setChars (31 bytes)
Event: 1353.504 Thread 0x00000196ee52a450 nmethod 8667 0x00000196e423c310 code [0x00000196e423c4a0, 0x00000196e423c5b8]
Event: 1353.504 Thread 0x00000196ee52a450 8672       1       org.apache.catalina.connector.RequestFacade::removeAttribute (13 bytes)
Event: 1353.505 Thread 0x00000196ee52a450 nmethod 8672 0x00000196e423be90 code [0x00000196e423c040, 0x00000196e423c1e8]
Event: 1353.506 Thread 0x00000196ee52a450 8673       1       java.lang.invoke.MethodHandle::withVarargs (39 bytes)
Event: 1353.506 Thread 0x00000196ee52a450 nmethod 8673 0x00000196e423ba90 code [0x00000196e423bc40, 0x00000196e423bda8]
Event: 1353.506 Thread 0x00000196ee52a450 8674       1       java.lang.invoke.MethodType::lastParameterType (25 bytes)
Event: 1353.507 Thread 0x00000196ee52a450 nmethod 8674 0x00000196e423b710 code [0x00000196e423b8a0, 0x00000196e423b9d8]
Event: 1353.507 Thread 0x00000196ee52a450 8675       1       java.lang.invoke.MethodHandle::asVarargsCollector (40 bytes)
Event: 1353.507 Thread 0x00000196ee52a450 nmethod 8675 0x00000196e423b190 code [0x00000196e423b360, 0x00000196e423b598]
Event: 1353.507 Thread 0x00000196ee52a450 8676       1       java.lang.invoke.MethodHandleImpl::makeVarargsCollector (47 bytes)
Event: 1353.508 Thread 0x00000196ee52a450 nmethod 8676 0x00000196e423a910 code [0x00000196e423ab00, 0x00000196e423aee8]
Event: 1353.508 Thread 0x00000196ee52a450 8677       1       java.lang.invoke.MethodHandleImpl$AsVarargsCollector::<init> (11 bytes)
Event: 1353.508 Thread 0x00000196ee52a450 nmethod 8677 0x00000196e423a390 code [0x00000196e423a540, 0x00000196e423a7b8]
Event: 1353.509 Thread 0x00000196ee52a450 8678       1       java.lang.invoke.MethodHandleImpl$AsVarargsCollector::<init> (17 bytes)
Event: 1353.509 Thread 0x00000196ee52a450 nmethod 8678 0x00000196e4239e10 code [0x00000196e4239fc0, 0x00000196e423a238]

GC Heap History (20 events):
Event: 1136.361 GC heap after
{Heap after GC invocations=39 (full 2):
 garbage-first heap   total 92160K, used 29368K [0x0000000080000000, 0x0000000100000000)
  region size 1024K, 1 young (1024K), 1 survivors (1024K)
 Metaspace       used 76929K, committed 77632K, reserved 1122304K
  class space    used 10484K, committed 10816K, reserved 1048576K
}
Event: 1136.435 GC heap before
{Heap before GC invocations=39 (full 2):
 garbage-first heap   total 92160K, used 73400K [0x0000000080000000, 0x0000000100000000)
  region size 1024K, 45 young (46080K), 1 survivors (1024K)
 Metaspace       used 76930K, committed 77632K, reserved 1122304K
  class space    used 10485K, committed 10816K, reserved 1048576K
}
Event: 1136.436 GC heap after
{Heap after GC invocations=40 (full 2):
 garbage-first heap   total 92160K, used 29599K [0x0000000080000000, 0x0000000100000000)
  region size 1024K, 1 young (1024K), 1 survivors (1024K)
 Metaspace       used 76930K, committed 77632K, reserved 1122304K
  class space    used 10485K, committed 10816K, reserved 1048576K
}
Event: 1136.859 GC heap before
{Heap before GC invocations=40 (full 2):
 garbage-first heap   total 92160K, used 74655K [0x0000000080000000, 0x0000000100000000)
  region size 1024K, 45 young (46080K), 1 survivors (1024K)
 Metaspace       used 77204K, committed 77888K, reserved 1122304K
  class space    used 10511K, committed 10816K, reserved 1048576K
}
Event: 1136.862 GC heap after
{Heap after GC invocations=41 (full 2):
 garbage-first heap   total 177152K, used 32149K [0x0000000080000000, 0x0000000100000000)
  region size 1024K, 3 young (3072K), 3 survivors (3072K)
 Metaspace       used 77204K, committed 77888K, reserved 1122304K
  class space    used 10511K, committed 10816K, reserved 1048576K
}
Event: 1140.552 GC heap before
{Heap before GC invocations=41 (full 2):
 garbage-first heap   total 177152K, used 39317K [0x0000000080000000, 0x0000000100000000)
  region size 1024K, 9 young (9216K), 3 survivors (3072K)
 Metaspace       used 77207K, committed 77888K, reserved 1122304K
  class space    used 10511K, committed 10816K, reserved 1048576K
}
Event: 1140.589 GC heap after
{Heap after GC invocations=42 (full 3):
 garbage-first heap   total 96256K, used 26401K [0x0000000080000000, 0x0000000100000000)
  region size 1024K, 0 young (0K), 0 survivors (0K)
 Metaspace       used 77204K, committed 77888K, reserved 1122304K
  class space    used 10511K, committed 10816K, reserved 1048576K
}
Event: 1141.089 GC heap before
{Heap before GC invocations=42 (full 3):
 garbage-first heap   total 96256K, used 75553K [0x0000000080000000, 0x0000000100000000)
  region size 1024K, 49 young (50176K), 0 survivors (0K)
 Metaspace       used 77264K, committed 77952K, reserved 1122304K
  class space    used 10520K, committed 10816K, reserved 1048576K
}
Event: 1141.093 GC heap after
{Heap after GC invocations=43 (full 3):
 garbage-first heap   total 96256K, used 29780K [0x0000000080000000, 0x0000000100000000)
  region size 1024K, 4 young (4096K), 4 survivors (4096K)
 Metaspace       used 77264K, committed 77952K, reserved 1122304K
  class space    used 10520K, committed 10816K, reserved 1048576K
}
Event: 1141.103 GC heap before
{Heap before GC invocations=43 (full 3):
 garbage-first heap   total 96256K, used 74836K [0x0000000080000000, 0x0000000100000000)
  region size 1024K, 49 young (50176K), 4 survivors (4096K)
 Metaspace       used 77264K, committed 77952K, reserved 1122304K
  class space    used 10520K, committed 10816K, reserved 1048576K
}
Event: 1141.106 GC heap after
{Heap after GC invocations=44 (full 3):
 garbage-first heap   total 96256K, used 29895K [0x0000000080000000, 0x0000000100000000)
  region size 1024K, 4 young (4096K), 4 survivors (4096K)
 Metaspace       used 77264K, committed 77952K, reserved 1122304K
  class space    used 10520K, committed 10816K, reserved 1048576K
}
Event: 1141.117 GC heap before
{Heap before GC invocations=44 (full 3):
 garbage-first heap   total 96256K, used 75975K [0x0000000080000000, 0x0000000100000000)
  region size 1024K, 50 young (51200K), 4 survivors (4096K)
 Metaspace       used 77264K, committed 77952K, reserved 1122304K
  class space    used 10520K, committed 10816K, reserved 1048576K
}
Event: 1141.120 GC heap after
{Heap after GC invocations=45 (full 3):
 garbage-first heap   total 96256K, used 29949K [0x0000000080000000, 0x0000000100000000)
  region size 1024K, 4 young (4096K), 4 survivors (4096K)
 Metaspace       used 77264K, committed 77952K, reserved 1122304K
  class space    used 10520K, committed 10816K, reserved 1048576K
}
Event: 1141.312 GC heap before
{Heap before GC invocations=45 (full 3):
 garbage-first heap   total 96256K, used 77053K [0x0000000080000000, 0x0000000100000000)
  region size 1024K, 51 young (52224K), 4 survivors (4096K)
 Metaspace       used 77306K, committed 77952K, reserved 1122304K
  class space    used 10528K, committed 10816K, reserved 1048576K
}
Event: 1141.316 GC heap after
{Heap after GC invocations=46 (full 3):
 garbage-first heap   total 96256K, used 31318K [0x0000000080000000, 0x0000000100000000)
  region size 1024K, 5 young (5120K), 5 survivors (5120K)
 Metaspace       used 77306K, committed 77952K, reserved 1122304K
  class space    used 10528K, committed 10816K, reserved 1048576K
}
Event: 1353.530 GC heap before
{Heap before GC invocations=46 (full 3):
 garbage-first heap   total 96256K, used 79446K [0x0000000080000000, 0x0000000100000000)
  region size 1024K, 51 young (52224K), 5 survivors (5120K)
 Metaspace       used 77615K, committed 78336K, reserved 1122304K
  class space    used 10561K, committed 10880K, reserved 1048576K
}
Event: 1353.537 GC heap after
{Heap after GC invocations=47 (full 3):
 garbage-first heap   total 96256K, used 34235K [0x0000000080000000, 0x0000000100000000)
  region size 1024K, 4 young (4096K), 4 survivors (4096K)
 Metaspace       used 77615K, committed 78336K, reserved 1122304K
  class space    used 10561K, committed 10880K, reserved 1048576K
}
Event: 1353.551 GC heap before
{Heap before GC invocations=47 (full 3):
 garbage-first heap   total 96256K, used 76219K [0x0000000080000000, 0x0000000100000000)
  region size 1024K, 46 young (47104K), 4 survivors (4096K)
 Metaspace       used 77615K, committed 78336K, reserved 1122304K
  class space    used 10561K, committed 10880K, reserved 1048576K
}
Event: 1353.554 GC heap after
{Heap after GC invocations=48 (full 3):
 garbage-first heap   total 96256K, used 33543K [0x0000000080000000, 0x0000000100000000)
  region size 1024K, 3 young (3072K), 3 survivors (3072K)
 Metaspace       used 77615K, committed 78336K, reserved 1122304K
  class space    used 10561K, committed 10880K, reserved 1048576K
}
Event: 1353.567 GC heap before
{Heap before GC invocations=48 (full 3):
 garbage-first heap   total 96256K, used 77575K [0x0000000080000000, 0x0000000100000000)
  region size 1024K, 47 young (48128K), 3 survivors (3072K)
 Metaspace       used 77615K, committed 78336K, reserved 1122304K
  class space    used 10561K, committed 10880K, reserved 1048576K
}

Deoptimization events (18 events):
Event: 0.678 Thread 0x00000196dfdb1420 DEOPT PACKING pc=0x00000196e37dd975 sp=0x0000003659ffd6d0
Event: 0.678 Thread 0x00000196dfdb1420 DEOPT UNPACKING pc=0x00000196e3502b43 sp=0x0000003659ffcb40 mode 3
Event: 1.514 Thread 0x00000196eede7100 DEOPT PACKING pc=0x00000196e3982b19 sp=0x000000365b7fcd20
Event: 1.514 Thread 0x00000196eede7100 DEOPT UNPACKING pc=0x00000196e3502b43 sp=0x000000365b7fc200 mode 3
Event: 1.685 Thread 0x00000196eede7100 DEOPT PACKING pc=0x00000196e39e8cd5 sp=0x000000365b7fd1d0
Event: 1.685 Thread 0x00000196eede7100 DEOPT UNPACKING pc=0x00000196e3502b43 sp=0x000000365b7fc678 mode 3
Event: 1.726 Thread 0x00000196eede7100 DEOPT PACKING pc=0x00000196e3a08c05 sp=0x000000365b7fe040
Event: 1.726 Thread 0x00000196eede7100 DEOPT UNPACKING pc=0x00000196e3502b43 sp=0x000000365b7fd5a0 mode 3
Event: 3.073 Thread 0x00000196eede7100 DEOPT PACKING pc=0x00000196e3b6754c sp=0x000000365b7fb8b0
Event: 3.073 Thread 0x00000196eede7100 DEOPT UNPACKING pc=0x00000196e3502b43 sp=0x000000365b7fad70 mode 0
Event: 3.789 Thread 0x00000196eede7100 DEOPT PACKING pc=0x00000196e3c72a7d sp=0x000000365b7fc150
Event: 3.789 Thread 0x00000196eede7100 DEOPT UNPACKING pc=0x00000196e3502b43 sp=0x000000365b7fb6b8 mode 3
Event: 3.812 Thread 0x00000196f080fd50 DEOPT PACKING pc=0x00000196e3985197 sp=0x000000365b9ff280
Event: 3.812 Thread 0x00000196f080fd50 DEOPT UNPACKING pc=0x00000196e3502b43 sp=0x000000365b9fe6d8 mode 3
Event: 3.812 Thread 0x00000196f080f880 DEOPT PACKING pc=0x00000196e398f681 sp=0x000000365b8fedf0
Event: 3.812 Thread 0x00000196f080f880 DEOPT UNPACKING pc=0x00000196e3502b43 sp=0x000000365b8fe280 mode 3
Event: 1136.280 Thread 0x00000196f3195870 DEOPT PACKING pc=0x00000196e411afa4 sp=0x000000365aefd240
Event: 1136.280 Thread 0x00000196f3195870 DEOPT UNPACKING pc=0x00000196e3502b43 sp=0x000000365aefc890 mode 3

Classes unloaded (20 events):
Event: 1030.420 Thread 0x00000196edb229c0 Unloading class 0x000000010008cc00 'java/lang/invoke/LambdaForm$MH+0x000000010008cc00'
Event: 1030.420 Thread 0x00000196edb229c0 Unloading class 0x000000010008c400 'java/lang/invoke/LambdaForm$MH+0x000000010008c400'
Event: 1132.687 Thread 0x00000196edb229c0 Unloading class 0x0000000100aa1c00 'java/lang/invoke/LambdaForm$MH+0x0000000100aa1c00'
Event: 1132.687 Thread 0x00000196edb229c0 Unloading class 0x0000000100aa1800 'java/lang/invoke/LambdaForm$MH+0x0000000100aa1800'
Event: 1132.687 Thread 0x00000196edb229c0 Unloading class 0x0000000100aa1400 'java/lang/invoke/LambdaForm$MH+0x0000000100aa1400'
Event: 1132.687 Thread 0x00000196edb229c0 Unloading class 0x0000000100aa1000 'java/lang/invoke/LambdaForm$MH+0x0000000100aa1000'
Event: 1132.687 Thread 0x00000196edb229c0 Unloading class 0x0000000100aa0c00 'java/lang/invoke/LambdaForm$MH+0x0000000100aa0c00'
Event: 1132.687 Thread 0x00000196edb229c0 Unloading class 0x0000000100aa0800 'java/lang/invoke/LambdaForm$MH+0x0000000100aa0800'
Event: 1132.687 Thread 0x00000196edb229c0 Unloading class 0x0000000100aa0400 'java/lang/invoke/LambdaForm$MH+0x0000000100aa0400'
Event: 1132.687 Thread 0x00000196edb229c0 Unloading class 0x0000000100aa0000 'java/lang/invoke/LambdaForm$MH+0x0000000100aa0000'
Event: 1132.687 Thread 0x00000196edb229c0 Unloading class 0x0000000100a9b800 'java/lang/invoke/LambdaForm$MH+0x0000000100a9b800'
Event: 1132.687 Thread 0x00000196edb229c0 Unloading class 0x0000000100a9b400 'java/lang/invoke/LambdaForm$MH+0x0000000100a9b400'
Event: 1132.687 Thread 0x00000196edb229c0 Unloading class 0x0000000100a9b000 'java/lang/invoke/LambdaForm$MH+0x0000000100a9b000'
Event: 1132.687 Thread 0x00000196edb229c0 Unloading class 0x0000000100a9ac00 'java/lang/invoke/LambdaForm$MH+0x0000000100a9ac00'
Event: 1132.687 Thread 0x00000196edb229c0 Unloading class 0x0000000100a9a800 'java/lang/invoke/LambdaForm$MH+0x0000000100a9a800'
Event: 1132.687 Thread 0x00000196edb229c0 Unloading class 0x0000000100a9a400 'java/lang/invoke/LambdaForm$MH+0x0000000100a9a400'
Event: 1132.687 Thread 0x00000196edb229c0 Unloading class 0x0000000100a9a000 'java/lang/invoke/LambdaForm$MH+0x0000000100a9a000'
Event: 1132.687 Thread 0x00000196edb229c0 Unloading class 0x0000000100a99c00 'java/lang/invoke/LambdaForm$MH+0x0000000100a99c00'
Event: 1135.797 Thread 0x00000196edb229c0 Unloading class 0x0000000100a02000 'org/apache/catalina/loader/JdbcLeakPrevention'
Event: 1140.568 Thread 0x00000196edb229c0 Unloading class 0x000000010033c800 'org/apache/catalina/loader/JdbcLeakPrevention'

Classes redefined (0 events):
No events

Internal exceptions (20 events):
Event: 1141.027 Thread 0x00000196f3194060 Exception <a 'java/lang/NoClassDefFoundError'{0x0000000083bab918}: org/springframework/batch/core/repository/JobRepository> (0x0000000083bab918) 
thrown [e:\jenkins\tmp\workspace\build\src\src\hotspot\share\oops\constantPool.cpp, line 835]
Event: 1141.027 Thread 0x00000196f3194060 Exception <a 'java/lang/NoClassDefFoundError'{0x0000000083babf60}: org/quartz/Scheduler> (0x0000000083babf60) 
thrown [e:\jenkins\tmp\workspace\build\src\src\hotspot\share\oops\constantPool.cpp, line 835]
Event: 1141.027 Thread 0x00000196f3194060 Exception <a 'java/lang/NoClassDefFoundError'{0x0000000083bac5d0}: org/springframework/session/jdbc/JdbcIndexedSessionRepository> (0x0000000083bac5d0) 
thrown [e:\jenkins\tmp\workspace\build\src\src\hotspot\share\oops\constantPool.cpp, line 835]
Event: 1141.130 Thread 0x00000196f3194060 Exception <a 'sun/nio/fs/WindowsException'{0x00000000842c8ba0}> (0x00000000842c8ba0) 
thrown [e:\jenkins\tmp\workspace\build\src\src\hotspot\share\prims\jni.cpp, line 516]
Event: 1141.130 Thread 0x00000196f3194060 Exception <a 'sun/nio/fs/WindowsException'{0x00000000842c92b0}> (0x00000000842c92b0) 
thrown [e:\jenkins\tmp\workspace\build\src\src\hotspot\share\prims\jni.cpp, line 516]
Event: 1141.131 Thread 0x00000196f3194060 Exception <a 'sun/nio/fs/WindowsException'{0x00000000842c99a8}> (0x00000000842c99a8) 
thrown [e:\jenkins\tmp\workspace\build\src\src\hotspot\share\prims\jni.cpp, line 516]
Event: 1141.135 Thread 0x00000196f3194060 Exception <a 'java/io/FileNotFoundException'{0x00000000842f4ef0}> (0x00000000842f4ef0) 
thrown [e:\jenkins\tmp\workspace\build\src\src\hotspot\share\prims\jni.cpp, line 516]
Event: 1141.165 Thread 0x00000196f3194060 Exception <a 'java/io/FileNotFoundException'{0x0000000083e15ef0}> (0x0000000083e15ef0) 
thrown [e:\jenkins\tmp\workspace\build\src\src\hotspot\share\prims\jni.cpp, line 516]
Event: 1141.196 Thread 0x00000196f3194060 Exception <a 'sun/nio/fs/WindowsException'{0x0000000083932a38}> (0x0000000083932a38) 
thrown [e:\jenkins\tmp\workspace\build\src\src\hotspot\share\prims\jni.cpp, line 516]
Event: 1141.196 Thread 0x00000196f3194060 Exception <a 'sun/nio/fs/WindowsException'{0x00000000839337d8}> (0x00000000839337d8) 
thrown [e:\jenkins\tmp\workspace\build\src\src\hotspot\share\prims\jni.cpp, line 516]
Event: 1141.197 Thread 0x00000196f3194060 Exception <a 'sun/nio/fs/WindowsException'{0x00000000839339f8}> (0x00000000839339f8) 
thrown [e:\jenkins\tmp\workspace\build\src\src\hotspot\share\prims\jni.cpp, line 516]
Event: 1141.197 Thread 0x00000196f3194060 Exception <a 'sun/nio/fs/WindowsException'{0x00000000839347b0}> (0x00000000839347b0) 
thrown [e:\jenkins\tmp\workspace\build\src\src\hotspot\share\prims\jni.cpp, line 516]
Event: 1141.197 Thread 0x00000196f3194060 Exception <a 'sun/nio/fs/WindowsException'{0x00000000839349c0}> (0x00000000839349c0) 
thrown [e:\jenkins\tmp\workspace\build\src\src\hotspot\share\prims\jni.cpp, line 516]
Event: 1141.198 Thread 0x00000196f3194060 Exception <a 'sun/nio/fs/WindowsException'{0x0000000083936158}> (0x0000000083936158) 
thrown [e:\jenkins\tmp\workspace\build\src\src\hotspot\share\prims\jni.cpp, line 516]
Event: 1141.199 Thread 0x00000196f3194060 Exception <a 'sun/nio/fs/WindowsException'{0x0000000083939a10}> (0x0000000083939a10) 
thrown [e:\jenkins\tmp\workspace\build\src\src\hotspot\share\prims\jni.cpp, line 516]
Event: 1141.219 Thread 0x00000196f3194060 Exception <a 'sun/nio/fs/WindowsException'{0x0000000083725f60}> (0x0000000083725f60) 
thrown [e:\jenkins\tmp\workspace\build\src\src\hotspot\share\prims\jni.cpp, line 516]
Event: 1141.377 Thread 0x00000196f3194060 Exception <a 'java/lang/reflect/InvocationTargetException'{0x00000000859b6750}> (0x00000000859b6750) 
thrown [e:\jenkins\tmp\workspace\build\src\src\hotspot\share\runtime\reflection.cpp, line 1121]
Event: 1141.400 Thread 0x00000196f3194060 Exception <a 'java/lang/reflect/InvocationTargetException'{0x000000008572b7c0}> (0x000000008572b7c0) 
thrown [e:\jenkins\tmp\workspace\build\src\src\hotspot\share\runtime\reflection.cpp, line 1121]
Event: 1141.412 Thread 0x00000196f3194060 Exception <a 'java/lang/reflect/InvocationTargetException'{0x0000000085678ab8}> (0x0000000085678ab8) 
thrown [e:\jenkins\tmp\workspace\build\src\src\hotspot\share\runtime\reflection.cpp, line 1121]
Event: 1141.523 Thread 0x00000196f3194060 Exception <a 'sun/nio/fs/WindowsException'{0x000000008496fb80}> (0x000000008496fb80) 
thrown [e:\jenkins\tmp\workspace\build\src\src\hotspot\share\prims\jni.cpp, line 516]

VM Operations (20 events):
Event: 1141.106 Executing VM operation: G1CollectForAllocation done
Event: 1141.117 Executing VM operation: G1CollectForAllocation
Event: 1141.120 Executing VM operation: G1CollectForAllocation done
Event: 1141.294 Executing VM operation: ICBufferFull
Event: 1141.294 Executing VM operation: ICBufferFull done
Event: 1141.312 Executing VM operation: G1CollectForAllocation
Event: 1141.316 Executing VM operation: G1CollectForAllocation done
Event: 1141.509 Executing VM operation: ICBufferFull
Event: 1141.509 Executing VM operation: ICBufferFull done
Event: 1143.509 Executing VM operation: Cleanup
Event: 1143.509 Executing VM operation: Cleanup done
Event: 1158.515 Executing VM operation: Cleanup
Event: 1158.515 Executing VM operation: Cleanup done
Event: 1307.572 Executing VM operation: Cleanup
Event: 1307.573 Executing VM operation: Cleanup done
Event: 1353.530 Executing VM operation: G1CollectForAllocation
Event: 1353.537 Executing VM operation: G1CollectForAllocation done
Event: 1353.551 Executing VM operation: G1CollectForAllocation
Event: 1353.554 Executing VM operation: G1CollectForAllocation done
Event: 1353.567 Executing VM operation: G1CollectForAllocation

Events (20 events):
Event: 1141.624 Thread 0x00000196f318ee90 Thread added: 0x00000196f318ee90
Event: 1141.625 Thread 0x00000196f318e020 Thread added: 0x00000196f318e020
Event: 1141.625 Thread 0x00000196f3192850 Thread added: 0x00000196f3192850
Event: 1141.626 Thread 0x00000196f318f360 Thread added: 0x00000196f318f360
Event: 1141.626 Thread 0x00000196f3194530 Thread added: 0x00000196f3194530
Event: 1141.627 Thread 0x00000196f3194a00 Thread added: 0x00000196f3194a00
Event: 1141.627 Thread 0x00000196f3194ed0 Thread added: 0x00000196f3194ed0
Event: 1141.628 Thread 0x00000196f3195870 Thread added: 0x00000196f3195870
Event: 1141.628 Thread 0x00000196f318f830 Thread added: 0x00000196f318f830
Event: 1141.628 Thread 0x00000196f3193b90 Thread added: 0x00000196f3193b90
Event: 1141.633 Thread 0x00000196f3190b70 Thread added: 0x00000196f3190b70
Event: 1141.634 Thread 0x00000196f31919e0 Thread added: 0x00000196f31919e0
Event: 1141.642 Thread 0x00000196f3194060 Thread exited: 0x00000196f3194060
Event: 1141.642 Thread 0x00000196f3191040 Thread exited: 0x00000196f3191040
Event: 1141.712 Thread 0x00000196f3191040 Thread added: 0x00000196f3191040
Event: 1141.714 Thread 0x00000196f3191eb0 Thread added: 0x00000196f3191eb0
Event: 1146.610 Thread 0x00000196f0069a70 Thread exited: 0x00000196f0069a70
Event: 1146.610 Thread 0x00000196f31906a0 Thread exited: 0x00000196f31906a0
Event: 1158.015 Thread 0x00000196ee88e7b0 Thread added: 0x00000196ee88e7b0
Event: 1163.019 Thread 0x00000196ee88e7b0 Thread exited: 0x00000196ee88e7b0


Dynamic libraries:
0x00007ff6203b0000 - 0x00007ff6203be000 	C:\temp\eclipse-jee\plugins\org.eclipse.justj.openjdk.hotspot.jre.full.win32.x86_64_17.0.1.v20211116-1657\jre\bin\java.exe
0x00007ffe4fa10000 - 0x00007ffe4fc08000 	C:\windows\SYSTEM32\ntdll.dll
0x00007ffe4ee10000 - 0x00007ffe4eed2000 	C:\windows\System32\KERNEL32.DLL
0x00007ffe4d0e0000 - 0x00007ffe4d3df000 	C:\windows\System32\KERNELBASE.dll
0x00007ffe4d900000 - 0x00007ffe4da00000 	C:\windows\System32\ucrtbase.dll
0x00007ffe43e10000 - 0x00007ffe43e28000 	C:\temp\eclipse-jee\plugins\org.eclipse.justj.openjdk.hotspot.jre.full.win32.x86_64_17.0.1.v20211116-1657\jre\bin\jli.dll
0x00007ffe39890000 - 0x00007ffe398a9000 	C:\temp\eclipse-jee\plugins\org.eclipse.justj.openjdk.hotspot.jre.full.win32.x86_64_17.0.1.v20211116-1657\jre\bin\VCRUNTIME140.dll
0x00007ffe4f1a0000 - 0x00007ffe4f33d000 	C:\windows\System32\USER32.dll
0x00007ffe37440000 - 0x00007ffe376da000 	C:\windows\WinSxS\amd64_microsoft.windows.common-controls_6595b64144ccf1df_6.0.19041.4355_none_60b8b9eb71f62e16\COMCTL32.dll
0x00007ffe4da00000 - 0x00007ffe4da22000 	C:\windows\System32\win32u.dll
0x00007ffe4da30000 - 0x00007ffe4dace000 	C:\windows\System32\msvcrt.dll
0x00007ffe4e400000 - 0x00007ffe4e42b000 	C:\windows\System32\GDI32.dll
0x00007ffe4d7e0000 - 0x00007ffe4d8fa000 	C:\windows\System32\gdi32full.dll
0x00007ffe4d3e0000 - 0x00007ffe4d47d000 	C:\windows\System32\msvcp_win.dll
0x00007ffe4f9a0000 - 0x00007ffe4f9cf000 	C:\windows\System32\IMM32.DLL
0x00000196de4d0000 - 0x00000196de4e6000 	C:\windows\System32\umppc19205.dll
0x00000196de510000 - 0x00000196de523000 	C:\windows\System32\CsXumd64_19205.dll
0x00007ffe4ceb0000 - 0x00007ffe4cee6000 	C:\windows\system32\vmwsci.dll
0x00007ffe4eee0000 - 0x00007ffe4eee8000 	C:\windows\System32\PSAPI.DLL
0x00007ffe48290000 - 0x00007ffe4829c000 	C:\temp\eclipse-jee\plugins\org.eclipse.justj.openjdk.hotspot.jre.full.win32.x86_64_17.0.1.v20211116-1657\jre\bin\vcruntime140_1.dll
0x00007ffe38940000 - 0x00007ffe389d1000 	C:\temp\eclipse-jee\plugins\org.eclipse.justj.openjdk.hotspot.jre.full.win32.x86_64_17.0.1.v20211116-1657\jre\bin\msvcp140.dll
0x00007ffdde230000 - 0x00007ffddee76000 	C:\temp\eclipse-jee\plugins\org.eclipse.justj.openjdk.hotspot.jre.full.win32.x86_64_17.0.1.v20211116-1657\jre\bin\server\jvm.dll
0x00007ffe4ec90000 - 0x00007ffe4ed3f000 	C:\windows\System32\ADVAPI32.dll
0x00007ffe4e850000 - 0x00007ffe4e8ef000 	C:\windows\System32\sechost.dll
0x00007ffe4e240000 - 0x00007ffe4e363000 	C:\windows\System32\RPCRT4.dll
0x00007ffe4d0b0000 - 0x00007ffe4d0d7000 	C:\windows\System32\bcrypt.dll
0x00007ffe3f820000 - 0x00007ffe3f829000 	C:\windows\SYSTEM32\WSOCK32.dll
0x00007ffe4ea10000 - 0x00007ffe4ea7b000 	C:\windows\System32\WS2_32.dll
0x00007ffe413a0000 - 0x00007ffe413c7000 	C:\windows\SYSTEM32\WINMM.dll
0x00007ffe4be20000 - 0x00007ffe4be2a000 	C:\windows\SYSTEM32\VERSION.dll
0x00007ffe4bde0000 - 0x00007ffe4bdf2000 	C:\windows\SYSTEM32\kernel.appcore.dll
0x00007ffe37140000 - 0x00007ffe3714a000 	C:\temp\eclipse-jee\plugins\org.eclipse.justj.openjdk.hotspot.jre.full.win32.x86_64_17.0.1.v20211116-1657\jre\bin\jimage.dll
0x00007ffe4a9d0000 - 0x00007ffe4abb4000 	C:\windows\SYSTEM32\DBGHELP.DLL
0x00007ffe46340000 - 0x00007ffe46374000 	C:\windows\SYSTEM32\dbgcore.DLL
0x00007ffe4d6e0000 - 0x00007ffe4d762000 	C:\windows\System32\bcryptPrimitives.dll
0x00007ffe1ac70000 - 0x00007ffe1ac95000 	C:\temp\eclipse-jee\plugins\org.eclipse.justj.openjdk.hotspot.jre.full.win32.x86_64_17.0.1.v20211116-1657\jre\bin\java.dll
0x00007ffe1ac50000 - 0x00007ffe1ac68000 	C:\temp\eclipse-jee\plugins\org.eclipse.justj.openjdk.hotspot.jre.full.win32.x86_64_17.0.1.v20211116-1657\jre\bin\zip.dll
0x00007ffe4dad0000 - 0x00007ffe4e23d000 	C:\windows\System32\SHELL32.dll
0x00007ffe4b630000 - 0x00007ffe4bdd4000 	C:\windows\SYSTEM32\windows.storage.dll
0x00007ffe4e4e0000 - 0x00007ffe4e835000 	C:\windows\System32\combase.dll
0x00007ffe4ca30000 - 0x00007ffe4ca5b000 	C:\windows\SYSTEM32\Wldp.dll
0x00007ffe4ed40000 - 0x00007ffe4ee0d000 	C:\windows\System32\OLEAUT32.dll
0x00007ffe4e960000 - 0x00007ffe4ea0d000 	C:\windows\System32\SHCORE.dll
0x00007ffe4f140000 - 0x00007ffe4f195000 	C:\windows\System32\shlwapi.dll
0x00007ffe4cfe0000 - 0x00007ffe4d005000 	C:\windows\SYSTEM32\profapi.dll
0x00007ffdeb0f0000 - 0x00007ffdeb109000 	C:\temp\eclipse-jee\plugins\org.eclipse.justj.openjdk.hotspot.jre.full.win32.x86_64_17.0.1.v20211116-1657\jre\bin\net.dll
0x00007ffe47140000 - 0x00007ffe4724a000 	C:\windows\SYSTEM32\WINHTTP.dll
0x00007ffe4c790000 - 0x00007ffe4c7fc000 	C:\windows\system32\mswsock.dll
0x00007ffdeb0d0000 - 0x00007ffdeb0e5000 	C:\temp\eclipse-jee\plugins\org.eclipse.justj.openjdk.hotspot.jre.full.win32.x86_64_17.0.1.v20211116-1657\jre\bin\nio.dll
0x00007ffe362e0000 - 0x00007ffe362e9000 	C:\temp\eclipse-jee\plugins\org.eclipse.justj.openjdk.hotspot.jre.full.win32.x86_64_17.0.1.v20211116-1657\jre\bin\management.dll
0x00007ffe349c0000 - 0x00007ffe349cb000 	C:\temp\eclipse-jee\plugins\org.eclipse.justj.openjdk.hotspot.jre.full.win32.x86_64_17.0.1.v20211116-1657\jre\bin\management_ext.dll
0x00007ffe363f0000 - 0x00007ffe363fe000 	C:\temp\eclipse-jee\plugins\org.eclipse.justj.openjdk.hotspot.jre.full.win32.x86_64_17.0.1.v20211116-1657\jre\bin\sunmscapi.dll
0x00007ffe4d580000 - 0x00007ffe4d6dc000 	C:\windows\System32\CRYPT32.dll
0x00007ffe4caa0000 - 0x00007ffe4cac7000 	C:\windows\SYSTEM32\ncrypt.dll
0x00007ffe4ca60000 - 0x00007ffe4ca9b000 	C:\windows\SYSTEM32\NTASN1.dll
0x00007ffe4c980000 - 0x00007ffe4c998000 	C:\windows\SYSTEM32\CRYPTSP.dll
0x00007ffe4c0b0000 - 0x00007ffe4c0e8000 	C:\windows\system32\rsaenh.dll
0x00007ffe4cfa0000 - 0x00007ffe4cfce000 	C:\windows\SYSTEM32\USERENV.dll
0x00007ffe4c9a0000 - 0x00007ffe4c9ac000 	C:\windows\SYSTEM32\CRYPTBASE.dll
0x00007ffe4c470000 - 0x00007ffe4c4ab000 	C:\windows\SYSTEM32\IPHLPAPI.DLL
0x00007ffe4e840000 - 0x00007ffe4e848000 	C:\windows\System32\NSI.dll
0x00007ffe479c0000 - 0x00007ffe479d7000 	C:\windows\SYSTEM32\dhcpcsvc6.DLL
0x00007ffe479a0000 - 0x00007ffe479bd000 	C:\windows\SYSTEM32\dhcpcsvc.DLL
0x00007ffe4c4b0000 - 0x00007ffe4c57a000 	C:\windows\SYSTEM32\DNSAPI.dll
0x00007ffe36dc0000 - 0x00007ffe36dd0000 	C:\temp\eclipse-jee\plugins\org.eclipse.justj.openjdk.hotspot.jre.full.win32.x86_64_17.0.1.v20211116-1657\jre\bin\verify.dll
0x00007ffe47a60000 - 0x00007ffe47a67000 	C:\windows\system32\wshunix.dll
0x00007ffe41f30000 - 0x00007ffe41f47000 	C:\windows\system32\napinsp.dll
0x00007ffe41f50000 - 0x00007ffe41f6b000 	C:\windows\system32\pnrpnsp.dll
0x00007ffe41f70000 - 0x00007ffe41f85000 	C:\windows\system32\wshbth.dll
0x00007ffe475b0000 - 0x00007ffe475cd000 	C:\windows\system32\NLAapi.dll
0x00007ffe42220000 - 0x00007ffe42232000 	C:\windows\System32\winrnr.dll
0x00007ffe49160000 - 0x00007ffe4916a000 	C:\Windows\System32\rasadhlp.dll
0x00007ffe480a0000 - 0x00007ffe48120000 	C:\windows\System32\fwpuclnt.dll

dbghelp: loaded successfully - version: 4.0.5 - missing functions: none
symbol engine: initialized successfully - sym options: 0x614 - pdb path: .;C:\temp\eclipse-jee\plugins\org.eclipse.justj.openjdk.hotspot.jre.full.win32.x86_64_17.0.1.v20211116-1657\jre\bin;C:\windows\SYSTEM32;C:\windows\WinSxS\amd64_microsoft.windows.common-controls_6595b64144ccf1df_6.0.19041.4355_none_60b8b9eb71f62e16;C:\temp\eclipse-jee\plugins\org.eclipse.justj.openjdk.hotspot.jre.full.win32.x86_64_17.0.1.v20211116-1657\jre\bin\server

VM Arguments:
jvm_args: -XX:TieredStopAtLevel=1 
java_command: com.hotel.managementsystem.ManagementsystemApplication
java_class_path (initial): C:\temp\Sprint2\Backend\managementsystem\managementsystem\managementsystem\target\classes;C:\Users\2786682\.m2\repository\ch\qos\logback\logback-classic\1.5.18\logback-classic-1.5.18.jar;C:\Users\2786682\.m2\repository\ch\qos\logback\logback-core\1.5.18\logback-core-1.5.18.jar;C:\Users\2786682\.m2\repository\org\apache\logging\log4j\log4j-to-slf4j\2.24.3\log4j-to-slf4j-2.24.3.jar;C:\Users\2786682\.m2\repository\org\apache\logging\log4j\log4j-api\2.24.3\log4j-api-2.24.3.jar;C:\Users\2786682\.m2\repository\org\slf4j\jul-to-slf4j\2.0.17\jul-to-slf4j-2.0.17.jar;C:\Users\2786682\.m2\repository\jakarta\annotation\jakarta.annotation-api\2.1.1\jakarta.annotation-api-2.1.1.jar;C:\Users\2786682\.m2\repository\org\yaml\snakeyaml\2.3\snakeyaml-2.3.jar;C:\Users\2786682\.m2\repository\com\zaxxer\HikariCP\5.1.0\HikariCP-5.1.0.jar;C:\Users\2786682\.m2\repository\org\springframework\spring-jdbc\6.2.5\spring-jdbc-6.2.5.jar;C:\Users\2786682\.m2\repository\org\hibernate\orm\hibernate-core\6.6.11.Final\hibernate-core-6.6.11.Final.jar;C:\Users\2786682\.m2\repository\jakarta\persistence\jakarta.persistence-api\3.1.0\jakarta.persistence-api-3.1.0.jar;C:\Users\2786682\.m2\repository\jakarta\transaction\jakarta.transaction-api\2.0.1\jakarta.transaction-api-2.0.1.jar;C:\Users\2786682\.m2\repository\org\jboss\logging\jboss-logging\3.6.1.Final\jboss-logging-3.6.1.Final.jar;C:\Users\2786682\.m2\repository\org\hibernate\common\hibernate-commons-annotations\7.0.3.Final\hibernate-commons-annotations-7.0.3.Final.jar;C:\Users\2786682\.m2\repository\io\smallrye\jandex\3.2.0\jandex-3.2.0.jar;C:\Users\2786682\.m2\repository\com\fasterxml\classmate\1.7.0\classmate-1.7.0.jar;C:\Users\2786682\.m2\repository\net\bytebuddy\byte-buddy\1.15.11\byte-buddy-1.15.11.jar;C:\Users\2786682\.m2\repository\org\glassfish\jaxb\jaxb-runtime\4.0.5\jaxb-runtime-4.0.5.jar;C:\Users\2786682\.m2\repository\org\glassfish\jaxb\jaxb-core\4.0.5\jaxb-core-4.0.5.jar;C:\Users\2786682\.m2\repository\org\ecl
Launcher Type: SUN_STANDARD

[Global flags]
     intx CICompilerCount                          = 3                                         {product} {ergonomic}
     uint ConcGCThreads                            = 1                                         {product} {ergonomic}
     uint G1ConcRefinementThreads                  = 4                                         {product} {ergonomic}
   size_t G1HeapRegionSize                         = 1048576                                   {product} {ergonomic}
    uintx GCDrainStackTargetSize                   = 64                                        {product} {ergonomic}
   size_t InitialHeapSize                          = 134217728                                 {product} {ergonomic}
   size_t MarkStackSize                            = 4194304                                   {product} {ergonomic}
   size_t MaxHeapSize                              = 2147483648                                {product} {ergonomic}
   size_t MaxNewSize                               = 1287651328                                {product} {ergonomic}
   size_t MinHeapDeltaBytes                        = 1048576                                   {product} {ergonomic}
   size_t MinHeapSize                              = 8388608                                   {product} {ergonomic}
    uintx NonProfiledCodeHeapSize                  = 0                                      {pd product} {ergonomic}
     bool ProfileInterpreter                       = false                                  {pd product} {command line}
    uintx ProfiledCodeHeapSize                     = 0                                      {pd product} {ergonomic}
   size_t SoftMaxHeapSize                          = 2147483648                             {manageable} {ergonomic}
     intx TieredStopAtLevel                        = 1                                         {product} {command line}
     bool UseCompressedClassPointers               = true                           {product lp64_product} {ergonomic}
     bool UseCompressedOops                        = true                           {product lp64_product} {ergonomic}
     bool UseG1GC                                  = true                                      {product} {ergonomic}
     bool UseLargePagesIndividualAllocation        = false                                  {pd product} {ergonomic}

Logging:
Log output configuration:
 #0: stdout all=warning uptime,level,tags
 #1: stderr all=off uptime,level,tags

Environment Variables:
JAVA_HOME=C:\Program Files\OpenLogic\jdk-17.0.12.7-hotspot\
PATH=C:/temp/eclipse-jee//plugins/org.eclipse.justj.openjdk.hotspot.jre.full.win32.x86_64_17.0.1.v20211116-1657/jre/bin/server;C:/temp/eclipse-jee//plugins/org.eclipse.justj.openjdk.hotspot.jre.full.win32.x86_64_17.0.1.v20211116-1657/jre/bin;C:\Program Files\OpenLogic\jdk-17.0.12.7-hotspot\bin;C:\Program Files\Python312\Scripts\;C:\Program Files\Python312\;C:\windows\system32;C:\windows;C:\windows\System32\Wbem;C:\windows\System32\WindowsPowerShell\v1.0\;C:\windows\System32\OpenSSH\;C:\Program Files\Git\cmd;C:\Program Files\TortoiseGit\bin;C:\temp\java-1.8.0-openjdk-1.8.0.265-3\bin;C:\temp\java-1.8.0-openjdk-1.8.0.265-3\jre\bin;C:\temp\New folder\tomcat-9.0.72\bin;C:\temp\New folder\cli-8.19.3\bin;C:\Program Files\Common Files\ThinPrint\;C:\Program Files\nodejs\;C:\temp\New folder\node_modules\.bin;C:\Program Files\Microsoft VS Code\bin;C:\Users\2786682\AppData\Local\Microsoft\WindowsApps;;C:\temp\eclipse-jee;
USERNAME=2786682
OS=Windows_NT
PROCESSOR_IDENTIFIER=Intel64 Family 6 Model 85 Stepping 4, GenuineIntel



---------------  S Y S T E M  ---------------

OS:
 Windows 10 , 64 bit Build 19041 (10.0.19041.5438)
OS uptime: 8 days 21:29 hours
VMWare virtualization detected

CPU: total 4 (initial active 4) (2 cores per cpu, 1 threads per core) family 6 model 85 stepping 4 microcode 0x2007006, cx8, cmov, fxsr, mmx, 3dnowpref, sse, sse2, sse3, ssse3, sse4.1, sse4.2, popcnt, lzcnt, tsc, tscinvbit, avx, avx2, aes, erms, clmul, bmi1, bmi2, adx, fma, vzeroupper, clflush, clflushopt, clwb, hv

Memory: 4k page, system-wide physical 8191M (838M free)
TotalPageFile size 8702M (AvailPageFile size 89M)
current process WorkingSet (physical memory assigned to process): 255M, peak: 265M
current process commit charge ("private bytes"): 281M, peak: 395M

vm_info: OpenJDK 64-Bit Server VM (17.0.1+12) for windows-amd64 JRE (17.0.1+12), built on Oct 20 2021 07:42:55 by "" with MS VC++ 16.7 (VS2019)

END.
