#
# There is insufficient memory for the Java Runtime Environment to continue.
# Native memory allocation (malloc) failed to allocate 1872976 bytes for Chunk::new
# Possible reasons:
#   The system is out of physical RAM or swap space
#   The process is running with CompressedOops enabled, and the Java Heap may be blocking the growth of the native heap
# Possible solutions:
#   Reduce memory load on the system
#   Increase physical memory or swap space
#   Check if swap backing store is full
#   Decrease Java heap size (-Xmx/-Xms)
#   Decrease number of Java threads
#   Decrease Java thread stack sizes (-Xss)
#   Set larger code cache with -XX:ReservedCodeCacheSize=
#   JVM is running with Unscaled Compressed Oops mode in which the Java heap is
#     placed in the first 4GB address space. The Java Heap base address is the
#     maximum limit for the native heap growth. Please use -XX:HeapBaseMinAddress
#     to set the Java Heap base and to place the Java Heap above 4GB virtual address.
# This output file may be truncated or incomplete.
#
#  Out of Memory Error (arena.cpp:189), pid=13696, tid=15956
#
# JRE version: OpenJDK Runtime Environment Temurin-17.0.1+12 (17.0.1+12) (build 17.0.1+12)
# Java VM: OpenJDK 64-Bit Server VM Temurin-17.0.1+12 (17.0.1+12, mixed mode, tiered, compressed oops, compressed class ptrs, g1 gc, windows-amd64)
# No core dump will be written. Minidumps are not enabled by default on client versions of Windows
#

---------------  S U M M A R Y ------------

Command Line: -Dfile.encoding=UTF-8 -XX:+ShowCodeDetailsInExceptionMessages com.hotel.managementsystem.ManagementsystemApplication

Host: Intel(R) Xeon(R) Gold 6254 CPU @ 3.10GHz, 4 cores, 7G,  Windows 10 , 64 bit Build 19041 (10.0.19041.5438)
Time: Wed Apr 16 13:55:35 2025 India Standard Time elapsed time: 1542.915143 seconds (0d 0h 25m 42s)

---------------  T H R E A D  ---------------

Current thread (0x0000011f044c5f90):  JavaThread "C2 CompilerThread1" daemon [_thread_in_native, id=15956, stack(0x0000000b81300000,0x0000000b81400000)]


Current CompileTask:
C2:1542915 6629       4       org.springframework.transaction.annotation.AnnotationTransactionAttributeSource::determineTransactionAttribute (88 bytes)

Stack: [0x0000000b81300000,0x0000000b81400000]
Native frames: (J=compiled Java code, j=interpreted, Vv=VM code, C=native code)
V  [jvm.dll+0x6744da]
V  [jvm.dll+0x82e144]
V  [jvm.dll+0x82f8ee]
V  [jvm.dll+0x82ff53]
V  [jvm.dll+0x245175]
V  [jvm.dll+0xab85b]
V  [jvm.dll+0xabdec]
V  [jvm.dll+0x362eb2]
V  [jvm.dll+0x32d4c1]
V  [jvm.dll+0x32c96a]
V  [jvm.dll+0x218031]
V  [jvm.dll+0x217451]
V  [jvm.dll+0x1a355d]
V  [jvm.dll+0x226e38]
V  [jvm.dll+0x224f7c]
V  [jvm.dll+0x7e3f5b]
V  [jvm.dll+0x7de51a]
V  [jvm.dll+0x673305]
C  [ucrtbase.dll+0x21bb2]
C  [KERNEL32.DLL+0x17374]
C  [ntdll.dll+0x4cc91]


---------------  P R O C E S S  ---------------

Threads class SMR info:
_java_thread_list=0x0000011f05252050, length=35, elements={
0x0000011f7fc12010, 0x0000011f7fc13070, 0x0000011f7f2c28e0, 0x0000011f7fc1d390,
0x0000011f7fc20a10, 0x0000011f7fc219d0, 0x0000011f7fc4ada0, 0x0000011f7fc4d2c0,
0x0000011f7fc65ca0, 0x0000011f7fdae9c0, 0x0000011f7fdcc450, 0x0000011f03897b90,
0x0000011f09e71d40, 0x0000011f09e6d9e0, 0x0000011f09e71870, 0x0000011f044c5f90,
0x0000011f09e6e850, 0x0000011f09e6f6c0, 0x0000011f09e726e0, 0x0000011f09e6fb90,
0x0000011f09e6d040, 0x0000011f09e713a0, 0x0000011f09e6ed20, 0x0000011f09e6d510,
0x0000011f09e70060, 0x0000011f09e72bb0, 0x0000011f09e70530, 0x0000011f09e70a00,
0x0000011f09e72210, 0x0000011f09e6cb70, 0x0000011f09e73080, 0x0000011f09e70ed0,
0x0000011f09e73550, 0x0000011f09e6deb0, 0x0000011f09e6e380
}

Java Threads: ( => current thread )
  0x0000011f7fc12010 JavaThread "Reference Handler" daemon [_thread_blocked, id=7500, stack(0x0000000b81c00000,0x0000000b81d00000)]
  0x0000011f7fc13070 JavaThread "Finalizer" daemon [_thread_blocked, id=5488, stack(0x0000000b81d00000,0x0000000b81e00000)]
  0x0000011f7f2c28e0 JavaThread "Signal Dispatcher" daemon [_thread_blocked, id=4564, stack(0x0000000b81e00000,0x0000000b81f00000)]
  0x0000011f7fc1d390 JavaThread "Attach Listener" daemon [_thread_blocked, id=6528, stack(0x0000000b81f00000,0x0000000b82000000)]
  0x0000011f7fc20a10 JavaThread "Service Thread" daemon [_thread_blocked, id=16180, stack(0x0000000b82000000,0x0000000b82100000)]
  0x0000011f7fc219d0 JavaThread "Monitor Deflation Thread" daemon [_thread_blocked, id=14608, stack(0x0000000b82100000,0x0000000b82200000)]
  0x0000011f7fc4ada0 JavaThread "C2 CompilerThread0" daemon [_thread_in_native, id=2696, stack(0x0000000b82200000,0x0000000b82300000)]
  0x0000011f7fc4d2c0 JavaThread "C1 CompilerThread0" daemon [_thread_blocked, id=8788, stack(0x0000000b82300000,0x0000000b82400000)]
  0x0000011f7fc65ca0 JavaThread "Sweeper thread" daemon [_thread_blocked, id=15928, stack(0x0000000b82400000,0x0000000b82500000)]
  0x0000011f7fdae9c0 JavaThread "Notification Thread" daemon [_thread_blocked, id=7184, stack(0x0000000b82500000,0x0000000b82600000)]
  0x0000011f7fdcc450 JavaThread "Common-Cleaner" daemon [_thread_blocked, id=16312, stack(0x0000000b82700000,0x0000000b82800000)]
  0x0000011f03897b90 JavaThread "Live Reload Server" daemon [_thread_in_native, id=10720, stack(0x0000000b83800000,0x0000000b83900000)]
  0x0000011f09e71d40 JavaThread "DestroyJavaVM" [_thread_blocked, id=2280, stack(0x0000000b81500000,0x0000000b81600000)]
  0x0000011f09e6d9e0 JavaThread "Thread-6" [_thread_blocked, id=7540, stack(0x0000000b81200000,0x0000000b81300000)]
  0x0000011f09e71870 JavaThread "restartedMain" [_thread_in_Java, id=8604, stack(0x0000000b82b00000,0x0000000b82c00000)]
=>0x0000011f044c5f90 JavaThread "C2 CompilerThread1" daemon [_thread_in_native, id=15956, stack(0x0000000b81300000,0x0000000b81400000)]
  0x0000011f09e6e850 JavaThread "Catalina-utility-1" [_thread_blocked, id=13004, stack(0x0000000b82c00000,0x0000000b82d00000)]
  0x0000011f09e6f6c0 JavaThread "Catalina-utility-2" [_thread_blocked, id=1068, stack(0x0000000b82d00000,0x0000000b82e00000)]
  0x0000011f09e726e0 JavaThread "container-0" [_thread_blocked, id=13128, stack(0x0000000b82e00000,0x0000000b82f00000)]
  0x0000011f09e6fb90 JavaThread "MVStore background writer C:/data/HotelUserDetails.mv.db" daemon [_thread_blocked, id=12652, stack(0x0000000b82f00000,0x0000000b83000000)]
  0x0000011f09e6d040 JavaThread "HikariPool-2 housekeeper" daemon [_thread_blocked, id=16008, stack(0x0000000b83000000,0x0000000b83100000)]
  0x0000011f09e713a0 JavaThread "HikariPool-2 connection adder" daemon [_thread_in_vm, id=9512, stack(0x0000000b83100000,0x0000000b83200000)]
  0x0000011f09e6ed20 JavaThread "File Watcher" daemon [_thread_blocked, id=10444, stack(0x0000000b83200000,0x0000000b83300000)]
  0x0000011f09e6d510 JavaThread "http-nio-8080-exec-1" daemon [_thread_blocked, id=6800, stack(0x0000000b83300000,0x0000000b83400000)]
  0x0000011f09e70060 JavaThread "http-nio-8080-exec-2" daemon [_thread_blocked, id=12920, stack(0x0000000b83400000,0x0000000b83500000)]
  0x0000011f09e72bb0 JavaThread "http-nio-8080-exec-3" daemon [_thread_blocked, id=15040, stack(0x0000000b83500000,0x0000000b83600000)]
  0x0000011f09e70530 JavaThread "http-nio-8080-exec-4" daemon [_thread_blocked, id=13012, stack(0x0000000b83600000,0x0000000b83700000)]
  0x0000011f09e70a00 JavaThread "http-nio-8080-exec-5" daemon [_thread_blocked, id=32, stack(0x0000000b83700000,0x0000000b83800000)]
  0x0000011f09e72210 JavaThread "http-nio-8080-exec-6" daemon [_thread_blocked, id=4652, stack(0x0000000b83900000,0x0000000b83a00000)]
  0x0000011f09e6cb70 JavaThread "http-nio-8080-exec-7" daemon [_thread_blocked, id=3684, stack(0x0000000b83a00000,0x0000000b83b00000)]
  0x0000011f09e73080 JavaThread "http-nio-8080-exec-8" daemon [_thread_blocked, id=13524, stack(0x0000000b83b00000,0x0000000b83c00000)]
  0x0000011f09e70ed0 JavaThread "http-nio-8080-exec-9" daemon [_thread_blocked, id=9928, stack(0x0000000b83c00000,0x0000000b83d00000)]
  0x0000011f09e73550 JavaThread "http-nio-8080-exec-10" daemon [_thread_blocked, id=13328, stack(0x0000000b83d00000,0x0000000b83e00000)]
  0x0000011f09e6deb0 JavaThread "http-nio-8080-Poller" daemon [_thread_in_native, id=7592, stack(0x0000000b83e00000,0x0000000b83f00000)]
  0x0000011f09e6e380 JavaThread "http-nio-8080-Acceptor" daemon [_thread_in_native, id=16108, stack(0x0000000b83f00000,0x0000000b84000000)]

Other Threads:
  0x0000011f7f276830 VMThread "VM Thread" [stack: 0x0000000b81b00000,0x0000000b81c00000] [id=9500]
  0x0000011f7fdaee90 WatcherThread [stack: 0x0000000b82600000,0x0000000b82700000] [id=4484]
  0x0000011f6737ab30 GCTaskThread "GC Thread#0" [stack: 0x0000000b81600000,0x0000000b81700000] [id=15816]
  0x0000011f0259f530 GCTaskThread "GC Thread#1" [stack: 0x0000000b82800000,0x0000000b82900000] [id=9136]
  0x0000011f0259fbf0 GCTaskThread "GC Thread#2" [stack: 0x0000000b82900000,0x0000000b82a00000] [id=6804]
  0x0000011f024e6030 GCTaskThread "GC Thread#3" [stack: 0x0000000b82a00000,0x0000000b82b00000] [id=9040]
  0x0000011f6738ba70 ConcurrentGCThread "G1 Main Marker" [stack: 0x0000000b81700000,0x0000000b81800000] [id=14224]
  0x0000011f6738c480 ConcurrentGCThread "G1 Conc#0" [stack: 0x0000000b81800000,0x0000000b81900000] [id=2800]
  0x0000011f7f0f00a0 ConcurrentGCThread "G1 Refine#0" [stack: 0x0000000b81900000,0x0000000b81a00000] [id=11512]
  0x0000011f7f0f21a0 ConcurrentGCThread "G1 Service" [stack: 0x0000000b81a00000,0x0000000b81b00000] [id=13664]

Threads with active compile tasks:
C2 CompilerThread0  1542938 6774   !   4       org.springframework.beans.factory.support.DefaultListableBeanFactory::doGetBeanNamesForType (505 bytes)
C2 CompilerThread1  1542938 6629       4       org.springframework.transaction.annotation.AnnotationTransactionAttributeSource::determineTransactionAttribute (88 bytes)

VM state: not at safepoint (normal execution)

VM Mutex/Monitor currently owned by a thread: None

Heap address: 0x0000000080000000, size: 2048 MB, Compressed Oops mode: 32-bit

CDS archive(s) not mapped
Compressed class space mapped at: 0x0000000100000000-0x0000000140000000, reserved size: 1073741824
Narrow klass base: 0x0000000000000000, Narrow klass shift: 3, Narrow klass range: 0x140000000

GC Precious Log:
 CPUs: 4 total, 4 available
 Memory: 8191M
 Large Page Support: Disabled
 NUMA Support: Disabled
 Compressed Oops: Enabled (32-bit)
 Heap Region Size: 1M
 Heap Min Capacity: 8M
 Heap Initial Capacity: 128M
 Heap Max Capacity: 2G
 Pre-touch: Disabled
 Parallel Workers: 4
 Concurrent Workers: 1
 Concurrent Refinement Workers: 4
 Periodic GC: Disabled

Heap:
 garbage-first heap   total 159744K, used 61739K [0x0000000080000000, 0x0000000100000000)
  region size 1024K, 34 young (34816K), 2 survivors (2048K)
 Metaspace       used 79668K, committed 80320K, reserved 1122304K
  class space    used 10276K, committed 10560K, reserved 1048576K

Heap Regions: E=young(eden), S=young(survivor), O=old, HS=humongous(starts), HC=humongous(continues), CS=collection set, F=free, OA=open archive, CA=closed archive, TAMS=top-at-mark-start (previous, next)
|   0|0x0000000080000000, 0x0000000080100000, 0x0000000080100000|100%|HS|  |TAMS 0x0000000080100000, 0x0000000080000000| Untracked 
|   1|0x0000000080100000, 0x0000000080200000, 0x0000000080200000|100%|HS|  |TAMS 0x0000000080200000, 0x0000000080100000| Untracked 
|   2|0x0000000080200000, 0x00000000802ffff0, 0x0000000080300000| 99%| O|  |TAMS 0x0000000080200000, 0x0000000080200000| Untracked 
|   3|0x0000000080300000, 0x0000000080400000, 0x0000000080400000|100%| O|  |TAMS 0x0000000080400000, 0x0000000080300000| Untracked 
|   4|0x0000000080400000, 0x00000000804ffff8, 0x0000000080500000| 99%| O|  |TAMS 0x0000000080400000, 0x0000000080400000| Untracked 
|   5|0x0000000080500000, 0x0000000080600000, 0x0000000080600000|100%| O|  |TAMS 0x0000000080600000, 0x0000000080500000| Untracked 
|   6|0x0000000080600000, 0x0000000080700000, 0x0000000080700000|100%| O|  |TAMS 0x0000000080600000, 0x0000000080600000| Untracked 
|   7|0x0000000080700000, 0x0000000080800000, 0x0000000080800000|100%| O|  |TAMS 0x0000000080700000, 0x0000000080700000| Untracked 
|   8|0x0000000080800000, 0x00000000808fffc8, 0x0000000080900000| 99%| O|  |TAMS 0x0000000080800000, 0x0000000080800000| Untracked 
|   9|0x0000000080900000, 0x0000000080a00000, 0x0000000080a00000|100%| O|  |TAMS 0x0000000080a00000, 0x0000000080900000| Untracked 
|  10|0x0000000080a00000, 0x0000000080afffe0, 0x0000000080b00000| 99%| O|  |TAMS 0x0000000080a00000, 0x0000000080a00000| Untracked 
|  11|0x0000000080b00000, 0x0000000080bf6e50, 0x0000000080c00000| 96%| O|  |TAMS 0x0000000080b00000, 0x0000000080b00000| Untracked 
|  12|0x0000000080c00000, 0x0000000080cfffd8, 0x0000000080d00000| 99%| O|  |TAMS 0x0000000080c00000, 0x0000000080c00000| Untracked 
|  13|0x0000000080d00000, 0x0000000080dfffb0, 0x0000000080e00000| 99%| O|  |TAMS 0x0000000080d00000, 0x0000000080d00000| Untracked 
|  14|0x0000000080e00000, 0x0000000080effff0, 0x0000000080f00000| 99%| O|  |TAMS 0x0000000080e00000, 0x0000000080e00000| Untracked 
|  15|0x0000000080f00000, 0x0000000080ff2838, 0x0000000081000000| 94%| O|  |TAMS 0x0000000080f00000, 0x0000000080f00000| Untracked 
|  16|0x0000000081000000, 0x00000000810fffc0, 0x0000000081100000| 99%| O|  |TAMS 0x0000000081000000, 0x0000000081000000| Untracked 
|  17|0x0000000081100000, 0x00000000811ffff0, 0x0000000081200000| 99%| O|  |TAMS 0x0000000081100000, 0x0000000081100000| Untracked 
|  18|0x0000000081200000, 0x00000000812fffd0, 0x0000000081300000| 99%| O|  |TAMS 0x0000000081200000, 0x0000000081200000| Untracked 
|  19|0x0000000081300000, 0x0000000081400000, 0x0000000081400000|100%| O|  |TAMS 0x0000000081300000, 0x0000000081300000| Untracked 
|  20|0x0000000081400000, 0x00000000814488f0, 0x0000000081500000| 28%| O|  |TAMS 0x0000000081400000, 0x0000000081400000| Untracked 
|  21|0x0000000081500000, 0x00000000815ffff8, 0x0000000081600000| 99%| O|  |TAMS 0x0000000081500000, 0x0000000081500000| Untracked 
|  22|0x0000000081600000, 0x00000000816ffff8, 0x0000000081700000| 99%| O|  |TAMS 0x0000000081600000, 0x0000000081600000| Untracked 
|  23|0x0000000081700000, 0x0000000081800000, 0x0000000081800000|100%| O|  |TAMS 0x0000000081700000, 0x0000000081700000| Untracked 
|  24|0x0000000081800000, 0x0000000081900000, 0x0000000081900000|100%| O|  |TAMS 0x0000000081900000, 0x0000000081800000| Untracked 
|  25|0x0000000081900000, 0x00000000819d4210, 0x0000000081a00000| 82%| O|  |TAMS 0x0000000081900000, 0x0000000081900000| Untracked 
|  26|0x0000000081a00000, 0x0000000081b00000, 0x0000000081b00000|100%| O|  |TAMS 0x0000000081a00000, 0x0000000081a00000| Untracked 
|  27|0x0000000081b00000, 0x0000000081bfffc0, 0x0000000081c00000| 99%| O|  |TAMS 0x0000000081b00000, 0x0000000081b00000| Untracked 
|  28|0x0000000081c00000, 0x0000000081d00000, 0x0000000081d00000|100%| O|  |TAMS 0x0000000081c00000, 0x0000000081c00000| Untracked 
|  29|0x0000000081d00000, 0x0000000081d1fa00, 0x0000000081e00000| 12%| O|  |TAMS 0x0000000081d00000, 0x0000000081d00000| Untracked 
|  30|0x0000000081e00000, 0x0000000081e034f0, 0x0000000081f00000|  1%| O|  |TAMS 0x0000000081e00000, 0x0000000081e00000| Untracked 
|  31|0x0000000081f00000, 0x0000000081f00000, 0x0000000082000000|  0%| F|  |TAMS 0x0000000081f00000, 0x0000000081f00000| Untracked 
|  32|0x0000000082000000, 0x0000000082000000, 0x0000000082100000|  0%| F|  |TAMS 0x0000000082000000, 0x0000000082000000| Untracked 
|  33|0x0000000082100000, 0x0000000082100000, 0x0000000082200000|  0%| F|  |TAMS 0x0000000082100000, 0x0000000082100000| Untracked 
|  34|0x0000000082200000, 0x0000000082200000, 0x0000000082300000|  0%| F|  |TAMS 0x0000000082200000, 0x0000000082200000| Untracked 
|  35|0x0000000082300000, 0x0000000082300000, 0x0000000082400000|  0%| F|  |TAMS 0x0000000082300000, 0x0000000082300000| Untracked 
|  36|0x0000000082400000, 0x0000000082400000, 0x0000000082500000|  0%| F|  |TAMS 0x0000000082400000, 0x0000000082400000| Untracked 
|  37|0x0000000082500000, 0x0000000082500000, 0x0000000082600000|  0%| F|  |TAMS 0x0000000082500000, 0x0000000082500000| Untracked 
|  38|0x0000000082600000, 0x0000000082600000, 0x0000000082700000|  0%| F|  |TAMS 0x0000000082600000, 0x0000000082600000| Untracked 
|  39|0x0000000082700000, 0x0000000082700000, 0x0000000082800000|  0%| F|  |TAMS 0x0000000082700000, 0x0000000082700000| Untracked 
|  40|0x0000000082800000, 0x0000000082800000, 0x0000000082900000|  0%| F|  |TAMS 0x0000000082800000, 0x0000000082800000| Untracked 
|  41|0x0000000082900000, 0x0000000082900000, 0x0000000082a00000|  0%| F|  |TAMS 0x0000000082900000, 0x0000000082900000| Untracked 
|  42|0x0000000082a00000, 0x0000000082a00000, 0x0000000082b00000|  0%| F|  |TAMS 0x0000000082a00000, 0x0000000082a00000| Untracked 
|  43|0x0000000082b00000, 0x0000000082b22000, 0x0000000082c00000| 13%| S|CS|TAMS 0x0000000082b00000, 0x0000000082b00000| Complete 
|  44|0x0000000082c00000, 0x0000000082d00000, 0x0000000082d00000|100%| S|CS|TAMS 0x0000000082c00000, 0x0000000082c00000| Complete 
|  45|0x0000000082d00000, 0x0000000082d00000, 0x0000000082e00000|  0%| F|  |TAMS 0x0000000082d00000, 0x0000000082d00000| Untracked 
|  46|0x0000000082e00000, 0x0000000082e00000, 0x0000000082f00000|  0%| F|  |TAMS 0x0000000082e00000, 0x0000000082e00000| Untracked 
|  47|0x0000000082f00000, 0x0000000082f00000, 0x0000000083000000|  0%| F|  |TAMS 0x0000000082f00000, 0x0000000082f00000| Untracked 
|  48|0x0000000083000000, 0x0000000083000000, 0x0000000083100000|  0%| F|  |TAMS 0x0000000083000000, 0x0000000083000000| Untracked 
|  49|0x0000000083100000, 0x0000000083100000, 0x0000000083200000|  0%| F|  |TAMS 0x0000000083100000, 0x0000000083100000| Untracked 
|  50|0x0000000083200000, 0x0000000083200000, 0x0000000083300000|  0%| F|  |TAMS 0x0000000083200000, 0x0000000083200000| Untracked 
|  51|0x0000000083300000, 0x0000000083300000, 0x0000000083400000|  0%| F|  |TAMS 0x0000000083300000, 0x0000000083300000| Untracked 
|  52|0x0000000083400000, 0x0000000083400000, 0x0000000083500000|  0%| F|  |TAMS 0x0000000083400000, 0x0000000083400000| Untracked 
|  53|0x0000000083500000, 0x0000000083500000, 0x0000000083600000|  0%| F|  |TAMS 0x0000000083500000, 0x0000000083500000| Untracked 
|  54|0x0000000083600000, 0x0000000083600000, 0x0000000083700000|  0%| F|  |TAMS 0x0000000083600000, 0x0000000083600000| Untracked 
|  55|0x0000000083700000, 0x0000000083700000, 0x0000000083800000|  0%| F|  |TAMS 0x0000000083700000, 0x0000000083700000| Untracked 
|  56|0x0000000083800000, 0x0000000083800000, 0x0000000083900000|  0%| F|  |TAMS 0x0000000083800000, 0x0000000083800000| Untracked 
|  57|0x0000000083900000, 0x0000000083900000, 0x0000000083a00000|  0%| F|  |TAMS 0x0000000083900000, 0x0000000083900000| Untracked 
|  58|0x0000000083a00000, 0x0000000083a00000, 0x0000000083b00000|  0%| F|  |TAMS 0x0000000083a00000, 0x0000000083a00000| Untracked 
|  59|0x0000000083b00000, 0x0000000083b00000, 0x0000000083c00000|  0%| F|  |TAMS 0x0000000083b00000, 0x0000000083b00000| Untracked 
|  60|0x0000000083c00000, 0x0000000083c00000, 0x0000000083d00000|  0%| F|  |TAMS 0x0000000083c00000, 0x0000000083c00000| Untracked 
|  61|0x0000000083d00000, 0x0000000083d00000, 0x0000000083e00000|  0%| F|  |TAMS 0x0000000083d00000, 0x0000000083d00000| Untracked 
|  62|0x0000000083e00000, 0x0000000083e00000, 0x0000000083f00000|  0%| F|  |TAMS 0x0000000083e00000, 0x0000000083e00000| Untracked 
|  63|0x0000000083f00000, 0x0000000083f00000, 0x0000000084000000|  0%| F|  |TAMS 0x0000000083f00000, 0x0000000083f00000| Untracked 
|  64|0x0000000084000000, 0x0000000084000000, 0x0000000084100000|  0%| F|  |TAMS 0x0000000084000000, 0x0000000084000000| Untracked 
|  65|0x0000000084100000, 0x0000000084100000, 0x0000000084200000|  0%| F|  |TAMS 0x0000000084100000, 0x0000000084100000| Untracked 
|  66|0x0000000084200000, 0x0000000084200000, 0x0000000084300000|  0%| F|  |TAMS 0x0000000084200000, 0x0000000084200000| Untracked 
|  67|0x0000000084300000, 0x0000000084300000, 0x0000000084400000|  0%| F|  |TAMS 0x0000000084300000, 0x0000000084300000| Untracked 
|  68|0x0000000084400000, 0x0000000084400000, 0x0000000084500000|  0%| F|  |TAMS 0x0000000084400000, 0x0000000084400000| Untracked 
|  69|0x0000000084500000, 0x0000000084500000, 0x0000000084600000|  0%| F|  |TAMS 0x0000000084500000, 0x0000000084500000| Untracked 
|  70|0x0000000084600000, 0x0000000084600000, 0x0000000084700000|  0%| F|  |TAMS 0x0000000084600000, 0x0000000084600000| Untracked 
|  71|0x0000000084700000, 0x0000000084700000, 0x0000000084800000|  0%| F|  |TAMS 0x0000000084700000, 0x0000000084700000| Untracked 
|  72|0x0000000084800000, 0x0000000084800000, 0x0000000084900000|  0%| F|  |TAMS 0x0000000084800000, 0x0000000084800000| Untracked 
|  73|0x0000000084900000, 0x0000000084900000, 0x0000000084a00000|  0%| F|  |TAMS 0x0000000084900000, 0x0000000084900000| Untracked 
|  74|0x0000000084a00000, 0x0000000084a00000, 0x0000000084b00000|  0%| F|  |TAMS 0x0000000084a00000, 0x0000000084a00000| Untracked 
|  75|0x0000000084b00000, 0x0000000084b00000, 0x0000000084c00000|  0%| F|  |TAMS 0x0000000084b00000, 0x0000000084b00000| Untracked 
|  76|0x0000000084c00000, 0x0000000084c00000, 0x0000000084d00000|  0%| F|  |TAMS 0x0000000084c00000, 0x0000000084c00000| Untracked 
|  77|0x0000000084d00000, 0x0000000084d00000, 0x0000000084e00000|  0%| F|  |TAMS 0x0000000084d00000, 0x0000000084d00000| Untracked 
|  78|0x0000000084e00000, 0x0000000084e00000, 0x0000000084f00000|  0%| F|  |TAMS 0x0000000084e00000, 0x0000000084e00000| Untracked 
|  79|0x0000000084f00000, 0x0000000084f00000, 0x0000000085000000|  0%| F|  |TAMS 0x0000000084f00000, 0x0000000084f00000| Untracked 
|  80|0x0000000085000000, 0x0000000085000000, 0x0000000085100000|  0%| F|  |TAMS 0x0000000085000000, 0x0000000085000000| Untracked 
|  81|0x0000000085100000, 0x0000000085100000, 0x0000000085200000|  0%| F|  |TAMS 0x0000000085100000, 0x0000000085100000| Untracked 
|  82|0x0000000085200000, 0x0000000085200000, 0x0000000085300000|  0%| F|  |TAMS 0x0000000085200000, 0x0000000085200000| Untracked 
|  83|0x0000000085300000, 0x0000000085300000, 0x0000000085400000|  0%| F|  |TAMS 0x0000000085300000, 0x0000000085300000| Untracked 
|  84|0x0000000085400000, 0x0000000085400000, 0x0000000085500000|  0%| F|  |TAMS 0x0000000085400000, 0x0000000085400000| Untracked 
|  85|0x0000000085500000, 0x0000000085500000, 0x0000000085600000|  0%| F|  |TAMS 0x0000000085500000, 0x0000000085500000| Untracked 
|  86|0x0000000085600000, 0x0000000085600000, 0x0000000085700000|  0%| F|  |TAMS 0x0000000085600000, 0x0000000085600000| Untracked 
|  87|0x0000000085700000, 0x0000000085700000, 0x0000000085800000|  0%| F|  |TAMS 0x0000000085700000, 0x0000000085700000| Untracked 
|  88|0x0000000085800000, 0x0000000085800000, 0x0000000085900000|  0%| F|  |TAMS 0x0000000085800000, 0x0000000085800000| Untracked 
|  89|0x0000000085900000, 0x0000000085900000, 0x0000000085a00000|  0%| F|  |TAMS 0x0000000085900000, 0x0000000085900000| Untracked 
|  90|0x0000000085a00000, 0x0000000085a00000, 0x0000000085b00000|  0%| F|  |TAMS 0x0000000085a00000, 0x0000000085a00000| Untracked 
|  91|0x0000000085b00000, 0x0000000085b00000, 0x0000000085c00000|  0%| F|  |TAMS 0x0000000085b00000, 0x0000000085b00000| Untracked 
|  92|0x0000000085c00000, 0x0000000085c00000, 0x0000000085d00000|  0%| F|  |TAMS 0x0000000085c00000, 0x0000000085c00000| Untracked 
|  93|0x0000000085d00000, 0x0000000085d00000, 0x0000000085e00000|  0%| F|  |TAMS 0x0000000085d00000, 0x0000000085d00000| Untracked 
|  94|0x0000000085e00000, 0x0000000085e00000, 0x0000000085f00000|  0%| F|  |TAMS 0x0000000085e00000, 0x0000000085e00000| Untracked 
|  95|0x0000000085f00000, 0x0000000085f00000, 0x0000000086000000|  0%| F|  |TAMS 0x0000000085f00000, 0x0000000085f00000| Untracked 
|  96|0x0000000086000000, 0x0000000086000000, 0x0000000086100000|  0%| F|  |TAMS 0x0000000086000000, 0x0000000086000000| Untracked 
|  97|0x0000000086100000, 0x0000000086100000, 0x0000000086200000|  0%| F|  |TAMS 0x0000000086100000, 0x0000000086100000| Untracked 
|  98|0x0000000086200000, 0x0000000086200000, 0x0000000086300000|  0%| F|  |TAMS 0x0000000086200000, 0x0000000086200000| Untracked 
|  99|0x0000000086300000, 0x0000000086300000, 0x0000000086400000|  0%| F|  |TAMS 0x0000000086300000, 0x0000000086300000| Untracked 
| 100|0x0000000086400000, 0x0000000086400000, 0x0000000086500000|  0%| F|  |TAMS 0x0000000086400000, 0x0000000086400000| Untracked 
| 101|0x0000000086500000, 0x0000000086500000, 0x0000000086600000|  0%| F|  |TAMS 0x0000000086500000, 0x0000000086500000| Untracked 
| 102|0x0000000086600000, 0x0000000086600000, 0x0000000086700000|  0%| F|  |TAMS 0x0000000086600000, 0x0000000086600000| Untracked 
| 103|0x0000000086700000, 0x0000000086700000, 0x0000000086800000|  0%| F|  |TAMS 0x0000000086700000, 0x0000000086700000| Untracked 
| 104|0x0000000086800000, 0x0000000086800000, 0x0000000086900000|  0%| F|  |TAMS 0x0000000086800000, 0x0000000086800000| Untracked 
| 105|0x0000000086900000, 0x0000000086900000, 0x0000000086a00000|  0%| F|  |TAMS 0x0000000086900000, 0x0000000086900000| Untracked 
| 106|0x0000000086a00000, 0x0000000086a00000, 0x0000000086b00000|  0%| F|  |TAMS 0x0000000086a00000, 0x0000000086a00000| Untracked 
| 107|0x0000000086b00000, 0x0000000086b00000, 0x0000000086c00000|  0%| F|  |TAMS 0x0000000086b00000, 0x0000000086b00000| Untracked 
| 108|0x0000000086c00000, 0x0000000086c00000, 0x0000000086d00000|  0%| F|  |TAMS 0x0000000086c00000, 0x0000000086c00000| Untracked 
| 109|0x0000000086d00000, 0x0000000086d00000, 0x0000000086e00000|  0%| F|  |TAMS 0x0000000086d00000, 0x0000000086d00000| Untracked 
| 110|0x0000000086e00000, 0x0000000086e00000, 0x0000000086f00000|  0%| F|  |TAMS 0x0000000086e00000, 0x0000000086e00000| Untracked 
| 111|0x0000000086f00000, 0x0000000086f00000, 0x0000000087000000|  0%| F|  |TAMS 0x0000000086f00000, 0x0000000086f00000| Untracked 
| 112|0x0000000087000000, 0x0000000087000000, 0x0000000087100000|  0%| F|  |TAMS 0x0000000087000000, 0x0000000087000000| Untracked 
| 113|0x0000000087100000, 0x0000000087100000, 0x0000000087200000|  0%| F|  |TAMS 0x0000000087100000, 0x0000000087100000| Untracked 
| 114|0x0000000087200000, 0x0000000087200000, 0x0000000087300000|  0%| F|  |TAMS 0x0000000087200000, 0x0000000087200000| Untracked 
| 115|0x0000000087300000, 0x0000000087300000, 0x0000000087400000|  0%| F|  |TAMS 0x0000000087300000, 0x0000000087300000| Untracked 
| 116|0x0000000087400000, 0x0000000087400000, 0x0000000087500000|  0%| F|  |TAMS 0x0000000087400000, 0x0000000087400000| Untracked 
| 117|0x0000000087500000, 0x0000000087500000, 0x0000000087600000|  0%| F|  |TAMS 0x0000000087500000, 0x0000000087500000| Untracked 
| 118|0x0000000087600000, 0x0000000087600000, 0x0000000087700000|  0%| F|  |TAMS 0x0000000087600000, 0x0000000087600000| Untracked 
| 119|0x0000000087700000, 0x0000000087700000, 0x0000000087800000|  0%| F|  |TAMS 0x0000000087700000, 0x0000000087700000| Untracked 
| 120|0x0000000087800000, 0x0000000087800000, 0x0000000087900000|  0%| F|  |TAMS 0x0000000087800000, 0x0000000087800000| Untracked 
| 121|0x0000000087900000, 0x0000000087900000, 0x0000000087a00000|  0%| F|  |TAMS 0x0000000087900000, 0x0000000087900000| Untracked 
| 122|0x0000000087a00000, 0x0000000087a00000, 0x0000000087b00000|  0%| F|  |TAMS 0x0000000087a00000, 0x0000000087a00000| Untracked 
| 123|0x0000000087b00000, 0x0000000087b00000, 0x0000000087c00000|  0%| F|  |TAMS 0x0000000087b00000, 0x0000000087b00000| Untracked 
| 124|0x0000000087c00000, 0x0000000087c74fc8, 0x0000000087d00000| 45%| E|  |TAMS 0x0000000087c00000, 0x0000000087c00000| Complete 
| 125|0x0000000087d00000, 0x0000000087e00000, 0x0000000087e00000|100%| E|CS|TAMS 0x0000000087d00000, 0x0000000087d00000| Complete 
| 126|0x0000000087e00000, 0x0000000087f00000, 0x0000000087f00000|100%| E|CS|TAMS 0x0000000087e00000, 0x0000000087e00000| Complete 
| 127|0x0000000087f00000, 0x0000000088000000, 0x0000000088000000|100%| E|CS|TAMS 0x0000000087f00000, 0x0000000087f00000| Complete 
| 128|0x0000000088000000, 0x0000000088100000, 0x0000000088100000|100%| E|CS|TAMS 0x0000000088000000, 0x0000000088000000| Complete 
| 129|0x0000000088100000, 0x0000000088200000, 0x0000000088200000|100%| E|CS|TAMS 0x0000000088100000, 0x0000000088100000| Complete 
| 130|0x0000000088200000, 0x0000000088300000, 0x0000000088300000|100%| E|CS|TAMS 0x0000000088200000, 0x0000000088200000| Complete 
| 131|0x0000000088300000, 0x0000000088400000, 0x0000000088400000|100%| E|CS|TAMS 0x0000000088300000, 0x0000000088300000| Complete 
| 132|0x0000000088400000, 0x0000000088500000, 0x0000000088500000|100%| E|CS|TAMS 0x0000000088400000, 0x0000000088400000| Complete 
| 133|0x0000000088500000, 0x0000000088600000, 0x0000000088600000|100%| E|CS|TAMS 0x0000000088500000, 0x0000000088500000| Complete 
| 134|0x0000000088600000, 0x0000000088700000, 0x0000000088700000|100%| E|CS|TAMS 0x0000000088600000, 0x0000000088600000| Complete 
| 135|0x0000000088700000, 0x0000000088800000, 0x0000000088800000|100%| E|CS|TAMS 0x0000000088700000, 0x0000000088700000| Complete 
| 136|0x0000000088800000, 0x0000000088900000, 0x0000000088900000|100%| E|CS|TAMS 0x0000000088800000, 0x0000000088800000| Complete 
| 137|0x0000000088900000, 0x0000000088a00000, 0x0000000088a00000|100%| E|CS|TAMS 0x0000000088900000, 0x0000000088900000| Complete 
| 138|0x0000000088a00000, 0x0000000088b00000, 0x0000000088b00000|100%| E|CS|TAMS 0x0000000088a00000, 0x0000000088a00000| Complete 
| 139|0x0000000088b00000, 0x0000000088c00000, 0x0000000088c00000|100%| E|CS|TAMS 0x0000000088b00000, 0x0000000088b00000| Complete 
| 140|0x0000000088c00000, 0x0000000088d00000, 0x0000000088d00000|100%| E|CS|TAMS 0x0000000088c00000, 0x0000000088c00000| Complete 
| 141|0x0000000088d00000, 0x0000000088e00000, 0x0000000088e00000|100%| E|CS|TAMS 0x0000000088d00000, 0x0000000088d00000| Complete 
| 142|0x0000000088e00000, 0x0000000088f00000, 0x0000000088f00000|100%| E|CS|TAMS 0x0000000088e00000, 0x0000000088e00000| Complete 
| 143|0x0000000088f00000, 0x0000000089000000, 0x0000000089000000|100%| E|CS|TAMS 0x0000000088f00000, 0x0000000088f00000| Complete 
| 144|0x0000000089000000, 0x0000000089100000, 0x0000000089100000|100%| E|CS|TAMS 0x0000000089000000, 0x0000000089000000| Complete 
| 145|0x0000000089100000, 0x0000000089200000, 0x0000000089200000|100%| E|CS|TAMS 0x0000000089100000, 0x0000000089100000| Complete 
| 146|0x0000000089200000, 0x0000000089300000, 0x0000000089300000|100%| E|CS|TAMS 0x0000000089200000, 0x0000000089200000| Complete 
| 147|0x0000000089300000, 0x0000000089400000, 0x0000000089400000|100%| E|CS|TAMS 0x0000000089300000, 0x0000000089300000| Complete 
| 148|0x0000000089400000, 0x0000000089500000, 0x0000000089500000|100%| E|CS|TAMS 0x0000000089400000, 0x0000000089400000| Complete 
| 149|0x0000000089500000, 0x0000000089600000, 0x0000000089600000|100%| E|CS|TAMS 0x0000000089500000, 0x0000000089500000| Complete 
| 150|0x0000000089600000, 0x0000000089700000, 0x0000000089700000|100%| E|CS|TAMS 0x0000000089600000, 0x0000000089600000| Complete 
| 151|0x0000000089700000, 0x0000000089800000, 0x0000000089800000|100%| E|CS|TAMS 0x0000000089700000, 0x0000000089700000| Complete 
| 152|0x0000000089800000, 0x0000000089900000, 0x0000000089900000|100%| E|CS|TAMS 0x0000000089800000, 0x0000000089800000| Complete 
| 153|0x0000000089900000, 0x0000000089a00000, 0x0000000089a00000|100%| E|CS|TAMS 0x0000000089900000, 0x0000000089900000| Complete 
| 154|0x0000000089a00000, 0x0000000089b00000, 0x0000000089b00000|100%| E|CS|TAMS 0x0000000089a00000, 0x0000000089a00000| Complete 
| 155|0x0000000089b00000, 0x0000000089c00000, 0x0000000089c00000|100%| E|CS|TAMS 0x0000000089b00000, 0x0000000089b00000| Complete 

Card table byte_map: [0x0000011f7a490000,0x0000011f7a890000] _byte_map_base: 0x0000011f7a090000

Marking Bits (Prev, Next): (CMBitMap*) 0x0000011f6737b140, (CMBitMap*) 0x0000011f6737b180
 Prev Bits: [0x0000011f7ac90000, 0x0000011f7cc90000)
 Next Bits: [0x0000011f7cc90000, 0x0000011f7ec90000)

Polling page: 0x0000011f671f0000

Metaspace:

Usage:
  Non-class:     67.77 MB used.
      Class:     10.04 MB used.
       Both:     77.80 MB used.

Virtual space:
  Non-class space:       72.00 MB reserved,      68.12 MB ( 95%) committed,  9 nodes.
      Class space:        1.00 GB reserved,      10.31 MB (  1%) committed,  1 nodes.
             Both:        1.07 GB reserved,      78.44 MB (  7%) committed. 

Chunk freelists:
   Non-Class:  3.92 MB
       Class:  1.51 MB
        Both:  5.44 MB

MaxMetaspaceSize: unlimited
CompressedClassSpaceSize: 1.00 GB
Initial GC threshold: 21.00 MB
Current GC threshold: 129.38 MB
CDS: off
MetaspaceReclaimPolicy: balanced
 - commit_granule_bytes: 65536.
 - commit_granule_words: 8192.
 - virtual_space_node_default_size: 1048576.
 - enlarge_chunks_in_place: 1.
 - new_chunks_are_fully_committed: 0.
 - uncommit_free_chunks: 1.
 - use_allocation_guard: 0.
 - handle_deallocations: 1.


Internal statistics:

num_allocs_failed_limit: 9.
num_arena_births: 882.
num_arena_deaths: 0.
num_vsnodes_births: 10.
num_vsnodes_deaths: 0.
num_space_committed: 1255.
num_space_uncommitted: 0.
num_chunks_returned_to_freelist: 9.
num_chunks_taken_from_freelist: 3544.
num_chunk_merges: 6.
num_chunk_splits: 2534.
num_chunks_enlarged: 1980.
num_purges: 2.
num_inconsistent_stats: 0.

CodeHeap 'non-profiled nmethods': size=120000Kb used=4152Kb max_used=4152Kb free=115848Kb
 bounds [0x0000011f72540000, 0x0000011f72950000, 0x0000011f79a70000]
CodeHeap 'profiled nmethods': size=120000Kb used=11799Kb max_used=11799Kb free=108200Kb
 bounds [0x0000011f6b010000, 0x0000011f6bba0000, 0x0000011f72540000]
CodeHeap 'non-nmethods': size=5760Kb used=1364Kb max_used=1452Kb free=4395Kb
 bounds [0x0000011f6aa70000, 0x0000011f6ace0000, 0x0000011f6b010000]
 total_blobs=6722 nmethods=6027 adapters=607
 compilation: enabled
              stopped_count=0, restarted_count=0
 full_count=0

Compilation events (20 events):
Event: 1542.878 Thread 0x0000011f7fc4d2c0 6775       2       org.springframework.boot.context.properties.ConfigurationPropertiesBean::findFactoryMethod (37 bytes)
Event: 1542.879 Thread 0x0000011f7fc4d2c0 nmethod 6775 0x0000011f6bb8d490 code [0x0000011f6bb8d680, 0x0000011f6bb8da98]
Event: 1542.879 Thread 0x0000011f7fc4d2c0 6776       2       org.springframework.boot.context.properties.ConfigurationPropertiesBean::createBindTarget (43 bytes)
Event: 1542.879 Thread 0x0000011f7fc4d2c0 nmethod 6776 0x0000011f6bb8dd10 code [0x0000011f6bb8df20, 0x0000011f6bb8e328]
Event: 1542.879 Thread 0x0000011f7fc4d2c0 6777       2       java.time.temporal.ValueRange::checkValidValue (24 bytes)
Event: 1542.879 Thread 0x0000011f7fc4d2c0 nmethod 6777 0x0000011f6bb8e590 code [0x0000011f6bb8e740, 0x0000011f6bb8e978]
Event: 1542.882 Thread 0x0000011f7fc4d2c0 6778       1       org.springframework.boot.context.properties.bind.JavaBeanBinder$BeanProperties::getResolvedType (5 bytes)
Event: 1542.882 Thread 0x0000011f7fc4d2c0 nmethod 6778 0x0000011f72947710 code [0x0000011f729478a0, 0x0000011f72947978]
Event: 1542.885 Thread 0x0000011f7fc4d2c0 6779       3       org.springframework.util.ReflectionUtils::findMethod (109 bytes)
Event: 1542.886 Thread 0x0000011f7fc4d2c0 nmethod 6779 0x0000011f6bb8ea90 code [0x0000011f6bb8ed20, 0x0000011f6bb8f868]
Event: 1542.888 Thread 0x0000011f7fc4ada0 nmethod 6688 0x0000011f72947a10 code [0x0000011f72947ea0, 0x0000011f7294b4f0]
Event: 1542.888 Thread 0x0000011f7fc4ada0 6774   !   4       org.springframework.beans.factory.support.DefaultListableBeanFactory::doGetBeanNamesForType (505 bytes)
Event: 1542.891 Thread 0x0000011f7fc4d2c0 6780   !   2       org.springframework.beans.factory.annotation.AutowiredAnnotationBeanPostProcessor::determineCandidateConstructors (569 bytes)
Event: 1542.895 Thread 0x0000011f7fc4d2c0 nmethod 6780 0x0000011f6bb8fd10 code [0x0000011f6bb90180, 0x0000011f6bb91c38]
Event: 1542.895 Thread 0x0000011f7fc4d2c0 6781   !   2       org.springframework.beans.BeanUtils::findPrimaryConstructor (74 bytes)
Event: 1542.895 Thread 0x0000011f7fc4d2c0 nmethod 6781 0x0000011f6bb93a10 code [0x0000011f6bb93c20, 0x0000011f6bb94138]
Event: 1542.897 Thread 0x0000011f7fc4d2c0 6782       2       org.springframework.util.ObjectUtils::unwrapOptional (39 bytes)
Event: 1542.897 Thread 0x0000011f7fc4d2c0 nmethod 6782 0x0000011f6bb94490 code [0x0000011f6bb94640, 0x0000011f6bb948e8]
Event: 1542.900 Thread 0x0000011f7fc4d2c0 6783       2       org.springframework.core.annotation.AnnotationTypeMapping$$Lambda$359/0x000000010023d000::extract (6 bytes)
Event: 1542.900 Thread 0x0000011f7fc4d2c0 nmethod 6783 0x0000011f6bb94a10 code [0x0000011f6bb94ba0, 0x0000011f6bb94cc8]

GC Heap History (20 events):
Event: 4.219 GC heap before
{Heap before GC invocations=18 (full 0):
 garbage-first heap   total 68608K, used 55580K [0x0000000080000000, 0x0000000100000000)
  region size 1024K, 38 young (38912K), 1 survivors (1024K)
 Metaspace       used 38572K, committed 38976K, reserved 1089536K
  class space    used 4558K, committed 4736K, reserved 1048576K
}
Event: 4.222 GC heap after
{Heap after GC invocations=19 (full 0):
 garbage-first heap   total 167936K, used 19203K [0x0000000080000000, 0x0000000100000000)
  region size 1024K, 2 young (2048K), 2 survivors (2048K)
 Metaspace       used 38572K, committed 38976K, reserved 1089536K
  class space    used 4558K, committed 4736K, reserved 1048576K
}
Event: 5.833 GC heap before
{Heap before GC invocations=19 (full 0):
 garbage-first heap   total 167936K, used 100099K [0x0000000080000000, 0x0000000100000000)
  region size 1024K, 81 young (82944K), 2 survivors (2048K)
 Metaspace       used 59980K, committed 60416K, reserved 1105920K
  class space    used 7558K, committed 7808K, reserved 1048576K
}
Event: 5.841 GC heap after
{Heap after GC invocations=20 (full 0):
 garbage-first heap   total 167936K, used 25405K [0x0000000080000000, 0x0000000100000000)
  region size 1024K, 6 young (6144K), 6 survivors (6144K)
 Metaspace       used 59980K, committed 60416K, reserved 1105920K
  class space    used 7558K, committed 7808K, reserved 1048576K
}
Event: 6.800 GC heap before
{Heap before GC invocations=21 (full 0):
 garbage-first heap   total 96256K, used 76605K [0x0000000080000000, 0x0000000100000000)
  region size 1024K, 56 young (57344K), 6 survivors (6144K)
 Metaspace       used 69245K, committed 69760K, reserved 1114112K
  class space    used 8983K, committed 9216K, reserved 1048576K
}
Event: 6.810 GC heap after
{Heap after GC invocations=22 (full 0):
 garbage-first heap   total 96256K, used 28374K [0x0000000080000000, 0x0000000100000000)
  region size 1024K, 4 young (4096K), 4 survivors (4096K)
 Metaspace       used 69245K, committed 69760K, reserved 1114112K
  class space    used 8983K, committed 9216K, reserved 1048576K
}
Event: 42.457 GC heap before
{Heap before GC invocations=22 (full 0):
 garbage-first heap   total 96256K, used 76502K [0x0000000080000000, 0x0000000100000000)
  region size 1024K, 52 young (53248K), 4 survivors (4096K)
 Metaspace       used 78008K, committed 78592K, reserved 1122304K
  class space    used 10150K, committed 10432K, reserved 1048576K
}
Event: 42.464 GC heap after
{Heap after GC invocations=23 (full 0):
 garbage-first heap   total 96256K, used 31921K [0x0000000080000000, 0x0000000100000000)
  region size 1024K, 7 young (7168K), 7 survivors (7168K)
 Metaspace       used 78008K, committed 78592K, reserved 1122304K
  class space    used 10150K, committed 10432K, reserved 1048576K
}
Event: 1521.121 GC heap before
{Heap before GC invocations=23 (full 0):
 garbage-first heap   total 96256K, used 76977K [0x0000000080000000, 0x0000000100000000)
  region size 1024K, 51 young (52224K), 7 survivors (7168K)
 Metaspace       used 78386K, committed 78976K, reserved 1122304K
  class space    used 10169K, committed 10432K, reserved 1048576K
}
Event: 1521.131 GC heap after
{Heap after GC invocations=24 (full 0):
 garbage-first heap   total 96256K, used 32622K [0x0000000080000000, 0x0000000100000000)
  region size 1024K, 1 young (1024K), 1 survivors (1024K)
 Metaspace       used 78386K, committed 78976K, reserved 1122304K
  class space    used 10169K, committed 10432K, reserved 1048576K
}
Event: 1541.910 GC heap before
{Heap before GC invocations=24 (full 0):
 garbage-first heap   total 96256K, used 37742K [0x0000000080000000, 0x0000000100000000)
  region size 1024K, 7 young (7168K), 1 survivors (1024K)
 Metaspace       used 78936K, committed 79488K, reserved 1122304K
  class space    used 10247K, committed 10496K, reserved 1048576K
}
Event: 1541.960 GC heap after
{Heap after GC invocations=25 (full 1):
 garbage-first heap   total 92160K, used 25637K [0x0000000080000000, 0x0000000100000000)
  region size 1024K, 0 young (0K), 0 survivors (0K)
 Metaspace       used 78936K, committed 79488K, reserved 1122304K
  class space    used 10247K, committed 10496K, reserved 1048576K
}
Event: 1542.434 GC heap before
{Heap before GC invocations=25 (full 1):
 garbage-first heap   total 92160K, used 72741K [0x0000000080000000, 0x0000000100000000)
  region size 1024K, 47 young (48128K), 0 survivors (0K)
 Metaspace       used 79046K, committed 79680K, reserved 1122304K
  class space    used 10254K, committed 10560K, reserved 1048576K
}
Event: 1542.437 GC heap after
{Heap after GC invocations=26 (full 1):
 garbage-first heap   total 92160K, used 28934K [0x0000000080000000, 0x0000000100000000)
  region size 1024K, 4 young (4096K), 4 survivors (4096K)
 Metaspace       used 79046K, committed 79680K, reserved 1122304K
  class space    used 10254K, committed 10560K, reserved 1048576K
}
Event: 1542.447 GC heap before
{Heap before GC invocations=26 (full 1):
 garbage-first heap   total 92160K, used 71942K [0x0000000080000000, 0x0000000100000000)
  region size 1024K, 47 young (48128K), 4 survivors (4096K)
 Metaspace       used 79046K, committed 79680K, reserved 1122304K
  class space    used 10254K, committed 10560K, reserved 1048576K
}
Event: 1542.450 GC heap after
{Heap after GC invocations=27 (full 1):
 garbage-first heap   total 92160K, used 28919K [0x0000000080000000, 0x0000000100000000)
  region size 1024K, 1 young (1024K), 1 survivors (1024K)
 Metaspace       used 79046K, committed 79680K, reserved 1122304K
  class space    used 10254K, committed 10560K, reserved 1048576K
}
Event: 1542.459 GC heap before
{Heap before GC invocations=27 (full 1):
 garbage-first heap   total 92160K, used 71927K [0x0000000080000000, 0x0000000100000000)
  region size 1024K, 44 young (45056K), 1 survivors (1024K)
 Metaspace       used 79046K, committed 79680K, reserved 1122304K
  class space    used 10254K, committed 10560K, reserved 1048576K
}
Event: 1542.460 GC heap after
{Heap after GC invocations=28 (full 1):
 garbage-first heap   total 92160K, used 28948K [0x0000000080000000, 0x0000000100000000)
  region size 1024K, 1 young (1024K), 1 survivors (1024K)
 Metaspace       used 79046K, committed 79680K, reserved 1122304K
  class space    used 10254K, committed 10560K, reserved 1048576K
}
Event: 1542.587 GC heap before
{Heap before GC invocations=28 (full 1):
 garbage-first heap   total 92160K, used 72980K [0x0000000080000000, 0x0000000100000000)
  region size 1024K, 45 young (46080K), 1 survivors (1024K)
 Metaspace       used 79189K, committed 79808K, reserved 1122304K
  class space    used 10259K, committed 10560K, reserved 1048576K
}
Event: 1542.589 GC heap after
{Heap after GC invocations=29 (full 1):
 garbage-first heap   total 159744K, used 29995K [0x0000000080000000, 0x0000000100000000)
  region size 1024K, 2 young (2048K), 2 survivors (2048K)
 Metaspace       used 79189K, committed 79808K, reserved 1122304K
  class space    used 10259K, committed 10560K, reserved 1048576K
}

Deoptimization events (20 events):
Event: 1542.775 Thread 0x0000011f09e71870 Uncommon trap: trap_request=0xffffffc6 fr.pc=0x0000011f7284ff1c relative=0x00000000000005dc
Event: 1542.775 Thread 0x0000011f09e71870 Uncommon trap: reason=bimorphic_or_optimized_type_check action=maybe_recompile pc=0x0000011f7284ff1c method=org.springframework.core.annotation.AnnotationsScanner.processMethodHierarchy(Ljava/lang/Object;[ILjava/lang/Class;Lorg/springframework/core/annota
Event: 1542.775 Thread 0x0000011f09e71870 DEOPT PACKING pc=0x0000011f7284ff1c sp=0x0000000b82bfcb40
Event: 1542.775 Thread 0x0000011f09e71870 DEOPT UNPACKING pc=0x0000011f6aac5c23 sp=0x0000000b82bfcbb8 mode 2
Event: 1542.776 Thread 0x0000011f09e71870 Uncommon trap: trap_request=0xffffffc6 fr.pc=0x0000011f7284ff1c relative=0x00000000000005dc
Event: 1542.776 Thread 0x0000011f09e71870 Uncommon trap: reason=bimorphic_or_optimized_type_check action=maybe_recompile pc=0x0000011f7284ff1c method=org.springframework.core.annotation.AnnotationsScanner.processMethodHierarchy(Ljava/lang/Object;[ILjava/lang/Class;Lorg/springframework/core/annota
Event: 1542.776 Thread 0x0000011f09e71870 DEOPT PACKING pc=0x0000011f7284ff1c sp=0x0000000b82bfcb40
Event: 1542.776 Thread 0x0000011f09e71870 DEOPT UNPACKING pc=0x0000011f6aac5c23 sp=0x0000000b82bfcbb8 mode 2
Event: 1542.796 Thread 0x0000011f09e71870 DEOPT PACKING pc=0x0000011f6b717779 sp=0x0000000b82bf83e0
Event: 1542.796 Thread 0x0000011f09e71870 DEOPT UNPACKING pc=0x0000011f6aac6763 sp=0x0000000b82bf7980 mode 0
Event: 1542.826 Thread 0x0000011f09e71870 Uncommon trap: trap_request=0xffffff45 fr.pc=0x0000011f72909e50 relative=0x00000000000027b0
Event: 1542.826 Thread 0x0000011f09e71870 Uncommon trap: reason=unstable_if action=reinterpret pc=0x0000011f72909e50 method=org.springframework.beans.factory.support.AbstractBeanFactory.isTypeMatch(Ljava/lang/String;Lorg/springframework/core/ResolvableType;Z)Z @ 719 c2
Event: 1542.826 Thread 0x0000011f09e71870 DEOPT PACKING pc=0x0000011f72909e50 sp=0x0000000b82bfcf30
Event: 1542.826 Thread 0x0000011f09e71870 DEOPT UNPACKING pc=0x0000011f6aac5c23 sp=0x0000000b82bfcee0 mode 2
Event: 1542.852 Thread 0x0000011f09e71870 DEOPT PACKING pc=0x0000011f6b717779 sp=0x0000000b82bfc8b0
Event: 1542.852 Thread 0x0000011f09e71870 DEOPT UNPACKING pc=0x0000011f6aac6763 sp=0x0000000b82bfbe50 mode 0
Event: 1542.876 Thread 0x0000011f09e71870 DEOPT PACKING pc=0x0000011f6b717779 sp=0x0000000b82bfc170
Event: 1542.876 Thread 0x0000011f09e71870 DEOPT UNPACKING pc=0x0000011f6aac6763 sp=0x0000000b82bfb710 mode 0
Event: 1542.885 Thread 0x0000011f09e71870 DEOPT PACKING pc=0x0000011f6b589fed sp=0x0000000b82bfcdb0
Event: 1542.885 Thread 0x0000011f09e71870 DEOPT UNPACKING pc=0x0000011f6aac6763 sp=0x0000000b82bfc270 mode 0

Classes unloaded (0 events):
No events

Classes redefined (0 events):
No events

Internal exceptions (20 events):
Event: 1542.378 Thread 0x0000011f09e71870 Exception <a 'java/lang/NoClassDefFoundError'{0x0000000083ab51b8}: org/springframework/batch/core/repository/JobRepository> (0x0000000083ab51b8) 
thrown [e:\jenkins\tmp\workspace\build\src\src\hotspot\share\oops\constantPool.cpp, line 835]
Event: 1542.378 Thread 0x0000011f09e71870 Exception <a 'java/lang/NoClassDefFoundError'{0x0000000083ab5800}: org/quartz/Scheduler> (0x0000000083ab5800) 
thrown [e:\jenkins\tmp\workspace\build\src\src\hotspot\share\oops\constantPool.cpp, line 835]
Event: 1542.378 Thread 0x0000011f09e71870 Exception <a 'java/lang/NoClassDefFoundError'{0x0000000083ab5e70}: org/springframework/session/jdbc/JdbcIndexedSessionRepository> (0x0000000083ab5e70) 
thrown [e:\jenkins\tmp\workspace\build\src\src\hotspot\share\oops\constantPool.cpp, line 835]
Event: 1542.385 Thread 0x0000011f09e71870 Implicit null exception at 0x0000011f727413e4 to 0x0000011f72744ae4
Event: 1542.470 Thread 0x0000011f09e71870 Exception <a 'sun/nio/fs/WindowsException'{0x0000000083ab3158}> (0x0000000083ab3158) 
thrown [e:\jenkins\tmp\workspace\build\src\src\hotspot\share\prims\jni.cpp, line 516]
Event: 1542.470 Thread 0x0000011f09e71870 Exception <a 'sun/nio/fs/WindowsException'{0x0000000083ab3868}> (0x0000000083ab3868) 
thrown [e:\jenkins\tmp\workspace\build\src\src\hotspot\share\prims\jni.cpp, line 516]
Event: 1542.471 Thread 0x0000011f09e71870 Exception <a 'sun/nio/fs/WindowsException'{0x0000000083ab3f60}> (0x0000000083ab3f60) 
thrown [e:\jenkins\tmp\workspace\build\src\src\hotspot\share\prims\jni.cpp, line 516]
Event: 1542.477 Thread 0x0000011f09e71870 Exception <a 'java/io/FileNotFoundException'{0x0000000083ae2cc8}> (0x0000000083ae2cc8) 
thrown [e:\jenkins\tmp\workspace\build\src\src\hotspot\share\prims\jni.cpp, line 516]
Event: 1542.509 Thread 0x0000011f09e71870 Exception <a 'java/io/FileNotFoundException'{0x00000000837decf0}> (0x00000000837decf0) 
thrown [e:\jenkins\tmp\workspace\build\src\src\hotspot\share\prims\jni.cpp, line 516]
Event: 1542.534 Thread 0x0000011f09e71870 Exception <a 'sun/nio/fs/WindowsException'{0x0000000083182380}> (0x0000000083182380) 
thrown [e:\jenkins\tmp\workspace\build\src\src\hotspot\share\prims\jni.cpp, line 516]
Event: 1542.566 Thread 0x0000011f09e71870 Exception <a 'sun/nio/fs/WindowsException'{0x0000000082f46a50}> (0x0000000082f46a50) 
thrown [e:\jenkins\tmp\workspace\build\src\src\hotspot\share\prims\jni.cpp, line 516]
Event: 1542.566 Thread 0x0000011f09e71870 Exception <a 'sun/nio/fs/WindowsException'{0x0000000082f47a98}> (0x0000000082f47a98) 
thrown [e:\jenkins\tmp\workspace\build\src\src\hotspot\share\prims\jni.cpp, line 516]
Event: 1542.566 Thread 0x0000011f09e71870 Exception <a 'sun/nio/fs/WindowsException'{0x0000000082f47cb8}> (0x0000000082f47cb8) 
thrown [e:\jenkins\tmp\workspace\build\src\src\hotspot\share\prims\jni.cpp, line 516]
Event: 1542.567 Thread 0x0000011f09e71870 Exception <a 'sun/nio/fs/WindowsException'{0x0000000082f48fc0}> (0x0000000082f48fc0) 
thrown [e:\jenkins\tmp\workspace\build\src\src\hotspot\share\prims\jni.cpp, line 516]
Event: 1542.567 Thread 0x0000011f09e71870 Exception <a 'sun/nio/fs/WindowsException'{0x0000000082f491d0}> (0x0000000082f491d0) 
thrown [e:\jenkins\tmp\workspace\build\src\src\hotspot\share\prims\jni.cpp, line 516]
Event: 1542.567 Thread 0x0000011f09e71870 Exception <a 'sun/nio/fs/WindowsException'{0x0000000082f4aeb8}> (0x0000000082f4aeb8) 
thrown [e:\jenkins\tmp\workspace\build\src\src\hotspot\share\prims\jni.cpp, line 516]
Event: 1542.568 Thread 0x0000011f09e71870 Exception <a 'sun/nio/fs/WindowsException'{0x0000000082f4e770}> (0x0000000082f4e770) 
thrown [e:\jenkins\tmp\workspace\build\src\src\hotspot\share\prims\jni.cpp, line 516]
Event: 1542.694 Thread 0x0000011f09e71870 Exception <a 'java/lang/reflect/InvocationTargetException'{0x00000000893ab6c8}> (0x00000000893ab6c8) 
thrown [e:\jenkins\tmp\workspace\build\src\src\hotspot\share\runtime\reflection.cpp, line 1121]
Event: 1542.714 Thread 0x0000011f09e71870 Implicit null exception at 0x0000011f7292a1b6 to 0x0000011f7292c110
Event: 1542.803 Thread 0x0000011f09e71870 Exception <a 'sun/nio/fs/WindowsException'{0x000000008865df48}> (0x000000008865df48) 
thrown [e:\jenkins\tmp\workspace\build\src\src\hotspot\share\prims\jni.cpp, line 516]

VM Operations (20 events):
Event: 1541.908 Executing VM operation: G1CollectFull
Event: 1541.960 Executing VM operation: G1CollectFull done
Event: 1541.984 Executing VM operation: ICBufferFull
Event: 1541.984 Executing VM operation: ICBufferFull done
Event: 1542.022 Executing VM operation: ICBufferFull
Event: 1542.022 Executing VM operation: ICBufferFull done
Event: 1542.307 Executing VM operation: ICBufferFull
Event: 1542.307 Executing VM operation: ICBufferFull done
Event: 1542.434 Executing VM operation: G1CollectForAllocation
Event: 1542.437 Executing VM operation: G1CollectForAllocation done
Event: 1542.447 Executing VM operation: G1CollectForAllocation
Event: 1542.450 Executing VM operation: G1CollectForAllocation done
Event: 1542.459 Executing VM operation: G1CollectForAllocation
Event: 1542.460 Executing VM operation: G1CollectForAllocation done
Event: 1542.544 Executing VM operation: HandshakeAllThreads
Event: 1542.544 Executing VM operation: HandshakeAllThreads done
Event: 1542.587 Executing VM operation: G1CollectForAllocation
Event: 1542.589 Executing VM operation: G1CollectForAllocation done
Event: 1542.694 Executing VM operation: ICBufferFull
Event: 1542.694 Executing VM operation: ICBufferFull done

Events (20 events):
Event: 1541.908 Thread 0x0000011f06a287b0 Thread exited: 0x0000011f06a287b0
Event: 1541.908 Thread 0x0000011f0656e310 Thread exited: 0x0000011f0656e310
Event: 1541.960 loading class java/lang/ref/Finalizer$2
Event: 1541.960 loading class java/lang/ref/Finalizer$2 done
Event: 1541.960 loading class java/lang/ref/Finalizer$1
Event: 1541.961 loading class java/lang/ref/Finalizer$1 done
Event: 1541.961 Thread 0x0000011f09e72210 Thread added: 0x0000011f09e72210
Event: 1541.961 Thread 0x0000011f09e71870 Thread added: 0x0000011f09e71870
Event: 1541.961 Thread 0x0000011f09e72210 Thread exited: 0x0000011f09e72210
Event: 1541.971 Thread 0x0000011f044c5f90 Thread added: 0x0000011f044c5f90
Event: 1542.031 Thread 0x0000011f09e70060 Thread added: 0x0000011f09e70060
Event: 1542.054 Thread 0x0000011f09e70060 Thread exited: 0x0000011f09e70060
Event: 1542.510 Thread 0x0000011f09e6e850 Thread added: 0x0000011f09e6e850
Event: 1542.511 Thread 0x0000011f09e6f6c0 Thread added: 0x0000011f09e6f6c0
Event: 1542.511 Thread 0x0000011f09e726e0 Thread added: 0x0000011f09e726e0
Event: 1542.553 Thread 0x0000011f7fc65ca0 flushing nmethod 0x0000011f6b8bb890
Event: 1542.574 Thread 0x0000011f09e6fb90 Thread added: 0x0000011f09e6fb90
Event: 1542.575 Thread 0x0000011f09e6d040 Thread added: 0x0000011f09e6d040
Event: 1542.678 Thread 0x0000011f09e713a0 Thread added: 0x0000011f09e713a0
Event: 1542.899 Thread 0x0000011f09e6ed20 Thread added: 0x0000011f09e6ed20


Dynamic libraries:
0x00007ff7948a0000 - 0x00007ff7948ae000 	C:\temp\eclipse-jee\plugins\org.eclipse.justj.openjdk.hotspot.jre.full.win32.x86_64_17.0.1.v20211116-1657\jre\bin\javaw.exe
0x00007ffa7c5f0000 - 0x00007ffa7c7e8000 	C:\windows\SYSTEM32\ntdll.dll
0x00007ffa7a870000 - 0x00007ffa7a932000 	C:\windows\System32\KERNEL32.DLL
0x00007ffa79df0000 - 0x00007ffa7a0ef000 	C:\windows\System32\KERNELBASE.dll
0x00007ffa7a4a0000 - 0x00007ffa7a5a0000 	C:\windows\System32\ucrtbase.dll
0x00007ffa70d70000 - 0x00007ffa70d88000 	C:\temp\eclipse-jee\plugins\org.eclipse.justj.openjdk.hotspot.jre.full.win32.x86_64_17.0.1.v20211116-1657\jre\bin\jli.dll
0x00007ffa7bc60000 - 0x00007ffa7bdfd000 	C:\windows\System32\USER32.dll
0x00007ffa6c4b0000 - 0x00007ffa6c4c9000 	C:\temp\eclipse-jee\plugins\org.eclipse.justj.openjdk.hotspot.jre.full.win32.x86_64_17.0.1.v20211116-1657\jre\bin\VCRUNTIME140.dll
0x00007ffa7a180000 - 0x00007ffa7a1a2000 	C:\windows\System32\win32u.dll
0x00007ffa7b250000 - 0x00007ffa7b27b000 	C:\windows\System32\GDI32.dll
0x00007ffa65380000 - 0x00007ffa6561a000 	C:\windows\WinSxS\amd64_microsoft.windows.common-controls_6595b64144ccf1df_6.0.19041.4355_none_60b8b9eb71f62e16\COMCTL32.dll
0x00007ffa7a1b0000 - 0x00007ffa7a2ca000 	C:\windows\System32\gdi32full.dll
0x00007ffa7a690000 - 0x00007ffa7a72e000 	C:\windows\System32\msvcrt.dll
0x00007ffa7a3b0000 - 0x00007ffa7a44d000 	C:\windows\System32\msvcp_win.dll
0x00007ffa7b280000 - 0x00007ffa7b2af000 	C:\windows\System32\IMM32.DLL
0x0000011f67210000 - 0x0000011f67226000 	C:\windows\System32\umppc19205.dll
0x0000011f67250000 - 0x0000011f67263000 	C:\windows\System32\CsXumd64_19205.dll
0x00007ffa79a90000 - 0x00007ffa79ac6000 	C:\windows\system32\vmwsci.dll
0x00007ffa7b240000 - 0x00007ffa7b248000 	C:\windows\System32\PSAPI.DLL
0x00007ffa75340000 - 0x00007ffa7534c000 	C:\temp\eclipse-jee\plugins\org.eclipse.justj.openjdk.hotspot.jre.full.win32.x86_64_17.0.1.v20211116-1657\jre\bin\vcruntime140_1.dll
0x00007ffa50d10000 - 0x00007ffa50da1000 	C:\temp\eclipse-jee\plugins\org.eclipse.justj.openjdk.hotspot.jre.full.win32.x86_64_17.0.1.v20211116-1657\jre\bin\msvcp140.dll
0x00007ffa244e0000 - 0x00007ffa25126000 	C:\temp\eclipse-jee\plugins\org.eclipse.justj.openjdk.hotspot.jre.full.win32.x86_64_17.0.1.v20211116-1657\jre\bin\server\jvm.dll
0x00007ffa7c500000 - 0x00007ffa7c5af000 	C:\windows\System32\ADVAPI32.dll
0x00007ffa7b2b0000 - 0x00007ffa7b34f000 	C:\windows\System32\sechost.dll
0x00007ffa7ab40000 - 0x00007ffa7ac63000 	C:\windows\System32\RPCRT4.dll
0x00007ffa7a380000 - 0x00007ffa7a3a7000 	C:\windows\System32\bcrypt.dll
0x00007ffa6c580000 - 0x00007ffa6c589000 	C:\windows\SYSTEM32\WSOCK32.dll
0x00007ffa7a800000 - 0x00007ffa7a86b000 	C:\windows\System32\WS2_32.dll
0x00007ffa6dba0000 - 0x00007ffa6dbc7000 	C:\windows\SYSTEM32\WINMM.dll
0x00007ffa789a0000 - 0x00007ffa789aa000 	C:\windows\SYSTEM32\VERSION.dll
0x00007ffa78960000 - 0x00007ffa78972000 	C:\windows\SYSTEM32\kernel.appcore.dll
0x00007ffa735c0000 - 0x00007ffa735ca000 	C:\temp\eclipse-jee\plugins\org.eclipse.justj.openjdk.hotspot.jre.full.win32.x86_64_17.0.1.v20211116-1657\jre\bin\jimage.dll
0x00007ffa77460000 - 0x00007ffa77644000 	C:\windows\SYSTEM32\DBGHELP.DLL
0x00007ffa72020000 - 0x00007ffa72054000 	C:\windows\SYSTEM32\dbgcore.DLL
0x00007ffa7a0f0000 - 0x00007ffa7a172000 	C:\windows\System32\bcryptPrimitives.dll
0x00007ffa68650000 - 0x00007ffa68675000 	C:\temp\eclipse-jee\plugins\org.eclipse.justj.openjdk.hotspot.jre.full.win32.x86_64_17.0.1.v20211116-1657\jre\bin\java.dll
0x00007ffa698f0000 - 0x00007ffa69908000 	C:\temp\eclipse-jee\plugins\org.eclipse.justj.openjdk.hotspot.jre.full.win32.x86_64_17.0.1.v20211116-1657\jre\bin\zip.dll
0x00007ffa7b4f0000 - 0x00007ffa7bc5d000 	C:\windows\System32\SHELL32.dll
0x00007ffa781b0000 - 0x00007ffa78954000 	C:\windows\SYSTEM32\windows.storage.dll
0x00007ffa7c0e0000 - 0x00007ffa7c435000 	C:\windows\System32\combase.dll
0x00007ffa795b0000 - 0x00007ffa795db000 	C:\windows\SYSTEM32\Wldp.dll
0x00007ffa7b360000 - 0x00007ffa7b42d000 	C:\windows\System32\OLEAUT32.dll
0x00007ffa7b430000 - 0x00007ffa7b4dd000 	C:\windows\System32\SHCORE.dll
0x00007ffa7c4a0000 - 0x00007ffa7c4f5000 	C:\windows\System32\shlwapi.dll
0x00007ffa79bc0000 - 0x00007ffa79be5000 	C:\windows\SYSTEM32\profapi.dll
0x00007ffa69680000 - 0x00007ffa69699000 	C:\temp\eclipse-jee\plugins\org.eclipse.justj.openjdk.hotspot.jre.full.win32.x86_64_17.0.1.v20211116-1657\jre\bin\net.dll
0x00007ffa72520000 - 0x00007ffa7262a000 	C:\windows\SYSTEM32\WINHTTP.dll
0x00007ffa79310000 - 0x00007ffa7937c000 	C:\windows\system32\mswsock.dll
0x00007ffa69250000 - 0x00007ffa69265000 	C:\temp\eclipse-jee\plugins\org.eclipse.justj.openjdk.hotspot.jre.full.win32.x86_64_17.0.1.v20211116-1657\jre\bin\nio.dll
0x00007ffa72880000 - 0x00007ffa72889000 	C:\temp\eclipse-jee\plugins\org.eclipse.justj.openjdk.hotspot.jre.full.win32.x86_64_17.0.1.v20211116-1657\jre\bin\management.dll
0x00007ffa71040000 - 0x00007ffa7104b000 	C:\temp\eclipse-jee\plugins\org.eclipse.justj.openjdk.hotspot.jre.full.win32.x86_64_17.0.1.v20211116-1657\jre\bin\management_ext.dll
0x00007ffa728b0000 - 0x00007ffa728be000 	C:\temp\eclipse-jee\plugins\org.eclipse.justj.openjdk.hotspot.jre.full.win32.x86_64_17.0.1.v20211116-1657\jre\bin\sunmscapi.dll
0x00007ffa79c90000 - 0x00007ffa79dec000 	C:\windows\System32\CRYPT32.dll
0x00007ffa79620000 - 0x00007ffa79647000 	C:\windows\SYSTEM32\ncrypt.dll
0x00007ffa795e0000 - 0x00007ffa7961b000 	C:\windows\SYSTEM32\NTASN1.dll
0x00007ffa79510000 - 0x00007ffa79528000 	C:\windows\SYSTEM32\CRYPTSP.dll
0x00007ffa78c30000 - 0x00007ffa78c68000 	C:\windows\system32\rsaenh.dll
0x00007ffa79b80000 - 0x00007ffa79bae000 	C:\windows\SYSTEM32\USERENV.dll
0x00007ffa79500000 - 0x00007ffa7950c000 	C:\windows\SYSTEM32\CRYPTBASE.dll
0x00007ffa78ff0000 - 0x00007ffa7902b000 	C:\windows\SYSTEM32\IPHLPAPI.DLL
0x00007ffa7b4e0000 - 0x00007ffa7b4e8000 	C:\windows\System32\NSI.dll
0x00007ffa74620000 - 0x00007ffa74637000 	C:\windows\SYSTEM32\dhcpcsvc6.DLL
0x00007ffa745f0000 - 0x00007ffa7460d000 	C:\windows\SYSTEM32\dhcpcsvc.DLL
0x00007ffa79030000 - 0x00007ffa790fa000 	C:\windows\SYSTEM32\DNSAPI.dll
0x00007ffa72fd0000 - 0x00007ffa72fe0000 	C:\temp\eclipse-jee\plugins\org.eclipse.justj.openjdk.hotspot.jre.full.win32.x86_64_17.0.1.v20211116-1657\jre\bin\verify.dll
0x00007ffa75610000 - 0x00007ffa75617000 	C:\windows\system32\wshunix.dll

dbghelp: loaded successfully - version: 4.0.5 - missing functions: none
symbol engine: initialized successfully - sym options: 0x614 - pdb path: .;C:\temp\eclipse-jee\plugins\org.eclipse.justj.openjdk.hotspot.jre.full.win32.x86_64_17.0.1.v20211116-1657\jre\bin;C:\windows\SYSTEM32;C:\windows\WinSxS\amd64_microsoft.windows.common-controls_6595b64144ccf1df_6.0.19041.4355_none_60b8b9eb71f62e16;C:\temp\eclipse-jee\plugins\org.eclipse.justj.openjdk.hotspot.jre.full.win32.x86_64_17.0.1.v20211116-1657\jre\bin\server

VM Arguments:
jvm_args: -Dfile.encoding=UTF-8 -XX:+ShowCodeDetailsInExceptionMessages 
java_command: com.hotel.managementsystem.ManagementsystemApplication
java_class_path (initial): C:\Users\2784408\Downloads\managementsystem\managementsystem\target\classes;C:\Users\2784408\.m2\repository\org\springframework\boot\spring-boot-starter-data-jpa\3.4.4\spring-boot-starter-data-jpa-3.4.4.jar;C:\Users\2784408\.m2\repository\org\springframework\boot\spring-boot-starter\3.4.4\spring-boot-starter-3.4.4.jar;C:\Users\2784408\.m2\repository\org\springframework\boot\spring-boot-starter-logging\3.4.4\spring-boot-starter-logging-3.4.4.jar;C:\Users\2784408\.m2\repository\ch\qos\logback\logback-classic\1.5.18\logback-classic-1.5.18.jar;C:\Users\2784408\.m2\repository\ch\qos\logback\logback-core\1.5.18\logback-core-1.5.18.jar;C:\Users\2784408\.m2\repository\org\apache\logging\log4j\log4j-to-slf4j\2.24.3\log4j-to-slf4j-2.24.3.jar;C:\Users\2784408\.m2\repository\org\apache\logging\log4j\log4j-api\2.24.3\log4j-api-2.24.3.jar;C:\Users\2784408\.m2\repository\org\slf4j\jul-to-slf4j\2.0.17\jul-to-slf4j-2.0.17.jar;C:\Users\2784408\.m2\repository\jakarta\annotation\jakarta.annotation-api\2.1.1\jakarta.annotation-api-2.1.1.jar;C:\Users\2784408\.m2\repository\org\yaml\snakeyaml\2.3\snakeyaml-2.3.jar;C:\Users\2784408\.m2\repository\org\springframework\boot\spring-boot-starter-jdbc\3.4.4\spring-boot-starter-jdbc-3.4.4.jar;C:\Users\2784408\.m2\repository\com\zaxxer\HikariCP\5.1.0\HikariCP-5.1.0.jar;C:\Users\2784408\.m2\repository\org\springframework\spring-jdbc\6.2.5\spring-jdbc-6.2.5.jar;C:\Users\2784408\.m2\repository\org\hibernate\orm\hibernate-core\6.6.11.Final\hibernate-core-6.6.11.Final.jar;C:\Users\2784408\.m2\repository\jakarta\persistence\jakarta.persistence-api\3.1.0\jakarta.persistence-api-3.1.0.jar;C:\Users\2784408\.m2\repository\jakarta\transaction\jakarta.transaction-api\2.0.1\jakarta.transaction-api-2.0.1.jar;C:\Users\2784408\.m2\repository\org\jboss\logging\jboss-logging\3.6.1.Final\jboss-logging-3.6.1.Final.jar;C:\Users\2784408\.m2\repository\org\hibernate\common\hibernate-commons-annotations\7.0.3.Final\hibernate-commons-annotatio
Launcher Type: SUN_STANDARD

[Global flags]
     intx CICompilerCount                          = 3                                         {product} {ergonomic}
     uint ConcGCThreads                            = 1                                         {product} {ergonomic}
     uint G1ConcRefinementThreads                  = 4                                         {product} {ergonomic}
   size_t G1HeapRegionSize                         = 1048576                                   {product} {ergonomic}
    uintx GCDrainStackTargetSize                   = 64                                        {product} {ergonomic}
   size_t InitialHeapSize                          = 134217728                                 {product} {ergonomic}
   size_t MarkStackSize                            = 4194304                                   {product} {ergonomic}
   size_t MaxHeapSize                              = 2147483648                                {product} {ergonomic}
   size_t MaxNewSize                               = 1287651328                                {product} {ergonomic}
   size_t MinHeapDeltaBytes                        = 1048576                                   {product} {ergonomic}
   size_t MinHeapSize                              = 8388608                                   {product} {ergonomic}
    uintx NonNMethodCodeHeapSize                   = 5832780                                {pd product} {ergonomic}
    uintx NonProfiledCodeHeapSize                  = 122912730                              {pd product} {ergonomic}
    uintx ProfiledCodeHeapSize                     = 122912730                              {pd product} {ergonomic}
    uintx ReservedCodeCacheSize                    = 251658240                              {pd product} {ergonomic}
     bool SegmentedCodeCache                       = true                                      {product} {ergonomic}
     bool ShowCodeDetailsInExceptionMessages       = true                                   {manageable} {command line}
   size_t SoftMaxHeapSize                          = 2147483648                             {manageable} {ergonomic}
     bool UseCompressedClassPointers               = true                           {product lp64_product} {ergonomic}
     bool UseCompressedOops                        = true                           {product lp64_product} {ergonomic}
     bool UseG1GC                                  = true                                      {product} {ergonomic}
     bool UseLargePagesIndividualAllocation        = false                                  {pd product} {ergonomic}

Logging:
Log output configuration:
 #0: stdout all=warning uptime,level,tags
 #1: stderr all=off uptime,level,tags

Environment Variables:
JAVA_HOME=C:\Program Files\OpenLogic\jdk-17.0.12.7-hotspot\
PATH=C:/temp/eclipse-jee//plugins/org.eclipse.justj.openjdk.hotspot.jre.full.win32.x86_64_17.0.1.v20211116-1657/jre/bin/server;C:/temp/eclipse-jee//plugins/org.eclipse.justj.openjdk.hotspot.jre.full.win32.x86_64_17.0.1.v20211116-1657/jre/bin;C:\Program Files\OpenLogic\jdk-17.0.12.7-hotspot\bin;C:\Program Files\Python312\Scripts\;C:\Program Files\Python312\;C:\windows\system32;C:\windows;C:\windows\System32\Wbem;C:\windows\System32\WindowsPowerShell\v1.0\;C:\windows\System32\OpenSSH\;C:\Program Files\Git\cmd;C:\Program Files\TortoiseGit\bin;C:\temp\java-1.8.0-openjdk-1.8.0.265-3\bin;C:\temp\java-1.8.0-openjdk-1.8.0.265-3\jre\bin;C:\temp\New folder\tomcat-9.0.72\bin;C:\temp\New folder\cli-8.19.3\bin;C:\Program Files\Common Files\ThinPrint\;C:\Program Files\nodejs\;C:\temp\New folder\node_modules\.bin;C:\Program Files\Microsoft VS Code\bin;C:\Users\2784408\AppData\Local\Microsoft\WindowsApps;;C:\temp\eclipse-jee;
USERNAME=2784408
OS=Windows_NT
PROCESSOR_IDENTIFIER=Intel64 Family 6 Model 85 Stepping 7, GenuineIntel



---------------  S Y S T E M  ---------------

OS:
 Windows 10 , 64 bit Build 19041 (10.0.19041.5438)
OS uptime: 27 days 20:50 hours
VMWare virtualization detected

CPU: total 4 (initial active 4) (2 cores per cpu, 1 threads per core) family 6 model 85 stepping 7 microcode 0x5003605, cx8, cmov, fxsr, mmx, 3dnowpref, sse, sse2, sse3, ssse3, sse4.1, sse4.2, popcnt, lzcnt, tsc, tscinvbit, avx, avx2, aes, erms, clmul, bmi1, bmi2, adx, avx512f, avx512dq, avx512cd, avx512bw, avx512vl, fma, vzeroupper, avx512_vnni, clflush, clflushopt, clwb, hv

Memory: 4k page, system-wide physical 8191M (1408M free)
TotalPageFile size 8702M (AvailPageFile size 3M)
current process WorkingSet (physical memory assigned to process): 330M, peak: 330M
current process commit charge ("private bytes"): 396M, peak: 397M

vm_info: OpenJDK 64-Bit Server VM (17.0.1+12) for windows-amd64 JRE (17.0.1+12), built on Oct 20 2021 07:42:55 by "" with MS VC++ 16.7 (VS2019)

END.
