#
# There is insufficient memory for the Java Runtime Environment to continue.
# Native memory allocation (mmap) failed to map 57671680 bytes for G1 virtual space
# Possible reasons:
#   The system is out of physical RAM or swap space
#   The process is running with CompressedOops enabled, and the Java Heap may be blocking the growth of the native heap
# Possible solutions:
#   Reduce memory load on the system
#   Increase physical memory or swap space
#   Check if swap backing store is full
#   Decrease Java heap size (-Xmx/-Xms)
#   Decrease number of Java threads
#   Decrease Java thread stack sizes (-Xss)
#   Set larger code cache with -XX:ReservedCodeCacheSize=
#   JVM is running with Unscaled Compressed Oops mode in which the Java heap is
#     placed in the first 4GB address space. The Java Heap base address is the
#     maximum limit for the native heap growth. Please use -XX:HeapBaseMinAddress
#     to set the Java Heap base and to place the Java Heap above 4GB virtual address.
# This output file may be truncated or incomplete.
#
#  Out of Memory Error (os_windows.cpp:3469), pid=1920, tid=1456
#
# JRE version: OpenJDK Runtime Environment Temurin-17.0.1+12 (17.0.1+12) (build 17.0.1+12)
# Java VM: OpenJDK 64-Bit Server VM Temurin-17.0.1+12 (17.0.1+12, mixed mode, tiered, compressed oops, compressed class ptrs, g1 gc, windows-amd64)
# No core dump will be written. Minidumps are not enabled by default on client versions of Windows
#

---------------  S U M M A R Y ------------

Command Line: -Dfile.encoding=UTF-8 -XX:+ShowCodeDetailsInExceptionMessages com.hotel.managementsystem.ManagementsystemApplication

Host: Intel(R) Xeon(R) Gold 6154 CPU @ 3.00GHz, 4 cores, 7G,  Windows 10 , 64 bit Build 19041 (10.0.19041.5438)
Time: Thu Apr 17 17:33:40 2025 India Standard Time elapsed time: 4.213239 seconds (0d 0h 0m 4s)

---------------  T H R E A D  ---------------

Current thread (0x00000224fd768ff0):  VMThread "VM Thread" [stack: 0x0000002f7cc00000,0x0000002f7cd00000] [id=1456]

Stack: [0x0000002f7cc00000,0x0000002f7cd00000]
Native frames: (J=compiled Java code, j=interpreted, Vv=VM code, C=native code)
V  [jvm.dll+0x6744da]
V  [jvm.dll+0x82e144]
V  [jvm.dll+0x82f8ee]
V  [jvm.dll+0x82ff53]
V  [jvm.dll+0x245175]
V  [jvm.dll+0x6714c9]
V  [jvm.dll+0x665f92]
V  [jvm.dll+0x303c3b]
V  [jvm.dll+0x30b176]
V  [jvm.dll+0x35af1e]
V  [jvm.dll+0x35b14f]
V  [jvm.dll+0x2dab78]
V  [jvm.dll+0x2d8e2c]
V  [jvm.dll+0x2d83fc]
V  [jvm.dll+0x31c24b]
V  [jvm.dll+0x8343bb]
V  [jvm.dll+0x8350f4]
V  [jvm.dll+0x83560c]
V  [jvm.dll+0x8359e4]
V  [jvm.dll+0x835ab0]
V  [jvm.dll+0x7de51a]
V  [jvm.dll+0x673305]
C  [ucrtbase.dll+0x21bb2]
C  [KERNEL32.DLL+0x17374]
C  [ntdll.dll+0x4cc91]

VM_Operation (0x0000002f7def5890): G1CollectForAllocation, mode: safepoint, requested by thread 0x00000224fea73150


---------------  P R O C E S S  ---------------

Threads class SMR info:
_java_thread_list=0x0000022482c01440, length=18, elements={
0x00000224e388de50, 0x00000224fd76bb60, 0x00000224fd76d0b0, 0x00000224fd7be6f0,
0x00000224fe10e180, 0x00000224fe10f2d0, 0x00000224fe113920, 0x00000224fe114da0,
0x00000224fe1163e0, 0x00000224fe117d50, 0x00000224fe2a20e0, 0x00000224fe2e6020,
0x00000224fea791c0, 0x00000224fea73150, 0x00000224810fc530, 0x00000224807b5550,
0x00000224807b4210, 0x00000224807b5a20
}

Java Threads: ( => current thread )
  0x00000224e388de50 JavaThread "main" [_thread_blocked, id=7524, stack(0x0000002f7c600000,0x0000002f7c700000)]
  0x00000224fd76bb60 JavaThread "Reference Handler" daemon [_thread_blocked, id=13996, stack(0x0000002f7cd00000,0x0000002f7ce00000)]
  0x00000224fd76d0b0 JavaThread "Finalizer" daemon [_thread_blocked, id=208, stack(0x0000002f7ce00000,0x0000002f7cf00000)]
  0x00000224fd7be6f0 JavaThread "Signal Dispatcher" daemon [_thread_blocked, id=12172, stack(0x0000002f7cf00000,0x0000002f7d000000)]
  0x00000224fe10e180 JavaThread "Attach Listener" daemon [_thread_blocked, id=3528, stack(0x0000002f7d000000,0x0000002f7d100000)]
  0x00000224fe10f2d0 JavaThread "Service Thread" daemon [_thread_blocked, id=7952, stack(0x0000002f7d100000,0x0000002f7d200000)]
  0x00000224fe113920 JavaThread "Monitor Deflation Thread" daemon [_thread_blocked, id=8508, stack(0x0000002f7d200000,0x0000002f7d300000)]
  0x00000224fe114da0 JavaThread "C2 CompilerThread0" daemon [_thread_in_native, id=8976, stack(0x0000002f7d300000,0x0000002f7d400000)]
  0x00000224fe1163e0 JavaThread "C1 CompilerThread0" daemon [_thread_blocked, id=9568, stack(0x0000002f7d400000,0x0000002f7d500000)]
  0x00000224fe117d50 JavaThread "Sweeper thread" daemon [_thread_blocked, id=12476, stack(0x0000002f7d500000,0x0000002f7d600000)]
  0x00000224fe2a20e0 JavaThread "Notification Thread" daemon [_thread_blocked, id=14248, stack(0x0000002f7d600000,0x0000002f7d700000)]
  0x00000224fe2e6020 JavaThread "Common-Cleaner" daemon [_thread_blocked, id=8728, stack(0x0000002f7d800000,0x0000002f7d900000)]
  0x00000224fea791c0 JavaThread "Thread-0" [_thread_blocked, id=12788, stack(0x0000002f7dd00000,0x0000002f7de00000)]
  0x00000224fea73150 JavaThread "restartedMain" [_thread_blocked, id=8080, stack(0x0000002f7de00000,0x0000002f7df00000)]
  0x00000224810fc530 JavaThread "C2 CompilerThread1" daemon [_thread_in_native, id=2880, stack(0x0000002f7dc00000,0x0000002f7dd00000)]
  0x00000224807b5550 JavaThread "Catalina-utility-1" [_thread_blocked, id=14028, stack(0x0000002f7df00000,0x0000002f7e000000)]
  0x00000224807b4210 JavaThread "Catalina-utility-2" [_thread_blocked, id=688, stack(0x0000002f7e000000,0x0000002f7e100000)]
  0x00000224807b5a20 JavaThread "container-0" [_thread_blocked, id=7920, stack(0x0000002f7e100000,0x0000002f7e200000)]

Other Threads:
=>0x00000224fd768ff0 VMThread "VM Thread" [stack: 0x0000002f7cc00000,0x0000002f7cd00000] [id=1456]
  0x00000224fe2c45d0 WatcherThread [stack: 0x0000002f7d700000,0x0000002f7d800000] [id=15280]
  0x00000224e38cc1b0 GCTaskThread "GC Thread#0" [stack: 0x0000002f7c700000,0x0000002f7c800000] [id=7676]
  0x00000224fe8cbbe0 GCTaskThread "GC Thread#1" [stack: 0x0000002f7d900000,0x0000002f7da00000] [id=11424]
  0x00000224fe936210 GCTaskThread "GC Thread#2" [stack: 0x0000002f7da00000,0x0000002f7db00000] [id=10180]
  0x00000224fe937230 GCTaskThread "GC Thread#3" [stack: 0x0000002f7db00000,0x0000002f7dc00000] [id=9492]
  0x00000224e38dd0f0 ConcurrentGCThread "G1 Main Marker" [stack: 0x0000002f7c800000,0x0000002f7c900000] [id=12164]
  0x00000224e38ddb00 ConcurrentGCThread "G1 Conc#0" [stack: 0x0000002f7c900000,0x0000002f7ca00000] [id=15228]
  0x00000224e3936580 ConcurrentGCThread "G1 Refine#0" [stack: 0x0000002f7ca00000,0x0000002f7cb00000] [id=11012]
  0x00000224fd5e00a0 ConcurrentGCThread "G1 Service" [stack: 0x0000002f7cb00000,0x0000002f7cc00000] [id=13372]

Threads with active compile tasks:
C2 CompilerThread0     4256 3957       4       java.util.function.BiPredicate$$Lambda$116/0x0000000100169460::test (16 bytes)
C2 CompilerThread1     4256 3969       4       org.springframework.core.annotation.AnnotationsScanner::getDeclaredAnnotations (166 bytes)

VM state: at safepoint (normal execution)

VM Mutex/Monitor currently owned by a thread:  ([mutex/lock_event])
[0x00000224e388b060] Threads_lock - owner thread: 0x00000224fd768ff0
[0x00000224e388aeb0] Heap_lock - owner thread: 0x00000224fea73150

Heap address: 0x0000000080000000, size: 2048 MB, Compressed Oops mode: 32-bit

CDS archive(s) not mapped
Compressed class space mapped at: 0x0000000100000000-0x0000000140000000, reserved size: 1073741824
Narrow klass base: 0x0000000000000000, Narrow klass shift: 3, Narrow klass range: 0x140000000

GC Precious Log:
 CPUs: 4 total, 4 available
 Memory: 8191M
 Large Page Support: Disabled
 NUMA Support: Disabled
 Compressed Oops: Enabled (32-bit)
 Heap Region Size: 1M
 Heap Min Capacity: 8M
 Heap Initial Capacity: 128M
 Heap Max Capacity: 2G
 Pre-touch: Disabled
 Parallel Workers: 4
 Concurrent Workers: 1
 Concurrent Refinement Workers: 4
 Periodic GC: Disabled

Heap:
 garbage-first heap   total 75776K, used 19470K [0x0000000080000000, 0x0000000100000000)
  region size 1024K, 2 young (2048K), 2 survivors (2048K)
 Metaspace       used 40180K, committed 40576K, reserved 1089536K
  class space    used 4725K, committed 4928K, reserved 1048576K

Heap Regions: E=young(eden), S=young(survivor), O=old, HS=humongous(starts), HC=humongous(continues), CS=collection set, F=free, OA=open archive, CA=closed archive, TAMS=top-at-mark-start (previous, next)
|   0|0x0000000080000000, 0x0000000080100000, 0x0000000080100000|100%|HS|  |TAMS 0x0000000080100000, 0x0000000080000000| Complete 
|   1|0x0000000080100000, 0x0000000080200000, 0x0000000080200000|100%|HS|  |TAMS 0x0000000080200000, 0x0000000080100000| Complete 
|   2|0x0000000080200000, 0x0000000080300000, 0x0000000080300000|100%| O|  |TAMS 0x0000000080300000, 0x0000000080200000| Untracked 
|   3|0x0000000080300000, 0x0000000080400000, 0x0000000080400000|100%| O|  |TAMS 0x0000000080400000, 0x0000000080300000| Untracked 
|   4|0x0000000080400000, 0x0000000080500000, 0x0000000080500000|100%| O|  |TAMS 0x0000000080500000, 0x0000000080400000| Untracked 
|   5|0x0000000080500000, 0x0000000080600000, 0x0000000080600000|100%| O|  |TAMS 0x0000000080600000, 0x0000000080500000| Untracked 
|   6|0x0000000080600000, 0x0000000080700000, 0x0000000080700000|100%| O|  |TAMS 0x0000000080600000, 0x0000000080600000| Untracked 
|   7|0x0000000080700000, 0x0000000080800000, 0x0000000080800000|100%| O|  |TAMS 0x0000000080800000, 0x0000000080700000| Untracked 
|   8|0x0000000080800000, 0x0000000080900000, 0x0000000080900000|100%| O|  |TAMS 0x0000000080900000, 0x0000000080800000| Untracked 
|   9|0x0000000080900000, 0x0000000080a00000, 0x0000000080a00000|100%| O|  |TAMS 0x0000000080a00000, 0x0000000080900000| Untracked 
|  10|0x0000000080a00000, 0x0000000080b00000, 0x0000000080b00000|100%| O|  |TAMS 0x0000000080b00000, 0x0000000080a00000| Untracked 
|  11|0x0000000080b00000, 0x0000000080c00000, 0x0000000080c00000|100%| O|  |TAMS 0x0000000080c00000, 0x0000000080b00000| Untracked 
|  12|0x0000000080c00000, 0x0000000080c6fc00, 0x0000000080d00000| 43%| O|  |TAMS 0x0000000080c6fc00, 0x0000000080c00000| Untracked 
|  13|0x0000000080d00000, 0x0000000080e00000, 0x0000000080e00000|100%| O|  |TAMS 0x0000000080d00000, 0x0000000080d00000| Untracked 
|  14|0x0000000080e00000, 0x0000000080f00000, 0x0000000080f00000|100%| O|  |TAMS 0x0000000080e00000, 0x0000000080e00000| Untracked 
|  15|0x0000000080f00000, 0x0000000080f00000, 0x0000000081000000|  0%| F|  |TAMS 0x0000000080f00000, 0x0000000080f00000| Untracked 
|  16|0x0000000081000000, 0x0000000081000000, 0x0000000081100000|  0%| F|  |TAMS 0x0000000081000000, 0x0000000081000000| Untracked 
|  17|0x0000000081100000, 0x0000000081100000, 0x0000000081200000|  0%| F|  |TAMS 0x0000000081100000, 0x0000000081100000| Untracked 
|  18|0x0000000081200000, 0x0000000081300000, 0x0000000081300000|100%| O|  |TAMS 0x0000000081200000, 0x0000000081200000| Untracked 
|  19|0x0000000081300000, 0x0000000081400000, 0x0000000081400000|100%| O|  |TAMS 0x0000000081300000, 0x0000000081300000| Untracked 
|  20|0x0000000081400000, 0x000000008141ac00, 0x0000000081500000| 10%| O|  |TAMS 0x0000000081400000, 0x0000000081400000| Untracked 
|  21|0x0000000081500000, 0x0000000081500000, 0x0000000081600000|  0%| F|  |TAMS 0x0000000081500000, 0x0000000081500000| Untracked 
|  22|0x0000000081600000, 0x0000000081600000, 0x0000000081700000|  0%| F|  |TAMS 0x0000000081600000, 0x0000000081600000| Untracked 
|  23|0x0000000081700000, 0x0000000081700000, 0x0000000081800000|  0%| F|  |TAMS 0x0000000081700000, 0x0000000081700000| Untracked 
|  24|0x0000000081800000, 0x0000000081800000, 0x0000000081900000|  0%| F|  |TAMS 0x0000000081800000, 0x0000000081800000| Untracked 
|  25|0x0000000081900000, 0x0000000081900000, 0x0000000081a00000|  0%| F|  |TAMS 0x0000000081900000, 0x0000000081900000| Untracked 
|  26|0x0000000081a00000, 0x0000000081a00000, 0x0000000081b00000|  0%| F|  |TAMS 0x0000000081a00000, 0x0000000081a00000| Untracked 
|  27|0x0000000081b00000, 0x0000000081b791b0, 0x0000000081c00000| 47%| S|CS|TAMS 0x0000000081b00000, 0x0000000081b00000| Complete 
|  28|0x0000000081c00000, 0x0000000081d00000, 0x0000000081d00000|100%| S|CS|TAMS 0x0000000081c00000, 0x0000000081c00000| Complete 
|  29|0x0000000081d00000, 0x0000000081d00000, 0x0000000081e00000|  0%| F|  |TAMS 0x0000000081d00000, 0x0000000081d00000| Untracked 
|  30|0x0000000081e00000, 0x0000000081e00000, 0x0000000081f00000|  0%| F|  |TAMS 0x0000000081e00000, 0x0000000081e00000| Untracked 
|  31|0x0000000081f00000, 0x0000000081f00000, 0x0000000082000000|  0%| F|  |TAMS 0x0000000081f00000, 0x0000000081f00000| Untracked 
|  32|0x0000000082000000, 0x0000000082000000, 0x0000000082100000|  0%| F|  |TAMS 0x0000000082000000, 0x0000000082000000| Untracked 
|  33|0x0000000082100000, 0x0000000082100000, 0x0000000082200000|  0%| F|  |TAMS 0x0000000082100000, 0x0000000082100000| Untracked 
|  34|0x0000000082200000, 0x0000000082200000, 0x0000000082300000|  0%| F|  |TAMS 0x0000000082200000, 0x0000000082200000| Untracked 
|  35|0x0000000082300000, 0x0000000082300000, 0x0000000082400000|  0%| F|  |TAMS 0x0000000082300000, 0x0000000082300000| Untracked 
|  36|0x0000000082400000, 0x0000000082400000, 0x0000000082500000|  0%| F|  |TAMS 0x0000000082400000, 0x0000000082400000| Untracked 
|  37|0x0000000082500000, 0x0000000082500000, 0x0000000082600000|  0%| F|  |TAMS 0x0000000082500000, 0x0000000082500000| Untracked 
|  38|0x0000000082600000, 0x0000000082600000, 0x0000000082700000|  0%| F|  |TAMS 0x0000000082600000, 0x0000000082600000| Untracked 
|  39|0x0000000082700000, 0x0000000082700000, 0x0000000082800000|  0%| F|  |TAMS 0x0000000082700000, 0x0000000082700000| Untracked 
|  40|0x0000000082800000, 0x0000000082800000, 0x0000000082900000|  0%| F|  |TAMS 0x0000000082800000, 0x0000000082800000| Untracked 
|  41|0x0000000082900000, 0x0000000082900000, 0x0000000082a00000|  0%| F|  |TAMS 0x0000000082900000, 0x0000000082900000| Untracked 
|  42|0x0000000082a00000, 0x0000000082a00000, 0x0000000082b00000|  0%| F|  |TAMS 0x0000000082a00000, 0x0000000082a00000| Untracked 
|  43|0x0000000082b00000, 0x0000000082b00000, 0x0000000082c00000|  0%| F|  |TAMS 0x0000000082b00000, 0x0000000082b00000| Untracked 
|  44|0x0000000082c00000, 0x0000000082c00000, 0x0000000082d00000|  0%| F|  |TAMS 0x0000000082c00000, 0x0000000082c00000| Untracked 
|  45|0x0000000082d00000, 0x0000000082d00000, 0x0000000082e00000|  0%| F|  |TAMS 0x0000000082d00000, 0x0000000082d00000| Untracked 
|  46|0x0000000082e00000, 0x0000000082e00000, 0x0000000082f00000|  0%| F|  |TAMS 0x0000000082e00000, 0x0000000082e00000| Untracked 
|  47|0x0000000082f00000, 0x0000000082f00000, 0x0000000083000000|  0%| F|  |TAMS 0x0000000082f00000, 0x0000000082f00000| Untracked 
|  48|0x0000000083000000, 0x0000000083000000, 0x0000000083100000|  0%| F|  |TAMS 0x0000000083000000, 0x0000000083000000| Untracked 
|  49|0x0000000083100000, 0x0000000083100000, 0x0000000083200000|  0%| F|  |TAMS 0x0000000083100000, 0x0000000083100000| Untracked 
|  50|0x0000000083200000, 0x0000000083200000, 0x0000000083300000|  0%| F|  |TAMS 0x0000000083200000, 0x0000000083200000| Untracked 
|  51|0x0000000083300000, 0x0000000083300000, 0x0000000083400000|  0%| F|  |TAMS 0x0000000083300000, 0x0000000083300000| Untracked 
|  52|0x0000000083400000, 0x0000000083400000, 0x0000000083500000|  0%| F|  |TAMS 0x0000000083400000, 0x0000000083400000| Untracked 
|  53|0x0000000083500000, 0x0000000083500000, 0x0000000083600000|  0%| F|  |TAMS 0x0000000083500000, 0x0000000083500000| Untracked 
|  54|0x0000000083600000, 0x0000000083600000, 0x0000000083700000|  0%| F|  |TAMS 0x0000000083600000, 0x0000000083600000| Untracked 
|  55|0x0000000083700000, 0x0000000083700000, 0x0000000083800000|  0%| F|  |TAMS 0x0000000083700000, 0x0000000083700000| Untracked 
|  56|0x0000000083800000, 0x0000000083800000, 0x0000000083900000|  0%| F|  |TAMS 0x0000000083800000, 0x0000000083800000| Untracked 
|  57|0x0000000083900000, 0x0000000083900000, 0x0000000083a00000|  0%| F|  |TAMS 0x0000000083900000, 0x0000000083900000| Untracked 
|  58|0x0000000083a00000, 0x0000000083a00000, 0x0000000083b00000|  0%| F|  |TAMS 0x0000000083a00000, 0x0000000083a00000| Untracked 
|  59|0x0000000083b00000, 0x0000000083b00000, 0x0000000083c00000|  0%| F|  |TAMS 0x0000000083b00000, 0x0000000083b00000| Untracked 
|  60|0x0000000083c00000, 0x0000000083c00000, 0x0000000083d00000|  0%| F|  |TAMS 0x0000000083c00000, 0x0000000083c00000| Untracked 
|  61|0x0000000083d00000, 0x0000000083d00000, 0x0000000083e00000|  0%| F|  |TAMS 0x0000000083d00000, 0x0000000083d00000| Untracked 
|  62|0x0000000083e00000, 0x0000000083e00000, 0x0000000083f00000|  0%| F|  |TAMS 0x0000000083e00000, 0x0000000083e00000| Untracked 
|  63|0x0000000083f00000, 0x0000000083f00000, 0x0000000084000000|  0%| F|  |TAMS 0x0000000083f00000, 0x0000000083f00000| Untracked 
|  64|0x0000000084000000, 0x0000000084000000, 0x0000000084100000|  0%| F|  |TAMS 0x0000000084000000, 0x0000000084000000| Untracked 
|  65|0x0000000084100000, 0x0000000084100000, 0x0000000084200000|  0%| F|  |TAMS 0x0000000084100000, 0x0000000084100000| Untracked 
|  66|0x0000000084200000, 0x0000000084200000, 0x0000000084300000|  0%| F|  |TAMS 0x0000000084200000, 0x0000000084200000| Untracked 
|  67|0x0000000084300000, 0x0000000084300000, 0x0000000084400000|  0%| F|  |TAMS 0x0000000084300000, 0x0000000084300000| Untracked 
|  68|0x0000000084400000, 0x0000000084400000, 0x0000000084500000|  0%| F|  |TAMS 0x0000000084400000, 0x0000000084400000| Untracked 
|  69|0x0000000084500000, 0x0000000084500000, 0x0000000084600000|  0%| F|  |TAMS 0x0000000084500000, 0x0000000084500000| Untracked 
|  70|0x0000000084600000, 0x0000000084600000, 0x0000000084700000|  0%| F|  |TAMS 0x0000000084600000, 0x0000000084600000| Untracked 
|  71|0x0000000084700000, 0x0000000084700000, 0x0000000084800000|  0%| F|  |TAMS 0x0000000084700000, 0x0000000084700000| Untracked 
| 127|0x0000000087f00000, 0x0000000087f00000, 0x0000000088000000|  0%| F|  |TAMS 0x0000000087f00000, 0x0000000087f00000| Untracked 
|2047|0x00000000fff00000, 0x0000000100000000, 0x0000000100000000|100%| O|  |TAMS 0x00000000fff00000, 0x00000000fff00000| Untracked 

Card table byte_map: [0x00000224f6980000,0x00000224f6d80000] _byte_map_base: 0x00000224f6580000

Marking Bits (Prev, Next): (CMBitMap*) 0x00000224e38cc7c0, (CMBitMap*) 0x00000224e38cc800
 Prev Bits: [0x00000224f7180000, 0x00000224f9180000)
 Next Bits: [0x00000224f9180000, 0x00000224fb180000)

Polling page: 0x00000224e1d80000

Metaspace:

Usage:
  Non-class:     34.62 MB used.
      Class:      4.61 MB used.
       Both:     39.24 MB used.

Virtual space:
  Non-class space:       40.00 MB reserved,      34.81 MB ( 87%) committed,  5 nodes.
      Class space:        1.00 GB reserved,       4.81 MB ( <1%) committed,  1 nodes.
             Both:        1.04 GB reserved,      39.62 MB (  4%) committed. 

Chunk freelists:
   Non-Class:  1008.00 KB
       Class:  3.11 MB
        Both:  4.09 MB

MaxMetaspaceSize: unlimited
CompressedClassSpaceSize: 1.00 GB
Initial GC threshold: 21.00 MB
Current GC threshold: 59.00 MB
CDS: off
MetaspaceReclaimPolicy: balanced
 - commit_granule_bytes: 65536.
 - commit_granule_words: 8192.
 - virtual_space_node_default_size: 1048576.
 - enlarge_chunks_in_place: 1.
 - new_chunks_are_fully_committed: 0.
 - uncommit_free_chunks: 1.
 - use_allocation_guard: 0.
 - handle_deallocations: 1.


Internal statistics:

num_allocs_failed_limit: 6.
num_arena_births: 452.
num_arena_deaths: 0.
num_vsnodes_births: 6.
num_vsnodes_deaths: 0.
num_space_committed: 634.
num_space_uncommitted: 0.
num_chunks_returned_to_freelist: 6.
num_chunks_taken_from_freelist: 1585.
num_chunk_merges: 3.
num_chunk_splits: 1080.
num_chunks_enlarged: 824.
num_purges: 0.
num_inconsistent_stats: 0.

CodeHeap 'non-profiled nmethods': size=120000Kb used=2029Kb max_used=2029Kb free=117971Kb
 bounds [0x00000224eea30000, 0x00000224eeca0000, 0x00000224f5f60000]
CodeHeap 'profiled nmethods': size=120000Kb used=8704Kb max_used=8704Kb free=111295Kb
 bounds [0x00000224e7500000, 0x00000224e7d90000, 0x00000224eea30000]
CodeHeap 'non-nmethods': size=5760Kb used=1225Kb max_used=1301Kb free=4534Kb
 bounds [0x00000224e6f60000, 0x00000224e71d0000, 0x00000224e7500000]
 total_blobs=4562 nmethods=4033 adapters=441
 compilation: enabled
              stopped_count=0, restarted_count=0
 full_count=0

Compilation events (20 events):
Event: 4.144 Thread 0x00000224fe1163e0 4050   !   2       jdk.internal.misc.ScopedMemoryAccess::getIntUnalignedInternal (38 bytes)
Event: 4.144 Thread 0x00000224fe1163e0 nmethod 4050 0x00000224e7d7bd10 code [0x00000224e7d7bec0, 0x00000224e7d7c058]
Event: 4.147 Thread 0x00000224fe1163e0 4051       2       java.util.zip.Inflater::inflate (9 bytes)
Event: 4.147 Thread 0x00000224fe1163e0 nmethod 4051 0x00000224e7d7c190 code [0x00000224e7d7c320, 0x00000224e7d7c448]
Event: 4.150 Thread 0x00000224fe1163e0 4053       2       java.util.zip.ZipInputStream::ensureOpen (18 bytes)
Event: 4.150 Thread 0x00000224fe1163e0 nmethod 4053 0x00000224e7d7c510 code [0x00000224e7d7c6c0, 0x00000224e7d7c888]
Event: 4.150 Thread 0x00000224fe1163e0 4054       2       java.io.PushbackInputStream::read (145 bytes)
Event: 4.151 Thread 0x00000224fe1163e0 nmethod 4054 0x00000224e7d7c990 code [0x00000224e7d7cba0, 0x00000224e7d7d108]
Event: 4.151 Thread 0x00000224fe1163e0 4055       2       java.io.PushbackInputStream::ensureOpen (18 bytes)
Event: 4.151 Thread 0x00000224fe1163e0 nmethod 4055 0x00000224e7d7d390 code [0x00000224e7d7d540, 0x00000224e7d7d708]
Event: 4.151 Thread 0x00000224fe1163e0 4057       2       java.util.zip.ZipInputStream::read (304 bytes)
Event: 4.152 Thread 0x00000224fe1163e0 nmethod 4057 0x00000224e7d7d810 code [0x00000224e7d7db00, 0x00000224e7d7e558]
Event: 4.152 Thread 0x00000224fe1163e0 4058       2       java.util.zip.ZipUtils::get32 (23 bytes)
Event: 4.152 Thread 0x00000224fe1163e0 nmethod 4058 0x00000224e7d7eb10 code [0x00000224e7d7eca0, 0x00000224e7d7ee58]
Event: 4.155 Thread 0x00000224fe1163e0 4059  s    2       java.io.ByteArrayInputStream::read (73 bytes)
Event: 4.155 Thread 0x00000224fe1163e0 nmethod 4059 0x00000224e7d7ef90 code [0x00000224e7d7f160, 0x00000224e7d7f578]
Event: 4.180 Thread 0x00000224fe1163e0 4061       2       java.lang.invoke.MethodHandles::identity (87 bytes)
Event: 4.181 Thread 0x00000224fe1163e0 nmethod 4061 0x00000224e7d7f710 code [0x00000224e7d7f8e0, 0x00000224e7d7fb18]
Event: 4.190 Thread 0x00000224fe1163e0 4062       2       jdk.internal.loader.BuiltinClassLoader::findLoadedModule (33 bytes)
Event: 4.190 Thread 0x00000224fe1163e0 nmethod 4062 0x00000224e7d7fd10 code [0x00000224e7d7fee0, 0x00000224e7d80138]

GC Heap History (20 events):
Event: 1.990 GC heap after
{Heap after GC invocations=8 (full 0):
 garbage-first heap   total 52224K, used 12203K [0x0000000080000000, 0x0000000100000000)
  region size 1024K, 1 young (1024K), 1 survivors (1024K)
 Metaspace       used 26185K, committed 26496K, reserved 1073152K
  class space    used 2967K, committed 3072K, reserved 1048576K
}
Event: 2.018 GC heap before
{Heap before GC invocations=8 (full 0):
 garbage-first heap   total 52224K, used 36779K [0x0000000080000000, 0x0000000100000000)
  region size 1024K, 26 young (26624K), 1 survivors (1024K)
 Metaspace       used 26367K, committed 26624K, reserved 1073152K
  class space    used 2988K, committed 3072K, reserved 1048576K
}
Event: 2.019 GC heap after
{Heap after GC invocations=9 (full 0):
 garbage-first heap   total 52224K, used 12138K [0x0000000080000000, 0x0000000100000000)
  region size 1024K, 1 young (1024K), 1 survivors (1024K)
 Metaspace       used 26367K, committed 26624K, reserved 1073152K
  class space    used 2988K, committed 3072K, reserved 1048576K
}
Event: 2.024 GC heap before
{Heap before GC invocations=9 (full 0):
 garbage-first heap   total 52224K, used 37738K [0x0000000080000000, 0x0000000100000000)
  region size 1024K, 27 young (27648K), 1 survivors (1024K)
 Metaspace       used 26367K, committed 26624K, reserved 1073152K
  class space    used 2988K, committed 3072K, reserved 1048576K
}
Event: 2.025 GC heap after
{Heap after GC invocations=10 (full 0):
 garbage-first heap   total 52224K, used 12137K [0x0000000080000000, 0x0000000100000000)
  region size 1024K, 1 young (1024K), 1 survivors (1024K)
 Metaspace       used 26367K, committed 26624K, reserved 1073152K
  class space    used 2988K, committed 3072K, reserved 1048576K
}
Event: 2.031 GC heap before
{Heap before GC invocations=10 (full 0):
 garbage-first heap   total 52224K, used 38761K [0x0000000080000000, 0x0000000100000000)
  region size 1024K, 28 young (28672K), 1 survivors (1024K)
 Metaspace       used 26367K, committed 26624K, reserved 1073152K
  class space    used 2988K, committed 3072K, reserved 1048576K
}
Event: 2.032 GC heap after
{Heap after GC invocations=11 (full 0):
 garbage-first heap   total 52224K, used 12160K [0x0000000080000000, 0x0000000100000000)
  region size 1024K, 1 young (1024K), 1 survivors (1024K)
 Metaspace       used 26367K, committed 26624K, reserved 1073152K
  class space    used 2988K, committed 3072K, reserved 1048576K
}
Event: 2.038 GC heap before
{Heap before GC invocations=11 (full 0):
 garbage-first heap   total 52224K, used 39808K [0x0000000080000000, 0x0000000100000000)
  region size 1024K, 29 young (29696K), 1 survivors (1024K)
 Metaspace       used 26367K, committed 26624K, reserved 1073152K
  class space    used 2988K, committed 3072K, reserved 1048576K
}
Event: 2.039 GC heap after
{Heap after GC invocations=12 (full 0):
 garbage-first heap   total 104448K, used 12178K [0x0000000080000000, 0x0000000100000000)
  region size 1024K, 1 young (1024K), 1 survivors (1024K)
 Metaspace       used 26367K, committed 26624K, reserved 1073152K
  class space    used 2988K, committed 3072K, reserved 1048576K
}
Event: 2.947 GC heap before
{Heap before GC invocations=12 (full 0):
 garbage-first heap   total 104448K, used 72594K [0x0000000080000000, 0x0000000100000000)
  region size 1024K, 61 young (62464K), 1 survivors (1024K)
 Metaspace       used 30885K, committed 31168K, reserved 1081344K
  class space    used 3503K, committed 3648K, reserved 1048576K
}
Event: 2.950 GC heap after
{Heap after GC invocations=13 (full 0):
 garbage-first heap   total 104448K, used 15246K [0x0000000080000000, 0x0000000100000000)
  region size 1024K, 4 young (4096K), 4 survivors (4096K)
 Metaspace       used 30885K, committed 31168K, reserved 1081344K
  class space    used 3503K, committed 3648K, reserved 1048576K
}
Event: 3.609 GC heap before
{Heap before GC invocations=13 (full 0):
 garbage-first heap   total 104448K, used 44942K [0x0000000080000000, 0x0000000100000000)
  region size 1024K, 34 young (34816K), 4 survivors (4096K)
 Metaspace       used 35617K, committed 35968K, reserved 1081344K
  class space    used 4216K, committed 4416K, reserved 1048576K
}
Event: 3.615 GC heap after
{Heap after GC invocations=14 (full 0):
 garbage-first heap   total 104448K, used 18232K [0x0000000080000000, 0x0000000100000000)
  region size 1024K, 7 young (7168K), 7 survivors (7168K)
 Metaspace       used 35617K, committed 35968K, reserved 1081344K
  class space    used 4216K, committed 4416K, reserved 1048576K
}
Event: 3.863 GC heap before
{Heap before GC invocations=15 (full 0):
 garbage-first heap   total 68608K, used 59192K [0x0000000080000000, 0x0000000100000000)
  region size 1024K, 49 young (50176K), 7 survivors (7168K)
 Metaspace       used 37079K, committed 37376K, reserved 1089536K
  class space    used 4366K, committed 4480K, reserved 1048576K
}
Event: 3.870 GC heap after
{Heap after GC invocations=16 (full 0):
 garbage-first heap   total 70656K, used 18684K [0x0000000080000000, 0x0000000100000000)
  region size 1024K, 4 young (4096K), 4 survivors (4096K)
 Metaspace       used 37079K, committed 37376K, reserved 1089536K
  class space    used 4366K, committed 4480K, reserved 1048576K
}
Event: 3.878 GC heap before
{Heap before GC invocations=16 (full 0):
 garbage-first heap   total 70656K, used 54524K [0x0000000080000000, 0x0000000100000000)
  region size 1024K, 40 young (40960K), 4 survivors (4096K)
 Metaspace       used 37079K, committed 37376K, reserved 1089536K
  class space    used 4366K, committed 4480K, reserved 1048576K
}
Event: 3.882 GC heap after
{Heap after GC invocations=17 (full 0):
 garbage-first heap   total 70656K, used 18986K [0x0000000080000000, 0x0000000100000000)
  region size 1024K, 1 young (1024K), 1 survivors (1024K)
 Metaspace       used 37079K, committed 37376K, reserved 1089536K
  class space    used 4366K, committed 4480K, reserved 1048576K
}
Event: 3.892 GC heap before
{Heap before GC invocations=17 (full 0):
 garbage-first heap   total 70656K, used 55850K [0x0000000080000000, 0x0000000100000000)
  region size 1024K, 38 young (38912K), 1 survivors (1024K)
 Metaspace       used 37079K, committed 37376K, reserved 1089536K
  class space    used 4366K, committed 4480K, reserved 1048576K
}
Event: 3.893 GC heap after
{Heap after GC invocations=18 (full 0):
 garbage-first heap   total 70656K, used 18635K [0x0000000080000000, 0x0000000100000000)
  region size 1024K, 1 young (1024K), 1 survivors (1024K)
 Metaspace       used 37079K, committed 37376K, reserved 1089536K
  class space    used 4366K, committed 4480K, reserved 1048576K
}
Event: 4.202 GC heap before
{Heap before GC invocations=18 (full 0):
 garbage-first heap   total 70656K, used 56523K [0x0000000080000000, 0x0000000100000000)
  region size 1024K, 39 young (39936K), 1 survivors (1024K)
 Metaspace       used 40180K, committed 40576K, reserved 1089536K
  class space    used 4725K, committed 4928K, reserved 1048576K
}

Deoptimization events (20 events):
Event: 4.053 Thread 0x00000224fea73150 Uncommon trap: trap_request=0xffffff45 fr.pc=0x00000224eea8a9f0 relative=0x0000000000000250
Event: 4.053 Thread 0x00000224fea73150 Uncommon trap: reason=unstable_if action=reinterpret pc=0x00000224eea8a9f0 method=java.util.concurrent.ConcurrentHashMap.get(Ljava/lang/Object;)Ljava/lang/Object; @ 76 c2
Event: 4.053 Thread 0x00000224fea73150 DEOPT PACKING pc=0x00000224eea8a9f0 sp=0x0000002f7defc390
Event: 4.053 Thread 0x00000224fea73150 DEOPT UNPACKING pc=0x00000224e6fb23a3 sp=0x0000002f7defc308 mode 2
Event: 4.085 Thread 0x00000224fea73150 Uncommon trap: trap_request=0xffffffde fr.pc=0x00000224eec19084 relative=0x0000000000000424
Event: 4.085 Thread 0x00000224fea73150 Uncommon trap: reason=class_check action=maybe_recompile pc=0x00000224eec19084 method=java.lang.StringConcatHelper.stringOf(Ljava/lang/Object;)Ljava/lang/String; @ 5 c2
Event: 4.085 Thread 0x00000224fea73150 DEOPT PACKING pc=0x00000224eec19084 sp=0x0000002f7defb060
Event: 4.085 Thread 0x00000224fea73150 DEOPT UNPACKING pc=0x00000224e6fb23a3 sp=0x0000002f7defafa0 mode 2
Event: 4.105 Thread 0x00000224fea73150 Uncommon trap: trap_request=0xffffff45 fr.pc=0x00000224eea6d03c relative=0x000000000000141c
Event: 4.105 Thread 0x00000224fea73150 Uncommon trap: reason=unstable_if action=reinterpret pc=0x00000224eea6d03c method=java.lang.String.startsWith(Ljava/lang/String;I)Z @ 14 c2
Event: 4.105 Thread 0x00000224fea73150 DEOPT PACKING pc=0x00000224eea6d03c sp=0x0000002f7defd020
Event: 4.105 Thread 0x00000224fea73150 DEOPT UNPACKING pc=0x00000224e6fb23a3 sp=0x0000002f7defcda0 mode 2
Event: 4.123 Thread 0x00000224fea73150 Uncommon trap: trap_request=0xffffff45 fr.pc=0x00000224eec192b8 relative=0x0000000000000658
Event: 4.123 Thread 0x00000224fea73150 Uncommon trap: reason=unstable_if action=reinterpret pc=0x00000224eec192b8 method=java.lang.StringConcatHelper.stringOf(Ljava/lang/Object;)Ljava/lang/String; @ 1 c2
Event: 4.123 Thread 0x00000224fea73150 DEOPT PACKING pc=0x00000224eec192b8 sp=0x0000002f7defcf00
Event: 4.123 Thread 0x00000224fea73150 DEOPT UNPACKING pc=0x00000224e6fb23a3 sp=0x0000002f7defce40 mode 2
Event: 4.154 Thread 0x00000224fea73150 Uncommon trap: trap_request=0xffffffde fr.pc=0x00000224eeb1f940 relative=0x0000000000001300
Event: 4.154 Thread 0x00000224fea73150 Uncommon trap: reason=class_check action=maybe_recompile pc=0x00000224eeb1f940 method=java.util.Properties$LineReader.readLine()I @ 479 c2
Event: 4.154 Thread 0x00000224fea73150 DEOPT PACKING pc=0x00000224eeb1f940 sp=0x0000002f7defb910
Event: 4.154 Thread 0x00000224fea73150 DEOPT UNPACKING pc=0x00000224e6fb23a3 sp=0x0000002f7defb8a8 mode 2

Classes unloaded (0 events):
No events

Classes redefined (0 events):
No events

Internal exceptions (20 events):
Event: 3.488 Thread 0x00000224fea73150 Exception <a 'java/lang/NoSuchMethodError'{0x0000000084d7bbe8}: 'int java.lang.invoke.DirectMethodHandle$Holder.invokeVirtual(java.lang.Object, java.lang.Object)'> (0x0000000084d7bbe8) 
thrown [e:\jenkins\tmp\workspace\build\src\src\hotspot\share\interpreter\linkResolver.cpp, line 766]
Event: 3.494 Thread 0x00000224fea73150 Exception <a 'java/lang/IncompatibleClassChangeError'{0x0000000084db56d0}: Found class java.lang.Object, but interface was expected> (0x0000000084db56d0) 
thrown [e:\jenkins\tmp\workspace\build\src\src\hotspot\share\interpreter\linkResolver.cpp, line 833]
Event: 3.495 Thread 0x00000224fea73150 Exception <a 'java/lang/NoSuchMethodError'{0x0000000084dc6290}: 'int java.lang.invoke.DirectMethodHandle$Holder.invokeSpecialIFC(java.lang.Object, java.lang.Object, java.lang.Object)'> (0x0000000084dc6290) 
thrown [e:\jenkins\tmp\workspace\build\src\src\hotspot\share\interpreter\linkResolver.cpp, line 766]
Event: 3.496 Thread 0x00000224fea73150 Exception <a 'java/lang/NoSuchMethodError'{0x0000000084ddeb58}: 'void java.lang.invoke.DirectMethodHandle$Holder.invokeStatic(java.lang.Object, int, java.lang.Object)'> (0x0000000084ddeb58) 
thrown [e:\jenkins\tmp\workspace\build\src\src\hotspot\share\interpreter\linkResolver.cpp, line 766]
Event: 3.512 Thread 0x00000224fea73150 Exception <a 'java/lang/NoSuchMethodError'{0x0000000084c83ab8}: 'int java.lang.invoke.DirectMethodHandle$Holder.invokeSpecial(java.lang.Object, java.lang.Object, int)'> (0x0000000084c83ab8) 
thrown [e:\jenkins\tmp\workspace\build\src\src\hotspot\share\interpreter\linkResolver.cpp, line 766]
Event: 3.514 Thread 0x00000224fea73150 Exception <a 'java/lang/NoSuchMethodError'{0x0000000084c91bf0}: 'void java.lang.invoke.DirectMethodHandle$Holder.invokeVirtual(java.lang.Object, java.lang.Object, int)'> (0x0000000084c91bf0) 
thrown [e:\jenkins\tmp\workspace\build\src\src\hotspot\share\interpreter\linkResolver.cpp, line 766]
Event: 3.515 Thread 0x00000224fea73150 Exception <a 'java/lang/NoSuchMethodError'{0x0000000084c97e38}: 'void java.lang.invoke.DirectMethodHandle$Holder.invokeStatic(java.lang.Object, java.lang.Object, java.lang.Object, int, java.lang.Object)'> (0x0000000084c97e38) 
thrown [e:\jenkins\tmp\workspace\build\src\src\hotspot\share\interpreter\linkResolver.cpp, line 766]
Event: 3.515 Thread 0x00000224fea73150 Exception <a 'java/lang/NoSuchMethodError'{0x0000000084c9f340}: 'java.lang.Object java.lang.invoke.DirectMethodHandle$Holder.newInvokeSpecial(java.lang.Object, java.lang.Object, java.lang.Object, int)'> (0x0000000084c9f340) 
thrown [e:\jenkins\tmp\workspace\build\src\src\hotspot\share\interpreter\linkResolver.cpp, line 766]
Event: 3.516 Thread 0x00000224fea73150 Exception <a 'java/lang/NoSuchMethodError'{0x0000000084ca3628}: 'java.lang.Object java.lang.invoke.DirectMethodHandle$Holder.invokeSpecial(java.lang.Object, java.lang.Object, java.lang.Object, java.lang.Object, int)'> (0x0000000084ca3628) 
thrown [e:\jenkins\tmp\workspace\build\src\src\hotspot\share\interpreter\linkResolver.cpp, line 766]
Event: 3.516 Thread 0x00000224fea73150 Exception <a 'java/lang/NoSuchMethodError'{0x0000000084ca71f0}: 'java.lang.Object java.lang.invoke.Invokers$Holder.linkToTargetMethod(java.lang.Object, java.lang.Object, int, java.lang.Object)'> (0x0000000084ca71f0) 
thrown [e:\jenkins\tmp\workspace\build\src\src\hotspot\share\interpreter\linkResolver.cpp, line 766]
Event: 3.594 Thread 0x00000224fea73150 Exception <a 'java/lang/NoSuchMethodError'{0x00000000848de348}: 'java.lang.Object java.lang.invoke.DirectMethodHandle$Holder.invokeStaticInit(java.lang.Object, int, int, int, int)'> (0x00000000848de348) 
thrown [e:\jenkins\tmp\workspace\build\src\src\hotspot\share\interpreter\linkResolver.cpp, line 766]
Event: 3.730 Thread 0x00000224fea73150 Exception <a 'java/lang/NoSuchMethodError'{0x0000000087f31080}: 'java.lang.Object java.lang.invoke.DirectMethodHandle$Holder.invokeStaticInit(java.lang.Object, java.lang.Object, int, int, int, int)'> (0x0000000087f31080) 
thrown [e:\jenkins\tmp\workspace\build\src\src\hotspot\share\interpreter\linkResolver.cpp, line 766]
Event: 3.911 Thread 0x00000224fea73150 Exception <a 'sun/nio/fs/WindowsException'{0x00000000830562a0}> (0x00000000830562a0) 
thrown [e:\jenkins\tmp\workspace\build\src\src\hotspot\share\prims\jni.cpp, line 516]
Event: 3.913 Thread 0x00000224fea73150 Exception <a 'sun/nio/fs/WindowsException'{0x000000008305bd40}> (0x000000008305bd40) 
thrown [e:\jenkins\tmp\workspace\build\src\src\hotspot\share\prims\jni.cpp, line 516]
Event: 3.914 Thread 0x00000224fea73150 Exception <a 'sun/nio/fs/WindowsException'{0x000000008305c438}> (0x000000008305c438) 
thrown [e:\jenkins\tmp\workspace\build\src\src\hotspot\share\prims\jni.cpp, line 516]
Event: 3.948 Thread 0x00000224fea73150 Exception <a 'java/io/FileNotFoundException'{0x0000000082f79220}> (0x0000000082f79220) 
thrown [e:\jenkins\tmp\workspace\build\src\src\hotspot\share\prims\jni.cpp, line 516]
Event: 4.000 Thread 0x00000224fea73150 Exception <a 'java/lang/NoSuchMethodError'{0x0000000082b08240}: 'int java.lang.invoke.DirectMethodHandle$Holder.invokeInterface(java.lang.Object, java.lang.Object, java.lang.Object, java.lang.Object)'> (0x0000000082b08240) 
thrown [e:\jenkins\tmp\workspace\build\src\src\hotspot\share\interpreter\linkResolver.cpp, line 766]
Event: 4.047 Thread 0x00000224fea73150 Exception <a 'java/lang/NoSuchMethodError'{0x0000000082957730}: 'long java.lang.invoke.DirectMethodHandle$Holder.invokeVirtual(java.lang.Object, java.lang.Object)'> (0x0000000082957730) 
thrown [e:\jenkins\tmp\workspace\build\src\src\hotspot\share\interpreter\linkResolver.cpp, line 766]
Event: 4.051 Thread 0x00000224fea73150 Exception <a 'java/io/FileNotFoundException'{0x00000000829872e8}> (0x00000000829872e8) 
thrown [e:\jenkins\tmp\workspace\build\src\src\hotspot\share\prims\jni.cpp, line 516]
Event: 4.123 Thread 0x00000224fea73150 Implicit null exception at 0x00000224eec18c92 to 0x00000224eec192a0

VM Operations (20 events):
Event: 3.640 Executing VM operation: G1Concurrent done
Event: 3.646 Executing VM operation: G1Concurrent
Event: 3.646 Executing VM operation: G1Concurrent done
Event: 3.863 Executing VM operation: G1CollectForAllocation
Event: 3.870 Executing VM operation: G1CollectForAllocation done
Event: 3.878 Executing VM operation: G1CollectForAllocation
Event: 3.882 Executing VM operation: G1CollectForAllocation done
Event: 3.892 Executing VM operation: G1CollectForAllocation
Event: 3.893 Executing VM operation: G1CollectForAllocation done
Event: 3.979 Executing VM operation: HandshakeAllThreads
Event: 3.979 Executing VM operation: HandshakeAllThreads done
Event: 4.025 Executing VM operation: HandshakeAllThreads
Event: 4.025 Executing VM operation: HandshakeAllThreads done
Event: 4.025 Executing VM operation: HandshakeAllThreads
Event: 4.025 Executing VM operation: HandshakeAllThreads done
Event: 4.055 Executing VM operation: HandshakeAllThreads
Event: 4.055 Executing VM operation: HandshakeAllThreads done
Event: 4.185 Executing VM operation: HandshakeAllThreads
Event: 4.185 Executing VM operation: HandshakeAllThreads done
Event: 4.201 Executing VM operation: G1CollectForAllocation

Events (20 events):
Event: 4.174 loading class java/io/SequenceInputStream
Event: 4.175 loading class java/io/SequenceInputStream done
Event: 4.179 loading class sun/nio/fs/WindowsLinkSupport
Event: 4.179 loading class sun/nio/fs/WindowsLinkSupport done
Event: 4.181 loading class sun/nio/fs/WindowsFileSystemProvider$1
Event: 4.181 loading class sun/nio/fs/WindowsFileSystemProvider$1 done
Event: 4.181 loading class sun/nio/fs/WindowsAclFileAttributeView
Event: 4.181 loading class sun/nio/fs/AbstractAclFileAttributeView
Event: 4.181 loading class java/nio/file/attribute/AclFileAttributeView
Event: 4.181 loading class java/nio/file/attribute/FileOwnerAttributeView
Event: 4.181 loading class java/nio/file/attribute/FileOwnerAttributeView done
Event: 4.181 loading class java/nio/file/attribute/AclFileAttributeView done
Event: 4.181 loading class sun/nio/fs/AbstractAclFileAttributeView done
Event: 4.181 loading class sun/nio/fs/WindowsAclFileAttributeView done
Event: 4.181 loading class sun/nio/fs/WindowsSecurity
Event: 4.181 loading class sun/nio/fs/WindowsSecurity done
Event: 4.182 loading class sun/nio/fs/WindowsFileStore
Event: 4.182 loading class java/nio/file/FileStore
Event: 4.182 loading class java/nio/file/FileStore done
Event: 4.182 loading class sun/nio/fs/WindowsFileStore done


Dynamic libraries:
0x00007ff6c9b80000 - 0x00007ff6c9b8e000 	C:\temp\eclipse-jee\plugins\org.eclipse.justj.openjdk.hotspot.jre.full.win32.x86_64_17.0.1.v20211116-1657\jre\bin\javaw.exe
0x00007ffe4fa10000 - 0x00007ffe4fc08000 	C:\windows\SYSTEM32\ntdll.dll
0x00007ffe4ee10000 - 0x00007ffe4eed2000 	C:\windows\System32\KERNEL32.DLL
0x00007ffe4d0e0000 - 0x00007ffe4d3df000 	C:\windows\System32\KERNELBASE.dll
0x00007ffe4d900000 - 0x00007ffe4da00000 	C:\windows\System32\ucrtbase.dll
0x00007ffe220b0000 - 0x00007ffe220c8000 	C:\temp\eclipse-jee\plugins\org.eclipse.justj.openjdk.hotspot.jre.full.win32.x86_64_17.0.1.v20211116-1657\jre\bin\jli.dll
0x00007ffe4f1a0000 - 0x00007ffe4f33d000 	C:\windows\System32\USER32.dll
0x00007ffe4da00000 - 0x00007ffe4da22000 	C:\windows\System32\win32u.dll
0x00007ffe4e400000 - 0x00007ffe4e42b000 	C:\windows\System32\GDI32.dll
0x00007ffe4d7e0000 - 0x00007ffe4d8fa000 	C:\windows\System32\gdi32full.dll
0x00007ffe4d3e0000 - 0x00007ffe4d47d000 	C:\windows\System32\msvcp_win.dll
0x00007ffe22090000 - 0x00007ffe220a9000 	C:\temp\eclipse-jee\plugins\org.eclipse.justj.openjdk.hotspot.jre.full.win32.x86_64_17.0.1.v20211116-1657\jre\bin\VCRUNTIME140.dll
0x00007ffe37440000 - 0x00007ffe376da000 	C:\windows\WinSxS\amd64_microsoft.windows.common-controls_6595b64144ccf1df_6.0.19041.4355_none_60b8b9eb71f62e16\COMCTL32.dll
0x00007ffe4da30000 - 0x00007ffe4dace000 	C:\windows\System32\msvcrt.dll
0x00007ffe4f9a0000 - 0x00007ffe4f9cf000 	C:\windows\System32\IMM32.DLL
0x00000224e1f70000 - 0x00000224e1f86000 	C:\windows\System32\umppc19205.dll
0x00000224e1fb0000 - 0x00000224e1fc3000 	C:\windows\System32\CsXumd64_19205.dll
0x00007ffe4ceb0000 - 0x00007ffe4cee6000 	C:\windows\system32\vmwsci.dll
0x00007ffe4eee0000 - 0x00007ffe4eee8000 	C:\windows\System32\PSAPI.DLL
0x00007ffe38740000 - 0x00007ffe3874c000 	C:\temp\eclipse-jee\plugins\org.eclipse.justj.openjdk.hotspot.jre.full.win32.x86_64_17.0.1.v20211116-1657\jre\bin\vcruntime140_1.dll
0x00007ffe21860000 - 0x00007ffe218f1000 	C:\temp\eclipse-jee\plugins\org.eclipse.justj.openjdk.hotspot.jre.full.win32.x86_64_17.0.1.v20211116-1657\jre\bin\msvcp140.dll
0x00007ffe1c610000 - 0x00007ffe1d256000 	C:\temp\eclipse-jee\plugins\org.eclipse.justj.openjdk.hotspot.jre.full.win32.x86_64_17.0.1.v20211116-1657\jre\bin\server\jvm.dll
0x00007ffe4ec90000 - 0x00007ffe4ed3f000 	C:\windows\System32\ADVAPI32.dll
0x00007ffe4e850000 - 0x00007ffe4e8ef000 	C:\windows\System32\sechost.dll
0x00007ffe4e240000 - 0x00007ffe4e363000 	C:\windows\System32\RPCRT4.dll
0x00007ffe4d0b0000 - 0x00007ffe4d0d7000 	C:\windows\System32\bcrypt.dll
0x00007ffe3f820000 - 0x00007ffe3f829000 	C:\windows\SYSTEM32\WSOCK32.dll
0x00007ffe4ea10000 - 0x00007ffe4ea7b000 	C:\windows\System32\WS2_32.dll
0x00007ffe413a0000 - 0x00007ffe413c7000 	C:\windows\SYSTEM32\WINMM.dll
0x00007ffe4be20000 - 0x00007ffe4be2a000 	C:\windows\SYSTEM32\VERSION.dll
0x00007ffe4bde0000 - 0x00007ffe4bdf2000 	C:\windows\SYSTEM32\kernel.appcore.dll
0x00007ffe3b000000 - 0x00007ffe3b00a000 	C:\temp\eclipse-jee\plugins\org.eclipse.justj.openjdk.hotspot.jre.full.win32.x86_64_17.0.1.v20211116-1657\jre\bin\jimage.dll
0x00007ffe4a9d0000 - 0x00007ffe4abb4000 	C:\windows\SYSTEM32\DBGHELP.DLL
0x00007ffe46340000 - 0x00007ffe46374000 	C:\windows\SYSTEM32\dbgcore.DLL
0x00007ffe4d6e0000 - 0x00007ffe4d762000 	C:\windows\System32\bcryptPrimitives.dll
0x00007ffe387a0000 - 0x00007ffe387c5000 	C:\temp\eclipse-jee\plugins\org.eclipse.justj.openjdk.hotspot.jre.full.win32.x86_64_17.0.1.v20211116-1657\jre\bin\java.dll
0x00007ffe2fa50000 - 0x00007ffe2fa68000 	C:\temp\eclipse-jee\plugins\org.eclipse.justj.openjdk.hotspot.jre.full.win32.x86_64_17.0.1.v20211116-1657\jre\bin\zip.dll
0x00007ffe4dad0000 - 0x00007ffe4e23d000 	C:\windows\System32\SHELL32.dll
0x00007ffe4b630000 - 0x00007ffe4bdd4000 	C:\windows\SYSTEM32\windows.storage.dll
0x00007ffe4e4e0000 - 0x00007ffe4e835000 	C:\windows\System32\combase.dll
0x00007ffe4ca30000 - 0x00007ffe4ca5b000 	C:\windows\SYSTEM32\Wldp.dll
0x00007ffe4ed40000 - 0x00007ffe4ee0d000 	C:\windows\System32\OLEAUT32.dll
0x00007ffe4e960000 - 0x00007ffe4ea0d000 	C:\windows\System32\SHCORE.dll
0x00007ffe4f140000 - 0x00007ffe4f195000 	C:\windows\System32\shlwapi.dll
0x00007ffe4cfe0000 - 0x00007ffe4d005000 	C:\windows\SYSTEM32\profapi.dll
0x00007ffe22760000 - 0x00007ffe22779000 	C:\temp\eclipse-jee\plugins\org.eclipse.justj.openjdk.hotspot.jre.full.win32.x86_64_17.0.1.v20211116-1657\jre\bin\net.dll
0x00007ffe47140000 - 0x00007ffe4724a000 	C:\windows\SYSTEM32\WINHTTP.dll
0x00007ffe4c790000 - 0x00007ffe4c7fc000 	C:\windows\system32\mswsock.dll
0x00007ffe22740000 - 0x00007ffe22755000 	C:\temp\eclipse-jee\plugins\org.eclipse.justj.openjdk.hotspot.jre.full.win32.x86_64_17.0.1.v20211116-1657\jre\bin\nio.dll
0x00007ffe38b20000 - 0x00007ffe38b29000 	C:\temp\eclipse-jee\plugins\org.eclipse.justj.openjdk.hotspot.jre.full.win32.x86_64_17.0.1.v20211116-1657\jre\bin\management.dll
0x00007ffe38840000 - 0x00007ffe3884b000 	C:\temp\eclipse-jee\plugins\org.eclipse.justj.openjdk.hotspot.jre.full.win32.x86_64_17.0.1.v20211116-1657\jre\bin\management_ext.dll
0x00007ffe39800000 - 0x00007ffe3980e000 	C:\temp\eclipse-jee\plugins\org.eclipse.justj.openjdk.hotspot.jre.full.win32.x86_64_17.0.1.v20211116-1657\jre\bin\sunmscapi.dll
0x00007ffe4d580000 - 0x00007ffe4d6dc000 	C:\windows\System32\CRYPT32.dll
0x00007ffe4caa0000 - 0x00007ffe4cac7000 	C:\windows\SYSTEM32\ncrypt.dll
0x00007ffe4ca60000 - 0x00007ffe4ca9b000 	C:\windows\SYSTEM32\NTASN1.dll
0x00007ffe4c980000 - 0x00007ffe4c998000 	C:\windows\SYSTEM32\CRYPTSP.dll
0x00007ffe4c0b0000 - 0x00007ffe4c0e8000 	C:\windows\system32\rsaenh.dll
0x00007ffe4cfa0000 - 0x00007ffe4cfce000 	C:\windows\SYSTEM32\USERENV.dll
0x00007ffe4c9a0000 - 0x00007ffe4c9ac000 	C:\windows\SYSTEM32\CRYPTBASE.dll
0x00007ffe4c470000 - 0x00007ffe4c4ab000 	C:\windows\SYSTEM32\IPHLPAPI.DLL
0x00007ffe4e840000 - 0x00007ffe4e848000 	C:\windows\System32\NSI.dll
0x00007ffe479c0000 - 0x00007ffe479d7000 	C:\windows\SYSTEM32\dhcpcsvc6.DLL
0x00007ffe479a0000 - 0x00007ffe479bd000 	C:\windows\SYSTEM32\dhcpcsvc.DLL
0x00007ffe4c4b0000 - 0x00007ffe4c57a000 	C:\windows\SYSTEM32\DNSAPI.dll

dbghelp: loaded successfully - version: 4.0.5 - missing functions: none
symbol engine: initialized successfully - sym options: 0x614 - pdb path: .;C:\temp\eclipse-jee\plugins\org.eclipse.justj.openjdk.hotspot.jre.full.win32.x86_64_17.0.1.v20211116-1657\jre\bin;C:\windows\SYSTEM32;C:\windows\WinSxS\amd64_microsoft.windows.common-controls_6595b64144ccf1df_6.0.19041.4355_none_60b8b9eb71f62e16;C:\temp\eclipse-jee\plugins\org.eclipse.justj.openjdk.hotspot.jre.full.win32.x86_64_17.0.1.v20211116-1657\jre\bin\server

VM Arguments:
jvm_args: -Dfile.encoding=UTF-8 -XX:+ShowCodeDetailsInExceptionMessages 
java_command: com.hotel.managementsystem.ManagementsystemApplication
java_class_path (initial): C:\temp\Sprint2\Backend\managementsystem\managementsystem\managementsystem\target\classes;C:\Users\2786682\.m2\repository\org\springframework\boot\spring-boot-starter-data-jpa\3.4.4\spring-boot-starter-data-jpa-3.4.4.jar;C:\Users\2786682\.m2\repository\org\springframework\boot\spring-boot-starter\3.4.4\spring-boot-starter-3.4.4.jar;C:\Users\2786682\.m2\repository\org\springframework\boot\spring-boot-starter-logging\3.4.4\spring-boot-starter-logging-3.4.4.jar;C:\Users\2786682\.m2\repository\ch\qos\logback\logback-classic\1.5.18\logback-classic-1.5.18.jar;C:\Users\2786682\.m2\repository\ch\qos\logback\logback-core\1.5.18\logback-core-1.5.18.jar;C:\Users\2786682\.m2\repository\org\apache\logging\log4j\log4j-to-slf4j\2.24.3\log4j-to-slf4j-2.24.3.jar;C:\Users\2786682\.m2\repository\org\apache\logging\log4j\log4j-api\2.24.3\log4j-api-2.24.3.jar;C:\Users\2786682\.m2\repository\org\slf4j\jul-to-slf4j\2.0.17\jul-to-slf4j-2.0.17.jar;C:\Users\2786682\.m2\repository\jakarta\annotation\jakarta.annotation-api\2.1.1\jakarta.annotation-api-2.1.1.jar;C:\Users\2786682\.m2\repository\org\yaml\snakeyaml\2.3\snakeyaml-2.3.jar;C:\Users\2786682\.m2\repository\org\springframework\boot\spring-boot-starter-jdbc\3.4.4\spring-boot-starter-jdbc-3.4.4.jar;C:\Users\2786682\.m2\repository\com\zaxxer\HikariCP\5.1.0\HikariCP-5.1.0.jar;C:\Users\2786682\.m2\repository\org\springframework\spring-jdbc\6.2.5\spring-jdbc-6.2.5.jar;C:\Users\2786682\.m2\repository\org\hibernate\orm\hibernate-core\6.6.11.Final\hibernate-core-6.6.11.Final.jar;C:\Users\2786682\.m2\repository\jakarta\persistence\jakarta.persistence-api\3.1.0\jakarta.persistence-api-3.1.0.jar;C:\Users\2786682\.m2\repository\jakarta\transaction\jakarta.transaction-api\2.0.1\jakarta.transaction-api-2.0.1.jar;C:\Users\2786682\.m2\repository\org\jboss\logging\jboss-logging\3.6.1.Final\jboss-logging-3.6.1.Final.jar;C:\Users\2786682\.m2\repository\org\hibernate\common\hibernate-commons-annotations\7.0.3.Final\hibernate-com
Launcher Type: SUN_STANDARD

[Global flags]
     intx CICompilerCount                          = 3                                         {product} {ergonomic}
     uint ConcGCThreads                            = 1                                         {product} {ergonomic}
     uint G1ConcRefinementThreads                  = 4                                         {product} {ergonomic}
   size_t G1HeapRegionSize                         = 1048576                                   {product} {ergonomic}
    uintx GCDrainStackTargetSize                   = 64                                        {product} {ergonomic}
   size_t InitialHeapSize                          = 134217728                                 {product} {ergonomic}
   size_t MarkStackSize                            = 4194304                                   {product} {ergonomic}
   size_t MaxHeapSize                              = 2147483648                                {product} {ergonomic}
   size_t MaxNewSize                               = 1287651328                                {product} {ergonomic}
   size_t MinHeapDeltaBytes                        = 1048576                                   {product} {ergonomic}
   size_t MinHeapSize                              = 8388608                                   {product} {ergonomic}
    uintx NonNMethodCodeHeapSize                   = 5832780                                {pd product} {ergonomic}
    uintx NonProfiledCodeHeapSize                  = 122912730                              {pd product} {ergonomic}
    uintx ProfiledCodeHeapSize                     = 122912730                              {pd product} {ergonomic}
    uintx ReservedCodeCacheSize                    = 251658240                              {pd product} {ergonomic}
     bool SegmentedCodeCache                       = true                                      {product} {ergonomic}
     bool ShowCodeDetailsInExceptionMessages       = true                                   {manageable} {command line}
   size_t SoftMaxHeapSize                          = 2147483648                             {manageable} {ergonomic}
     bool UseCompressedClassPointers               = true                           {product lp64_product} {ergonomic}
     bool UseCompressedOops                        = true                           {product lp64_product} {ergonomic}
     bool UseG1GC                                  = true                                      {product} {ergonomic}
     bool UseLargePagesIndividualAllocation        = false                                  {pd product} {ergonomic}

Logging:
Log output configuration:
 #0: stdout all=warning uptime,level,tags
 #1: stderr all=off uptime,level,tags

Environment Variables:
JAVA_HOME=C:\Program Files\OpenLogic\jdk-17.0.12.7-hotspot\
PATH=C:/temp/eclipse-jee//plugins/org.eclipse.justj.openjdk.hotspot.jre.full.win32.x86_64_17.0.1.v20211116-1657/jre/bin/server;C:/temp/eclipse-jee//plugins/org.eclipse.justj.openjdk.hotspot.jre.full.win32.x86_64_17.0.1.v20211116-1657/jre/bin;C:\Program Files\OpenLogic\jdk-17.0.12.7-hotspot\bin;C:\Program Files\Python312\Scripts\;C:\Program Files\Python312\;C:\windows\system32;C:\windows;C:\windows\System32\Wbem;C:\windows\System32\WindowsPowerShell\v1.0\;C:\windows\System32\OpenSSH\;C:\Program Files\Git\cmd;C:\Program Files\TortoiseGit\bin;C:\temp\java-1.8.0-openjdk-1.8.0.265-3\bin;C:\temp\java-1.8.0-openjdk-1.8.0.265-3\jre\bin;C:\temp\New folder\tomcat-9.0.72\bin;C:\temp\New folder\cli-8.19.3\bin;C:\Program Files\Common Files\ThinPrint\;C:\Program Files\nodejs\;C:\temp\New folder\node_modules\.bin;C:\Program Files\Microsoft VS Code\bin;C:\Users\2786682\AppData\Local\Microsoft\WindowsApps;;C:\temp\eclipse-jee;
USERNAME=2786682
OS=Windows_NT
PROCESSOR_IDENTIFIER=Intel64 Family 6 Model 85 Stepping 4, GenuineIntel



---------------  S Y S T E M  ---------------

OS:
 Windows 10 , 64 bit Build 19041 (10.0.19041.5438)
OS uptime: 8 days 5:39 hours
VMWare virtualization detected

CPU: total 4 (initial active 4) (2 cores per cpu, 1 threads per core) family 6 model 85 stepping 4 microcode 0x2007006, cx8, cmov, fxsr, mmx, 3dnowpref, sse, sse2, sse3, ssse3, sse4.1, sse4.2, popcnt, lzcnt, tsc, tscinvbit, avx, avx2, aes, erms, clmul, bmi1, bmi2, adx, fma, vzeroupper, clflush, clflushopt, clwb, hv

Memory: 4k page, system-wide physical 8191M (992M free)
TotalPageFile size 8702M (AvailPageFile size 39M)
current process WorkingSet (physical memory assigned to process): 207M, peak: 225M
current process commit charge ("private bytes"): 237M, peak: 291M

vm_info: OpenJDK 64-Bit Server VM (17.0.1+12) for windows-amd64 JRE (17.0.1+12), built on Oct 20 2021 07:42:55 by "" with MS VC++ 16.7 (VS2019)

END.
