#
# There is insufficient memory for the Java Runtime Environment to continue.
# Native memory allocation (malloc) failed to allocate 136496 bytes for Chunk::new
# Possible reasons:
#   The system is out of physical RAM or swap space
#   The process is running with CompressedOops enabled, and the Java Heap may be blocking the growth of the native heap
# Possible solutions:
#   Reduce memory load on the system
#   Increase physical memory or swap space
#   Check if swap backing store is full
#   Decrease Java heap size (-Xmx/-Xms)
#   Decrease number of Java threads
#   Decrease Java thread stack sizes (-Xss)
#   Set larger code cache with -XX:ReservedCodeCacheSize=
#   JVM is running with Unscaled Compressed Oops mode in which the Java heap is
#     placed in the first 4GB address space. The Java Heap base address is the
#     maximum limit for the native heap growth. Please use -XX:HeapBaseMinAddress
#     to set the Java Heap base and to place the Java Heap above 4GB virtual address.
# This output file may be truncated or incomplete.
#
#  Out of Memory Error (arena.cpp:189), pid=12660, tid=5124
#
# JRE version: OpenJDK Runtime Environment Temurin-17.0.1+12 (17.0.1+12) (build 17.0.1+12)
# Java VM: OpenJDK 64-Bit Server VM Temurin-17.0.1+12 (17.0.1+12, mixed mode, tiered, compressed oops, compressed class ptrs, g1 gc, windows-amd64)
# No core dump will be written. Minidumps are not enabled by default on client versions of Windows
#

---------------  S U M M A R Y ------------

Command Line: -Dfile.encoding=UTF-8 -XX:+ShowCodeDetailsInExceptionMessages com.hotel.managementsystem.ManagementsystemApplication

Host: Intel(R) Xeon(R) Gold 6254 CPU @ 3.10GHz, 4 cores, 7G,  Windows 10 , 64 bit Build 19041 (10.0.19041.5438)
Time: Wed Apr 16 11:51:12 2025 India Standard Time elapsed time: 17.673429 seconds (0d 0h 0m 17s)

---------------  T H R E A D  ---------------

Current thread (0x0000019deac0ac40):  JavaThread "C2 CompilerThread0" daemon [_thread_in_native, id=5124, stack(0x00000055c0e00000,0x00000055c0f00000)]


Current CompileTask:
C2:  17673 5238       4       java.lang.invoke.MethodType::equals (56 bytes)

Stack: [0x00000055c0e00000,0x00000055c0f00000]
Native frames: (J=compiled Java code, j=interpreted, Vv=VM code, C=native code)
V  [jvm.dll+0x6744da]
V  [jvm.dll+0x82e144]
V  [jvm.dll+0x82f8ee]
V  [jvm.dll+0x82ff53]
V  [jvm.dll+0x245175]
V  [jvm.dll+0xab85b]
V  [jvm.dll+0xabdec]
V  [jvm.dll+0x2abf6f]
V  [jvm.dll+0x57b849]
V  [jvm.dll+0x22022d]
V  [jvm.dll+0x22060f]
V  [jvm.dll+0x219e6a]
V  [jvm.dll+0x217345]
V  [jvm.dll+0x1a355d]
V  [jvm.dll+0x226e38]
V  [jvm.dll+0x224f7c]
V  [jvm.dll+0x7e3f5b]
V  [jvm.dll+0x7de51a]
V  [jvm.dll+0x673305]
C  [ucrtbase.dll+0x21bb2]
C  [KERNEL32.DLL+0x17374]
C  [ntdll.dll+0x4cc91]


---------------  P R O C E S S  ---------------

Threads class SMR info:
_java_thread_list=0x0000019df070f060, length=33, elements={
0x0000019dea15b1a0, 0x0000019dea164b30, 0x0000019deac00480, 0x0000019deac00d40,
0x0000019deac04180, 0x0000019deac08ba0, 0x0000019deac0ac40, 0x0000019deac0bab0,
0x0000019deac0d7f0, 0x0000019dead93790, 0x0000019deadb3920, 0x0000019defb51b60,
0x0000019df04be830, 0x0000019decc13780, 0x0000019dec997730, 0x0000019dec9968c0,
0x0000019dec995580, 0x0000019dec995a50, 0x0000019dec9950b0, 0x0000019dec994240,
0x0000019dec993d70, 0x0000019dec997260, 0x0000019dec9963f0, 0x0000019df14b0d00,
0x0000019df14af020, 0x0000019df14b11d0, 0x0000019df14ae680, 0x0000019df14b16a0,
0x0000019df14b1b70, 0x0000019df14af9c0, 0x0000019df14b2040, 0x0000019df14b2510,
0x0000019df14b29e0
}

Java Threads: ( => current thread )
  0x0000019dea15b1a0 JavaThread "Reference Handler" daemon [_thread_blocked, id=13636, stack(0x00000055c0800000,0x00000055c0900000)]
  0x0000019dea164b30 JavaThread "Finalizer" daemon [_thread_blocked, id=4824, stack(0x00000055c0900000,0x00000055c0a00000)]
  0x0000019deac00480 JavaThread "Signal Dispatcher" daemon [_thread_blocked, id=5320, stack(0x00000055c0a00000,0x00000055c0b00000)]
  0x0000019deac00d40 JavaThread "Attach Listener" daemon [_thread_blocked, id=5760, stack(0x00000055c0b00000,0x00000055c0c00000)]
  0x0000019deac04180 JavaThread "Service Thread" daemon [_thread_blocked, id=6924, stack(0x00000055c0c00000,0x00000055c0d00000)]
  0x0000019deac08ba0 JavaThread "Monitor Deflation Thread" daemon [_thread_blocked, id=7456, stack(0x00000055c0d00000,0x00000055c0e00000)]
=>0x0000019deac0ac40 JavaThread "C2 CompilerThread0" daemon [_thread_in_native, id=5124, stack(0x00000055c0e00000,0x00000055c0f00000)]
  0x0000019deac0bab0 JavaThread "C1 CompilerThread0" daemon [_thread_blocked, id=11600, stack(0x00000055c0f00000,0x00000055c1000000)]
  0x0000019deac0d7f0 JavaThread "Sweeper thread" daemon [_thread_blocked, id=15904, stack(0x00000055c1000000,0x00000055c1100000)]
  0x0000019dead93790 JavaThread "Notification Thread" daemon [_thread_blocked, id=8032, stack(0x00000055c1100000,0x00000055c1200000)]
  0x0000019deadb3920 JavaThread "Common-Cleaner" daemon [_thread_blocked, id=12100, stack(0x00000055c1300000,0x00000055c1400000)]
  0x0000019defb51b60 JavaThread "Catalina-utility-1" [_thread_blocked, id=15656, stack(0x00000055c1a00000,0x00000055c1b00000)]
  0x0000019df04be830 JavaThread "Catalina-utility-2" [_thread_blocked, id=3756, stack(0x00000055c1b00000,0x00000055c1c00000)]
  0x0000019decc13780 JavaThread "container-0" [_thread_blocked, id=2832, stack(0x00000055c1c00000,0x00000055c1d00000)]
  0x0000019dec997730 JavaThread "MVStore background writer C:/data/HotelUserDetails.mv.db" daemon [_thread_blocked, id=13188, stack(0x00000055c1d00000,0x00000055c1e00000)]
  0x0000019dec9968c0 JavaThread "HikariPool-1 housekeeper" daemon [_thread_blocked, id=2012, stack(0x00000055c1e00000,0x00000055c1f00000)]
  0x0000019dec995580 JavaThread "H2-serialization" daemon [_thread_blocked, id=2140, stack(0x00000055c2000000,0x00000055c2100000)]
  0x0000019dec995a50 JavaThread "H2-save" daemon [_thread_blocked, id=15688, stack(0x00000055c2100000,0x00000055c2200000)]
  0x0000019dec9950b0 JavaThread "File Watcher" daemon [_thread_blocked, id=16064, stack(0x00000055c2200000,0x00000055c2300000)]
  0x0000019dec994240 JavaThread "Live Reload Server" daemon [_thread_in_native, id=15456, stack(0x00000055c2400000,0x00000055c2500000)]
  0x0000019dec993d70 JavaThread "http-nio-8080-exec-1" daemon [_thread_in_vm, id=8144, stack(0x00000055c2300000,0x00000055c2400000)]
  0x0000019dec997260 JavaThread "http-nio-8080-exec-2" daemon [_thread_blocked, id=204, stack(0x00000055c2500000,0x00000055c2600000)]
  0x0000019dec9963f0 JavaThread "http-nio-8080-exec-3" daemon [_thread_blocked, id=4816, stack(0x00000055c2600000,0x00000055c2700000)]
  0x0000019df14b0d00 JavaThread "http-nio-8080-exec-4" daemon [_thread_blocked, id=14876, stack(0x00000055c2700000,0x00000055c2800000)]
  0x0000019df14af020 JavaThread "http-nio-8080-exec-5" daemon [_thread_blocked, id=11368, stack(0x00000055c2800000,0x00000055c2900000)]
  0x0000019df14b11d0 JavaThread "http-nio-8080-exec-6" daemon [_thread_blocked, id=4436, stack(0x00000055c2900000,0x00000055c2a00000)]
  0x0000019df14ae680 JavaThread "http-nio-8080-exec-7" daemon [_thread_blocked, id=9360, stack(0x00000055c2a00000,0x00000055c2b00000)]
  0x0000019df14b16a0 JavaThread "http-nio-8080-exec-8" daemon [_thread_blocked, id=16300, stack(0x00000055c2b00000,0x00000055c2c00000)]
  0x0000019df14b1b70 JavaThread "http-nio-8080-exec-9" daemon [_thread_blocked, id=15676, stack(0x00000055c2c00000,0x00000055c2d00000)]
  0x0000019df14af9c0 JavaThread "http-nio-8080-exec-10" daemon [_thread_blocked, id=12628, stack(0x00000055c2d00000,0x00000055c2e00000)]
  0x0000019df14b2040 JavaThread "http-nio-8080-Poller" daemon [_thread_in_native, id=472, stack(0x00000055c2e00000,0x00000055c2f00000)]
  0x0000019df14b2510 JavaThread "http-nio-8080-Acceptor" daemon [_thread_in_native, id=11540, stack(0x00000055c2f00000,0x00000055c3000000)]
  0x0000019df14b29e0 JavaThread "DestroyJavaVM" [_thread_blocked, id=628, stack(0x00000055c0100000,0x00000055c0200000)]

Other Threads:
  0x0000019dea1864d0 VMThread "VM Thread" [stack: 0x00000055c0700000,0x00000055c0800000] [id=5016]
  0x0000019dead93c60 WatcherThread [stack: 0x00000055c1200000,0x00000055c1300000] [id=9220]
  0x0000019dd0a3a4e0 GCTaskThread "GC Thread#0" [stack: 0x00000055c0200000,0x00000055c0300000] [id=7004]
  0x0000019deb575900 GCTaskThread "GC Thread#1" [stack: 0x00000055c1400000,0x00000055c1500000] [id=9488]
  0x0000019deb575bb0 GCTaskThread "GC Thread#2" [stack: 0x00000055c1500000,0x00000055c1600000] [id=10980]
  0x0000019deb5de310 GCTaskThread "GC Thread#3" [stack: 0x00000055c1600000,0x00000055c1700000] [id=5396]
  0x0000019dd0a4b420 ConcurrentGCThread "G1 Main Marker" [stack: 0x00000055c0300000,0x00000055c0400000] [id=13596]
  0x0000019dd0a4be30 ConcurrentGCThread "G1 Conc#0" [stack: 0x00000055c0400000,0x00000055c0500000] [id=11092]
  0x0000019dd0aa48b0 ConcurrentGCThread "G1 Refine#0" [stack: 0x00000055c0500000,0x00000055c0600000] [id=8012]
  0x0000019de9fd10a0 ConcurrentGCThread "G1 Service" [stack: 0x00000055c0600000,0x00000055c0700000] [id=14320]

Threads with active compile tasks:
C2 CompilerThread0    17719 5238       4       java.lang.invoke.MethodType::equals (56 bytes)

VM state: not at safepoint (normal execution)

VM Mutex/Monitor currently owned by a thread:  ([mutex/lock_event])
[0x0000019dd09f7370] Metaspace_lock - owner thread: 0x0000019dec993d70

Heap address: 0x0000000080000000, size: 2048 MB, Compressed Oops mode: 32-bit

CDS archive(s) not mapped
Compressed class space mapped at: 0x0000000100000000-0x0000000140000000, reserved size: 1073741824
Narrow klass base: 0x0000000000000000, Narrow klass shift: 3, Narrow klass range: 0x140000000

GC Precious Log:
 CPUs: 4 total, 4 available
 Memory: 8191M
 Large Page Support: Disabled
 NUMA Support: Disabled
 Compressed Oops: Enabled (32-bit)
 Heap Region Size: 1M
 Heap Min Capacity: 8M
 Heap Initial Capacity: 128M
 Heap Max Capacity: 2G
 Pre-touch: Disabled
 Parallel Workers: 4
 Concurrent Workers: 1
 Concurrent Refinement Workers: 4
 Periodic GC: Disabled

Heap:
 garbage-first heap   total 96256K, used 64565K [0x0000000080000000, 0x0000000100000000)
  region size 1024K, 42 young (43008K), 6 survivors (6144K)
 Metaspace       used 74479K, committed 75072K, reserved 1122304K
  class space    used 9671K, committed 9984K, reserved 1048576K

Heap Regions: E=young(eden), S=young(survivor), O=old, HS=humongous(starts), HC=humongous(continues), CS=collection set, F=free, OA=open archive, CA=closed archive, TAMS=top-at-mark-start (previous, next)
|   0|0x0000000080000000, 0x0000000080100000, 0x0000000080100000|100%|HS|  |TAMS 0x0000000080100000, 0x0000000080000000| Complete 
|   1|0x0000000080100000, 0x0000000080200000, 0x0000000080200000|100%|HS|  |TAMS 0x0000000080200000, 0x0000000080100000| Complete 
|   2|0x0000000080200000, 0x0000000080300000, 0x0000000080300000|100%| O|  |TAMS 0x0000000080300000, 0x0000000080200000| Untracked 
|   3|0x0000000080300000, 0x0000000080400000, 0x0000000080400000|100%| O|  |TAMS 0x0000000080400000, 0x0000000080300000| Untracked 
|   4|0x0000000080400000, 0x0000000080500000, 0x0000000080500000|100%| O|  |TAMS 0x0000000080500000, 0x0000000080400000| Untracked 
|   5|0x0000000080500000, 0x0000000080600000, 0x0000000080600000|100%| O|  |TAMS 0x0000000080600000, 0x0000000080500000| Untracked 
|   6|0x0000000080600000, 0x0000000080700000, 0x0000000080700000|100%| O|  |TAMS 0x0000000080700000, 0x0000000080600000| Untracked 
|   7|0x0000000080700000, 0x0000000080800000, 0x0000000080800000|100%| O|  |TAMS 0x0000000080800000, 0x0000000080700000| Untracked 
|   8|0x0000000080800000, 0x0000000080900000, 0x0000000080900000|100%| O|  |TAMS 0x0000000080900000, 0x0000000080800000| Untracked 
|   9|0x0000000080900000, 0x0000000080a00000, 0x0000000080a00000|100%| O|  |TAMS 0x0000000080a00000, 0x0000000080900000| Untracked 
|  10|0x0000000080a00000, 0x0000000080b00000, 0x0000000080b00000|100%| O|  |TAMS 0x0000000080b00000, 0x0000000080a00000| Untracked 
|  11|0x0000000080b00000, 0x0000000080c00000, 0x0000000080c00000|100%| O|  |TAMS 0x0000000080c00000, 0x0000000080b00000| Untracked 
|  12|0x0000000080c00000, 0x0000000080d00000, 0x0000000080d00000|100%| O|  |TAMS 0x0000000080d00000, 0x0000000080c00000| Untracked 
|  13|0x0000000080d00000, 0x0000000080d40800, 0x0000000080e00000| 25%| O|  |TAMS 0x0000000080d40800, 0x0000000080d00000| Untracked 
|  14|0x0000000080e00000, 0x0000000080f00000, 0x0000000080f00000|100%| O|  |TAMS 0x0000000080f00000, 0x0000000080e00000| Untracked 
|  15|0x0000000080f00000, 0x0000000081000000, 0x0000000081000000|100%| O|  |TAMS 0x0000000081000000, 0x0000000080f00000| Untracked 
|  16|0x0000000081000000, 0x0000000081100000, 0x0000000081100000|100%| O|  |TAMS 0x00000000810dea00, 0x0000000081000000| Untracked 
|  17|0x0000000081100000, 0x0000000081200000, 0x0000000081200000|100%|HS|  |TAMS 0x0000000081200000, 0x0000000081100000| Complete 
|  18|0x0000000081200000, 0x0000000081300000, 0x0000000081300000|100%|HC|  |TAMS 0x0000000081300000, 0x0000000081200000| Complete 
|  19|0x0000000081300000, 0x0000000081400000, 0x0000000081400000|100%| O|  |TAMS 0x0000000081300000, 0x0000000081300000| Untracked 
|  20|0x0000000081400000, 0x0000000081466e00, 0x0000000081500000| 40%| O|  |TAMS 0x0000000081400000, 0x0000000081400000| Untracked 
|  21|0x0000000081500000, 0x0000000081600000, 0x0000000081600000|100%| O|  |TAMS 0x0000000081500000, 0x0000000081500000| Untracked 
|  22|0x0000000081600000, 0x0000000081700000, 0x0000000081700000|100%| O|  |TAMS 0x0000000081600000, 0x0000000081600000| Untracked 
|  23|0x0000000081700000, 0x000000008177f600, 0x0000000081800000| 49%| O|  |TAMS 0x0000000081700000, 0x0000000081700000| Untracked 
|  24|0x0000000081800000, 0x0000000081800000, 0x0000000081900000|  0%| F|  |TAMS 0x0000000081800000, 0x0000000081800000| Untracked 
|  25|0x0000000081900000, 0x0000000081900000, 0x0000000081a00000|  0%| F|  |TAMS 0x0000000081900000, 0x0000000081900000| Untracked 
|  26|0x0000000081a00000, 0x0000000081a00000, 0x0000000081b00000|  0%| F|  |TAMS 0x0000000081a00000, 0x0000000081a00000| Untracked 
|  27|0x0000000081b00000, 0x0000000081b00000, 0x0000000081c00000|  0%| F|  |TAMS 0x0000000081b00000, 0x0000000081b00000| Untracked 
|  28|0x0000000081c00000, 0x0000000081c00000, 0x0000000081d00000|  0%| F|  |TAMS 0x0000000081c00000, 0x0000000081c00000| Untracked 
|  29|0x0000000081d00000, 0x0000000081d00000, 0x0000000081e00000|  0%| F|  |TAMS 0x0000000081d00000, 0x0000000081d00000| Untracked 
|  30|0x0000000081e00000, 0x0000000081e00000, 0x0000000081f00000|  0%| F|  |TAMS 0x0000000081e00000, 0x0000000081e00000| Untracked 
|  31|0x0000000081f00000, 0x0000000081f00000, 0x0000000082000000|  0%| F|  |TAMS 0x0000000081f00000, 0x0000000081f00000| Untracked 
|  32|0x0000000082000000, 0x00000000820e69d0, 0x0000000082100000| 90%| S|CS|TAMS 0x0000000082000000, 0x0000000082000000| Complete 
|  33|0x0000000082100000, 0x0000000082200000, 0x0000000082200000|100%| S|CS|TAMS 0x0000000082100000, 0x0000000082100000| Complete 
|  34|0x0000000082200000, 0x0000000082300000, 0x0000000082300000|100%| S|CS|TAMS 0x0000000082200000, 0x0000000082200000| Complete 
|  35|0x0000000082300000, 0x0000000082400000, 0x0000000082400000|100%| S|CS|TAMS 0x0000000082300000, 0x0000000082300000| Complete 
|  36|0x0000000082400000, 0x0000000082500000, 0x0000000082500000|100%| S|CS|TAMS 0x0000000082400000, 0x0000000082400000| Complete 
|  37|0x0000000082500000, 0x0000000082600000, 0x0000000082600000|100%| S|CS|TAMS 0x0000000082500000, 0x0000000082500000| Complete 
|  38|0x0000000082600000, 0x0000000082600000, 0x0000000082700000|  0%| F|  |TAMS 0x0000000082600000, 0x0000000082600000| Untracked 
|  39|0x0000000082700000, 0x0000000082700000, 0x0000000082800000|  0%| F|  |TAMS 0x0000000082700000, 0x0000000082700000| Untracked 
|  40|0x0000000082800000, 0x0000000082800000, 0x0000000082900000|  0%| F|  |TAMS 0x0000000082800000, 0x0000000082800000| Untracked 
|  41|0x0000000082900000, 0x0000000082900000, 0x0000000082a00000|  0%| F|  |TAMS 0x0000000082900000, 0x0000000082900000| Untracked 
|  42|0x0000000082a00000, 0x0000000082a00000, 0x0000000082b00000|  0%| F|  |TAMS 0x0000000082a00000, 0x0000000082a00000| Untracked 
|  43|0x0000000082b00000, 0x0000000082b00000, 0x0000000082c00000|  0%| F|  |TAMS 0x0000000082b00000, 0x0000000082b00000| Untracked 
|  44|0x0000000082c00000, 0x0000000082c00000, 0x0000000082d00000|  0%| F|  |TAMS 0x0000000082c00000, 0x0000000082c00000| Untracked 
|  45|0x0000000082d00000, 0x0000000082d00000, 0x0000000082e00000|  0%| F|  |TAMS 0x0000000082d00000, 0x0000000082d00000| Untracked 
|  46|0x0000000082e00000, 0x0000000082e00000, 0x0000000082f00000|  0%| F|  |TAMS 0x0000000082e00000, 0x0000000082e00000| Untracked 
|  47|0x0000000082f00000, 0x0000000082f00000, 0x0000000083000000|  0%| F|  |TAMS 0x0000000082f00000, 0x0000000082f00000| Untracked 
|  48|0x0000000083000000, 0x0000000083000000, 0x0000000083100000|  0%| F|  |TAMS 0x0000000083000000, 0x0000000083000000| Untracked 
|  49|0x0000000083100000, 0x0000000083100000, 0x0000000083200000|  0%| F|  |TAMS 0x0000000083100000, 0x0000000083100000| Untracked 
|  50|0x0000000083200000, 0x0000000083200000, 0x0000000083300000|  0%| F|  |TAMS 0x0000000083200000, 0x0000000083200000| Untracked 
|  51|0x0000000083300000, 0x0000000083300000, 0x0000000083400000|  0%| F|  |TAMS 0x0000000083300000, 0x0000000083300000| Untracked 
|  52|0x0000000083400000, 0x0000000083400000, 0x0000000083500000|  0%| F|  |TAMS 0x0000000083400000, 0x0000000083400000| Untracked 
|  53|0x0000000083500000, 0x0000000083500000, 0x0000000083600000|  0%| F|  |TAMS 0x0000000083500000, 0x0000000083500000| Untracked 
|  54|0x0000000083600000, 0x0000000083600000, 0x0000000083700000|  0%| F|  |TAMS 0x0000000083600000, 0x0000000083600000| Untracked 
|  55|0x0000000083700000, 0x0000000083700000, 0x0000000083800000|  0%| F|  |TAMS 0x0000000083700000, 0x0000000083700000| Untracked 
|  56|0x0000000083800000, 0x0000000083800000, 0x0000000083900000|  0%| F|  |TAMS 0x0000000083800000, 0x0000000083800000| Untracked 
|  57|0x0000000083900000, 0x0000000083900000, 0x0000000083a00000|  0%| F|  |TAMS 0x0000000083900000, 0x0000000083900000| Untracked 
|  58|0x0000000083a00000, 0x0000000083b00000, 0x0000000083b00000|100%| E|  |TAMS 0x0000000083a00000, 0x0000000083a00000| Complete 
|  59|0x0000000083b00000, 0x0000000083c00000, 0x0000000083c00000|100%| E|CS|TAMS 0x0000000083b00000, 0x0000000083b00000| Complete 
|  60|0x0000000083c00000, 0x0000000083d00000, 0x0000000083d00000|100%| E|CS|TAMS 0x0000000083c00000, 0x0000000083c00000| Complete 
|  61|0x0000000083d00000, 0x0000000083e00000, 0x0000000083e00000|100%| E|CS|TAMS 0x0000000083d00000, 0x0000000083d00000| Complete 
|  62|0x0000000083e00000, 0x0000000083f00000, 0x0000000083f00000|100%| E|CS|TAMS 0x0000000083e00000, 0x0000000083e00000| Complete 
|  63|0x0000000083f00000, 0x0000000084000000, 0x0000000084000000|100%| E|CS|TAMS 0x0000000083f00000, 0x0000000083f00000| Complete 
|  64|0x0000000084000000, 0x0000000084100000, 0x0000000084100000|100%| E|CS|TAMS 0x0000000084000000, 0x0000000084000000| Complete 
|  65|0x0000000084100000, 0x0000000084200000, 0x0000000084200000|100%| E|CS|TAMS 0x0000000084100000, 0x0000000084100000| Complete 
|  66|0x0000000084200000, 0x0000000084300000, 0x0000000084300000|100%| E|CS|TAMS 0x0000000084200000, 0x0000000084200000| Complete 
|  67|0x0000000084300000, 0x0000000084400000, 0x0000000084400000|100%| E|CS|TAMS 0x0000000084300000, 0x0000000084300000| Complete 
|  68|0x0000000084400000, 0x0000000084500000, 0x0000000084500000|100%| E|CS|TAMS 0x0000000084400000, 0x0000000084400000| Complete 
|  69|0x0000000084500000, 0x0000000084600000, 0x0000000084600000|100%| E|CS|TAMS 0x0000000084500000, 0x0000000084500000| Complete 
|  70|0x0000000084600000, 0x0000000084700000, 0x0000000084700000|100%| E|CS|TAMS 0x0000000084600000, 0x0000000084600000| Complete 
|  71|0x0000000084700000, 0x0000000084800000, 0x0000000084800000|100%| E|CS|TAMS 0x0000000084700000, 0x0000000084700000| Complete 
|  72|0x0000000084800000, 0x0000000084900000, 0x0000000084900000|100%| E|CS|TAMS 0x0000000084800000, 0x0000000084800000| Complete 
|  73|0x0000000084900000, 0x0000000084a00000, 0x0000000084a00000|100%| E|CS|TAMS 0x0000000084900000, 0x0000000084900000| Complete 
|  74|0x0000000084a00000, 0x0000000084b00000, 0x0000000084b00000|100%| E|CS|TAMS 0x0000000084a00000, 0x0000000084a00000| Complete 
|  75|0x0000000084b00000, 0x0000000084c00000, 0x0000000084c00000|100%| E|CS|TAMS 0x0000000084b00000, 0x0000000084b00000| Complete 
|  76|0x0000000084c00000, 0x0000000084d00000, 0x0000000084d00000|100%| E|CS|TAMS 0x0000000084c00000, 0x0000000084c00000| Complete 
|  77|0x0000000084d00000, 0x0000000084e00000, 0x0000000084e00000|100%| E|CS|TAMS 0x0000000084d00000, 0x0000000084d00000| Complete 
|  78|0x0000000084e00000, 0x0000000084f00000, 0x0000000084f00000|100%| E|CS|TAMS 0x0000000084e00000, 0x0000000084e00000| Complete 
|  79|0x0000000084f00000, 0x0000000085000000, 0x0000000085000000|100%| E|CS|TAMS 0x0000000084f00000, 0x0000000084f00000| Complete 
|  80|0x0000000085000000, 0x0000000085100000, 0x0000000085100000|100%| E|CS|TAMS 0x0000000085000000, 0x0000000085000000| Complete 
|  81|0x0000000085100000, 0x0000000085200000, 0x0000000085200000|100%| E|CS|TAMS 0x0000000085100000, 0x0000000085100000| Complete 
|  82|0x0000000085200000, 0x0000000085300000, 0x0000000085300000|100%| E|CS|TAMS 0x0000000085200000, 0x0000000085200000| Complete 
|  83|0x0000000085300000, 0x0000000085400000, 0x0000000085400000|100%| E|CS|TAMS 0x0000000085300000, 0x0000000085300000| Complete 
|  84|0x0000000085400000, 0x0000000085500000, 0x0000000085500000|100%| E|CS|TAMS 0x0000000085400000, 0x0000000085400000| Complete 
|  85|0x0000000085500000, 0x0000000085600000, 0x0000000085600000|100%| E|CS|TAMS 0x0000000085500000, 0x0000000085500000| Complete 
|  86|0x0000000085600000, 0x0000000085700000, 0x0000000085700000|100%| E|CS|TAMS 0x0000000085600000, 0x0000000085600000| Complete 
|  87|0x0000000085700000, 0x0000000085800000, 0x0000000085800000|100%| E|CS|TAMS 0x0000000085700000, 0x0000000085700000| Complete 
|  88|0x0000000085800000, 0x0000000085900000, 0x0000000085900000|100%| E|CS|TAMS 0x0000000085800000, 0x0000000085800000| Complete 
|  89|0x0000000085900000, 0x0000000085a00000, 0x0000000085a00000|100%| E|CS|TAMS 0x0000000085900000, 0x0000000085900000| Complete 
|  90|0x0000000085a00000, 0x0000000085b00000, 0x0000000085b00000|100%| E|CS|TAMS 0x0000000085a00000, 0x0000000085a00000| Complete 
|  91|0x0000000085b00000, 0x0000000085c00000, 0x0000000085c00000|100%| E|CS|TAMS 0x0000000085b00000, 0x0000000085b00000| Complete 
|  92|0x0000000085c00000, 0x0000000085d00000, 0x0000000085d00000|100%| E|CS|TAMS 0x0000000085c00000, 0x0000000085c00000| Complete 
| 127|0x0000000087f00000, 0x0000000088000000, 0x0000000088000000|100%| E|CS|TAMS 0x0000000087f00000, 0x0000000087f00000| Complete 

Card table byte_map: [0x0000019de3480000,0x0000019de3880000] _byte_map_base: 0x0000019de3080000

Marking Bits (Prev, Next): (CMBitMap*) 0x0000019dd0a3ab30, (CMBitMap*) 0x0000019dd0a3aaf0
 Prev Bits: [0x0000019de5c80000, 0x0000019de7c80000)
 Next Bits: [0x0000019de3c80000, 0x0000019de5c80000)

Polling page: 0x0000019dce820000

Metaspace:

Usage:
  Non-class:     63.29 MB used.
      Class:      9.44 MB used.
       Both:     72.73 MB used.

Virtual space:
  Non-class space:       72.00 MB reserved,      63.56 MB ( 88%) committed,  9 nodes.
      Class space:        1.00 GB reserved,       9.75 MB ( <1%) committed,  1 nodes.
             Both:        1.07 GB reserved,      73.31 MB (  7%) committed. 

Chunk freelists:
   Non-Class:  3.98 MB
       Class:  2.11 MB
        Both:  6.10 MB

MaxMetaspaceSize: unlimited
CompressedClassSpaceSize: 1.00 GB
Initial GC threshold: 21.00 MB
Current GC threshold: 98.25 MB
CDS: off
MetaspaceReclaimPolicy: balanced
 - commit_granule_bytes: 65536.
 - commit_granule_words: 8192.
 - virtual_space_node_default_size: 1048576.
 - enlarge_chunks_in_place: 1.
 - new_chunks_are_fully_committed: 0.
 - uncommit_free_chunks: 1.
 - use_allocation_guard: 0.
 - handle_deallocations: 1.


Internal statistics:

num_allocs_failed_limit: 9.
num_arena_births: 812.
num_arena_deaths: 0.
num_vsnodes_births: 10.
num_vsnodes_deaths: 0.
num_space_committed: 1173.
num_space_uncommitted: 0.
num_chunks_returned_to_freelist: 9.
num_chunks_taken_from_freelist: 3245.
num_chunk_merges: 6.
num_chunk_splits: 2343.
num_chunks_enlarged: 1854.
num_purges: 0.
num_inconsistent_stats: 0.

CodeHeap 'non-profiled nmethods': size=120000Kb used=3088Kb max_used=3088Kb free=116911Kb
 bounds [0x0000019ddbb50000, 0x0000019ddbe90000, 0x0000019de3080000]
CodeHeap 'profiled nmethods': size=120000Kb used=8556Kb max_used=9858Kb free=111443Kb
 bounds [0x0000019dd4620000, 0x0000019dd4fd0000, 0x0000019ddbb50000]
CodeHeap 'non-nmethods': size=5760Kb used=1353Kb max_used=1431Kb free=4406Kb
 bounds [0x0000019dd4080000, 0x0000019dd42f0000, 0x0000019dd4620000]
 total_blobs=5165 nmethods=4485 adapters=592
 compilation: enabled
              stopped_count=0, restarted_count=0
 full_count=0

Compilation events (20 events):
Event: 15.990 Thread 0x0000019deac0bab0 nmethod 5233 0x0000019dd4c3ed90 code [0x0000019dd4c3efc0, 0x0000019dd4c3faa8]
Event: 17.598 Thread 0x0000019deac0ac40 5234   !   4       java.net.URL::set (114 bytes)
Event: 17.605 Thread 0x0000019deac0ac40 nmethod 5234 0x0000019ddbbf6b10 code [0x0000019ddbbf6c80, 0x0000019ddbbf75f8]
Event: 17.628 Thread 0x0000019deac0ac40 5235   !   4       jdk.internal.loader.BuiltinClassLoader$2::run (114 bytes)
Event: 17.628 Thread 0x0000019deac0bab0 5236       3       java.nio.ByteBuffer::flip (7 bytes)
Event: 17.629 Thread 0x0000019deac0bab0 nmethod 5236 0x0000019dd4acd090 code [0x0000019dd4acd220, 0x0000019dd4acd398]
Event: 17.634 Thread 0x0000019deac0bab0 5237       3       jdk.internal.misc.Unsafe::weakCompareAndSetLong (11 bytes)
Event: 17.634 Thread 0x0000019deac0bab0 nmethod 5237 0x0000019dd4accc90 code [0x0000019dd4acce20, 0x0000019dd4accf58]
Event: 17.636 Thread 0x0000019deac0bab0 5239       1       java.lang.invoke.LambdaForm::arity (5 bytes)
Event: 17.636 Thread 0x0000019deac0bab0 nmethod 5239 0x0000019ddbbb5b10 code [0x0000019ddbbb5ca0, 0x0000019ddbbb5d78]
Event: 17.637 Thread 0x0000019deac0bab0 5241       3       java.lang.invoke.LambdaFormBuffer::clearDuplicatesAndNulls (268 bytes)
Event: 17.637 Thread 0x0000019deac0bab0 nmethod 5241 0x0000019dd47f1610 code [0x0000019dd47f18a0, 0x0000019dd47f2938]
Event: 17.653 Thread 0x0000019deac0bab0 5244       3       java.nio.HeapByteBuffer::put (17 bytes)
Event: 17.653 Thread 0x0000019deac0bab0 nmethod 5244 0x0000019dd47f1110 code [0x0000019dd47f12c0, 0x0000019dd47f1498]
Event: 17.653 Thread 0x0000019deac0bab0 5245   !   3       org.apache.tomcat.util.http.parser.HttpParser::isControl (9 bytes)
Event: 17.653 Thread 0x0000019deac0bab0 nmethod 5245 0x0000019dd47f0c90 code [0x0000019dd47f0e20, 0x0000019dd47f0f98]
Event: 17.656 Thread 0x0000019deac0ac40 nmethod 5235 0x0000019ddbbbff90 code [0x0000019ddbbc01c0, 0x0000019ddbbc1230]
Event: 17.656 Thread 0x0000019deac0ac40 5240       4       java.lang.invoke.LambdaForm$BasicType::basicType (19 bytes)
Event: 17.659 Thread 0x0000019deac0ac40 nmethod 5240 0x0000019ddbc02590 code [0x0000019ddbc02760, 0x0000019ddbc02aa8]
Event: 17.659 Thread 0x0000019deac0ac40 5238       4       java.lang.invoke.MethodType::equals (56 bytes)

GC Heap History (20 events):
Event: 2.585 GC heap before
{Heap before GC invocations=10 (full 0):
 garbage-first heap   total 71680K, used 53225K [0x0000000080000000, 0x0000000100000000)
  region size 1024K, 42 young (43008K), 1 survivors (1024K)
 Metaspace       used 26425K, committed 26688K, reserved 1073152K
  class space    used 2998K, committed 3136K, reserved 1048576K
}
Event: 2.586 GC heap after
{Heap after GC invocations=11 (full 0):
 garbage-first heap   total 71680K, used 12289K [0x0000000080000000, 0x0000000100000000)
  region size 1024K, 1 young (1024K), 1 survivors (1024K)
 Metaspace       used 26425K, committed 26688K, reserved 1073152K
  class space    used 2998K, committed 3136K, reserved 1048576K
}
Event: 2.883 GC heap before
{Heap before GC invocations=11 (full 0):
 garbage-first heap   total 71680K, used 53249K [0x0000000080000000, 0x0000000100000000)
  region size 1024K, 42 young (43008K), 1 survivors (1024K)
 Metaspace       used 27790K, committed 28096K, reserved 1081344K
  class space    used 3133K, committed 3264K, reserved 1048576K
}
Event: 2.886 GC heap after
{Heap after GC invocations=12 (full 0):
 garbage-first heap   total 71680K, used 13624K [0x0000000080000000, 0x0000000100000000)
  region size 1024K, 2 young (2048K), 2 survivors (2048K)
 Metaspace       used 27790K, committed 28096K, reserved 1081344K
  class space    used 3133K, committed 3264K, reserved 1048576K
}
Event: 3.841 GC heap before
{Heap before GC invocations=12 (full 0):
 garbage-first heap   total 71680K, used 54584K [0x0000000080000000, 0x0000000100000000)
  region size 1024K, 42 young (43008K), 2 survivors (2048K)
 Metaspace       used 32754K, committed 33088K, reserved 1081344K
  class space    used 3780K, committed 3968K, reserved 1048576K
}
Event: 3.846 GC heap after
{Heap after GC invocations=13 (full 0):
 garbage-first heap   total 71680K, used 16561K [0x0000000080000000, 0x0000000100000000)
  region size 1024K, 5 young (5120K), 5 survivors (5120K)
 Metaspace       used 32754K, committed 33088K, reserved 1081344K
  class space    used 3780K, committed 3968K, reserved 1048576K
}
Event: 4.172 GC heap before
{Heap before GC invocations=13 (full 0):
 garbage-first heap   total 71680K, used 30897K [0x0000000080000000, 0x0000000100000000)
  region size 1024K, 20 young (20480K), 5 survivors (5120K)
 Metaspace       used 35588K, committed 35968K, reserved 1081344K
  class space    used 4214K, committed 4416K, reserved 1048576K
}
Event: 4.181 GC heap after
{Heap after GC invocations=14 (full 0):
 garbage-first heap   total 71680K, used 18213K [0x0000000080000000, 0x0000000100000000)
  region size 1024K, 5 young (5120K), 5 survivors (5120K)
 Metaspace       used 35588K, committed 35968K, reserved 1081344K
  class space    used 4214K, committed 4416K, reserved 1048576K
}
Event: 4.384 GC heap before
{Heap before GC invocations=15 (full 0):
 garbage-first heap   total 68608K, used 54053K [0x0000000080000000, 0x0000000100000000)
  region size 1024K, 41 young (41984K), 5 survivors (5120K)
 Metaspace       used 37025K, committed 37376K, reserved 1089536K
  class space    used 4361K, committed 4480K, reserved 1048576K
}
Event: 4.389 GC heap after
{Heap after GC invocations=16 (full 0):
 garbage-first heap   total 68608K, used 19196K [0x0000000080000000, 0x0000000100000000)
  region size 1024K, 3 young (3072K), 3 survivors (3072K)
 Metaspace       used 37025K, committed 37376K, reserved 1089536K
  class space    used 4361K, committed 4480K, reserved 1048576K
}
Event: 4.396 GC heap before
{Heap before GC invocations=16 (full 0):
 garbage-first heap   total 68608K, used 52988K [0x0000000080000000, 0x0000000100000000)
  region size 1024K, 37 young (37888K), 3 survivors (3072K)
 Metaspace       used 37025K, committed 37376K, reserved 1089536K
  class space    used 4361K, committed 4480K, reserved 1048576K
}
Event: 4.399 GC heap after
{Heap after GC invocations=17 (full 0):
 garbage-first heap   total 100352K, used 18687K [0x0000000080000000, 0x0000000100000000)
  region size 1024K, 3 young (3072K), 3 survivors (3072K)
 Metaspace       used 37025K, committed 37376K, reserved 1089536K
  class space    used 4361K, committed 4480K, reserved 1048576K
}
Event: 4.432 GC heap before
{Heap before GC invocations=17 (full 0):
 garbage-first heap   total 100352K, used 73983K [0x0000000080000000, 0x0000000100000000)
  region size 1024K, 58 young (59392K), 3 survivors (3072K)
 Metaspace       used 37025K, committed 37376K, reserved 1089536K
  class space    used 4361K, committed 4480K, reserved 1048576K
}
Event: 4.434 GC heap after
{Heap after GC invocations=18 (full 0):
 garbage-first heap   total 100352K, used 19004K [0x0000000080000000, 0x0000000100000000)
  region size 1024K, 3 young (3072K), 3 survivors (3072K)
 Metaspace       used 37025K, committed 37376K, reserved 1089536K
  class space    used 4361K, committed 4480K, reserved 1048576K
}
Event: 5.394 GC heap before
{Heap before GC invocations=18 (full 0):
 garbage-first heap   total 100352K, used 74300K [0x0000000080000000, 0x0000000100000000)
  region size 1024K, 58 young (59392K), 3 survivors (3072K)
 Metaspace       used 46509K, committed 46912K, reserved 1097728K
  class space    used 5752K, committed 5952K, reserved 1048576K
}
Event: 5.399 GC heap after
{Heap after GC invocations=19 (full 0):
 garbage-first heap   total 100352K, used 20811K [0x0000000080000000, 0x0000000100000000)
  region size 1024K, 5 young (5120K), 5 survivors (5120K)
 Metaspace       used 46509K, committed 46912K, reserved 1097728K
  class space    used 5752K, committed 5952K, reserved 1048576K
}
Event: 6.277 GC heap before
{Heap before GC invocations=19 (full 0):
 garbage-first heap   total 100352K, used 67915K [0x0000000080000000, 0x0000000100000000)
  region size 1024K, 51 young (52224K), 5 survivors (5120K)
 Metaspace       used 59918K, committed 60288K, reserved 1105920K
  class space    used 7538K, committed 7744K, reserved 1048576K
}
Event: 6.284 GC heap after
{Heap after GC invocations=20 (full 0):
 garbage-first heap   total 100352K, used 25427K [0x0000000080000000, 0x0000000100000000)
  region size 1024K, 6 young (6144K), 6 survivors (6144K)
 Metaspace       used 59918K, committed 60288K, reserved 1105920K
  class space    used 7538K, committed 7744K, reserved 1048576K
}
Event: 7.259 GC heap before
{Heap before GC invocations=21 (full 0):
 garbage-first heap   total 96256K, used 76627K [0x0000000080000000, 0x0000000100000000)
  region size 1024K, 56 young (57344K), 6 survivors (6144K)
 Metaspace       used 69212K, committed 69696K, reserved 1114112K
  class space    used 8974K, committed 9216K, reserved 1048576K
}
Event: 7.268 GC heap after
{Heap after GC invocations=22 (full 0):
 garbage-first heap   total 96256K, used 28725K [0x0000000080000000, 0x0000000100000000)
  region size 1024K, 6 young (6144K), 6 survivors (6144K)
 Metaspace       used 69212K, committed 69696K, reserved 1114112K
  class space    used 8974K, committed 9216K, reserved 1048576K
}

Deoptimization events (20 events):
Event: 7.816 Thread 0x0000019deb7b9a70 DEOPT PACKING pc=0x0000019ddbcce868 sp=0x00000055c19fdcf0
Event: 7.816 Thread 0x0000019deb7b9a70 DEOPT UNPACKING pc=0x0000019dd40d5c23 sp=0x00000055c19fdc80 mode 2
Event: 7.938 Thread 0x0000019deb7b9a70 Uncommon trap: trap_request=0xffffff45 fr.pc=0x0000019ddbc0cd80 relative=0x00000000000047c0
Event: 7.938 Thread 0x0000019deb7b9a70 Uncommon trap: reason=unstable_if action=reinterpret pc=0x0000019ddbc0cd80 method=org.springframework.util.ReflectionUtils.lambda$static$0(Ljava/lang/reflect/Method;)Z @ 4 c2
Event: 7.938 Thread 0x0000019deb7b9a70 DEOPT PACKING pc=0x0000019ddbc0cd80 sp=0x00000055c19fe4d0
Event: 7.938 Thread 0x0000019deb7b9a70 DEOPT UNPACKING pc=0x0000019dd40d5c23 sp=0x00000055c19fe468 mode 2
Event: 7.944 Thread 0x0000019deb7b9a70 Uncommon trap: trap_request=0xffffff45 fr.pc=0x0000019ddbbb70e0 relative=0x0000000000000060
Event: 7.944 Thread 0x0000019deb7b9a70 Uncommon trap: reason=unstable_if action=reinterpret pc=0x0000019ddbbb70e0 method=org.springframework.util.ConcurrentReferenceHashMap$Segment.clear()V @ 7 c2
Event: 7.944 Thread 0x0000019deb7b9a70 DEOPT PACKING pc=0x0000019ddbbb70e0 sp=0x00000055c19fe7a0
Event: 7.945 Thread 0x0000019deb7b9a70 DEOPT UNPACKING pc=0x0000019dd40d5c23 sp=0x00000055c19fe730 mode 2
Event: 7.949 Thread 0x0000019deb7b9a70 Uncommon trap: trap_request=0xffffff54 fr.pc=0x0000019ddbbfc3f4 relative=0x0000000000000234
Event: 7.949 Thread 0x0000019deb7b9a70 Uncommon trap: reason=speculate_null_assert action=make_not_entrant pc=0x0000019ddbbfc3f4 method=org.springframework.util.ConcurrentReferenceHashMap$Segment.restructureIfNecessary(Z)V @ 41 c2
Event: 7.949 Thread 0x0000019deb7b9a70 DEOPT PACKING pc=0x0000019ddbbfc3f4 sp=0x00000055c19fe480
Event: 7.949 Thread 0x0000019deb7b9a70 DEOPT UNPACKING pc=0x0000019dd40d5c23 sp=0x00000055c19fe458 mode 2
Event: 7.989 Thread 0x0000019deb7b9a70 Uncommon trap: trap_request=0xffffff45 fr.pc=0x0000019ddbd52600 relative=0x0000000000001940
Event: 7.989 Thread 0x0000019deb7b9a70 Uncommon trap: reason=unstable_if action=reinterpret pc=0x0000019ddbd52600 method=java.lang.String.<init>([BIILjava/nio/charset/Charset;)V @ 18 c2
Event: 7.989 Thread 0x0000019deb7b9a70 DEOPT PACKING pc=0x0000019ddbd52600 sp=0x00000055c19fda50
Event: 7.989 Thread 0x0000019deb7b9a70 DEOPT UNPACKING pc=0x0000019dd40d5c23 sp=0x00000055c19fda10 mode 2
Event: 8.011 Thread 0x0000019deb7b9a70 DEOPT PACKING pc=0x0000019dd46c0cb6 sp=0x00000055c19fe2a0
Event: 8.011 Thread 0x0000019deb7b9a70 DEOPT UNPACKING pc=0x0000019dd40d6763 sp=0x00000055c19fd778 mode 0

Classes unloaded (0 events):
No events

Classes redefined (0 events):
No events

Internal exceptions (20 events):
Event: 7.148 Thread 0x0000019deb7b9a70 Exception <a 'java/lang/NoSuchMethodError'{0x0000000083648958}: 'int java.lang.invoke.DirectMethodHandle$Holder.invokeSpecial(java.lang.Object, java.lang.Object, int, int)'> (0x0000000083648958) 
thrown [e:\jenkins\tmp\workspace\build\src\src\hotspot\share\interpreter\linkResolver.cpp, line 766]
Event: 7.149 Thread 0x0000019deb7b9a70 Exception <a 'java/lang/NoSuchMethodError'{0x0000000083656c28}: 'int java.lang.invoke.Invokers$Holder.linkToTargetMethod(java.lang.Object, java.lang.Object)'> (0x0000000083656c28) 
thrown [e:\jenkins\tmp\workspace\build\src\src\hotspot\share\interpreter\linkResolver.cpp, line 766]
Event: 7.152 Thread 0x0000019deb7b9a70 Exception <a 'java/lang/NoSuchMethodError'{0x000000008366b1b8}: 'java.lang.Object java.lang.invoke.DirectMethodHandle$Holder.invokeSpecial(java.lang.Object, java.lang.Object, int, java.lang.Object, java.lang.Object)'> (0x000000008366b1b8) 
thrown [e:\jenkins\tmp\workspace\build\src\src\hotspot\share\interpreter\linkResolver.cpp, line 766]
Event: 7.152 Thread 0x0000019deb7b9a70 Exception <a 'java/lang/NoSuchMethodError'{0x000000008366f108}: 'java.lang.Object java.lang.invoke.DelegatingMethodHandle$Holder.delegate(java.lang.Object, int, java.lang.Object, java.lang.Object)'> (0x000000008366f108) 
thrown [e:\jenkins\tmp\workspace\build\src\src\hotspot\share\interpreter\linkResolver.cpp, line 766]
Event: 7.154 Thread 0x0000019deb7b9a70 Exception <a 'java/lang/NoSuchMethodError'{0x000000008367fb60}: 'int java.lang.invoke.Invokers$Holder.linkToTargetMethod(java.lang.Object, java.lang.Object, java.lang.Object)'> (0x000000008367fb60) 
thrown [e:\jenkins\tmp\workspace\build\src\src\hotspot\share\interpreter\linkResolver.cpp, line 766]
Event: 7.229 Thread 0x0000019deb7b9a70 Exception <a 'java/lang/NoSuchMethodError'{0x0000000082ae9208}: 'int java.lang.invoke.DirectMethodHandle$Holder.invokeStatic(java.lang.Object, java.lang.Object, int)'> (0x0000000082ae9208) 
thrown [e:\jenkins\tmp\workspace\build\src\src\hotspot\share\interpreter\linkResolver.cpp, line 766]
Event: 7.458 Thread 0x0000019deb7b9a70 Exception <a 'java/lang/NoSuchMethodError'{0x0000000085479690}: 'java.lang.Object java.lang.invoke.DirectMethodHandle$Holder.invokeSpecial(java.lang.Object, java.lang.Object, java.lang.Object, java.lang.Object, java.lang.Object, java.lang.Object, java.lang.Object, java.lang.Object, java.lang.Object, java.lang.Object)'> (0x0000000085479690) 
thrown [e:\jenkins\tmp\workspace\build\src\src\hotspot\share\interpreter\linkResolver.cpp, line 766]
Event: 7.458 Thread 0x0000019deb7b9a70 Exception <a 'java/lang/NoSuchMethodError'{0x000000008547df20}: 'java.lang.Object java.lang.invoke.Invokers$Holder.invoke_MT(java.lang.Object, java.lang.Object, java.lang.Object, java.lang.Object, java.lang.Object, java.lang.Object, java.lang.Object, java.lang.Object, java.lang.Object, java.lang.Object)'> (0x000000008547df20) 
thrown [e:\jenkins\tmp\workspace\build\src\src\hotspot\share\interpreter\linkResolver.cpp, line 766]
Event: 7.534 Thread 0x0000019deb7b9a70 Exception <a 'sun/nio/fs/WindowsException'{0x000000008514f918}> (0x000000008514f918) 
thrown [e:\jenkins\tmp\workspace\build\src\src\hotspot\share\prims\jni.cpp, line 516]
Event: 7.585 Thread 0x0000019deb7b9a70 Exception <a 'java/lang/IncompatibleClassChangeError'{0x0000000084fcba40}: Found class java.lang.Object, but interface was expected> (0x0000000084fcba40) 
thrown [e:\jenkins\tmp\workspace\build\src\src\hotspot\share\interpreter\linkResolver.cpp, line 833]
Event: 7.634 Thread 0x0000019deb7b9a70 Exception <a 'java/lang/NoSuchMethodError'{0x0000000084db1fe0}: 'void java.lang.invoke.DirectMethodHandle$Holder.invokeVirtual(java.lang.Object, java.lang.Object, long)'> (0x0000000084db1fe0) 
thrown [e:\jenkins\tmp\workspace\build\src\src\hotspot\share\interpreter\linkResolver.cpp, line 766]
Event: 7.686 Thread 0x0000019deb7b9a70 Exception <a 'java/lang/NoSuchMethodError'{0x0000000084a609d8}: 'int java.lang.invoke.DirectMethodHandle$Holder.invokeStaticInit(java.lang.Object, java.lang.Object, java.lang.Object, java.lang.Object)'> (0x0000000084a609d8) 
thrown [e:\jenkins\tmp\workspace\build\src\src\hotspot\share\interpreter\linkResolver.cpp, line 766]
Event: 7.717 Thread 0x0000019deb7b9a70 Exception <a 'java/lang/NoSuchMethodError'{0x00000000849dd348}: 'java.lang.Object java.lang.invoke.Invokers$Holder.invoke_MT(java.lang.Object, java.lang.Object, java.lang.Object, java.lang.Object, java.lang.Object, java.lang.Object, java.lang.Object, java.lang.Object, java.lang.Object)'> (0x00000000849dd348) 
thrown [e:\jenkins\tmp\workspace\build\src\src\hotspot\share\interpreter\linkResolver.cpp, line 766]
Event: 7.806 Thread 0x0000019deb7b9a70 Exception <a 'java/lang/IncompatibleClassChangeError'{0x00000000846ebb70}: Found class java.lang.Object, but interface was expected> (0x00000000846ebb70) 
thrown [e:\jenkins\tmp\workspace\build\src\src\hotspot\share\interpreter\linkResolver.cpp, line 833]
Event: 7.816 Thread 0x0000019deb7b9a70 Implicit null exception at 0x0000019ddbcce640 to 0x0000019ddbcce854
Event: 7.847 Thread 0x0000019deb7b9a70 Exception <a 'java/lang/NoSuchMethodError'{0x0000000084480800}: 'java.lang.Object java.lang.invoke.DirectMethodHandle$Holder.invokeSpecial(java.lang.Object, java.lang.Object, java.lang.Object, java.lang.Object, java.lang.Object, java.lang.Object, java.lang.Object, java.lang.Object, java.lang.Object, java.lang.Object, java.lang.Object)'> (0x0000000084480800) 
thrown [e:\jenkins\tmp\workspace\build\src\src\hotspot\share\interpreter\linkResolver.cpp, line 766]
Event: 7.847 Thread 0x0000019deb7b9a70 Exception <a 'java/lang/NoSuchMethodError'{0x0000000084484c30}: 'java.lang.Object java.lang.invoke.Invokers$Holder.invoke_MT(java.lang.Object, java.lang.Object, java.lang.Object, java.lang.Object, java.lang.Object, java.lang.Object, java.lang.Object, java.lang.Object, java.lang.Object, java.lang.Object, java.lang.Object)'> (0x0000000084484c30) 
thrown [e:\jenkins\tmp\workspace\build\src\src\hotspot\share\interpreter\linkResolver.cpp, line 766]
Event: 7.951 Thread 0x0000019deb7b9a70 Exception <a 'java/lang/NoSuchMethodError'{0x0000000084085938}: 'java.lang.Object java.lang.invoke.DirectMethodHandle$Holder.newInvokeSpecial(java.lang.Object, java.lang.Object, int, java.lang.Object, java.lang.Object)'> (0x0000000084085938) 
thrown [e:\jenkins\tmp\workspace\build\src\src\hotspot\share\interpreter\linkResolver.cpp, line 766]
Event: 17.646 Thread 0x0000019dec993d70 Exception <a 'java/lang/NoSuchMethodError'{0x0000000083a8d940}: 'java.lang.Object java.lang.invoke.DirectMethodHandle$Holder.invokeSpecial(java.lang.Object, java.lang.Object, java.lang.Object, java.lang.Object, java.lang.Object, long)'> (0x0000000083a8d940) 
thrown [e:\jenkins\tmp\workspace\build\src\src\hotspot\share\interpreter\linkResolver.cpp, line 766]
Event: 17.646 Thread 0x0000019dec993d70 Exception <a 'java/lang/NoSuchMethodError'{0x0000000083a91380}: 'java.lang.Object java.lang.invoke.Invokers$Holder.linkToTargetMethod(java.lang.Object, java.lang.Object, java.lang.Object, long, java.lang.Object)'> (0x0000000083a91380) 
thrown [e:\jenkins\tmp\workspace\build\src\src\hotspot\share\interpreter\linkResolver.cpp, line 766]

VM Operations (20 events):
Event: 7.259 Executing VM operation: G1CollectForAllocation
Event: 7.268 Executing VM operation: G1CollectForAllocation done
Event: 7.356 Executing VM operation: HandshakeAllThreads
Event: 7.356 Executing VM operation: HandshakeAllThreads done
Event: 7.394 Executing VM operation: HandshakeAllThreads
Event: 7.394 Executing VM operation: HandshakeAllThreads done
Event: 7.406 Executing VM operation: HandshakeAllThreads
Event: 7.406 Executing VM operation: HandshakeAllThreads done
Event: 7.436 Executing VM operation: HandshakeAllThreads
Event: 7.436 Executing VM operation: HandshakeAllThreads done
Event: 7.436 Executing VM operation: HandshakeAllThreads
Event: 7.436 Executing VM operation: HandshakeAllThreads done
Event: 7.598 Executing VM operation: HandshakeAllThreads
Event: 7.598 Executing VM operation: HandshakeAllThreads done
Event: 7.661 Executing VM operation: HandshakeAllThreads
Event: 7.661 Executing VM operation: HandshakeAllThreads done
Event: 7.948 Executing VM operation: HandshakeAllThreads
Event: 7.949 Executing VM operation: HandshakeAllThreads done
Event: 8.949 Executing VM operation: Cleanup
Event: 8.949 Executing VM operation: Cleanup done

Events (20 events):
Event: 17.596 loading class sun/nio/ch/SocketOptionRegistry$LazyInitialization
Event: 17.596 loading class sun/nio/ch/SocketOptionRegistry$LazyInitialization done
Event: 17.596 loading class sun/nio/ch/OptionKey
Event: 17.596 loading class sun/nio/ch/OptionKey done
Event: 17.596 loading class sun/nio/ch/SelectionKeyImpl
Event: 17.597 loading class java/nio/channels/spi/AbstractSelectionKey
Event: 17.597 loading class java/nio/channels/SelectionKey
Event: 17.597 loading class java/nio/channels/SelectionKey done
Event: 17.597 loading class java/nio/channels/spi/AbstractSelectionKey done
Event: 17.597 loading class sun/nio/ch/SelectionKeyImpl done
Event: 17.597 loading class java/lang/invoke/ConstantBootstraps
Event: 17.597 loading class java/lang/invoke/ConstantBootstraps done
Event: 17.654 loading class sun/nio/cs/ThreadLocalCoders
Event: 17.654 loading class sun/nio/cs/ThreadLocalCoders done
Event: 17.654 loading class sun/nio/cs/ThreadLocalCoders$1
Event: 17.654 loading class sun/nio/cs/ThreadLocalCoders$Cache
Event: 17.654 loading class sun/nio/cs/ThreadLocalCoders$Cache done
Event: 17.654 loading class sun/nio/cs/ThreadLocalCoders$1 done
Event: 17.654 loading class sun/nio/cs/ThreadLocalCoders$2
Event: 17.654 loading class sun/nio/cs/ThreadLocalCoders$2 done


Dynamic libraries:
0x00007ff7948a0000 - 0x00007ff7948ae000 	C:\temp\eclipse-jee\plugins\org.eclipse.justj.openjdk.hotspot.jre.full.win32.x86_64_17.0.1.v20211116-1657\jre\bin\javaw.exe
0x00007ffa7c5f0000 - 0x00007ffa7c7e8000 	C:\windows\SYSTEM32\ntdll.dll
0x00007ffa7a870000 - 0x00007ffa7a932000 	C:\windows\System32\KERNEL32.DLL
0x00007ffa79df0000 - 0x00007ffa7a0ef000 	C:\windows\System32\KERNELBASE.dll
0x00007ffa7a4a0000 - 0x00007ffa7a5a0000 	C:\windows\System32\ucrtbase.dll
0x00007ffa65d60000 - 0x00007ffa65d78000 	C:\temp\eclipse-jee\plugins\org.eclipse.justj.openjdk.hotspot.jre.full.win32.x86_64_17.0.1.v20211116-1657\jre\bin\jli.dll
0x00007ffa7bc60000 - 0x00007ffa7bdfd000 	C:\windows\System32\USER32.dll
0x00007ffa7a180000 - 0x00007ffa7a1a2000 	C:\windows\System32\win32u.dll
0x00007ffa7b250000 - 0x00007ffa7b27b000 	C:\windows\System32\GDI32.dll
0x00007ffa7a1b0000 - 0x00007ffa7a2ca000 	C:\windows\System32\gdi32full.dll
0x00007ffa7a3b0000 - 0x00007ffa7a44d000 	C:\windows\System32\msvcp_win.dll
0x00007ffa65780000 - 0x00007ffa65799000 	C:\temp\eclipse-jee\plugins\org.eclipse.justj.openjdk.hotspot.jre.full.win32.x86_64_17.0.1.v20211116-1657\jre\bin\VCRUNTIME140.dll
0x00007ffa65380000 - 0x00007ffa6561a000 	C:\windows\WinSxS\amd64_microsoft.windows.common-controls_6595b64144ccf1df_6.0.19041.4355_none_60b8b9eb71f62e16\COMCTL32.dll
0x00007ffa7a690000 - 0x00007ffa7a72e000 	C:\windows\System32\msvcrt.dll
0x00007ffa7b280000 - 0x00007ffa7b2af000 	C:\windows\System32\IMM32.DLL
0x0000019dce840000 - 0x0000019dce856000 	C:\windows\System32\umppc19205.dll
0x0000019dce880000 - 0x0000019dce893000 	C:\windows\System32\CsXumd64_19205.dll
0x00007ffa79a90000 - 0x00007ffa79ac6000 	C:\windows\system32\vmwsci.dll
0x00007ffa7b240000 - 0x00007ffa7b248000 	C:\windows\System32\PSAPI.DLL
0x00007ffa687a0000 - 0x00007ffa687ac000 	C:\temp\eclipse-jee\plugins\org.eclipse.justj.openjdk.hotspot.jre.full.win32.x86_64_17.0.1.v20211116-1657\jre\bin\vcruntime140_1.dll
0x00007ffa52410000 - 0x00007ffa524a1000 	C:\temp\eclipse-jee\plugins\org.eclipse.justj.openjdk.hotspot.jre.full.win32.x86_64_17.0.1.v20211116-1657\jre\bin\msvcp140.dll
0x00007ffa21e80000 - 0x00007ffa22ac6000 	C:\temp\eclipse-jee\plugins\org.eclipse.justj.openjdk.hotspot.jre.full.win32.x86_64_17.0.1.v20211116-1657\jre\bin\server\jvm.dll
0x00007ffa7c500000 - 0x00007ffa7c5af000 	C:\windows\System32\ADVAPI32.dll
0x00007ffa7b2b0000 - 0x00007ffa7b34f000 	C:\windows\System32\sechost.dll
0x00007ffa7ab40000 - 0x00007ffa7ac63000 	C:\windows\System32\RPCRT4.dll
0x00007ffa7a380000 - 0x00007ffa7a3a7000 	C:\windows\System32\bcrypt.dll
0x00007ffa6c580000 - 0x00007ffa6c589000 	C:\windows\SYSTEM32\WSOCK32.dll
0x00007ffa7a800000 - 0x00007ffa7a86b000 	C:\windows\System32\WS2_32.dll
0x00007ffa6dba0000 - 0x00007ffa6dbc7000 	C:\windows\SYSTEM32\WINMM.dll
0x00007ffa789a0000 - 0x00007ffa789aa000 	C:\windows\SYSTEM32\VERSION.dll
0x00007ffa78960000 - 0x00007ffa78972000 	C:\windows\SYSTEM32\kernel.appcore.dll
0x00007ffa72fd0000 - 0x00007ffa72fda000 	C:\temp\eclipse-jee\plugins\org.eclipse.justj.openjdk.hotspot.jre.full.win32.x86_64_17.0.1.v20211116-1657\jre\bin\jimage.dll
0x00007ffa77460000 - 0x00007ffa77644000 	C:\windows\SYSTEM32\DBGHELP.DLL
0x00007ffa72020000 - 0x00007ffa72054000 	C:\windows\SYSTEM32\dbgcore.DLL
0x00007ffa7a0f0000 - 0x00007ffa7a172000 	C:\windows\System32\bcryptPrimitives.dll
0x00007ffa68650000 - 0x00007ffa68675000 	C:\temp\eclipse-jee\plugins\org.eclipse.justj.openjdk.hotspot.jre.full.win32.x86_64_17.0.1.v20211116-1657\jre\bin\java.dll
0x00007ffa698f0000 - 0x00007ffa69908000 	C:\temp\eclipse-jee\plugins\org.eclipse.justj.openjdk.hotspot.jre.full.win32.x86_64_17.0.1.v20211116-1657\jre\bin\zip.dll
0x00007ffa7b4f0000 - 0x00007ffa7bc5d000 	C:\windows\System32\SHELL32.dll
0x00007ffa781b0000 - 0x00007ffa78954000 	C:\windows\SYSTEM32\windows.storage.dll
0x00007ffa7c0e0000 - 0x00007ffa7c435000 	C:\windows\System32\combase.dll
0x00007ffa795b0000 - 0x00007ffa795db000 	C:\windows\SYSTEM32\Wldp.dll
0x00007ffa7b360000 - 0x00007ffa7b42d000 	C:\windows\System32\OLEAUT32.dll
0x00007ffa7b430000 - 0x00007ffa7b4dd000 	C:\windows\System32\SHCORE.dll
0x00007ffa7c4a0000 - 0x00007ffa7c4f5000 	C:\windows\System32\shlwapi.dll
0x00007ffa79bc0000 - 0x00007ffa79be5000 	C:\windows\SYSTEM32\profapi.dll
0x00007ffa69680000 - 0x00007ffa69699000 	C:\temp\eclipse-jee\plugins\org.eclipse.justj.openjdk.hotspot.jre.full.win32.x86_64_17.0.1.v20211116-1657\jre\bin\net.dll
0x00007ffa72520000 - 0x00007ffa7262a000 	C:\windows\SYSTEM32\WINHTTP.dll
0x00007ffa79310000 - 0x00007ffa7937c000 	C:\windows\system32\mswsock.dll
0x00007ffa69250000 - 0x00007ffa69265000 	C:\temp\eclipse-jee\plugins\org.eclipse.justj.openjdk.hotspot.jre.full.win32.x86_64_17.0.1.v20211116-1657\jre\bin\nio.dll
0x00007ffa6a050000 - 0x00007ffa6a059000 	C:\temp\eclipse-jee\plugins\org.eclipse.justj.openjdk.hotspot.jre.full.win32.x86_64_17.0.1.v20211116-1657\jre\bin\management.dll
0x00007ffa69710000 - 0x00007ffa6971b000 	C:\temp\eclipse-jee\plugins\org.eclipse.justj.openjdk.hotspot.jre.full.win32.x86_64_17.0.1.v20211116-1657\jre\bin\management_ext.dll
0x00007ffa71040000 - 0x00007ffa7104e000 	C:\temp\eclipse-jee\plugins\org.eclipse.justj.openjdk.hotspot.jre.full.win32.x86_64_17.0.1.v20211116-1657\jre\bin\sunmscapi.dll
0x00007ffa79c90000 - 0x00007ffa79dec000 	C:\windows\System32\CRYPT32.dll
0x00007ffa79620000 - 0x00007ffa79647000 	C:\windows\SYSTEM32\ncrypt.dll
0x00007ffa795e0000 - 0x00007ffa7961b000 	C:\windows\SYSTEM32\NTASN1.dll
0x00007ffa79510000 - 0x00007ffa79528000 	C:\windows\SYSTEM32\CRYPTSP.dll
0x00007ffa78c30000 - 0x00007ffa78c68000 	C:\windows\system32\rsaenh.dll
0x00007ffa79b80000 - 0x00007ffa79bae000 	C:\windows\SYSTEM32\USERENV.dll
0x00007ffa79500000 - 0x00007ffa7950c000 	C:\windows\SYSTEM32\CRYPTBASE.dll
0x00007ffa78ff0000 - 0x00007ffa7902b000 	C:\windows\SYSTEM32\IPHLPAPI.DLL
0x00007ffa7b4e0000 - 0x00007ffa7b4e8000 	C:\windows\System32\NSI.dll
0x00007ffa74620000 - 0x00007ffa74637000 	C:\windows\SYSTEM32\dhcpcsvc6.DLL
0x00007ffa745f0000 - 0x00007ffa7460d000 	C:\windows\SYSTEM32\dhcpcsvc.DLL
0x00007ffa79030000 - 0x00007ffa790fa000 	C:\windows\SYSTEM32\DNSAPI.dll
0x00007ffa72880000 - 0x00007ffa72890000 	C:\temp\eclipse-jee\plugins\org.eclipse.justj.openjdk.hotspot.jre.full.win32.x86_64_17.0.1.v20211116-1657\jre\bin\verify.dll
0x00007ffa68540000 - 0x00007ffa68547000 	C:\windows\system32\wshunix.dll

dbghelp: loaded successfully - version: 4.0.5 - missing functions: none
symbol engine: initialized successfully - sym options: 0x614 - pdb path: .;C:\temp\eclipse-jee\plugins\org.eclipse.justj.openjdk.hotspot.jre.full.win32.x86_64_17.0.1.v20211116-1657\jre\bin;C:\windows\SYSTEM32;C:\windows\WinSxS\amd64_microsoft.windows.common-controls_6595b64144ccf1df_6.0.19041.4355_none_60b8b9eb71f62e16;C:\temp\eclipse-jee\plugins\org.eclipse.justj.openjdk.hotspot.jre.full.win32.x86_64_17.0.1.v20211116-1657\jre\bin\server

VM Arguments:
jvm_args: -Dfile.encoding=UTF-8 -XX:+ShowCodeDetailsInExceptionMessages 
java_command: com.hotel.managementsystem.ManagementsystemApplication
java_class_path (initial): C:\Users\2784408\Downloads\managementsystem\managementsystem\target\classes;C:\Users\2784408\.m2\repository\org\springframework\boot\spring-boot-starter-data-jpa\3.4.4\spring-boot-starter-data-jpa-3.4.4.jar;C:\Users\2784408\.m2\repository\org\springframework\boot\spring-boot-starter\3.4.4\spring-boot-starter-3.4.4.jar;C:\Users\2784408\.m2\repository\org\springframework\boot\spring-boot-starter-logging\3.4.4\spring-boot-starter-logging-3.4.4.jar;C:\Users\2784408\.m2\repository\ch\qos\logback\logback-classic\1.5.18\logback-classic-1.5.18.jar;C:\Users\2784408\.m2\repository\ch\qos\logback\logback-core\1.5.18\logback-core-1.5.18.jar;C:\Users\2784408\.m2\repository\org\apache\logging\log4j\log4j-to-slf4j\2.24.3\log4j-to-slf4j-2.24.3.jar;C:\Users\2784408\.m2\repository\org\apache\logging\log4j\log4j-api\2.24.3\log4j-api-2.24.3.jar;C:\Users\2784408\.m2\repository\org\slf4j\jul-to-slf4j\2.0.17\jul-to-slf4j-2.0.17.jar;C:\Users\2784408\.m2\repository\jakarta\annotation\jakarta.annotation-api\2.1.1\jakarta.annotation-api-2.1.1.jar;C:\Users\2784408\.m2\repository\org\yaml\snakeyaml\2.3\snakeyaml-2.3.jar;C:\Users\2784408\.m2\repository\org\springframework\boot\spring-boot-starter-jdbc\3.4.4\spring-boot-starter-jdbc-3.4.4.jar;C:\Users\2784408\.m2\repository\com\zaxxer\HikariCP\5.1.0\HikariCP-5.1.0.jar;C:\Users\2784408\.m2\repository\org\springframework\spring-jdbc\6.2.5\spring-jdbc-6.2.5.jar;C:\Users\2784408\.m2\repository\org\hibernate\orm\hibernate-core\6.6.11.Final\hibernate-core-6.6.11.Final.jar;C:\Users\2784408\.m2\repository\jakarta\persistence\jakarta.persistence-api\3.1.0\jakarta.persistence-api-3.1.0.jar;C:\Users\2784408\.m2\repository\jakarta\transaction\jakarta.transaction-api\2.0.1\jakarta.transaction-api-2.0.1.jar;C:\Users\2784408\.m2\repository\org\jboss\logging\jboss-logging\3.6.1.Final\jboss-logging-3.6.1.Final.jar;C:\Users\2784408\.m2\repository\org\hibernate\common\hibernate-commons-annotations\7.0.3.Final\hibernate-commons-annotatio
Launcher Type: SUN_STANDARD

[Global flags]
     intx CICompilerCount                          = 3                                         {product} {ergonomic}
     uint ConcGCThreads                            = 1                                         {product} {ergonomic}
     uint G1ConcRefinementThreads                  = 4                                         {product} {ergonomic}
   size_t G1HeapRegionSize                         = 1048576                                   {product} {ergonomic}
    uintx GCDrainStackTargetSize                   = 64                                        {product} {ergonomic}
   size_t InitialHeapSize                          = 134217728                                 {product} {ergonomic}
   size_t MarkStackSize                            = 4194304                                   {product} {ergonomic}
   size_t MaxHeapSize                              = 2147483648                                {product} {ergonomic}
   size_t MaxNewSize                               = 1287651328                                {product} {ergonomic}
   size_t MinHeapDeltaBytes                        = 1048576                                   {product} {ergonomic}
   size_t MinHeapSize                              = 8388608                                   {product} {ergonomic}
    uintx NonNMethodCodeHeapSize                   = 5832780                                {pd product} {ergonomic}
    uintx NonProfiledCodeHeapSize                  = 122912730                              {pd product} {ergonomic}
    uintx ProfiledCodeHeapSize                     = 122912730                              {pd product} {ergonomic}
    uintx ReservedCodeCacheSize                    = 251658240                              {pd product} {ergonomic}
     bool SegmentedCodeCache                       = true                                      {product} {ergonomic}
     bool ShowCodeDetailsInExceptionMessages       = true                                   {manageable} {command line}
   size_t SoftMaxHeapSize                          = 2147483648                             {manageable} {ergonomic}
     bool UseCompressedClassPointers               = true                           {product lp64_product} {ergonomic}
     bool UseCompressedOops                        = true                           {product lp64_product} {ergonomic}
     bool UseG1GC                                  = true                                      {product} {ergonomic}
     bool UseLargePagesIndividualAllocation        = false                                  {pd product} {ergonomic}

Logging:
Log output configuration:
 #0: stdout all=warning uptime,level,tags
 #1: stderr all=off uptime,level,tags

Environment Variables:
JAVA_HOME=C:\Program Files\OpenLogic\jdk-17.0.12.7-hotspot\
PATH=C:/temp/eclipse-jee//plugins/org.eclipse.justj.openjdk.hotspot.jre.full.win32.x86_64_17.0.1.v20211116-1657/jre/bin/server;C:/temp/eclipse-jee//plugins/org.eclipse.justj.openjdk.hotspot.jre.full.win32.x86_64_17.0.1.v20211116-1657/jre/bin;C:\Program Files\OpenLogic\jdk-17.0.12.7-hotspot\bin;C:\Program Files\Python312\Scripts\;C:\Program Files\Python312\;C:\windows\system32;C:\windows;C:\windows\System32\Wbem;C:\windows\System32\WindowsPowerShell\v1.0\;C:\windows\System32\OpenSSH\;C:\Program Files\Git\cmd;C:\Program Files\TortoiseGit\bin;C:\temp\java-1.8.0-openjdk-1.8.0.265-3\bin;C:\temp\java-1.8.0-openjdk-1.8.0.265-3\jre\bin;C:\temp\New folder\tomcat-9.0.72\bin;C:\temp\New folder\cli-8.19.3\bin;C:\Program Files\Common Files\ThinPrint\;C:\Program Files\nodejs\;C:\temp\New folder\node_modules\.bin;C:\Program Files\Microsoft VS Code\bin;C:\Users\2784408\AppData\Local\Microsoft\WindowsApps;;C:\temp\eclipse-jee;
USERNAME=2784408
OS=Windows_NT
PROCESSOR_IDENTIFIER=Intel64 Family 6 Model 85 Stepping 7, GenuineIntel



---------------  S Y S T E M  ---------------

OS:
 Windows 10 , 64 bit Build 19041 (10.0.19041.5438)
OS uptime: 27 days 18:46 hours
VMWare virtualization detected

CPU: total 4 (initial active 4) (2 cores per cpu, 1 threads per core) family 6 model 85 stepping 7 microcode 0x5003605, cx8, cmov, fxsr, mmx, 3dnowpref, sse, sse2, sse3, ssse3, sse4.1, sse4.2, popcnt, lzcnt, tsc, tscinvbit, avx, avx2, aes, erms, clmul, bmi1, bmi2, adx, avx512f, avx512dq, avx512cd, avx512bw, avx512vl, fma, vzeroupper, avx512_vnni, clflush, clflushopt, clwb, hv

Memory: 4k page, system-wide physical 8191M (1099M free)
TotalPageFile size 8702M (AvailPageFile size 5M)
current process WorkingSet (physical memory assigned to process): 258M, peak: 302M
current process commit charge ("private bytes"): 289M, peak: 328M

vm_info: OpenJDK 64-Bit Server VM (17.0.1+12) for windows-amd64 JRE (17.0.1+12), built on Oct 20 2021 07:42:55 by "" with MS VC++ 16.7 (VS2019)

END.
