#
# There is insufficient memory for the Java Runtime Environment to continue.
# Native memory allocation (mmap) failed to map 72351744 bytes for G1 virtual space
# Possible reasons:
#   The system is out of physical RAM or swap space
#   The process is running with CompressedOops enabled, and the Java Heap may be blocking the growth of the native heap
# Possible solutions:
#   Reduce memory load on the system
#   Increase physical memory or swap space
#   Check if swap backing store is full
#   Decrease Java heap size (-Xmx/-Xms)
#   Decrease number of Java threads
#   Decrease Java thread stack sizes (-Xss)
#   Set larger code cache with -XX:ReservedCodeCacheSize=
#   JVM is running with Unscaled Compressed Oops mode in which the Java heap is
#     placed in the first 4GB address space. The Java Heap base address is the
#     maximum limit for the native heap growth. Please use -XX:HeapBaseMinAddress
#     to set the Java Heap base and to place the Java Heap above 4GB virtual address.
# This output file may be truncated or incomplete.
#
#  Out of Memory Error (os_windows.cpp:3469), pid=13500, tid=3420
#
# JRE version: OpenJDK Runtime Environment Temurin-17.0.1+12 (17.0.1+12) (build 17.0.1+12)
# Java VM: OpenJDK 64-Bit Server VM Temurin-17.0.1+12 (17.0.1+12, mixed mode, tiered, compressed oops, compressed class ptrs, g1 gc, windows-amd64)
# No core dump will be written. Minidumps are not enabled by default on client versions of Windows
#

---------------  S U M M A R Y ------------

Command Line: -Dfile.encoding=UTF-8 -XX:+ShowCodeDetailsInExceptionMessages com.hotel.managementsystem.ManagementsystemApplication

Host: Intel(R) Xeon(R) Gold 6154 CPU @ 3.00GHz, 4 cores, 7G,  Windows 10 , 64 bit Build 19041 (10.0.19041.5438)
Time: Thu Apr 17 17:28:06 2025 India Standard Time elapsed time: 4.221272 seconds (0d 0h 0m 4s)

---------------  T H R E A D  ---------------

Current thread (0x00000259ac0c33d0):  VMThread "VM Thread" [stack: 0x000000b88fa00000,0x000000b88fb00000] [id=3420]

Stack: [0x000000b88fa00000,0x000000b88fb00000]
Native frames: (J=compiled Java code, j=interpreted, Vv=VM code, C=native code)
V  [jvm.dll+0x6744da]
V  [jvm.dll+0x82e144]
V  [jvm.dll+0x82f8ee]
V  [jvm.dll+0x82ff53]
V  [jvm.dll+0x245175]
V  [jvm.dll+0x6714c9]
V  [jvm.dll+0x665f92]
V  [jvm.dll+0x303c3b]
V  [jvm.dll+0x30b176]
V  [jvm.dll+0x35af1e]
V  [jvm.dll+0x35b14f]
V  [jvm.dll+0x2dab78]
V  [jvm.dll+0x2d8e2c]
V  [jvm.dll+0x2d83fc]
V  [jvm.dll+0x31c24b]
V  [jvm.dll+0x8343bb]
V  [jvm.dll+0x8350f4]
V  [jvm.dll+0x83560c]
V  [jvm.dll+0x8359e4]
V  [jvm.dll+0x835ab0]
V  [jvm.dll+0x7de51a]
V  [jvm.dll+0x673305]
C  [ucrtbase.dll+0x21bb2]
C  [KERNEL32.DLL+0x17374]
C  [ntdll.dll+0x4cc91]

VM_Operation (0x000000b890cfd270): G1CollectForAllocation, mode: safepoint, requested by thread 0x00000259ae2f3270


---------------  P R O C E S S  ---------------

Threads class SMR info:
_java_thread_list=0x00000259aeef6e40, length=15, elements={
0x000002599061e3d0, 0x00000259acc12250, 0x00000259acc12810, 0x00000259acc480c0,
0x00000259acc48590, 0x00000259acc48a60, 0x00000259acc43ba0, 0x00000259acc21e10,
0x00000259acc26420, 0x00000259ac148fc0, 0x00000259acd99150, 0x00000259acdb6a00,
0x00000259ae677ee0, 0x00000259ae2f3270, 0x00000259ae181410
}

Java Threads: ( => current thread )
  0x000002599061e3d0 JavaThread "main" [_thread_blocked, id=10692, stack(0x000000b88f400000,0x000000b88f500000)]
  0x00000259acc12250 JavaThread "Reference Handler" daemon [_thread_blocked, id=15136, stack(0x000000b88fb00000,0x000000b88fc00000)]
  0x00000259acc12810 JavaThread "Finalizer" daemon [_thread_blocked, id=4356, stack(0x000000b88fc00000,0x000000b88fd00000)]
  0x00000259acc480c0 JavaThread "Signal Dispatcher" daemon [_thread_blocked, id=3000, stack(0x000000b88fd00000,0x000000b88fe00000)]
  0x00000259acc48590 JavaThread "Attach Listener" daemon [_thread_blocked, id=7824, stack(0x000000b88fe00000,0x000000b88ff00000)]
  0x00000259acc48a60 JavaThread "Service Thread" daemon [_thread_blocked, id=15180, stack(0x000000b88ff00000,0x000000b890000000)]
  0x00000259acc43ba0 JavaThread "Monitor Deflation Thread" daemon [_thread_blocked, id=7568, stack(0x000000b890000000,0x000000b890100000)]
  0x00000259acc21e10 JavaThread "C2 CompilerThread0" daemon [_thread_blocked, id=1856, stack(0x000000b890100000,0x000000b890200000)]
  0x00000259acc26420 JavaThread "C1 CompilerThread0" daemon [_thread_blocked, id=12668, stack(0x000000b890200000,0x000000b890300000)]
  0x00000259ac148fc0 JavaThread "Sweeper thread" daemon [_thread_blocked, id=12336, stack(0x000000b890300000,0x000000b890400000)]
  0x00000259acd99150 JavaThread "Notification Thread" daemon [_thread_blocked, id=14556, stack(0x000000b890400000,0x000000b890500000)]
  0x00000259acdb6a00 JavaThread "Common-Cleaner" daemon [_thread_blocked, id=14316, stack(0x000000b890600000,0x000000b890700000)]
  0x00000259ae677ee0 JavaThread "Thread-0" [_thread_blocked, id=5996, stack(0x000000b890b00000,0x000000b890c00000)]
  0x00000259ae2f3270 JavaThread "restartedMain" [_thread_blocked, id=13240, stack(0x000000b890c00000,0x000000b890d00000)]
  0x00000259ae181410 JavaThread "C2 CompilerThread1" daemon [_thread_blocked, id=5440, stack(0x000000b890a00000,0x000000b890b00000)]

Other Threads:
=>0x00000259ac0c33d0 VMThread "VM Thread" [stack: 0x000000b88fa00000,0x000000b88fb00000] [id=3420]
  0x00000259929fdfe0 WatcherThread [stack: 0x000000b890500000,0x000000b890600000] [id=6424]
  0x00000259929da9d0 GCTaskThread "GC Thread#0" [stack: 0x000000b88f500000,0x000000b88f600000] [id=5256]
  0x00000259ad363290 GCTaskThread "GC Thread#1" [stack: 0x000000b890700000,0x000000b890800000] [id=1400]
  0x00000259ad362ba0 GCTaskThread "GC Thread#2" [stack: 0x000000b890800000,0x000000b890900000] [id=13400]
  0x00000259ad708c50 GCTaskThread "GC Thread#3" [stack: 0x000000b890900000,0x000000b890a00000] [id=10144]
  0x00000259929eb910 ConcurrentGCThread "G1 Main Marker" [stack: 0x000000b88f600000,0x000000b88f700000] [id=10616]
  0x00000259929ece90 ConcurrentGCThread "G1 Conc#0" [stack: 0x000000b88f700000,0x000000b88f800000] [id=8920]
  0x00000259abf720b0 ConcurrentGCThread "G1 Refine#0" [stack: 0x000000b88f800000,0x000000b88f900000] [id=10528]
  0x00000259abf72580 ConcurrentGCThread "G1 Service" [stack: 0x000000b88f900000,0x000000b88fa00000] [id=7472]

Threads with active compile tasks:
C2 CompilerThread0     4272 3815       4       java.util.Collections$SetFromMap::remove (19 bytes)

VM state: at safepoint (normal execution)

VM Mutex/Monitor currently owned by a thread:  ([mutex/lock_event])
[0x000002599061afb0] Threads_lock - owner thread: 0x00000259ac0c33d0
[0x000002599061b940] Heap_lock - owner thread: 0x00000259ae2f3270

Heap address: 0x0000000080000000, size: 2048 MB, Compressed Oops mode: 32-bit

CDS archive(s) not mapped
Compressed class space mapped at: 0x0000000100000000-0x0000000140000000, reserved size: 1073741824
Narrow klass base: 0x0000000000000000, Narrow klass shift: 3, Narrow klass range: 0x140000000

GC Precious Log:
 CPUs: 4 total, 4 available
 Memory: 8191M
 Large Page Support: Disabled
 NUMA Support: Disabled
 Compressed Oops: Enabled (32-bit)
 Heap Region Size: 1M
 Heap Min Capacity: 8M
 Heap Initial Capacity: 128M
 Heap Max Capacity: 2G
 Pre-touch: Disabled
 Parallel Workers: 4
 Concurrent Workers: 1
 Concurrent Refinement Workers: 4
 Periodic GC: Disabled

Heap:
 garbage-first heap   total 131072K, used 17928K [0x0000000080000000, 0x0000000100000000)
  region size 1024K, 1 young (1024K), 1 survivors (1024K)
 Metaspace       used 37081K, committed 37440K, reserved 1089536K
  class space    used 4371K, committed 4544K, reserved 1048576K

Heap Regions: E=young(eden), S=young(survivor), O=old, HS=humongous(starts), HC=humongous(continues), CS=collection set, F=free, OA=open archive, CA=closed archive, TAMS=top-at-mark-start (previous, next)
|   0|0x0000000080000000, 0x0000000080100000, 0x0000000080100000|100%|HS|  |TAMS 0x0000000080100000, 0x0000000080000000| Complete 
|   1|0x0000000080100000, 0x0000000080200000, 0x0000000080200000|100%|HS|  |TAMS 0x0000000080200000, 0x0000000080100000| Complete 
|   2|0x0000000080200000, 0x0000000080300000, 0x0000000080300000|100%| O|  |TAMS 0x0000000080300000, 0x0000000080200000| Untracked 
|   3|0x0000000080300000, 0x0000000080400000, 0x0000000080400000|100%| O|  |TAMS 0x0000000080400000, 0x0000000080300000| Untracked 
|   4|0x0000000080400000, 0x0000000080500000, 0x0000000080500000|100%| O|  |TAMS 0x0000000080500000, 0x0000000080400000| Untracked 
|   5|0x0000000080500000, 0x0000000080600000, 0x0000000080600000|100%| O|  |TAMS 0x0000000080600000, 0x0000000080500000| Untracked 
|   6|0x0000000080600000, 0x0000000080700000, 0x0000000080700000|100%| O|  |TAMS 0x0000000080600000, 0x0000000080600000| Untracked 
|   7|0x0000000080700000, 0x0000000080800000, 0x0000000080800000|100%| O|  |TAMS 0x0000000080800000, 0x0000000080700000| Untracked 
|   8|0x0000000080800000, 0x0000000080900000, 0x0000000080900000|100%| O|  |TAMS 0x0000000080900000, 0x0000000080800000| Untracked 
|   9|0x0000000080900000, 0x0000000080a00000, 0x0000000080a00000|100%| O|  |TAMS 0x0000000080a00000, 0x0000000080900000| Untracked 
|  10|0x0000000080a00000, 0x0000000080b00000, 0x0000000080b00000|100%| O|  |TAMS 0x0000000080b00000, 0x0000000080a00000| Untracked 
|  11|0x0000000080b00000, 0x0000000080c00000, 0x0000000080c00000|100%| O|  |TAMS 0x0000000080c00000, 0x0000000080b00000| Untracked 
|  12|0x0000000080c00000, 0x0000000080c00000, 0x0000000080d00000|  0%| F|  |TAMS 0x0000000080c00000, 0x0000000080c00000| Untracked 
|  13|0x0000000080d00000, 0x0000000080e00000, 0x0000000080e00000|100%| O|  |TAMS 0x0000000080d00000, 0x0000000080d00000| Untracked 
|  14|0x0000000080e00000, 0x0000000080f00000, 0x0000000080f00000|100%| O|  |TAMS 0x0000000080e00000, 0x0000000080e00000| Untracked 
|  15|0x0000000080f00000, 0x0000000080f00000, 0x0000000081000000|  0%| F|  |TAMS 0x0000000080f00000, 0x0000000080f00000| Untracked 
|  16|0x0000000081000000, 0x0000000081000000, 0x0000000081100000|  0%| F|  |TAMS 0x0000000081000000, 0x0000000081000000| Untracked 
|  17|0x0000000081100000, 0x0000000081100000, 0x0000000081200000|  0%| F|  |TAMS 0x0000000081100000, 0x0000000081100000| Untracked 
|  18|0x0000000081200000, 0x0000000081200000, 0x0000000081300000|  0%| F|  |TAMS 0x0000000081200000, 0x0000000081200000| Untracked 
|  19|0x0000000081300000, 0x0000000081400000, 0x0000000081400000|100%| O|  |TAMS 0x0000000081300000, 0x0000000081300000| Untracked 
|  20|0x0000000081400000, 0x0000000081500000, 0x0000000081500000|100%| O|  |TAMS 0x0000000081400000, 0x0000000081400000| Untracked 
|  21|0x0000000081500000, 0x0000000081600000, 0x0000000081600000|100%| O|  |TAMS 0x0000000081500000, 0x0000000081500000| Untracked 
|  22|0x0000000081600000, 0x0000000081664400, 0x0000000081700000| 39%| O|  |TAMS 0x0000000081600000, 0x0000000081600000| Untracked 
|  23|0x0000000081700000, 0x0000000081700000, 0x0000000081800000|  0%| F|  |TAMS 0x0000000081700000, 0x0000000081700000| Untracked 
|  24|0x0000000081800000, 0x0000000081800000, 0x0000000081900000|  0%| F|  |TAMS 0x0000000081800000, 0x0000000081800000| Untracked 
|  25|0x0000000081900000, 0x0000000081900000, 0x0000000081a00000|  0%| F|  |TAMS 0x0000000081900000, 0x0000000081900000| Untracked 
|  26|0x0000000081a00000, 0x0000000081a00000, 0x0000000081b00000|  0%| F|  |TAMS 0x0000000081a00000, 0x0000000081a00000| Untracked 
|  27|0x0000000081b00000, 0x0000000081b00000, 0x0000000081c00000|  0%| F|  |TAMS 0x0000000081b00000, 0x0000000081b00000| Untracked 
|  28|0x0000000081c00000, 0x0000000081c00000, 0x0000000081d00000|  0%| F|  |TAMS 0x0000000081c00000, 0x0000000081c00000| Untracked 
|  29|0x0000000081d00000, 0x0000000081d1dfc8, 0x0000000081e00000| 11%| S|CS|TAMS 0x0000000081d00000, 0x0000000081d00000| Complete 
|  30|0x0000000081e00000, 0x0000000081e00000, 0x0000000081f00000|  0%| F|  |TAMS 0x0000000081e00000, 0x0000000081e00000| Untracked 
|  31|0x0000000081f00000, 0x0000000081f00000, 0x0000000082000000|  0%| F|  |TAMS 0x0000000081f00000, 0x0000000081f00000| Untracked 
|  32|0x0000000082000000, 0x0000000082000000, 0x0000000082100000|  0%| F|  |TAMS 0x0000000082000000, 0x0000000082000000| Untracked 
|  33|0x0000000082100000, 0x0000000082100000, 0x0000000082200000|  0%| F|  |TAMS 0x0000000082100000, 0x0000000082100000| Untracked 
|  34|0x0000000082200000, 0x0000000082200000, 0x0000000082300000|  0%| F|  |TAMS 0x0000000082200000, 0x0000000082200000| Untracked 
|  35|0x0000000082300000, 0x0000000082300000, 0x0000000082400000|  0%| F|  |TAMS 0x0000000082300000, 0x0000000082300000| Untracked 
|  36|0x0000000082400000, 0x0000000082400000, 0x0000000082500000|  0%| F|  |TAMS 0x0000000082400000, 0x0000000082400000| Untracked 
|  37|0x0000000082500000, 0x0000000082500000, 0x0000000082600000|  0%| F|  |TAMS 0x0000000082500000, 0x0000000082500000| Untracked 
|  38|0x0000000082600000, 0x0000000082600000, 0x0000000082700000|  0%| F|  |TAMS 0x0000000082600000, 0x0000000082600000| Untracked 
|  39|0x0000000082700000, 0x0000000082700000, 0x0000000082800000|  0%| F|  |TAMS 0x0000000082700000, 0x0000000082700000| Untracked 
|  40|0x0000000082800000, 0x0000000082800000, 0x0000000082900000|  0%| F|  |TAMS 0x0000000082800000, 0x0000000082800000| Untracked 
|  41|0x0000000082900000, 0x0000000082900000, 0x0000000082a00000|  0%| F|  |TAMS 0x0000000082900000, 0x0000000082900000| Untracked 
|  42|0x0000000082a00000, 0x0000000082a00000, 0x0000000082b00000|  0%| F|  |TAMS 0x0000000082a00000, 0x0000000082a00000| Untracked 
|  43|0x0000000082b00000, 0x0000000082b00000, 0x0000000082c00000|  0%| F|  |TAMS 0x0000000082b00000, 0x0000000082b00000| Untracked 
|  44|0x0000000082c00000, 0x0000000082c00000, 0x0000000082d00000|  0%| F|  |TAMS 0x0000000082c00000, 0x0000000082c00000| Untracked 
|  45|0x0000000082d00000, 0x0000000082d00000, 0x0000000082e00000|  0%| F|  |TAMS 0x0000000082d00000, 0x0000000082d00000| Untracked 
|  46|0x0000000082e00000, 0x0000000082e00000, 0x0000000082f00000|  0%| F|  |TAMS 0x0000000082e00000, 0x0000000082e00000| Untracked 
|  47|0x0000000082f00000, 0x0000000082f00000, 0x0000000083000000|  0%| F|  |TAMS 0x0000000082f00000, 0x0000000082f00000| Untracked 
|  48|0x0000000083000000, 0x0000000083000000, 0x0000000083100000|  0%| F|  |TAMS 0x0000000083000000, 0x0000000083000000| Untracked 
|  49|0x0000000083100000, 0x0000000083100000, 0x0000000083200000|  0%| F|  |TAMS 0x0000000083100000, 0x0000000083100000| Untracked 
|  50|0x0000000083200000, 0x0000000083200000, 0x0000000083300000|  0%| F|  |TAMS 0x0000000083200000, 0x0000000083200000| Untracked 
|  51|0x0000000083300000, 0x0000000083300000, 0x0000000083400000|  0%| F|  |TAMS 0x0000000083300000, 0x0000000083300000| Untracked 
|  52|0x0000000083400000, 0x0000000083400000, 0x0000000083500000|  0%| F|  |TAMS 0x0000000083400000, 0x0000000083400000| Untracked 
|  53|0x0000000083500000, 0x0000000083500000, 0x0000000083600000|  0%| F|  |TAMS 0x0000000083500000, 0x0000000083500000| Untracked 
|  54|0x0000000083600000, 0x0000000083600000, 0x0000000083700000|  0%| F|  |TAMS 0x0000000083600000, 0x0000000083600000| Untracked 
|  55|0x0000000083700000, 0x0000000083700000, 0x0000000083800000|  0%| F|  |TAMS 0x0000000083700000, 0x0000000083700000| Untracked 
|  56|0x0000000083800000, 0x0000000083800000, 0x0000000083900000|  0%| F|  |TAMS 0x0000000083800000, 0x0000000083800000| Untracked 
|  57|0x0000000083900000, 0x0000000083900000, 0x0000000083a00000|  0%| F|  |TAMS 0x0000000083900000, 0x0000000083900000| Untracked 
|  58|0x0000000083a00000, 0x0000000083a00000, 0x0000000083b00000|  0%| F|  |TAMS 0x0000000083a00000, 0x0000000083a00000| Untracked 
|  59|0x0000000083b00000, 0x0000000083b00000, 0x0000000083c00000|  0%| F|  |TAMS 0x0000000083b00000, 0x0000000083b00000| Untracked 
|  60|0x0000000083c00000, 0x0000000083c00000, 0x0000000083d00000|  0%| F|  |TAMS 0x0000000083c00000, 0x0000000083c00000| Untracked 
|  61|0x0000000083d00000, 0x0000000083d00000, 0x0000000083e00000|  0%| F|  |TAMS 0x0000000083d00000, 0x0000000083d00000| Untracked 
|  62|0x0000000083e00000, 0x0000000083e00000, 0x0000000083f00000|  0%| F|  |TAMS 0x0000000083e00000, 0x0000000083e00000| Untracked 
|  63|0x0000000083f00000, 0x0000000083f00000, 0x0000000084000000|  0%| F|  |TAMS 0x0000000083f00000, 0x0000000083f00000| Untracked 
|  64|0x0000000084000000, 0x0000000084000000, 0x0000000084100000|  0%| F|  |TAMS 0x0000000084000000, 0x0000000084000000| Untracked 
|  65|0x0000000084100000, 0x0000000084100000, 0x0000000084200000|  0%| F|  |TAMS 0x0000000084100000, 0x0000000084100000| Untracked 
|  66|0x0000000084200000, 0x0000000084200000, 0x0000000084300000|  0%| F|  |TAMS 0x0000000084200000, 0x0000000084200000| Untracked 
|  67|0x0000000084300000, 0x0000000084300000, 0x0000000084400000|  0%| F|  |TAMS 0x0000000084300000, 0x0000000084300000| Untracked 
|  68|0x0000000084400000, 0x0000000084400000, 0x0000000084500000|  0%| F|  |TAMS 0x0000000084400000, 0x0000000084400000| Untracked 
|  69|0x0000000084500000, 0x0000000084500000, 0x0000000084600000|  0%| F|  |TAMS 0x0000000084500000, 0x0000000084500000| Untracked 
|  70|0x0000000084600000, 0x0000000084600000, 0x0000000084700000|  0%| F|  |TAMS 0x0000000084600000, 0x0000000084600000| Untracked 
|  71|0x0000000084700000, 0x0000000084700000, 0x0000000084800000|  0%| F|  |TAMS 0x0000000084700000, 0x0000000084700000| Untracked 
|  72|0x0000000084800000, 0x0000000084800000, 0x0000000084900000|  0%| F|  |TAMS 0x0000000084800000, 0x0000000084800000| Untracked 
|  73|0x0000000084900000, 0x0000000084900000, 0x0000000084a00000|  0%| F|  |TAMS 0x0000000084900000, 0x0000000084900000| Untracked 
|  74|0x0000000084a00000, 0x0000000084a00000, 0x0000000084b00000|  0%| F|  |TAMS 0x0000000084a00000, 0x0000000084a00000| Untracked 
|  75|0x0000000084b00000, 0x0000000084b00000, 0x0000000084c00000|  0%| F|  |TAMS 0x0000000084b00000, 0x0000000084b00000| Untracked 
|  76|0x0000000084c00000, 0x0000000084c00000, 0x0000000084d00000|  0%| F|  |TAMS 0x0000000084c00000, 0x0000000084c00000| Untracked 
|  77|0x0000000084d00000, 0x0000000084d00000, 0x0000000084e00000|  0%| F|  |TAMS 0x0000000084d00000, 0x0000000084d00000| Untracked 
|  78|0x0000000084e00000, 0x0000000084e00000, 0x0000000084f00000|  0%| F|  |TAMS 0x0000000084e00000, 0x0000000084e00000| Untracked 
|  79|0x0000000084f00000, 0x0000000084f00000, 0x0000000085000000|  0%| F|  |TAMS 0x0000000084f00000, 0x0000000084f00000| Untracked 
|  80|0x0000000085000000, 0x0000000085000000, 0x0000000085100000|  0%| F|  |TAMS 0x0000000085000000, 0x0000000085000000| Untracked 
|  81|0x0000000085100000, 0x0000000085100000, 0x0000000085200000|  0%| F|  |TAMS 0x0000000085100000, 0x0000000085100000| Untracked 
|  82|0x0000000085200000, 0x0000000085200000, 0x0000000085300000|  0%| F|  |TAMS 0x0000000085200000, 0x0000000085200000| Untracked 
|  83|0x0000000085300000, 0x0000000085300000, 0x0000000085400000|  0%| F|  |TAMS 0x0000000085300000, 0x0000000085300000| Untracked 
|  84|0x0000000085400000, 0x0000000085400000, 0x0000000085500000|  0%| F|  |TAMS 0x0000000085400000, 0x0000000085400000| Untracked 
|  85|0x0000000085500000, 0x0000000085500000, 0x0000000085600000|  0%| F|  |TAMS 0x0000000085500000, 0x0000000085500000| Untracked 
|  86|0x0000000085600000, 0x0000000085600000, 0x0000000085700000|  0%| F|  |TAMS 0x0000000085600000, 0x0000000085600000| Untracked 
|  87|0x0000000085700000, 0x0000000085700000, 0x0000000085800000|  0%| F|  |TAMS 0x0000000085700000, 0x0000000085700000| Untracked 
|  88|0x0000000085800000, 0x0000000085800000, 0x0000000085900000|  0%| F|  |TAMS 0x0000000085800000, 0x0000000085800000| Untracked 
|  89|0x0000000085900000, 0x0000000085900000, 0x0000000085a00000|  0%| F|  |TAMS 0x0000000085900000, 0x0000000085900000| Untracked 
|  90|0x0000000085a00000, 0x0000000085a00000, 0x0000000085b00000|  0%| F|  |TAMS 0x0000000085a00000, 0x0000000085a00000| Untracked 
|  91|0x0000000085b00000, 0x0000000085b00000, 0x0000000085c00000|  0%| F|  |TAMS 0x0000000085b00000, 0x0000000085b00000| Untracked 
|  92|0x0000000085c00000, 0x0000000085c00000, 0x0000000085d00000|  0%| F|  |TAMS 0x0000000085c00000, 0x0000000085c00000| Untracked 
|  93|0x0000000085d00000, 0x0000000085d00000, 0x0000000085e00000|  0%| F|  |TAMS 0x0000000085d00000, 0x0000000085d00000| Untracked 
|  94|0x0000000085e00000, 0x0000000085e00000, 0x0000000085f00000|  0%| F|  |TAMS 0x0000000085e00000, 0x0000000085e00000| Untracked 
|  95|0x0000000085f00000, 0x0000000085f00000, 0x0000000086000000|  0%| F|  |TAMS 0x0000000085f00000, 0x0000000085f00000| Untracked 
|  96|0x0000000086000000, 0x0000000086000000, 0x0000000086100000|  0%| F|  |TAMS 0x0000000086000000, 0x0000000086000000| Untracked 
|  97|0x0000000086100000, 0x0000000086100000, 0x0000000086200000|  0%| F|  |TAMS 0x0000000086100000, 0x0000000086100000| Untracked 
|  98|0x0000000086200000, 0x0000000086200000, 0x0000000086300000|  0%| F|  |TAMS 0x0000000086200000, 0x0000000086200000| Untracked 
|  99|0x0000000086300000, 0x0000000086300000, 0x0000000086400000|  0%| F|  |TAMS 0x0000000086300000, 0x0000000086300000| Untracked 
| 100|0x0000000086400000, 0x0000000086400000, 0x0000000086500000|  0%| F|  |TAMS 0x0000000086400000, 0x0000000086400000| Untracked 
| 101|0x0000000086500000, 0x0000000086500000, 0x0000000086600000|  0%| F|  |TAMS 0x0000000086500000, 0x0000000086500000| Untracked 
| 102|0x0000000086600000, 0x0000000086600000, 0x0000000086700000|  0%| F|  |TAMS 0x0000000086600000, 0x0000000086600000| Untracked 
| 103|0x0000000086700000, 0x0000000086700000, 0x0000000086800000|  0%| F|  |TAMS 0x0000000086700000, 0x0000000086700000| Untracked 
| 104|0x0000000086800000, 0x0000000086800000, 0x0000000086900000|  0%| F|  |TAMS 0x0000000086800000, 0x0000000086800000| Untracked 
| 105|0x0000000086900000, 0x0000000086900000, 0x0000000086a00000|  0%| F|  |TAMS 0x0000000086900000, 0x0000000086900000| Untracked 
| 106|0x0000000086a00000, 0x0000000086a00000, 0x0000000086b00000|  0%| F|  |TAMS 0x0000000086a00000, 0x0000000086a00000| Untracked 
| 107|0x0000000086b00000, 0x0000000086b00000, 0x0000000086c00000|  0%| F|  |TAMS 0x0000000086b00000, 0x0000000086b00000| Untracked 
| 108|0x0000000086c00000, 0x0000000086c00000, 0x0000000086d00000|  0%| F|  |TAMS 0x0000000086c00000, 0x0000000086c00000| Untracked 
| 109|0x0000000086d00000, 0x0000000086d00000, 0x0000000086e00000|  0%| F|  |TAMS 0x0000000086d00000, 0x0000000086d00000| Untracked 
| 110|0x0000000086e00000, 0x0000000086e00000, 0x0000000086f00000|  0%| F|  |TAMS 0x0000000086e00000, 0x0000000086e00000| Untracked 
| 111|0x0000000086f00000, 0x0000000086f00000, 0x0000000087000000|  0%| F|  |TAMS 0x0000000086f00000, 0x0000000086f00000| Untracked 
| 112|0x0000000087000000, 0x0000000087000000, 0x0000000087100000|  0%| F|  |TAMS 0x0000000087000000, 0x0000000087000000| Untracked 
| 113|0x0000000087100000, 0x0000000087100000, 0x0000000087200000|  0%| F|  |TAMS 0x0000000087100000, 0x0000000087100000| Untracked 
| 114|0x0000000087200000, 0x0000000087200000, 0x0000000087300000|  0%| F|  |TAMS 0x0000000087200000, 0x0000000087200000| Untracked 
| 115|0x0000000087300000, 0x0000000087300000, 0x0000000087400000|  0%| F|  |TAMS 0x0000000087300000, 0x0000000087300000| Untracked 
| 116|0x0000000087400000, 0x0000000087400000, 0x0000000087500000|  0%| F|  |TAMS 0x0000000087400000, 0x0000000087400000| Untracked 
| 117|0x0000000087500000, 0x0000000087500000, 0x0000000087600000|  0%| F|  |TAMS 0x0000000087500000, 0x0000000087500000| Untracked 
| 118|0x0000000087600000, 0x0000000087600000, 0x0000000087700000|  0%| F|  |TAMS 0x0000000087600000, 0x0000000087600000| Untracked 
| 119|0x0000000087700000, 0x0000000087700000, 0x0000000087800000|  0%| F|  |TAMS 0x0000000087700000, 0x0000000087700000| Untracked 
| 120|0x0000000087800000, 0x0000000087800000, 0x0000000087900000|  0%| F|  |TAMS 0x0000000087800000, 0x0000000087800000| Untracked 
| 121|0x0000000087900000, 0x0000000087900000, 0x0000000087a00000|  0%| F|  |TAMS 0x0000000087900000, 0x0000000087900000| Untracked 
| 122|0x0000000087a00000, 0x0000000087a00000, 0x0000000087b00000|  0%| F|  |TAMS 0x0000000087a00000, 0x0000000087a00000| Untracked 
| 123|0x0000000087b00000, 0x0000000087b00000, 0x0000000087c00000|  0%| F|  |TAMS 0x0000000087b00000, 0x0000000087b00000| Untracked 
| 124|0x0000000087c00000, 0x0000000087c00000, 0x0000000087d00000|  0%| F|  |TAMS 0x0000000087c00000, 0x0000000087c00000| Untracked 
| 125|0x0000000087d00000, 0x0000000087d00000, 0x0000000087e00000|  0%| F|  |TAMS 0x0000000087d00000, 0x0000000087d00000| Untracked 
| 126|0x0000000087e00000, 0x0000000087e00000, 0x0000000087f00000|  0%| F|  |TAMS 0x0000000087e00000, 0x0000000087e00000| Untracked 
| 127|0x0000000087f00000, 0x0000000087f00000, 0x0000000088000000|  0%| F|  |TAMS 0x0000000087f00000, 0x0000000087f00000| Untracked 

Card table byte_map: [0x00000259a5420000,0x00000259a5820000] _byte_map_base: 0x00000259a5020000

Marking Bits (Prev, Next): (CMBitMap*) 0x00000259929dafe0, (CMBitMap*) 0x00000259929db020
 Prev Bits: [0x00000259a5c20000, 0x00000259a7c20000)
 Next Bits: [0x00000259a7c20000, 0x00000259a9c20000)

Polling page: 0x0000025990700000

Metaspace:

Usage:
  Non-class:     31.94 MB used.
      Class:      4.27 MB used.
       Both:     36.21 MB used.

Virtual space:
  Non-class space:       40.00 MB reserved,      32.12 MB ( 80%) committed,  5 nodes.
      Class space:        1.00 GB reserved,       4.44 MB ( <1%) committed,  1 nodes.
             Both:        1.04 GB reserved,      36.56 MB (  3%) committed. 

Chunk freelists:
   Non-Class:  3.28 MB
       Class:  3.42 MB
        Both:  6.70 MB

MaxMetaspaceSize: unlimited
CompressedClassSpaceSize: 1.00 GB
Initial GC threshold: 21.00 MB
Current GC threshold: 59.00 MB
CDS: off
MetaspaceReclaimPolicy: balanced
 - commit_granule_bytes: 65536.
 - commit_granule_words: 8192.
 - virtual_space_node_default_size: 1048576.
 - enlarge_chunks_in_place: 1.
 - new_chunks_are_fully_committed: 0.
 - uncommit_free_chunks: 1.
 - use_allocation_guard: 0.
 - handle_deallocations: 1.


Internal statistics:

num_allocs_failed_limit: 6.
num_arena_births: 380.
num_arena_deaths: 0.
num_vsnodes_births: 6.
num_vsnodes_deaths: 0.
num_space_committed: 585.
num_space_uncommitted: 0.
num_chunks_returned_to_freelist: 6.
num_chunks_taken_from_freelist: 1426.
num_chunk_merges: 3.
num_chunk_splits: 945.
num_chunks_enlarged: 716.
num_purges: 0.
num_inconsistent_stats: 0.

CodeHeap 'non-profiled nmethods': size=120000Kb used=2028Kb max_used=2028Kb free=117971Kb
 bounds [0x000002599daf0000, 0x000002599dd60000, 0x00000259a5020000]
CodeHeap 'profiled nmethods': size=120000Kb used=8105Kb max_used=8105Kb free=111894Kb
 bounds [0x00000259965c0000, 0x0000025996db0000, 0x000002599daf0000]
CodeHeap 'non-nmethods': size=5760Kb used=1211Kb max_used=1342Kb free=4548Kb
 bounds [0x0000025996020000, 0x0000025996290000, 0x00000259965c0000]
 total_blobs=4317 nmethods=3805 adapters=424
 compilation: enabled
              stopped_count=0, restarted_count=0
 full_count=0

Compilation events (20 events):
Event: 4.173 Thread 0x00000259acc26420 3812       3       jdk.internal.loader.ClassLoaders::bootLoader (4 bytes)
Event: 4.173 Thread 0x00000259acc26420 nmethod 3812 0x0000025996da6f90 code [0x0000025996da7120, 0x0000025996da7218]
Event: 4.174 Thread 0x00000259acc26420 3813       3       sun.nio.fs.WindowsPath::isAbsolute (26 bytes)
Event: 4.174 Thread 0x00000259ae181410 3814       4       jdk.internal.misc.Unsafe::getLong (7 bytes)
Event: 4.174 Thread 0x00000259acc26420 nmethod 3813 0x0000025996da7290 code [0x0000025996da7420, 0x0000025996da75d8]
Event: 4.174 Thread 0x00000259ae181410 nmethod 3814 0x000002599dcd4490 code [0x000002599dcd4600, 0x000002599dcd4678]
Event: 4.174 Thread 0x00000259ae181410 3816       4       java.util.WeakHashMap::remove (131 bytes)
Event: 4.174 Thread 0x00000259acc26420 3818   !   3       sun.nio.fs.WindowsPath::getPathForWin32Calls (135 bytes)
Event: 4.176 Thread 0x00000259acc26420 nmethod 3818 0x0000025996da7690 code [0x0000025996da7920, 0x0000025996da87f8]
Event: 4.176 Thread 0x00000259acc26420 3819       3       sun.nio.fs.WindowsNativeDispatcher::asNativeBuffer (103 bytes)
Event: 4.177 Thread 0x00000259acc26420 nmethod 3819 0x0000025996da8c90 code [0x0000025996da8f00, 0x0000025996da9938]
Event: 4.177 Thread 0x00000259acc26420 3820       3       java.nio.file.Files::provider (10 bytes)
Event: 4.177 Thread 0x00000259acc26420 nmethod 3820 0x0000025996da9c90 code [0x0000025996da9e40, 0x0000025996daa028]
Event: 4.177 Thread 0x00000259acc26420 3821       3       java.util.WeakHashMap::isEmpty (13 bytes)
Event: 4.178 Thread 0x00000259acc26420 nmethod 3821 0x0000025996daa110 code [0x0000025996daa2c0, 0x0000025996daa588]
Event: 4.197 Thread 0x00000259acc21e10 nmethod 3439 0x000002599dcd4790 code [0x000002599dcd4d60, 0x000002599dce4f28]
Event: 4.199 Thread 0x00000259acc21e10 3817       4       java.lang.StringLatin1::compareToCI (108 bytes)
Event: 4.204 Thread 0x00000259acc21e10 nmethod 3817 0x000002599dce8d90 code [0x000002599dce8f40, 0x000002599dce9478]
Event: 4.204 Thread 0x00000259acc21e10 3815       4       java.util.Collections$SetFromMap::remove (19 bytes)
Event: 4.204 Thread 0x00000259ae181410 nmethod 3816 0x000002599dce9890 code [0x000002599dce9a40, 0x000002599dcead18]

GC Heap History (20 events):
Event: 2.276 GC heap after
{Heap after GC invocations=8 (full 0):
 garbage-first heap   total 51200K, used 12194K [0x0000000080000000, 0x0000000100000000)
  region size 1024K, 1 young (1024K), 1 survivors (1024K)
 Metaspace       used 26205K, committed 26432K, reserved 1073152K
  class space    used 2969K, committed 3072K, reserved 1048576K
}
Event: 2.316 GC heap before
{Heap before GC invocations=8 (full 0):
 garbage-first heap   total 51200K, used 36770K [0x0000000080000000, 0x0000000100000000)
  region size 1024K, 26 young (26624K), 1 survivors (1024K)
 Metaspace       used 26432K, committed 26688K, reserved 1073152K
  class space    used 3000K, committed 3136K, reserved 1048576K
}
Event: 2.317 GC heap after
{Heap after GC invocations=9 (full 0):
 garbage-first heap   total 51200K, used 12121K [0x0000000080000000, 0x0000000100000000)
  region size 1024K, 1 young (1024K), 1 survivors (1024K)
 Metaspace       used 26432K, committed 26688K, reserved 1073152K
  class space    used 3000K, committed 3136K, reserved 1048576K
}
Event: 2.323 GC heap before
{Heap before GC invocations=9 (full 0):
 garbage-first heap   total 51200K, used 37721K [0x0000000080000000, 0x0000000100000000)
  region size 1024K, 27 young (27648K), 1 survivors (1024K)
 Metaspace       used 26432K, committed 26688K, reserved 1073152K
  class space    used 3000K, committed 3136K, reserved 1048576K
}
Event: 2.323 GC heap after
{Heap after GC invocations=10 (full 0):
 garbage-first heap   total 51200K, used 12081K [0x0000000080000000, 0x0000000100000000)
  region size 1024K, 1 young (1024K), 1 survivors (1024K)
 Metaspace       used 26432K, committed 26688K, reserved 1073152K
  class space    used 3000K, committed 3136K, reserved 1048576K
}
Event: 2.329 GC heap before
{Heap before GC invocations=10 (full 0):
 garbage-first heap   total 51200K, used 38705K [0x0000000080000000, 0x0000000100000000)
  region size 1024K, 28 young (28672K), 1 survivors (1024K)
 Metaspace       used 26432K, committed 26688K, reserved 1073152K
  class space    used 3000K, committed 3136K, reserved 1048576K
}
Event: 2.330 GC heap after
{Heap after GC invocations=11 (full 0):
 garbage-first heap   total 51200K, used 12105K [0x0000000080000000, 0x0000000100000000)
  region size 1024K, 1 young (1024K), 1 survivors (1024K)
 Metaspace       used 26432K, committed 26688K, reserved 1073152K
  class space    used 3000K, committed 3136K, reserved 1048576K
}
Event: 2.337 GC heap before
{Heap before GC invocations=11 (full 0):
 garbage-first heap   total 51200K, used 39753K [0x0000000080000000, 0x0000000100000000)
  region size 1024K, 29 young (29696K), 1 survivors (1024K)
 Metaspace       used 26432K, committed 26688K, reserved 1073152K
  class space    used 3000K, committed 3136K, reserved 1048576K
}
Event: 2.338 GC heap after
{Heap after GC invocations=12 (full 0):
 garbage-first heap   total 102400K, used 12116K [0x0000000080000000, 0x0000000100000000)
  region size 1024K, 1 young (1024K), 1 survivors (1024K)
 Metaspace       used 26432K, committed 26688K, reserved 1073152K
  class space    used 3000K, committed 3136K, reserved 1048576K
}
Event: 3.215 GC heap before
{Heap before GC invocations=12 (full 0):
 garbage-first heap   total 102400K, used 71508K [0x0000000080000000, 0x0000000100000000)
  region size 1024K, 60 young (61440K), 1 survivors (1024K)
 Metaspace       used 30801K, committed 31040K, reserved 1081344K
  class space    used 3494K, committed 3584K, reserved 1048576K
}
Event: 3.219 GC heap after
{Heap after GC invocations=13 (full 0):
 garbage-first heap   total 102400K, used 15091K [0x0000000080000000, 0x0000000100000000)
  region size 1024K, 4 young (4096K), 4 survivors (4096K)
 Metaspace       used 30801K, committed 31040K, reserved 1081344K
  class space    used 3494K, committed 3584K, reserved 1048576K
}
Event: 3.938 GC heap before
{Heap before GC invocations=13 (full 0):
 garbage-first heap   total 102400K, used 46835K [0x0000000080000000, 0x0000000100000000)
  region size 1024K, 36 young (36864K), 4 survivors (4096K)
 Metaspace       used 35618K, committed 35968K, reserved 1081344K
  class space    used 4220K, committed 4416K, reserved 1048576K
}
Event: 3.943 GC heap after
{Heap after GC invocations=14 (full 0):
 garbage-first heap   total 102400K, used 18242K [0x0000000080000000, 0x0000000100000000)
  region size 1024K, 7 young (7168K), 7 survivors (7168K)
 Metaspace       used 35618K, committed 35968K, reserved 1081344K
  class space    used 4220K, committed 4416K, reserved 1048576K
}
Event: 4.185 GC heap before
{Heap before GC invocations=15 (full 0):
 garbage-first heap   total 68608K, used 58178K [0x0000000080000000, 0x0000000100000000)
  region size 1024K, 48 young (49152K), 7 survivors (7168K)
 Metaspace       used 37081K, committed 37440K, reserved 1089536K
  class space    used 4371K, committed 4544K, reserved 1048576K
}
Event: 4.191 GC heap after
{Heap after GC invocations=16 (full 0):
 garbage-first heap   total 68608K, used 18284K [0x0000000080000000, 0x0000000100000000)
  region size 1024K, 4 young (4096K), 4 survivors (4096K)
 Metaspace       used 37081K, committed 37440K, reserved 1089536K
  class space    used 4371K, committed 4544K, reserved 1048576K
}
Event: 4.192 GC heap before
{Heap before GC invocations=16 (full 0):
 garbage-first heap   total 68608K, used 20332K [0x0000000080000000, 0x0000000100000000)
  region size 1024K, 7 young (7168K), 4 survivors (4096K)
 Metaspace       used 37081K, committed 37440K, reserved 1089536K
  class space    used 4371K, committed 4544K, reserved 1048576K
}
Event: 4.196 GC heap after
{Heap after GC invocations=17 (full 0):
 garbage-first heap   total 68608K, used 17880K [0x0000000080000000, 0x0000000100000000)
  region size 1024K, 1 young (1024K), 1 survivors (1024K)
 Metaspace       used 37081K, committed 37440K, reserved 1089536K
  class space    used 4371K, committed 4544K, reserved 1048576K
}
Event: 4.203 GC heap before
{Heap before GC invocations=17 (full 0):
 garbage-first heap   total 68608K, used 52696K [0x0000000080000000, 0x0000000100000000)
  region size 1024K, 36 young (36864K), 1 survivors (1024K)
 Metaspace       used 37081K, committed 37440K, reserved 1089536K
  class space    used 4371K, committed 4544K, reserved 1048576K
}
Event: 4.203 GC heap after
{Heap after GC invocations=18 (full 0):
 garbage-first heap   total 68608K, used 17907K [0x0000000080000000, 0x0000000100000000)
  region size 1024K, 1 young (1024K), 1 survivors (1024K)
 Metaspace       used 37081K, committed 37440K, reserved 1089536K
  class space    used 4371K, committed 4544K, reserved 1048576K
}
Event: 4.211 GC heap before
{Heap before GC invocations=18 (full 0):
 garbage-first heap   total 68608K, used 53747K [0x0000000080000000, 0x0000000100000000)
  region size 1024K, 37 young (37888K), 1 survivors (1024K)
 Metaspace       used 37081K, committed 37440K, reserved 1089536K
  class space    used 4371K, committed 4544K, reserved 1048576K
}

Deoptimization events (20 events):
Event: 3.709 Thread 0x00000259ae2f3270 DEOPT PACKING pc=0x000002599dca90a0 sp=0x000000b890cfdff0
Event: 3.709 Thread 0x00000259ae2f3270 DEOPT UNPACKING pc=0x00000259960723a3 sp=0x000000b890cfdf98 mode 2
Event: 3.709 Thread 0x00000259ae2f3270 Uncommon trap: trap_request=0xffffffde fr.pc=0x000002599dca90a0 relative=0x0000000000002a20
Event: 3.709 Thread 0x00000259ae2f3270 Uncommon trap: reason=class_check action=maybe_recompile pc=0x000002599dca90a0 method=org.springframework.beans.factory.support.AbstractBeanFactory.isTypeMatch(Ljava/lang/String;Lorg/springframework/core/ResolvableType;Z)Z @ 48 c2
Event: 3.709 Thread 0x00000259ae2f3270 DEOPT PACKING pc=0x000002599dca90a0 sp=0x000000b890cfdff0
Event: 3.709 Thread 0x00000259ae2f3270 DEOPT UNPACKING pc=0x00000259960723a3 sp=0x000000b890cfdf98 mode 2
Event: 3.724 Thread 0x00000259ae2f3270 Uncommon trap: trap_request=0xffffffde fr.pc=0x000002599dca90a0 relative=0x0000000000002a20
Event: 3.724 Thread 0x00000259ae2f3270 Uncommon trap: reason=class_check action=maybe_recompile pc=0x000002599dca90a0 method=org.springframework.beans.factory.support.AbstractBeanFactory.isTypeMatch(Ljava/lang/String;Lorg/springframework/core/ResolvableType;Z)Z @ 48 c2
Event: 3.724 Thread 0x00000259ae2f3270 DEOPT PACKING pc=0x000002599dca90a0 sp=0x000000b890cfc780
Event: 3.724 Thread 0x00000259ae2f3270 DEOPT UNPACKING pc=0x00000259960723a3 sp=0x000000b890cfc728 mode 2
Event: 3.724 Thread 0x00000259ae2f3270 Uncommon trap: trap_request=0xffffffde fr.pc=0x000002599dca90a0 relative=0x0000000000002a20
Event: 3.724 Thread 0x00000259ae2f3270 Uncommon trap: reason=class_check action=maybe_recompile pc=0x000002599dca90a0 method=org.springframework.beans.factory.support.AbstractBeanFactory.isTypeMatch(Ljava/lang/String;Lorg/springframework/core/ResolvableType;Z)Z @ 48 c2
Event: 3.724 Thread 0x00000259ae2f3270 DEOPT PACKING pc=0x000002599dca90a0 sp=0x000000b890cfc780
Event: 3.724 Thread 0x00000259ae2f3270 DEOPT UNPACKING pc=0x00000259960723a3 sp=0x000000b890cfc728 mode 2
Event: 3.953 Thread 0x00000259ae2f3270 DEOPT PACKING pc=0x0000025996d8b04c sp=0x000000b890cfcb00
Event: 3.953 Thread 0x00000259ae2f3270 DEOPT UNPACKING pc=0x0000025996072b43 sp=0x000000b890cfbf90 mode 0
Event: 4.085 Thread 0x00000259ae2f3270 DEOPT PACKING pc=0x0000025996a1cea1 sp=0x000000b890cfd2e0
Event: 4.085 Thread 0x00000259ae2f3270 DEOPT UNPACKING pc=0x0000025996072b43 sp=0x000000b890cfc798 mode 0
Event: 4.095 Thread 0x00000259ae2f3270 DEOPT PACKING pc=0x0000025996a1cea1 sp=0x000000b890cfce60
Event: 4.095 Thread 0x00000259ae2f3270 DEOPT UNPACKING pc=0x0000025996072b43 sp=0x000000b890cfc318 mode 0

Classes unloaded (0 events):
No events

Classes redefined (0 events):
No events

Internal exceptions (20 events):
Event: 3.547 Thread 0x00000259ae2f3270 Exception <a 'java/lang/NoClassDefFoundError'{0x00000000857db480}: liquibase/integration/spring/SpringLiquibase> (0x00000000857db480) 
thrown [e:\jenkins\tmp\workspace\build\src\src\hotspot\share\classfile\systemDictionary.cpp, line 245]
Event: 3.554 Thread 0x00000259ae2f3270 Exception <a 'java/lang/NoClassDefFoundError'{0x0000000085633078}: org/jooq/DSLContext> (0x0000000085633078) 
thrown [e:\jenkins\tmp\workspace\build\src\src\hotspot\share\classfile\systemDictionary.cpp, line 245]
Event: 3.591 Thread 0x00000259ae2f3270 Exception <a 'java/lang/NoClassDefFoundError'{0x0000000085459bd0}: org/springframework/batch/core/repository/JobRepository> (0x0000000085459bd0) 
thrown [e:\jenkins\tmp\workspace\build\src\src\hotspot\share\classfile\systemDictionary.cpp, line 245]
Event: 3.591 Thread 0x00000259ae2f3270 Exception <a 'java/lang/NoClassDefFoundError'{0x000000008545b0b8}: org/quartz/Scheduler> (0x000000008545b0b8) 
thrown [e:\jenkins\tmp\workspace\build\src\src\hotspot\share\classfile\systemDictionary.cpp, line 245]
Event: 3.591 Thread 0x00000259ae2f3270 Exception <a 'java/lang/NoClassDefFoundError'{0x000000008545c9d0}: org/springframework/session/jdbc/JdbcIndexedSessionRepository> (0x000000008545c9d0) 
thrown [e:\jenkins\tmp\workspace\build\src\src\hotspot\share\classfile\systemDictionary.cpp, line 245]
Event: 3.618 Thread 0x00000259ae2f3270 Exception <a 'java/lang/NoSuchMethodError'{0x000000008539dbc8}: 'void java.lang.invoke.DirectMethodHandle$Holder.invokeSpecial(java.lang.Object, java.lang.Object, java.lang.Object, java.lang.Object, java.lang.Object, java.lang.Object)'> (0x000000008539dbc8) 
thrown [e:\jenkins\tmp\workspace\build\src\src\hotspot\share\interpreter\linkResolver.cpp, line 766]
Event: 3.774 Thread 0x00000259ae2f3270 Exception <a 'java/lang/NoSuchMethodError'{0x0000000084c3d800}: 'void java.lang.invoke.DirectMethodHandle$Holder.invokeStatic(java.lang.Object, java.lang.Object, int)'> (0x0000000084c3d800) 
thrown [e:\jenkins\tmp\workspace\build\src\src\hotspot\share\interpreter\linkResolver.cpp, line 766]
Event: 3.813 Thread 0x00000259ae2f3270 Exception <a 'java/lang/NoSuchMethodError'{0x0000000084a8e680}: 'void java.lang.invoke.DirectMethodHandle$Holder.invokeInterface(java.lang.Object, java.lang.Object, int)'> (0x0000000084a8e680) 
thrown [e:\jenkins\tmp\workspace\build\src\src\hotspot\share\interpreter\linkResolver.cpp, line 766]
Event: 3.815 Thread 0x00000259ae2f3270 Exception <a 'java/lang/NoSuchMethodError'{0x0000000084aa81c0}: 'int java.lang.invoke.DirectMethodHandle$Holder.invokeVirtual(java.lang.Object, java.lang.Object)'> (0x0000000084aa81c0) 
thrown [e:\jenkins\tmp\workspace\build\src\src\hotspot\share\interpreter\linkResolver.cpp, line 766]
Event: 3.818 Thread 0x00000259ae2f3270 Exception <a 'java/lang/IncompatibleClassChangeError'{0x0000000084ae1a38}: Found class java.lang.Object, but interface was expected> (0x0000000084ae1a38) 
thrown [e:\jenkins\tmp\workspace\build\src\src\hotspot\share\interpreter\linkResolver.cpp, line 833]
Event: 3.818 Thread 0x00000259ae2f3270 Exception <a 'java/lang/NoSuchMethodError'{0x0000000084af25f8}: 'int java.lang.invoke.DirectMethodHandle$Holder.invokeSpecialIFC(java.lang.Object, java.lang.Object, java.lang.Object)'> (0x0000000084af25f8) 
thrown [e:\jenkins\tmp\workspace\build\src\src\hotspot\share\interpreter\linkResolver.cpp, line 766]
Event: 3.820 Thread 0x00000259ae2f3270 Exception <a 'java/lang/NoSuchMethodError'{0x000000008490b370}: 'void java.lang.invoke.DirectMethodHandle$Holder.invokeStatic(java.lang.Object, int, java.lang.Object)'> (0x000000008490b370) 
thrown [e:\jenkins\tmp\workspace\build\src\src\hotspot\share\interpreter\linkResolver.cpp, line 766]
Event: 3.836 Thread 0x00000259ae2f3270 Exception <a 'java/lang/NoSuchMethodError'{0x00000000849af9d0}: 'int java.lang.invoke.DirectMethodHandle$Holder.invokeSpecial(java.lang.Object, java.lang.Object, int)'> (0x00000000849af9d0) 
thrown [e:\jenkins\tmp\workspace\build\src\src\hotspot\share\interpreter\linkResolver.cpp, line 766]
Event: 3.841 Thread 0x00000259ae2f3270 Exception <a 'java/lang/NoSuchMethodError'{0x00000000849bdb08}: 'void java.lang.invoke.DirectMethodHandle$Holder.invokeVirtual(java.lang.Object, java.lang.Object, int)'> (0x00000000849bdb08) 
thrown [e:\jenkins\tmp\workspace\build\src\src\hotspot\share\interpreter\linkResolver.cpp, line 766]
Event: 3.841 Thread 0x00000259ae2f3270 Exception <a 'java/lang/NoSuchMethodError'{0x00000000849c3d50}: 'void java.lang.invoke.DirectMethodHandle$Holder.invokeStatic(java.lang.Object, java.lang.Object, java.lang.Object, int, java.lang.Object)'> (0x00000000849c3d50) 
thrown [e:\jenkins\tmp\workspace\build\src\src\hotspot\share\interpreter\linkResolver.cpp, line 766]
Event: 3.842 Thread 0x00000259ae2f3270 Exception <a 'java/lang/NoSuchMethodError'{0x00000000849cb258}: 'java.lang.Object java.lang.invoke.DirectMethodHandle$Holder.newInvokeSpecial(java.lang.Object, java.lang.Object, java.lang.Object, int)'> (0x00000000849cb258) 
thrown [e:\jenkins\tmp\workspace\build\src\src\hotspot\share\interpreter\linkResolver.cpp, line 766]
Event: 3.842 Thread 0x00000259ae2f3270 Exception <a 'java/lang/NoSuchMethodError'{0x00000000849cf540}: 'java.lang.Object java.lang.invoke.DirectMethodHandle$Holder.invokeSpecial(java.lang.Object, java.lang.Object, java.lang.Object, java.lang.Object, int)'> (0x00000000849cf540) 
thrown [e:\jenkins\tmp\workspace\build\src\src\hotspot\share\interpreter\linkResolver.cpp, line 766]
Event: 3.842 Thread 0x00000259ae2f3270 Exception <a 'java/lang/NoSuchMethodError'{0x00000000849d3108}: 'java.lang.Object java.lang.invoke.Invokers$Holder.linkToTargetMethod(java.lang.Object, java.lang.Object, int, java.lang.Object)'> (0x00000000849d3108) 
thrown [e:\jenkins\tmp\workspace\build\src\src\hotspot\share\interpreter\linkResolver.cpp, line 766]
Event: 3.925 Thread 0x00000259ae2f3270 Exception <a 'java/lang/NoSuchMethodError'{0x000000008440bc68}: 'java.lang.Object java.lang.invoke.DirectMethodHandle$Holder.invokeStaticInit(java.lang.Object, int, int, int, int)'> (0x000000008440bc68) 
thrown [e:\jenkins\tmp\workspace\build\src\src\hotspot\share\interpreter\linkResolver.cpp, line 766]
Event: 4.079 Thread 0x00000259ae2f3270 Exception <a 'java/lang/NoSuchMethodError'{0x0000000087f30468}: 'java.lang.Object java.lang.invoke.DirectMethodHandle$Holder.invokeStaticInit(java.lang.Object, java.lang.Object, int, int, int, int)'> (0x0000000087f30468) 
thrown [e:\jenkins\tmp\workspace\build\src\src\hotspot\share\interpreter\linkResolver.cpp, line 766]

VM Operations (20 events):
Event: 3.666 Executing VM operation: HandshakeAllThreads done
Event: 3.668 Executing VM operation: HandshakeAllThreads
Event: 3.668 Executing VM operation: HandshakeAllThreads done
Event: 3.909 Executing VM operation: HandshakeAllThreads
Event: 3.909 Executing VM operation: HandshakeAllThreads done
Event: 3.938 Executing VM operation: CollectForMetadataAllocation
Event: 3.943 Executing VM operation: CollectForMetadataAllocation done
Event: 3.957 Executing VM operation: HandshakeAllThreads
Event: 3.957 Executing VM operation: HandshakeAllThreads done
Event: 3.961 Executing VM operation: G1Concurrent
Event: 3.963 Executing VM operation: G1Concurrent done
Event: 3.969 Executing VM operation: G1Concurrent
Event: 3.969 Executing VM operation: G1Concurrent done
Event: 4.185 Executing VM operation: G1CollectForAllocation
Event: 4.191 Executing VM operation: G1CollectForAllocation done
Event: 4.192 Executing VM operation: G1CollectForAllocation
Event: 4.196 Executing VM operation: G1CollectForAllocation done
Event: 4.203 Executing VM operation: G1CollectForAllocation
Event: 4.203 Executing VM operation: G1CollectForAllocation done
Event: 4.211 Executing VM operation: G1CollectForAllocation

Events (20 events):
Event: 4.150 loading class com/sun/jmx/remote/util/ClassLogger
Event: 4.150 loading class com/sun/jmx/remote/util/ClassLogger done
Event: 4.150 loading class jdk/internal/logger/LazyLoggers
Event: 4.150 loading class jdk/internal/logger/LazyLoggers done
Event: 4.150 loading class jdk/internal/logger/LazyLoggers$1
Event: 4.150 loading class jdk/internal/logger/LazyLoggers$1 done
Event: 4.150 loading class jdk/internal/logger/LazyLoggers$LazyLoggerFactories
Event: 4.150 loading class jdk/internal/logger/LazyLoggers$LazyLoggerFactories done
Event: 4.151 loading class jdk/internal/logger/LoggerFinderLoader
Event: 4.151 loading class jdk/internal/logger/LoggerFinderLoader done
Event: 4.151 loading class sun/util/logging/internal/LoggingProviderImpl$JULWrapper
Event: 4.151 loading class sun/util/logging/internal/LoggingProviderImpl$JULWrapper done
Event: 4.155 loading class java/lang/invoke/VarHandleLongs$FieldInstanceReadWrite
Event: 4.155 loading class java/lang/invoke/VarHandleLongs$FieldInstanceReadOnly
Event: 4.155 loading class java/lang/invoke/VarHandleLongs$FieldInstanceReadOnly done
Event: 4.155 loading class java/lang/invoke/VarHandleLongs$FieldInstanceReadWrite done
Event: 4.155 loading class java/util/concurrent/atomic/Striped64$1
Event: 4.155 loading class java/util/concurrent/atomic/Striped64$1 done
Event: 4.162 loading class java/lang/instrument/IllegalClassFormatException
Event: 4.162 loading class java/lang/instrument/IllegalClassFormatException done


Dynamic libraries:
0x00007ff6c9b80000 - 0x00007ff6c9b8e000 	C:\temp\eclipse-jee\plugins\org.eclipse.justj.openjdk.hotspot.jre.full.win32.x86_64_17.0.1.v20211116-1657\jre\bin\javaw.exe
0x00007ffe4fa10000 - 0x00007ffe4fc08000 	C:\windows\SYSTEM32\ntdll.dll
0x00007ffe4ee10000 - 0x00007ffe4eed2000 	C:\windows\System32\KERNEL32.DLL
0x00007ffe4d0e0000 - 0x00007ffe4d3df000 	C:\windows\System32\KERNELBASE.dll
0x00007ffe4d900000 - 0x00007ffe4da00000 	C:\windows\System32\ucrtbase.dll
0x00007ffe22090000 - 0x00007ffe220a9000 	C:\temp\eclipse-jee\plugins\org.eclipse.justj.openjdk.hotspot.jre.full.win32.x86_64_17.0.1.v20211116-1657\jre\bin\VCRUNTIME140.dll
0x00007ffe220b0000 - 0x00007ffe220c8000 	C:\temp\eclipse-jee\plugins\org.eclipse.justj.openjdk.hotspot.jre.full.win32.x86_64_17.0.1.v20211116-1657\jre\bin\jli.dll
0x00007ffe4f1a0000 - 0x00007ffe4f33d000 	C:\windows\System32\USER32.dll
0x00007ffe37440000 - 0x00007ffe376da000 	C:\windows\WinSxS\amd64_microsoft.windows.common-controls_6595b64144ccf1df_6.0.19041.4355_none_60b8b9eb71f62e16\COMCTL32.dll
0x00007ffe4da00000 - 0x00007ffe4da22000 	C:\windows\System32\win32u.dll
0x00007ffe4da30000 - 0x00007ffe4dace000 	C:\windows\System32\msvcrt.dll
0x00007ffe4e400000 - 0x00007ffe4e42b000 	C:\windows\System32\GDI32.dll
0x00007ffe4d7e0000 - 0x00007ffe4d8fa000 	C:\windows\System32\gdi32full.dll
0x00007ffe4d3e0000 - 0x00007ffe4d47d000 	C:\windows\System32\msvcp_win.dll
0x00007ffe4f9a0000 - 0x00007ffe4f9cf000 	C:\windows\System32\IMM32.DLL
0x0000025990720000 - 0x0000025990736000 	C:\windows\System32\umppc19205.dll
0x0000025990760000 - 0x0000025990773000 	C:\windows\System32\CsXumd64_19205.dll
0x00007ffe4ceb0000 - 0x00007ffe4cee6000 	C:\windows\system32\vmwsci.dll
0x00007ffe4eee0000 - 0x00007ffe4eee8000 	C:\windows\System32\PSAPI.DLL
0x00007ffe38740000 - 0x00007ffe3874c000 	C:\temp\eclipse-jee\plugins\org.eclipse.justj.openjdk.hotspot.jre.full.win32.x86_64_17.0.1.v20211116-1657\jre\bin\vcruntime140_1.dll
0x00007ffe21860000 - 0x00007ffe218f1000 	C:\temp\eclipse-jee\plugins\org.eclipse.justj.openjdk.hotspot.jre.full.win32.x86_64_17.0.1.v20211116-1657\jre\bin\msvcp140.dll
0x00007ffe1c610000 - 0x00007ffe1d256000 	C:\temp\eclipse-jee\plugins\org.eclipse.justj.openjdk.hotspot.jre.full.win32.x86_64_17.0.1.v20211116-1657\jre\bin\server\jvm.dll
0x00007ffe4ec90000 - 0x00007ffe4ed3f000 	C:\windows\System32\ADVAPI32.dll
0x00007ffe4e850000 - 0x00007ffe4e8ef000 	C:\windows\System32\sechost.dll
0x00007ffe4e240000 - 0x00007ffe4e363000 	C:\windows\System32\RPCRT4.dll
0x00007ffe4d0b0000 - 0x00007ffe4d0d7000 	C:\windows\System32\bcrypt.dll
0x00007ffe3f820000 - 0x00007ffe3f829000 	C:\windows\SYSTEM32\WSOCK32.dll
0x00007ffe4ea10000 - 0x00007ffe4ea7b000 	C:\windows\System32\WS2_32.dll
0x00007ffe413a0000 - 0x00007ffe413c7000 	C:\windows\SYSTEM32\WINMM.dll
0x00007ffe4be20000 - 0x00007ffe4be2a000 	C:\windows\SYSTEM32\VERSION.dll
0x00007ffe4bde0000 - 0x00007ffe4bdf2000 	C:\windows\SYSTEM32\kernel.appcore.dll
0x00007ffe3b000000 - 0x00007ffe3b00a000 	C:\temp\eclipse-jee\plugins\org.eclipse.justj.openjdk.hotspot.jre.full.win32.x86_64_17.0.1.v20211116-1657\jre\bin\jimage.dll
0x00007ffe4a9d0000 - 0x00007ffe4abb4000 	C:\windows\SYSTEM32\DBGHELP.DLL
0x00007ffe46340000 - 0x00007ffe46374000 	C:\windows\SYSTEM32\dbgcore.DLL
0x00007ffe4d6e0000 - 0x00007ffe4d762000 	C:\windows\System32\bcryptPrimitives.dll
0x00007ffe387a0000 - 0x00007ffe387c5000 	C:\temp\eclipse-jee\plugins\org.eclipse.justj.openjdk.hotspot.jre.full.win32.x86_64_17.0.1.v20211116-1657\jre\bin\java.dll
0x00007ffe2fa50000 - 0x00007ffe2fa68000 	C:\temp\eclipse-jee\plugins\org.eclipse.justj.openjdk.hotspot.jre.full.win32.x86_64_17.0.1.v20211116-1657\jre\bin\zip.dll
0x00007ffe4dad0000 - 0x00007ffe4e23d000 	C:\windows\System32\SHELL32.dll
0x00007ffe4b630000 - 0x00007ffe4bdd4000 	C:\windows\SYSTEM32\windows.storage.dll
0x00007ffe4e4e0000 - 0x00007ffe4e835000 	C:\windows\System32\combase.dll
0x00007ffe4ca30000 - 0x00007ffe4ca5b000 	C:\windows\SYSTEM32\Wldp.dll
0x00007ffe4ed40000 - 0x00007ffe4ee0d000 	C:\windows\System32\OLEAUT32.dll
0x00007ffe4e960000 - 0x00007ffe4ea0d000 	C:\windows\System32\SHCORE.dll
0x00007ffe4f140000 - 0x00007ffe4f195000 	C:\windows\System32\shlwapi.dll
0x00007ffe4cfe0000 - 0x00007ffe4d005000 	C:\windows\SYSTEM32\profapi.dll
0x00007ffe22760000 - 0x00007ffe22779000 	C:\temp\eclipse-jee\plugins\org.eclipse.justj.openjdk.hotspot.jre.full.win32.x86_64_17.0.1.v20211116-1657\jre\bin\net.dll
0x00007ffe47140000 - 0x00007ffe4724a000 	C:\windows\SYSTEM32\WINHTTP.dll
0x00007ffe4c790000 - 0x00007ffe4c7fc000 	C:\windows\system32\mswsock.dll
0x00007ffe22740000 - 0x00007ffe22755000 	C:\temp\eclipse-jee\plugins\org.eclipse.justj.openjdk.hotspot.jre.full.win32.x86_64_17.0.1.v20211116-1657\jre\bin\nio.dll
0x00007ffe38b20000 - 0x00007ffe38b29000 	C:\temp\eclipse-jee\plugins\org.eclipse.justj.openjdk.hotspot.jre.full.win32.x86_64_17.0.1.v20211116-1657\jre\bin\management.dll
0x00007ffe38840000 - 0x00007ffe3884b000 	C:\temp\eclipse-jee\plugins\org.eclipse.justj.openjdk.hotspot.jre.full.win32.x86_64_17.0.1.v20211116-1657\jre\bin\management_ext.dll
0x00007ffe39800000 - 0x00007ffe3980e000 	C:\temp\eclipse-jee\plugins\org.eclipse.justj.openjdk.hotspot.jre.full.win32.x86_64_17.0.1.v20211116-1657\jre\bin\sunmscapi.dll
0x00007ffe4d580000 - 0x00007ffe4d6dc000 	C:\windows\System32\CRYPT32.dll
0x00007ffe4caa0000 - 0x00007ffe4cac7000 	C:\windows\SYSTEM32\ncrypt.dll
0x00007ffe4ca60000 - 0x00007ffe4ca9b000 	C:\windows\SYSTEM32\NTASN1.dll
0x00007ffe4c980000 - 0x00007ffe4c998000 	C:\windows\SYSTEM32\CRYPTSP.dll
0x00007ffe4c0b0000 - 0x00007ffe4c0e8000 	C:\windows\system32\rsaenh.dll
0x00007ffe4cfa0000 - 0x00007ffe4cfce000 	C:\windows\SYSTEM32\USERENV.dll
0x00007ffe4c9a0000 - 0x00007ffe4c9ac000 	C:\windows\SYSTEM32\CRYPTBASE.dll
0x00007ffe4c470000 - 0x00007ffe4c4ab000 	C:\windows\SYSTEM32\IPHLPAPI.DLL
0x00007ffe4e840000 - 0x00007ffe4e848000 	C:\windows\System32\NSI.dll
0x00007ffe479c0000 - 0x00007ffe479d7000 	C:\windows\SYSTEM32\dhcpcsvc6.DLL
0x00007ffe479a0000 - 0x00007ffe479bd000 	C:\windows\SYSTEM32\dhcpcsvc.DLL
0x00007ffe4c4b0000 - 0x00007ffe4c57a000 	C:\windows\SYSTEM32\DNSAPI.dll

dbghelp: loaded successfully - version: 4.0.5 - missing functions: none
symbol engine: initialized successfully - sym options: 0x614 - pdb path: .;C:\temp\eclipse-jee\plugins\org.eclipse.justj.openjdk.hotspot.jre.full.win32.x86_64_17.0.1.v20211116-1657\jre\bin;C:\windows\SYSTEM32;C:\windows\WinSxS\amd64_microsoft.windows.common-controls_6595b64144ccf1df_6.0.19041.4355_none_60b8b9eb71f62e16;C:\temp\eclipse-jee\plugins\org.eclipse.justj.openjdk.hotspot.jre.full.win32.x86_64_17.0.1.v20211116-1657\jre\bin\server

VM Arguments:
jvm_args: -Dfile.encoding=UTF-8 -XX:+ShowCodeDetailsInExceptionMessages 
java_command: com.hotel.managementsystem.ManagementsystemApplication
java_class_path (initial): C:\temp\Sprint2\Backend\managementsystem\managementsystem\managementsystem\target\classes;C:\Users\2786682\.m2\repository\org\springframework\boot\spring-boot-starter-data-jpa\3.4.4\spring-boot-starter-data-jpa-3.4.4.jar;C:\Users\2786682\.m2\repository\org\springframework\boot\spring-boot-starter\3.4.4\spring-boot-starter-3.4.4.jar;C:\Users\2786682\.m2\repository\org\springframework\boot\spring-boot-starter-logging\3.4.4\spring-boot-starter-logging-3.4.4.jar;C:\Users\2786682\.m2\repository\ch\qos\logback\logback-classic\1.5.18\logback-classic-1.5.18.jar;C:\Users\2786682\.m2\repository\ch\qos\logback\logback-core\1.5.18\logback-core-1.5.18.jar;C:\Users\2786682\.m2\repository\org\apache\logging\log4j\log4j-to-slf4j\2.24.3\log4j-to-slf4j-2.24.3.jar;C:\Users\2786682\.m2\repository\org\apache\logging\log4j\log4j-api\2.24.3\log4j-api-2.24.3.jar;C:\Users\2786682\.m2\repository\org\slf4j\jul-to-slf4j\2.0.17\jul-to-slf4j-2.0.17.jar;C:\Users\2786682\.m2\repository\jakarta\annotation\jakarta.annotation-api\2.1.1\jakarta.annotation-api-2.1.1.jar;C:\Users\2786682\.m2\repository\org\yaml\snakeyaml\2.3\snakeyaml-2.3.jar;C:\Users\2786682\.m2\repository\org\springframework\boot\spring-boot-starter-jdbc\3.4.4\spring-boot-starter-jdbc-3.4.4.jar;C:\Users\2786682\.m2\repository\com\zaxxer\HikariCP\5.1.0\HikariCP-5.1.0.jar;C:\Users\2786682\.m2\repository\org\springframework\spring-jdbc\6.2.5\spring-jdbc-6.2.5.jar;C:\Users\2786682\.m2\repository\org\hibernate\orm\hibernate-core\6.6.11.Final\hibernate-core-6.6.11.Final.jar;C:\Users\2786682\.m2\repository\jakarta\persistence\jakarta.persistence-api\3.1.0\jakarta.persistence-api-3.1.0.jar;C:\Users\2786682\.m2\repository\jakarta\transaction\jakarta.transaction-api\2.0.1\jakarta.transaction-api-2.0.1.jar;C:\Users\2786682\.m2\repository\org\jboss\logging\jboss-logging\3.6.1.Final\jboss-logging-3.6.1.Final.jar;C:\Users\2786682\.m2\repository\org\hibernate\common\hibernate-commons-annotations\7.0.3.Final\hibernate-com
Launcher Type: SUN_STANDARD

[Global flags]
     intx CICompilerCount                          = 3                                         {product} {ergonomic}
     uint ConcGCThreads                            = 1                                         {product} {ergonomic}
     uint G1ConcRefinementThreads                  = 4                                         {product} {ergonomic}
   size_t G1HeapRegionSize                         = 1048576                                   {product} {ergonomic}
    uintx GCDrainStackTargetSize                   = 64                                        {product} {ergonomic}
   size_t InitialHeapSize                          = 134217728                                 {product} {ergonomic}
   size_t MarkStackSize                            = 4194304                                   {product} {ergonomic}
   size_t MaxHeapSize                              = 2147483648                                {product} {ergonomic}
   size_t MaxNewSize                               = 1287651328                                {product} {ergonomic}
   size_t MinHeapDeltaBytes                        = 1048576                                   {product} {ergonomic}
   size_t MinHeapSize                              = 8388608                                   {product} {ergonomic}
    uintx NonNMethodCodeHeapSize                   = 5832780                                {pd product} {ergonomic}
    uintx NonProfiledCodeHeapSize                  = 122912730                              {pd product} {ergonomic}
    uintx ProfiledCodeHeapSize                     = 122912730                              {pd product} {ergonomic}
    uintx ReservedCodeCacheSize                    = 251658240                              {pd product} {ergonomic}
     bool SegmentedCodeCache                       = true                                      {product} {ergonomic}
     bool ShowCodeDetailsInExceptionMessages       = true                                   {manageable} {command line}
   size_t SoftMaxHeapSize                          = 2147483648                             {manageable} {ergonomic}
     bool UseCompressedClassPointers               = true                           {product lp64_product} {ergonomic}
     bool UseCompressedOops                        = true                           {product lp64_product} {ergonomic}
     bool UseG1GC                                  = true                                      {product} {ergonomic}
     bool UseLargePagesIndividualAllocation        = false                                  {pd product} {ergonomic}

Logging:
Log output configuration:
 #0: stdout all=warning uptime,level,tags
 #1: stderr all=off uptime,level,tags

Environment Variables:
JAVA_HOME=C:\Program Files\OpenLogic\jdk-17.0.12.7-hotspot\
PATH=C:/temp/eclipse-jee//plugins/org.eclipse.justj.openjdk.hotspot.jre.full.win32.x86_64_17.0.1.v20211116-1657/jre/bin/server;C:/temp/eclipse-jee//plugins/org.eclipse.justj.openjdk.hotspot.jre.full.win32.x86_64_17.0.1.v20211116-1657/jre/bin;C:\Program Files\OpenLogic\jdk-17.0.12.7-hotspot\bin;C:\Program Files\Python312\Scripts\;C:\Program Files\Python312\;C:\windows\system32;C:\windows;C:\windows\System32\Wbem;C:\windows\System32\WindowsPowerShell\v1.0\;C:\windows\System32\OpenSSH\;C:\Program Files\Git\cmd;C:\Program Files\TortoiseGit\bin;C:\temp\java-1.8.0-openjdk-1.8.0.265-3\bin;C:\temp\java-1.8.0-openjdk-1.8.0.265-3\jre\bin;C:\temp\New folder\tomcat-9.0.72\bin;C:\temp\New folder\cli-8.19.3\bin;C:\Program Files\Common Files\ThinPrint\;C:\Program Files\nodejs\;C:\temp\New folder\node_modules\.bin;C:\Program Files\Microsoft VS Code\bin;C:\Users\2786682\AppData\Local\Microsoft\WindowsApps;;C:\temp\eclipse-jee;
USERNAME=2786682
OS=Windows_NT
PROCESSOR_IDENTIFIER=Intel64 Family 6 Model 85 Stepping 4, GenuineIntel



---------------  S Y S T E M  ---------------

OS:
 Windows 10 , 64 bit Build 19041 (10.0.19041.5438)
OS uptime: 8 days 5:33 hours
VMWare virtualization detected

CPU: total 4 (initial active 4) (2 cores per cpu, 1 threads per core) family 6 model 85 stepping 4 microcode 0x2007006, cx8, cmov, fxsr, mmx, 3dnowpref, sse, sse2, sse3, ssse3, sse4.1, sse4.2, popcnt, lzcnt, tsc, tscinvbit, avx, avx2, aes, erms, clmul, bmi1, bmi2, adx, fma, vzeroupper, clflush, clflushopt, clwb, hv

Memory: 4k page, system-wide physical 8191M (901M free)
TotalPageFile size 8702M (AvailPageFile size 23M)
current process WorkingSet (physical memory assigned to process): 217M, peak: 256M
current process commit charge ("private bytes"): 305M, peak: 374M

vm_info: OpenJDK 64-Bit Server VM (17.0.1+12) for windows-amd64 JRE (17.0.1+12), built on Oct 20 2021 07:42:55 by "" with MS VC++ 16.7 (VS2019)

END.
