#
# There is insufficient memory for the Java Runtime Environment to continue.
# Native memory allocation (mmap) failed to map 63963136 bytes for G1 virtual space
# Possible reasons:
#   The system is out of physical RAM or swap space
#   The process is running with CompressedOops enabled, and the Java Heap may be blocking the growth of the native heap
# Possible solutions:
#   Reduce memory load on the system
#   Increase physical memory or swap space
#   Check if swap backing store is full
#   Decrease Java heap size (-Xmx/-Xms)
#   Decrease number of Java threads
#   Decrease Java thread stack sizes (-Xss)
#   Set larger code cache with -XX:ReservedCodeCacheSize=
#   JVM is running with Unscaled Compressed Oops mode in which the Java heap is
#     placed in the first 4GB address space. The Java Heap base address is the
#     maximum limit for the native heap growth. Please use -XX:HeapBaseMinAddress
#     to set the Java Heap base and to place the Java Heap above 4GB virtual address.
# This output file may be truncated or incomplete.
#
#  Out of Memory Error (os_windows.cpp:3469), pid=15540, tid=10248
#
# JRE version: OpenJDK Runtime Environment Temurin-17.0.1+12 (17.0.1+12) (build 17.0.1+12)
# Java VM: OpenJDK 64-Bit Server VM Temurin-17.0.1+12 (17.0.1+12, mixed mode, tiered, compressed oops, compressed class ptrs, g1 gc, windows-amd64)
# No core dump will be written. Minidumps are not enabled by default on client versions of Windows
#

---------------  S U M M A R Y ------------

Command Line: -Dfile.encoding=UTF-8 -XX:+ShowCodeDetailsInExceptionMessages com.hotel.managementsystem.ManagementsystemApplication

Host: Intel(R) Xeon(R) Gold 6254 CPU @ 3.10GHz, 4 cores, 7G,  Windows 10 , 64 bit Build 19041 (10.0.19041.5438)
Time: Wed Apr 16 16:06:53 2025 India Standard Time elapsed time: 3.616916 seconds (0d 0h 0m 3s)

---------------  T H R E A D  ---------------

Current thread (0x0000015a42fd7740):  VMThread "VM Thread" [stack: 0x0000003111b00000,0x0000003111c00000] [id=10248]

Stack: [0x0000003111b00000,0x0000003111c00000]
Native frames: (J=compiled Java code, j=interpreted, Vv=VM code, C=native code)
V  [jvm.dll+0x6744da]
V  [jvm.dll+0x82e144]
V  [jvm.dll+0x82f8ee]
V  [jvm.dll+0x82ff53]
V  [jvm.dll+0x245175]
V  [jvm.dll+0x6714c9]
V  [jvm.dll+0x665f92]
V  [jvm.dll+0x303c3b]
V  [jvm.dll+0x30b176]
V  [jvm.dll+0x35af1e]
V  [jvm.dll+0x35b14f]
V  [jvm.dll+0x2dab78]
V  [jvm.dll+0x2d8e2c]
V  [jvm.dll+0x2d83fc]
V  [jvm.dll+0x31c24b]
V  [jvm.dll+0x8343bb]
V  [jvm.dll+0x8350f4]
V  [jvm.dll+0x83560c]
V  [jvm.dll+0x8359e4]
V  [jvm.dll+0x835ab0]
V  [jvm.dll+0x7de51a]
V  [jvm.dll+0x673305]
C  [ucrtbase.dll+0x21bb2]
C  [KERNEL32.DLL+0x17374]
C  [ntdll.dll+0x4cc91]

VM_Operation (0x0000003112dfd540): G1CollectForAllocation, mode: safepoint, requested by thread 0x0000015a44e89090


---------------  P R O C E S S  ---------------

Threads class SMR info:
_java_thread_list=0x0000015a4686ee40, length=15, elements={
0x0000015a2909c140, 0x0000015a42fad2a0, 0x0000015a42fb5ec0, 0x0000015a439091a0,
0x0000015a43909760, 0x0000015a4390c8a0, 0x0000015a42ff8560, 0x0000015a439214f0,
0x0000015a43921e80, 0x0000015a4397dac0, 0x0000015a43a85190, 0x0000015a43a9ddf0,
0x0000015a43f844a0, 0x0000015a45126a00, 0x0000015a44e89090
}

Java Threads: ( => current thread )
  0x0000015a2909c140 JavaThread "main" [_thread_blocked, id=5236, stack(0x0000003111500000,0x0000003111600000)]
  0x0000015a42fad2a0 JavaThread "Reference Handler" daemon [_thread_blocked, id=13196, stack(0x0000003111c00000,0x0000003111d00000)]
  0x0000015a42fb5ec0 JavaThread "Finalizer" daemon [_thread_blocked, id=9616, stack(0x0000003111d00000,0x0000003111e00000)]
  0x0000015a439091a0 JavaThread "Signal Dispatcher" daemon [_thread_blocked, id=11268, stack(0x0000003111e00000,0x0000003111f00000)]
  0x0000015a43909760 JavaThread "Attach Listener" daemon [_thread_blocked, id=5244, stack(0x0000003111f00000,0x0000003112000000)]
  0x0000015a4390c8a0 JavaThread "Service Thread" daemon [_thread_blocked, id=8664, stack(0x0000003112000000,0x0000003112100000)]
  0x0000015a42ff8560 JavaThread "Monitor Deflation Thread" daemon [_thread_blocked, id=10940, stack(0x0000003112100000,0x0000003112200000)]
  0x0000015a439214f0 JavaThread "C2 CompilerThread0" daemon [_thread_blocked, id=12896, stack(0x0000003112200000,0x0000003112300000)]
  0x0000015a43921e80 JavaThread "C1 CompilerThread0" daemon [_thread_blocked, id=13908, stack(0x0000003112300000,0x0000003112400000)]
  0x0000015a4397dac0 JavaThread "Sweeper thread" daemon [_thread_blocked, id=13916, stack(0x0000003112400000,0x0000003112500000)]
  0x0000015a43a85190 JavaThread "Notification Thread" daemon [_thread_blocked, id=13056, stack(0x0000003112500000,0x0000003112600000)]
  0x0000015a43a9ddf0 JavaThread "Common-Cleaner" daemon [_thread_blocked, id=8456, stack(0x0000003112700000,0x0000003112800000)]
  0x0000015a43f844a0 JavaThread "C2 CompilerThread1" daemon [_thread_blocked, id=7384, stack(0x0000003112b00000,0x0000003112c00000)]
  0x0000015a45126a00 JavaThread "Thread-0" [_thread_blocked, id=5252, stack(0x0000003112c00000,0x0000003112d00000)]
  0x0000015a44e89090 JavaThread "restartedMain" [_thread_blocked, id=5312, stack(0x0000003112d00000,0x0000003112e00000)]

Other Threads:
=>0x0000015a42fd7740 VMThread "VM Thread" [stack: 0x0000003111b00000,0x0000003111c00000] [id=10248]
  0x0000015a43a85660 WatcherThread [stack: 0x0000003112600000,0x0000003112700000] [id=11208]
  0x0000015a290da610 GCTaskThread "GC Thread#0" [stack: 0x0000003111600000,0x0000003111700000] [id=7536]
  0x0000015a442f31c0 GCTaskThread "GC Thread#1" [stack: 0x0000003112800000,0x0000003112900000] [id=864]
  0x0000015a444e5cd0 GCTaskThread "GC Thread#2" [stack: 0x0000003112900000,0x0000003112a00000] [id=14328]
  0x0000015a4441b9a0 GCTaskThread "GC Thread#3" [stack: 0x0000003112a00000,0x0000003112b00000] [id=11720]
  0x0000015a290eb550 ConcurrentGCThread "G1 Main Marker" [stack: 0x0000003111700000,0x0000003111800000] [id=14224]
  0x0000015a290ecad0 ConcurrentGCThread "G1 Conc#0" [stack: 0x0000003111800000,0x0000003111900000] [id=9852]
  0x0000015a29147ce0 ConcurrentGCThread "G1 Refine#0" [stack: 0x0000003111900000,0x0000003111a00000] [id=14540]
  0x0000015a42e210a0 ConcurrentGCThread "G1 Service" [stack: 0x0000003111a00000,0x0000003111b00000] [id=14584]

Threads with active compile tasks:
C2 CompilerThread0     3642 3311       4       java.lang.invoke.MethodType::makeImpl (109 bytes)

VM state: at safepoint (normal execution)

VM Mutex/Monitor currently owned by a thread:  ([mutex/lock_event])
[0x0000015a290993e0] Threads_lock - owner thread: 0x0000015a42fd7740
[0x0000015a290985d0] Heap_lock - owner thread: 0x0000015a44e89090

Heap address: 0x0000000080000000, size: 2048 MB, Compressed Oops mode: 32-bit

CDS archive(s) not mapped
Compressed class space mapped at: 0x0000000100000000-0x0000000140000000, reserved size: 1073741824
Narrow klass base: 0x0000000000000000, Narrow klass shift: 3, Narrow klass range: 0x140000000

GC Precious Log:
 CPUs: 4 total, 4 available
 Memory: 8191M
 Large Page Support: Disabled
 NUMA Support: Disabled
 Compressed Oops: Enabled (32-bit)
 Heap Region Size: 1M
 Heap Min Capacity: 8M
 Heap Initial Capacity: 128M
 Heap Max Capacity: 2G
 Pre-touch: Disabled
 Parallel Workers: 4
 Concurrent Workers: 1
 Concurrent Refinement Workers: 4
 Periodic GC: Disabled

Heap:
 garbage-first heap   total 131072K, used 17919K [0x0000000080000000, 0x0000000100000000)
  region size 1024K, 1 young (1024K), 1 survivors (1024K)
 Metaspace       used 37065K, committed 37440K, reserved 1089536K
  class space    used 4368K, committed 4544K, reserved 1048576K

Heap Regions: E=young(eden), S=young(survivor), O=old, HS=humongous(starts), HC=humongous(continues), CS=collection set, F=free, OA=open archive, CA=closed archive, TAMS=top-at-mark-start (previous, next)
|   0|0x0000000080000000, 0x0000000080100000, 0x0000000080100000|100%|HS|  |TAMS 0x0000000080100000, 0x0000000080000000| Complete 
|   1|0x0000000080100000, 0x0000000080200000, 0x0000000080200000|100%|HS|  |TAMS 0x0000000080200000, 0x0000000080100000| Complete 
|   2|0x0000000080200000, 0x0000000080300000, 0x0000000080300000|100%| O|  |TAMS 0x0000000080300000, 0x0000000080200000| Untracked 
|   3|0x0000000080300000, 0x0000000080400000, 0x0000000080400000|100%| O|  |TAMS 0x0000000080400000, 0x0000000080300000| Untracked 
|   4|0x0000000080400000, 0x0000000080500000, 0x0000000080500000|100%| O|  |TAMS 0x0000000080500000, 0x0000000080400000| Untracked 
|   5|0x0000000080500000, 0x0000000080600000, 0x0000000080600000|100%| O|  |TAMS 0x0000000080600000, 0x0000000080500000| Untracked 
|   6|0x0000000080600000, 0x0000000080700000, 0x0000000080700000|100%| O|  |TAMS 0x0000000080600000, 0x0000000080600000| Untracked 
|   7|0x0000000080700000, 0x0000000080800000, 0x0000000080800000|100%| O|  |TAMS 0x0000000080800000, 0x0000000080700000| Untracked 
|   8|0x0000000080800000, 0x0000000080900000, 0x0000000080900000|100%| O|  |TAMS 0x0000000080900000, 0x0000000080800000| Untracked 
|   9|0x0000000080900000, 0x0000000080a00000, 0x0000000080a00000|100%| O|  |TAMS 0x0000000080a00000, 0x0000000080900000| Untracked 
|  10|0x0000000080a00000, 0x0000000080b00000, 0x0000000080b00000|100%| O|  |TAMS 0x0000000080b00000, 0x0000000080a00000| Untracked 
|  11|0x0000000080b00000, 0x0000000080c00000, 0x0000000080c00000|100%| O|  |TAMS 0x0000000080c00000, 0x0000000080b00000| Untracked 
|  12|0x0000000080c00000, 0x0000000080d00000, 0x0000000080d00000|100%| O|  |TAMS 0x0000000080c00000, 0x0000000080c00000| Untracked 
|  13|0x0000000080d00000, 0x0000000080e00000, 0x0000000080e00000|100%| O|  |TAMS 0x0000000080d00000, 0x0000000080d00000| Untracked 
|  14|0x0000000080e00000, 0x0000000080e00000, 0x0000000080f00000|  0%| F|  |TAMS 0x0000000080e00000, 0x0000000080e00000| Untracked 
|  15|0x0000000080f00000, 0x0000000080f00000, 0x0000000081000000|  0%| F|  |TAMS 0x0000000080f00000, 0x0000000080f00000| Untracked 
|  16|0x0000000081000000, 0x0000000081000000, 0x0000000081100000|  0%| F|  |TAMS 0x0000000081000000, 0x0000000081000000| Untracked 
|  17|0x0000000081100000, 0x0000000081100000, 0x0000000081200000|  0%| F|  |TAMS 0x0000000081100000, 0x0000000081100000| Untracked 
|  18|0x0000000081200000, 0x0000000081300000, 0x0000000081300000|100%| O|  |TAMS 0x0000000081200000, 0x0000000081200000| Untracked 
|  19|0x0000000081300000, 0x0000000081400000, 0x0000000081400000|100%| O|  |TAMS 0x0000000081300000, 0x0000000081300000| Untracked 
|  20|0x0000000081400000, 0x0000000081500000, 0x0000000081500000|100%| O|  |TAMS 0x0000000081400000, 0x0000000081400000| Untracked 
|  21|0x0000000081500000, 0x0000000081562200, 0x0000000081600000| 38%| O|  |TAMS 0x0000000081500000, 0x0000000081500000| Untracked 
|  22|0x0000000081600000, 0x0000000081600000, 0x0000000081700000|  0%| F|  |TAMS 0x0000000081600000, 0x0000000081600000| Untracked 
|  23|0x0000000081700000, 0x0000000081700000, 0x0000000081800000|  0%| F|  |TAMS 0x0000000081700000, 0x0000000081700000| Untracked 
|  24|0x0000000081800000, 0x0000000081800000, 0x0000000081900000|  0%| F|  |TAMS 0x0000000081800000, 0x0000000081800000| Untracked 
|  25|0x0000000081900000, 0x0000000081900000, 0x0000000081a00000|  0%| F|  |TAMS 0x0000000081900000, 0x0000000081900000| Untracked 
|  26|0x0000000081a00000, 0x0000000081a00000, 0x0000000081b00000|  0%| F|  |TAMS 0x0000000081a00000, 0x0000000081a00000| Untracked 
|  27|0x0000000081b00000, 0x0000000081b00000, 0x0000000081c00000|  0%| F|  |TAMS 0x0000000081b00000, 0x0000000081b00000| Untracked 
|  28|0x0000000081c00000, 0x0000000081c1dda0, 0x0000000081d00000| 11%| S|CS|TAMS 0x0000000081c00000, 0x0000000081c00000| Complete 
|  29|0x0000000081d00000, 0x0000000081d00000, 0x0000000081e00000|  0%| F|  |TAMS 0x0000000081d00000, 0x0000000081d00000| Untracked 
|  30|0x0000000081e00000, 0x0000000081e00000, 0x0000000081f00000|  0%| F|  |TAMS 0x0000000081e00000, 0x0000000081e00000| Untracked 
|  31|0x0000000081f00000, 0x0000000081f00000, 0x0000000082000000|  0%| F|  |TAMS 0x0000000081f00000, 0x0000000081f00000| Untracked 
|  32|0x0000000082000000, 0x0000000082000000, 0x0000000082100000|  0%| F|  |TAMS 0x0000000082000000, 0x0000000082000000| Untracked 
|  33|0x0000000082100000, 0x0000000082100000, 0x0000000082200000|  0%| F|  |TAMS 0x0000000082100000, 0x0000000082100000| Untracked 
|  34|0x0000000082200000, 0x0000000082200000, 0x0000000082300000|  0%| F|  |TAMS 0x0000000082200000, 0x0000000082200000| Untracked 
|  35|0x0000000082300000, 0x0000000082300000, 0x0000000082400000|  0%| F|  |TAMS 0x0000000082300000, 0x0000000082300000| Untracked 
|  36|0x0000000082400000, 0x0000000082400000, 0x0000000082500000|  0%| F|  |TAMS 0x0000000082400000, 0x0000000082400000| Untracked 
|  37|0x0000000082500000, 0x0000000082500000, 0x0000000082600000|  0%| F|  |TAMS 0x0000000082500000, 0x0000000082500000| Untracked 
|  38|0x0000000082600000, 0x0000000082600000, 0x0000000082700000|  0%| F|  |TAMS 0x0000000082600000, 0x0000000082600000| Untracked 
|  39|0x0000000082700000, 0x0000000082700000, 0x0000000082800000|  0%| F|  |TAMS 0x0000000082700000, 0x0000000082700000| Untracked 
|  40|0x0000000082800000, 0x0000000082800000, 0x0000000082900000|  0%| F|  |TAMS 0x0000000082800000, 0x0000000082800000| Untracked 
|  41|0x0000000082900000, 0x0000000082900000, 0x0000000082a00000|  0%| F|  |TAMS 0x0000000082900000, 0x0000000082900000| Untracked 
|  42|0x0000000082a00000, 0x0000000082a00000, 0x0000000082b00000|  0%| F|  |TAMS 0x0000000082a00000, 0x0000000082a00000| Untracked 
|  43|0x0000000082b00000, 0x0000000082b00000, 0x0000000082c00000|  0%| F|  |TAMS 0x0000000082b00000, 0x0000000082b00000| Untracked 
|  44|0x0000000082c00000, 0x0000000082c00000, 0x0000000082d00000|  0%| F|  |TAMS 0x0000000082c00000, 0x0000000082c00000| Untracked 
|  45|0x0000000082d00000, 0x0000000082d00000, 0x0000000082e00000|  0%| F|  |TAMS 0x0000000082d00000, 0x0000000082d00000| Untracked 
|  46|0x0000000082e00000, 0x0000000082e00000, 0x0000000082f00000|  0%| F|  |TAMS 0x0000000082e00000, 0x0000000082e00000| Untracked 
|  47|0x0000000082f00000, 0x0000000082f00000, 0x0000000083000000|  0%| F|  |TAMS 0x0000000082f00000, 0x0000000082f00000| Untracked 
|  48|0x0000000083000000, 0x0000000083000000, 0x0000000083100000|  0%| F|  |TAMS 0x0000000083000000, 0x0000000083000000| Untracked 
|  49|0x0000000083100000, 0x0000000083100000, 0x0000000083200000|  0%| F|  |TAMS 0x0000000083100000, 0x0000000083100000| Untracked 
|  50|0x0000000083200000, 0x0000000083200000, 0x0000000083300000|  0%| F|  |TAMS 0x0000000083200000, 0x0000000083200000| Untracked 
|  51|0x0000000083300000, 0x0000000083300000, 0x0000000083400000|  0%| F|  |TAMS 0x0000000083300000, 0x0000000083300000| Untracked 
|  52|0x0000000083400000, 0x0000000083400000, 0x0000000083500000|  0%| F|  |TAMS 0x0000000083400000, 0x0000000083400000| Untracked 
|  53|0x0000000083500000, 0x0000000083500000, 0x0000000083600000|  0%| F|  |TAMS 0x0000000083500000, 0x0000000083500000| Untracked 
|  54|0x0000000083600000, 0x0000000083600000, 0x0000000083700000|  0%| F|  |TAMS 0x0000000083600000, 0x0000000083600000| Untracked 
|  55|0x0000000083700000, 0x0000000083700000, 0x0000000083800000|  0%| F|  |TAMS 0x0000000083700000, 0x0000000083700000| Untracked 
|  56|0x0000000083800000, 0x0000000083800000, 0x0000000083900000|  0%| F|  |TAMS 0x0000000083800000, 0x0000000083800000| Untracked 
|  57|0x0000000083900000, 0x0000000083900000, 0x0000000083a00000|  0%| F|  |TAMS 0x0000000083900000, 0x0000000083900000| Untracked 
|  58|0x0000000083a00000, 0x0000000083a00000, 0x0000000083b00000|  0%| F|  |TAMS 0x0000000083a00000, 0x0000000083a00000| Untracked 
|  59|0x0000000083b00000, 0x0000000083b00000, 0x0000000083c00000|  0%| F|  |TAMS 0x0000000083b00000, 0x0000000083b00000| Untracked 
|  60|0x0000000083c00000, 0x0000000083c00000, 0x0000000083d00000|  0%| F|  |TAMS 0x0000000083c00000, 0x0000000083c00000| Untracked 
|  61|0x0000000083d00000, 0x0000000083d00000, 0x0000000083e00000|  0%| F|  |TAMS 0x0000000083d00000, 0x0000000083d00000| Untracked 
|  62|0x0000000083e00000, 0x0000000083e00000, 0x0000000083f00000|  0%| F|  |TAMS 0x0000000083e00000, 0x0000000083e00000| Untracked 
|  63|0x0000000083f00000, 0x0000000083f00000, 0x0000000084000000|  0%| F|  |TAMS 0x0000000083f00000, 0x0000000083f00000| Untracked 
|  64|0x0000000084000000, 0x0000000084000000, 0x0000000084100000|  0%| F|  |TAMS 0x0000000084000000, 0x0000000084000000| Untracked 
|  65|0x0000000084100000, 0x0000000084100000, 0x0000000084200000|  0%| F|  |TAMS 0x0000000084100000, 0x0000000084100000| Untracked 
|  66|0x0000000084200000, 0x0000000084200000, 0x0000000084300000|  0%| F|  |TAMS 0x0000000084200000, 0x0000000084200000| Untracked 
|  67|0x0000000084300000, 0x0000000084300000, 0x0000000084400000|  0%| F|  |TAMS 0x0000000084300000, 0x0000000084300000| Untracked 
|  68|0x0000000084400000, 0x0000000084400000, 0x0000000084500000|  0%| F|  |TAMS 0x0000000084400000, 0x0000000084400000| Untracked 
|  69|0x0000000084500000, 0x0000000084500000, 0x0000000084600000|  0%| F|  |TAMS 0x0000000084500000, 0x0000000084500000| Untracked 
|  70|0x0000000084600000, 0x0000000084600000, 0x0000000084700000|  0%| F|  |TAMS 0x0000000084600000, 0x0000000084600000| Untracked 
|  71|0x0000000084700000, 0x0000000084700000, 0x0000000084800000|  0%| F|  |TAMS 0x0000000084700000, 0x0000000084700000| Untracked 
|  72|0x0000000084800000, 0x0000000084800000, 0x0000000084900000|  0%| F|  |TAMS 0x0000000084800000, 0x0000000084800000| Untracked 
|  73|0x0000000084900000, 0x0000000084900000, 0x0000000084a00000|  0%| F|  |TAMS 0x0000000084900000, 0x0000000084900000| Untracked 
|  74|0x0000000084a00000, 0x0000000084a00000, 0x0000000084b00000|  0%| F|  |TAMS 0x0000000084a00000, 0x0000000084a00000| Untracked 
|  75|0x0000000084b00000, 0x0000000084b00000, 0x0000000084c00000|  0%| F|  |TAMS 0x0000000084b00000, 0x0000000084b00000| Untracked 
|  76|0x0000000084c00000, 0x0000000084c00000, 0x0000000084d00000|  0%| F|  |TAMS 0x0000000084c00000, 0x0000000084c00000| Untracked 
|  77|0x0000000084d00000, 0x0000000084d00000, 0x0000000084e00000|  0%| F|  |TAMS 0x0000000084d00000, 0x0000000084d00000| Untracked 
|  78|0x0000000084e00000, 0x0000000084e00000, 0x0000000084f00000|  0%| F|  |TAMS 0x0000000084e00000, 0x0000000084e00000| Untracked 
|  79|0x0000000084f00000, 0x0000000084f00000, 0x0000000085000000|  0%| F|  |TAMS 0x0000000084f00000, 0x0000000084f00000| Untracked 
|  80|0x0000000085000000, 0x0000000085000000, 0x0000000085100000|  0%| F|  |TAMS 0x0000000085000000, 0x0000000085000000| Untracked 
|  81|0x0000000085100000, 0x0000000085100000, 0x0000000085200000|  0%| F|  |TAMS 0x0000000085100000, 0x0000000085100000| Untracked 
|  82|0x0000000085200000, 0x0000000085200000, 0x0000000085300000|  0%| F|  |TAMS 0x0000000085200000, 0x0000000085200000| Untracked 
|  83|0x0000000085300000, 0x0000000085300000, 0x0000000085400000|  0%| F|  |TAMS 0x0000000085300000, 0x0000000085300000| Untracked 
|  84|0x0000000085400000, 0x0000000085400000, 0x0000000085500000|  0%| F|  |TAMS 0x0000000085400000, 0x0000000085400000| Untracked 
|  85|0x0000000085500000, 0x0000000085500000, 0x0000000085600000|  0%| F|  |TAMS 0x0000000085500000, 0x0000000085500000| Untracked 
|  86|0x0000000085600000, 0x0000000085600000, 0x0000000085700000|  0%| F|  |TAMS 0x0000000085600000, 0x0000000085600000| Untracked 
|  87|0x0000000085700000, 0x0000000085700000, 0x0000000085800000|  0%| F|  |TAMS 0x0000000085700000, 0x0000000085700000| Untracked 
|  88|0x0000000085800000, 0x0000000085800000, 0x0000000085900000|  0%| F|  |TAMS 0x0000000085800000, 0x0000000085800000| Untracked 
|  89|0x0000000085900000, 0x0000000085900000, 0x0000000085a00000|  0%| F|  |TAMS 0x0000000085900000, 0x0000000085900000| Untracked 
|  90|0x0000000085a00000, 0x0000000085a00000, 0x0000000085b00000|  0%| F|  |TAMS 0x0000000085a00000, 0x0000000085a00000| Untracked 
|  91|0x0000000085b00000, 0x0000000085b00000, 0x0000000085c00000|  0%| F|  |TAMS 0x0000000085b00000, 0x0000000085b00000| Untracked 
|  92|0x0000000085c00000, 0x0000000085c00000, 0x0000000085d00000|  0%| F|  |TAMS 0x0000000085c00000, 0x0000000085c00000| Untracked 
|  93|0x0000000085d00000, 0x0000000085d00000, 0x0000000085e00000|  0%| F|  |TAMS 0x0000000085d00000, 0x0000000085d00000| Untracked 
|  94|0x0000000085e00000, 0x0000000085e00000, 0x0000000085f00000|  0%| F|  |TAMS 0x0000000085e00000, 0x0000000085e00000| Untracked 
|  95|0x0000000085f00000, 0x0000000085f00000, 0x0000000086000000|  0%| F|  |TAMS 0x0000000085f00000, 0x0000000085f00000| Untracked 
|  96|0x0000000086000000, 0x0000000086000000, 0x0000000086100000|  0%| F|  |TAMS 0x0000000086000000, 0x0000000086000000| Untracked 
|  97|0x0000000086100000, 0x0000000086100000, 0x0000000086200000|  0%| F|  |TAMS 0x0000000086100000, 0x0000000086100000| Untracked 
|  98|0x0000000086200000, 0x0000000086200000, 0x0000000086300000|  0%| F|  |TAMS 0x0000000086200000, 0x0000000086200000| Untracked 
|  99|0x0000000086300000, 0x0000000086300000, 0x0000000086400000|  0%| F|  |TAMS 0x0000000086300000, 0x0000000086300000| Untracked 
| 100|0x0000000086400000, 0x0000000086400000, 0x0000000086500000|  0%| F|  |TAMS 0x0000000086400000, 0x0000000086400000| Untracked 
| 101|0x0000000086500000, 0x0000000086500000, 0x0000000086600000|  0%| F|  |TAMS 0x0000000086500000, 0x0000000086500000| Untracked 
| 102|0x0000000086600000, 0x0000000086600000, 0x0000000086700000|  0%| F|  |TAMS 0x0000000086600000, 0x0000000086600000| Untracked 
| 103|0x0000000086700000, 0x0000000086700000, 0x0000000086800000|  0%| F|  |TAMS 0x0000000086700000, 0x0000000086700000| Untracked 
| 104|0x0000000086800000, 0x0000000086800000, 0x0000000086900000|  0%| F|  |TAMS 0x0000000086800000, 0x0000000086800000| Untracked 
| 105|0x0000000086900000, 0x0000000086900000, 0x0000000086a00000|  0%| F|  |TAMS 0x0000000086900000, 0x0000000086900000| Untracked 
| 106|0x0000000086a00000, 0x0000000086a00000, 0x0000000086b00000|  0%| F|  |TAMS 0x0000000086a00000, 0x0000000086a00000| Untracked 
| 107|0x0000000086b00000, 0x0000000086b00000, 0x0000000086c00000|  0%| F|  |TAMS 0x0000000086b00000, 0x0000000086b00000| Untracked 
| 108|0x0000000086c00000, 0x0000000086c00000, 0x0000000086d00000|  0%| F|  |TAMS 0x0000000086c00000, 0x0000000086c00000| Untracked 
| 109|0x0000000086d00000, 0x0000000086d00000, 0x0000000086e00000|  0%| F|  |TAMS 0x0000000086d00000, 0x0000000086d00000| Untracked 
| 110|0x0000000086e00000, 0x0000000086e00000, 0x0000000086f00000|  0%| F|  |TAMS 0x0000000086e00000, 0x0000000086e00000| Untracked 
| 111|0x0000000086f00000, 0x0000000086f00000, 0x0000000087000000|  0%| F|  |TAMS 0x0000000086f00000, 0x0000000086f00000| Untracked 
| 112|0x0000000087000000, 0x0000000087000000, 0x0000000087100000|  0%| F|  |TAMS 0x0000000087000000, 0x0000000087000000| Untracked 
| 113|0x0000000087100000, 0x0000000087100000, 0x0000000087200000|  0%| F|  |TAMS 0x0000000087100000, 0x0000000087100000| Untracked 
| 114|0x0000000087200000, 0x0000000087200000, 0x0000000087300000|  0%| F|  |TAMS 0x0000000087200000, 0x0000000087200000| Untracked 
| 115|0x0000000087300000, 0x0000000087300000, 0x0000000087400000|  0%| F|  |TAMS 0x0000000087300000, 0x0000000087300000| Untracked 
| 116|0x0000000087400000, 0x0000000087400000, 0x0000000087500000|  0%| F|  |TAMS 0x0000000087400000, 0x0000000087400000| Untracked 
| 117|0x0000000087500000, 0x0000000087500000, 0x0000000087600000|  0%| F|  |TAMS 0x0000000087500000, 0x0000000087500000| Untracked 
| 118|0x0000000087600000, 0x0000000087600000, 0x0000000087700000|  0%| F|  |TAMS 0x0000000087600000, 0x0000000087600000| Untracked 
| 119|0x0000000087700000, 0x0000000087700000, 0x0000000087800000|  0%| F|  |TAMS 0x0000000087700000, 0x0000000087700000| Untracked 
| 120|0x0000000087800000, 0x0000000087800000, 0x0000000087900000|  0%| F|  |TAMS 0x0000000087800000, 0x0000000087800000| Untracked 
| 121|0x0000000087900000, 0x0000000087900000, 0x0000000087a00000|  0%| F|  |TAMS 0x0000000087900000, 0x0000000087900000| Untracked 
| 122|0x0000000087a00000, 0x0000000087a00000, 0x0000000087b00000|  0%| F|  |TAMS 0x0000000087a00000, 0x0000000087a00000| Untracked 
| 123|0x0000000087b00000, 0x0000000087b00000, 0x0000000087c00000|  0%| F|  |TAMS 0x0000000087b00000, 0x0000000087b00000| Untracked 
| 124|0x0000000087c00000, 0x0000000087c00000, 0x0000000087d00000|  0%| F|  |TAMS 0x0000000087c00000, 0x0000000087c00000| Untracked 
| 125|0x0000000087d00000, 0x0000000087d00000, 0x0000000087e00000|  0%| F|  |TAMS 0x0000000087d00000, 0x0000000087d00000| Untracked 
| 126|0x0000000087e00000, 0x0000000087e00000, 0x0000000087f00000|  0%| F|  |TAMS 0x0000000087e00000, 0x0000000087e00000| Untracked 
| 127|0x0000000087f00000, 0x0000000087f00000, 0x0000000088000000|  0%| F|  |TAMS 0x0000000087f00000, 0x0000000087f00000| Untracked 

Card table byte_map: [0x0000015a3c170000,0x0000015a3c570000] _byte_map_base: 0x0000015a3bd70000

Marking Bits (Prev, Next): (CMBitMap*) 0x0000015a290dac20, (CMBitMap*) 0x0000015a290dac60
 Prev Bits: [0x0000015a3c970000, 0x0000015a3e970000)
 Next Bits: [0x0000015a3e970000, 0x0000015a40970000)

Polling page: 0x0000015a277a0000

Metaspace:

Usage:
  Non-class:     31.93 MB used.
      Class:      4.27 MB used.
       Both:     36.20 MB used.

Virtual space:
  Non-class space:       40.00 MB reserved,      32.12 MB ( 80%) committed,  5 nodes.
      Class space:        1.00 GB reserved,       4.44 MB ( <1%) committed,  1 nodes.
             Both:        1.04 GB reserved,      36.56 MB (  3%) committed. 

Chunk freelists:
   Non-Class:  3.30 MB
       Class:  3.42 MB
        Both:  6.72 MB

MaxMetaspaceSize: unlimited
CompressedClassSpaceSize: 1.00 GB
Initial GC threshold: 21.00 MB
Current GC threshold: 59.00 MB
CDS: off
MetaspaceReclaimPolicy: balanced
 - commit_granule_bytes: 65536.
 - commit_granule_words: 8192.
 - virtual_space_node_default_size: 1048576.
 - enlarge_chunks_in_place: 1.
 - new_chunks_are_fully_committed: 0.
 - uncommit_free_chunks: 1.
 - use_allocation_guard: 0.
 - handle_deallocations: 1.


Internal statistics:

num_allocs_failed_limit: 8.
num_arena_births: 378.
num_arena_deaths: 0.
num_vsnodes_births: 6.
num_vsnodes_deaths: 0.
num_space_committed: 585.
num_space_uncommitted: 0.
num_chunks_returned_to_freelist: 8.
num_chunks_taken_from_freelist: 1421.
num_chunk_merges: 5.
num_chunk_splits: 953.
num_chunks_enlarged: 714.
num_purges: 0.
num_inconsistent_stats: 0.

CodeHeap 'non-profiled nmethods': size=120000Kb used=2086Kb max_used=2086Kb free=117913Kb
 bounds [0x0000015a34220000, 0x0000015a34490000, 0x0000015a3b750000]
CodeHeap 'profiled nmethods': size=120000Kb used=7980Kb max_used=7980Kb free=112019Kb
 bounds [0x0000015a2ccf0000, 0x0000015a2d4c0000, 0x0000015a34220000]
CodeHeap 'non-nmethods': size=5760Kb used=1223Kb max_used=1353Kb free=4536Kb
 bounds [0x0000015a2c750000, 0x0000015a2c9c0000, 0x0000015a2ccf0000]
 total_blobs=4318 nmethods=3806 adapters=424
 compilation: enabled
              stopped_count=0, restarted_count=0
 full_count=0

Compilation events (20 events):
Event: 3.552 Thread 0x0000015a43921e80 3807   !   3       java.util.logging.LogManager::ensureLogManagerInitialized (144 bytes)
Event: 3.553 Thread 0x0000015a43921e80 nmethod 3807 0x0000015a2d4b5590 code [0x0000015a2d4b5880, 0x0000015a2d4b6a58]
Event: 3.559 Thread 0x0000015a43921e80 3808       3       java.lang.invoke.MemberName::asConstructor (58 bytes)
Event: 3.560 Thread 0x0000015a43921e80 nmethod 3808 0x0000015a2d4b7010 code [0x0000015a2d4b7220, 0x0000015a2d4b7828]
Event: 3.572 Thread 0x0000015a43921e80 3809       3       jdk.internal.loader.ClassLoaders::bootLoader (4 bytes)
Event: 3.572 Thread 0x0000015a43921e80 nmethod 3809 0x0000015a2d4b7a90 code [0x0000015a2d4b7c20, 0x0000015a2d4b7d18]
Event: 3.573 Thread 0x0000015a43f844a0 3810       4       java.lang.StringLatin1::compareToCI (108 bytes)
Event: 3.574 Thread 0x0000015a43921e80 3811       3       sun.nio.fs.WindowsPath::isAbsolute (26 bytes)
Event: 3.574 Thread 0x0000015a43921e80 nmethod 3811 0x0000015a2d4b7d90 code [0x0000015a2d4b7f20, 0x0000015a2d4b80d8]
Event: 3.575 Thread 0x0000015a43921e80 3813   !   3       sun.nio.fs.WindowsPath::getPathForWin32Calls (135 bytes)
Event: 3.576 Thread 0x0000015a43921e80 nmethod 3813 0x0000015a2d4b8190 code [0x0000015a2d4b8420, 0x0000015a2d4b92f8]
Event: 3.576 Thread 0x0000015a43921e80 3814       3       sun.nio.fs.WindowsNativeDispatcher::asNativeBuffer (103 bytes)
Event: 3.576 Thread 0x0000015a43921e80 nmethod 3814 0x0000015a2d4b9790 code [0x0000015a2d4b9a00, 0x0000015a2d4ba438]
Event: 3.576 Thread 0x0000015a43921e80 3815       3       java.util.WeakHashMap::isEmpty (13 bytes)
Event: 3.576 Thread 0x0000015a43921e80 nmethod 3815 0x0000015a2d4ba790 code [0x0000015a2d4ba940, 0x0000015a2d4bac08]
Event: 3.576 Thread 0x0000015a43921e80 3816       3       java.util.WeakHashMap::size (18 bytes)
Event: 3.576 Thread 0x0000015a43921e80 nmethod 3816 0x0000015a2d4bad10 code [0x0000015a2d4baec0, 0x0000015a2d4bb088]
Event: 3.578 Thread 0x0000015a43f844a0 nmethod 3810 0x0000015a34427c10 code [0x0000015a34427dc0, 0x0000015a344282f8]
Event: 3.578 Thread 0x0000015a43f844a0 3812       4       java.lang.ref.Cleaner::register (25 bytes)
Event: 3.596 Thread 0x0000015a43f844a0 nmethod 3812 0x0000015a34428710 code [0x0000015a344288c0, 0x0000015a344294b8]

GC Heap History (20 events):
Event: 1.815 GC heap after
{Heap after GC invocations=8 (full 0):
 garbage-first heap   total 50176K, used 12254K [0x0000000080000000, 0x0000000100000000)
  region size 1024K, 1 young (1024K), 1 survivors (1024K)
 Metaspace       used 26428K, committed 26688K, reserved 1073152K
  class space    used 2998K, committed 3136K, reserved 1048576K
}
Event: 1.827 GC heap before
{Heap before GC invocations=8 (full 0):
 garbage-first heap   total 50176K, used 35806K [0x0000000080000000, 0x0000000100000000)
  region size 1024K, 25 young (25600K), 1 survivors (1024K)
 Metaspace       used 26428K, committed 26688K, reserved 1073152K
  class space    used 2998K, committed 3136K, reserved 1048576K
}
Event: 1.828 GC heap after
{Heap after GC invocations=9 (full 0):
 garbage-first heap   total 50176K, used 12040K [0x0000000080000000, 0x0000000100000000)
  region size 1024K, 1 young (1024K), 1 survivors (1024K)
 Metaspace       used 26428K, committed 26688K, reserved 1073152K
  class space    used 2998K, committed 3136K, reserved 1048576K
}
Event: 1.834 GC heap before
{Heap before GC invocations=9 (full 0):
 garbage-first heap   total 50176K, used 36616K [0x0000000080000000, 0x0000000100000000)
  region size 1024K, 26 young (26624K), 1 survivors (1024K)
 Metaspace       used 26428K, committed 26688K, reserved 1073152K
  class space    used 2998K, committed 3136K, reserved 1048576K
}
Event: 1.835 GC heap after
{Heap after GC invocations=10 (full 0):
 garbage-first heap   total 50176K, used 12058K [0x0000000080000000, 0x0000000100000000)
  region size 1024K, 1 young (1024K), 1 survivors (1024K)
 Metaspace       used 26428K, committed 26688K, reserved 1073152K
  class space    used 2998K, committed 3136K, reserved 1048576K
}
Event: 1.840 GC heap before
{Heap before GC invocations=10 (full 0):
 garbage-first heap   total 50176K, used 37658K [0x0000000080000000, 0x0000000100000000)
  region size 1024K, 27 young (27648K), 1 survivors (1024K)
 Metaspace       used 26428K, committed 26688K, reserved 1073152K
  class space    used 2998K, committed 3136K, reserved 1048576K
}
Event: 1.840 GC heap after
{Heap after GC invocations=11 (full 0):
 garbage-first heap   total 50176K, used 12078K [0x0000000080000000, 0x0000000100000000)
  region size 1024K, 1 young (1024K), 1 survivors (1024K)
 Metaspace       used 26428K, committed 26688K, reserved 1073152K
  class space    used 2998K, committed 3136K, reserved 1048576K
}
Event: 1.846 GC heap before
{Heap before GC invocations=11 (full 0):
 garbage-first heap   total 50176K, used 38702K [0x0000000080000000, 0x0000000100000000)
  region size 1024K, 28 young (28672K), 1 survivors (1024K)
 Metaspace       used 26428K, committed 26688K, reserved 1073152K
  class space    used 2998K, committed 3136K, reserved 1048576K
}
Event: 1.847 GC heap after
{Heap after GC invocations=12 (full 0):
 garbage-first heap   total 100352K, used 12091K [0x0000000080000000, 0x0000000100000000)
  region size 1024K, 1 young (1024K), 1 survivors (1024K)
 Metaspace       used 26428K, committed 26688K, reserved 1073152K
  class space    used 2998K, committed 3136K, reserved 1048576K
}
Event: 2.545 GC heap before
{Heap before GC invocations=12 (full 0):
 garbage-first heap   total 100352K, used 69435K [0x0000000080000000, 0x0000000100000000)
  region size 1024K, 58 young (59392K), 1 survivors (1024K)
 Metaspace       used 30135K, committed 30400K, reserved 1081344K
  class space    used 3411K, committed 3520K, reserved 1048576K
}
Event: 2.550 GC heap after
{Heap after GC invocations=13 (full 0):
 garbage-first heap   total 100352K, used 14860K [0x0000000080000000, 0x0000000100000000)
  region size 1024K, 3 young (3072K), 3 survivors (3072K)
 Metaspace       used 30135K, committed 30400K, reserved 1081344K
  class space    used 3411K, committed 3520K, reserved 1048576K
}
Event: 3.337 GC heap before
{Heap before GC invocations=13 (full 0):
 garbage-first heap   total 100352K, used 49676K [0x0000000080000000, 0x0000000100000000)
  region size 1024K, 38 young (38912K), 3 survivors (3072K)
 Metaspace       used 35736K, committed 36096K, reserved 1081344K
  class space    used 4230K, committed 4416K, reserved 1048576K
}
Event: 3.346 GC heap after
{Heap after GC invocations=14 (full 0):
 garbage-first heap   total 100352K, used 17968K [0x0000000080000000, 0x0000000100000000)
  region size 1024K, 6 young (6144K), 6 survivors (6144K)
 Metaspace       used 35736K, committed 36096K, reserved 1081344K
  class space    used 4230K, committed 4416K, reserved 1048576K
}
Event: 3.585 GC heap before
{Heap before GC invocations=15 (full 0):
 garbage-first heap   total 65536K, used 56880K [0x0000000080000000, 0x0000000100000000)
  region size 1024K, 46 young (47104K), 6 survivors (6144K)
 Metaspace       used 37065K, committed 37440K, reserved 1089536K
  class space    used 4368K, committed 4544K, reserved 1048576K
}
Event: 3.591 GC heap after
{Heap after GC invocations=16 (full 0):
 garbage-first heap   total 67584K, used 18789K [0x0000000080000000, 0x0000000100000000)
  region size 1024K, 5 young (5120K), 5 survivors (5120K)
 Metaspace       used 37065K, committed 37440K, reserved 1089536K
  class space    used 4368K, committed 4544K, reserved 1048576K
}
Event: 3.592 GC heap before
{Heap before GC invocations=16 (full 0):
 garbage-first heap   total 67584K, used 20837K [0x0000000080000000, 0x0000000100000000)
  region size 1024K, 8 young (8192K), 5 survivors (5120K)
 Metaspace       used 37065K, committed 37440K, reserved 1089536K
  class space    used 4368K, committed 4544K, reserved 1048576K
}
Event: 3.595 GC heap after
{Heap after GC invocations=17 (full 0):
 garbage-first heap   total 67584K, used 17870K [0x0000000080000000, 0x0000000100000000)
  region size 1024K, 1 young (1024K), 1 survivors (1024K)
 Metaspace       used 37065K, committed 37440K, reserved 1089536K
  class space    used 4368K, committed 4544K, reserved 1048576K
}
Event: 3.603 GC heap before
{Heap before GC invocations=17 (full 0):
 garbage-first heap   total 67584K, used 52686K [0x0000000080000000, 0x0000000100000000)
  region size 1024K, 36 young (36864K), 1 survivors (1024K)
 Metaspace       used 37065K, committed 37440K, reserved 1089536K
  class space    used 4368K, committed 4544K, reserved 1048576K
}
Event: 3.603 GC heap after
{Heap after GC invocations=18 (full 0):
 garbage-first heap   total 67584K, used 17898K [0x0000000080000000, 0x0000000100000000)
  region size 1024K, 1 young (1024K), 1 survivors (1024K)
 Metaspace       used 37065K, committed 37440K, reserved 1089536K
  class space    used 4368K, committed 4544K, reserved 1048576K
}
Event: 3.610 GC heap before
{Heap before GC invocations=18 (full 0):
 garbage-first heap   total 67584K, used 53738K [0x0000000080000000, 0x0000000100000000)
  region size 1024K, 37 young (37888K), 1 survivors (1024K)
 Metaspace       used 37065K, committed 37440K, reserved 1089536K
  class space    used 4368K, committed 4544K, reserved 1048576K
}

Deoptimization events (20 events):
Event: 3.071 Thread 0x0000015a44e89090 Uncommon trap: trap_request=0xffffffde fr.pc=0x0000015a343e62a0 relative=0x00000000000028a0
Event: 3.071 Thread 0x0000015a44e89090 Uncommon trap: reason=class_check action=maybe_recompile pc=0x0000015a343e62a0 method=org.springframework.beans.factory.support.AbstractBeanFactory.isTypeMatch(Ljava/lang/String;Lorg/springframework/core/ResolvableType;Z)Z @ 48 c2
Event: 3.071 Thread 0x0000015a44e89090 DEOPT PACKING pc=0x0000015a343e62a0 sp=0x0000003112dfe2c0
Event: 3.071 Thread 0x0000015a44e89090 DEOPT UNPACKING pc=0x0000015a2c7a5c23 sp=0x0000003112dfe268 mode 2
Event: 3.071 Thread 0x0000015a44e89090 Uncommon trap: trap_request=0xffffffde fr.pc=0x0000015a343e62a0 relative=0x00000000000028a0
Event: 3.071 Thread 0x0000015a44e89090 Uncommon trap: reason=class_check action=maybe_recompile pc=0x0000015a343e62a0 method=org.springframework.beans.factory.support.AbstractBeanFactory.isTypeMatch(Ljava/lang/String;Lorg/springframework/core/ResolvableType;Z)Z @ 48 c2
Event: 3.071 Thread 0x0000015a44e89090 DEOPT PACKING pc=0x0000015a343e62a0 sp=0x0000003112dfe2c0
Event: 3.071 Thread 0x0000015a44e89090 DEOPT UNPACKING pc=0x0000015a2c7a5c23 sp=0x0000003112dfe268 mode 2
Event: 3.091 Thread 0x0000015a44e89090 Uncommon trap: trap_request=0xffffffde fr.pc=0x0000015a343e62a0 relative=0x00000000000028a0
Event: 3.091 Thread 0x0000015a44e89090 Uncommon trap: reason=class_check action=maybe_recompile pc=0x0000015a343e62a0 method=org.springframework.beans.factory.support.AbstractBeanFactory.isTypeMatch(Ljava/lang/String;Lorg/springframework/core/ResolvableType;Z)Z @ 48 c2
Event: 3.091 Thread 0x0000015a44e89090 DEOPT PACKING pc=0x0000015a343e62a0 sp=0x0000003112dfca50
Event: 3.091 Thread 0x0000015a44e89090 DEOPT UNPACKING pc=0x0000015a2c7a5c23 sp=0x0000003112dfc9f8 mode 2
Event: 3.091 Thread 0x0000015a44e89090 Uncommon trap: trap_request=0xffffffde fr.pc=0x0000015a343e62a0 relative=0x00000000000028a0
Event: 3.091 Thread 0x0000015a44e89090 Uncommon trap: reason=class_check action=maybe_recompile pc=0x0000015a343e62a0 method=org.springframework.beans.factory.support.AbstractBeanFactory.isTypeMatch(Ljava/lang/String;Lorg/springframework/core/ResolvableType;Z)Z @ 48 c2
Event: 3.091 Thread 0x0000015a44e89090 DEOPT PACKING pc=0x0000015a343e62a0 sp=0x0000003112dfca50
Event: 3.091 Thread 0x0000015a44e89090 DEOPT UNPACKING pc=0x0000015a2c7a5c23 sp=0x0000003112dfc9f8 mode 2
Event: 3.205 Thread 0x0000015a44e89090 DEOPT PACKING pc=0x0000015a2d133821 sp=0x0000003112dfc800
Event: 3.205 Thread 0x0000015a44e89090 DEOPT UNPACKING pc=0x0000015a2c7a6763 sp=0x0000003112dfbcb8 mode 0
Event: 3.205 Thread 0x0000015a44e89090 DEOPT PACKING pc=0x0000015a2d13281d sp=0x0000003112dfc7d0
Event: 3.205 Thread 0x0000015a44e89090 DEOPT UNPACKING pc=0x0000015a2c7a6763 sp=0x0000003112dfbcb8 mode 0

Classes unloaded (0 events):
No events

Classes redefined (0 events):
No events

Internal exceptions (20 events):
Event: 2.919 Thread 0x0000015a44e89090 Exception <a 'java/lang/NoClassDefFoundError'{0x000000008514a788}: liquibase/integration/spring/SpringLiquibase> (0x000000008514a788) 
thrown [e:\jenkins\tmp\workspace\build\src\src\hotspot\share\classfile\systemDictionary.cpp, line 245]
Event: 2.926 Thread 0x0000015a44e89090 Exception <a 'java/lang/NoClassDefFoundError'{0x000000008519f150}: org/jooq/DSLContext> (0x000000008519f150) 
thrown [e:\jenkins\tmp\workspace\build\src\src\hotspot\share\classfile\systemDictionary.cpp, line 245]
Event: 2.962 Thread 0x0000015a44e89090 Exception <a 'java/lang/NoClassDefFoundError'{0x0000000084fc31e0}: org/springframework/batch/core/repository/JobRepository> (0x0000000084fc31e0) 
thrown [e:\jenkins\tmp\workspace\build\src\src\hotspot\share\classfile\systemDictionary.cpp, line 245]
Event: 2.962 Thread 0x0000015a44e89090 Exception <a 'java/lang/NoClassDefFoundError'{0x0000000084fc4620}: org/quartz/Scheduler> (0x0000000084fc4620) 
thrown [e:\jenkins\tmp\workspace\build\src\src\hotspot\share\classfile\systemDictionary.cpp, line 245]
Event: 2.962 Thread 0x0000015a44e89090 Exception <a 'java/lang/NoClassDefFoundError'{0x0000000084fc5e88}: org/springframework/session/jdbc/JdbcIndexedSessionRepository> (0x0000000084fc5e88) 
thrown [e:\jenkins\tmp\workspace\build\src\src\hotspot\share\classfile\systemDictionary.cpp, line 245]
Event: 2.989 Thread 0x0000015a44e89090 Exception <a 'java/lang/NoSuchMethodError'{0x0000000084d02340}: 'void java.lang.invoke.DirectMethodHandle$Holder.invokeSpecial(java.lang.Object, java.lang.Object, java.lang.Object, java.lang.Object, java.lang.Object, java.lang.Object)'> (0x0000000084d02340) 
thrown [e:\jenkins\tmp\workspace\build\src\src\hotspot\share\interpreter\linkResolver.cpp, line 766]
Event: 3.147 Thread 0x0000015a44e89090 Exception <a 'java/lang/NoSuchMethodError'{0x0000000084763d38}: 'void java.lang.invoke.DirectMethodHandle$Holder.invokeStatic(java.lang.Object, java.lang.Object, int)'> (0x0000000084763d38) 
thrown [e:\jenkins\tmp\workspace\build\src\src\hotspot\share\interpreter\linkResolver.cpp, line 766]
Event: 3.190 Thread 0x0000015a44e89090 Exception <a 'java/lang/NoSuchMethodError'{0x00000000845b26b8}: 'void java.lang.invoke.DirectMethodHandle$Holder.invokeInterface(java.lang.Object, java.lang.Object, int)'> (0x00000000845b26b8) 
thrown [e:\jenkins\tmp\workspace\build\src\src\hotspot\share\interpreter\linkResolver.cpp, line 766]
Event: 3.191 Thread 0x0000015a44e89090 Exception <a 'java/lang/NoSuchMethodError'{0x00000000845cc1f8}: 'int java.lang.invoke.DirectMethodHandle$Holder.invokeVirtual(java.lang.Object, java.lang.Object)'> (0x00000000845cc1f8) 
thrown [e:\jenkins\tmp\workspace\build\src\src\hotspot\share\interpreter\linkResolver.cpp, line 766]
Event: 3.194 Thread 0x0000015a44e89090 Exception <a 'java/lang/IncompatibleClassChangeError'{0x0000000084405f08}: Found class java.lang.Object, but interface was expected> (0x0000000084405f08) 
thrown [e:\jenkins\tmp\workspace\build\src\src\hotspot\share\interpreter\linkResolver.cpp, line 833]
Event: 3.195 Thread 0x0000015a44e89090 Exception <a 'java/lang/NoSuchMethodError'{0x0000000084416ac8}: 'int java.lang.invoke.DirectMethodHandle$Holder.invokeSpecialIFC(java.lang.Object, java.lang.Object, java.lang.Object)'> (0x0000000084416ac8) 
thrown [e:\jenkins\tmp\workspace\build\src\src\hotspot\share\interpreter\linkResolver.cpp, line 766]
Event: 3.196 Thread 0x0000015a44e89090 Exception <a 'java/lang/NoSuchMethodError'{0x000000008442f390}: 'void java.lang.invoke.DirectMethodHandle$Holder.invokeStatic(java.lang.Object, int, java.lang.Object)'> (0x000000008442f390) 
thrown [e:\jenkins\tmp\workspace\build\src\src\hotspot\share\interpreter\linkResolver.cpp, line 766]
Event: 3.218 Thread 0x0000015a44e89090 Exception <a 'java/lang/NoSuchMethodError'{0x00000000844d2c90}: 'int java.lang.invoke.DirectMethodHandle$Holder.invokeSpecial(java.lang.Object, java.lang.Object, int)'> (0x00000000844d2c90) 
thrown [e:\jenkins\tmp\workspace\build\src\src\hotspot\share\interpreter\linkResolver.cpp, line 766]
Event: 3.221 Thread 0x0000015a44e89090 Exception <a 'java/lang/NoSuchMethodError'{0x00000000844e0d20}: 'void java.lang.invoke.DirectMethodHandle$Holder.invokeVirtual(java.lang.Object, java.lang.Object, int)'> (0x00000000844e0d20) 
thrown [e:\jenkins\tmp\workspace\build\src\src\hotspot\share\interpreter\linkResolver.cpp, line 766]
Event: 3.222 Thread 0x0000015a44e89090 Exception <a 'java/lang/NoSuchMethodError'{0x00000000844e6f68}: 'void java.lang.invoke.DirectMethodHandle$Holder.invokeStatic(java.lang.Object, java.lang.Object, java.lang.Object, int, java.lang.Object)'> (0x00000000844e6f68) 
thrown [e:\jenkins\tmp\workspace\build\src\src\hotspot\share\interpreter\linkResolver.cpp, line 766]
Event: 3.223 Thread 0x0000015a44e89090 Exception <a 'java/lang/NoSuchMethodError'{0x00000000844ee470}: 'java.lang.Object java.lang.invoke.DirectMethodHandle$Holder.newInvokeSpecial(java.lang.Object, java.lang.Object, java.lang.Object, int)'> (0x00000000844ee470) 
thrown [e:\jenkins\tmp\workspace\build\src\src\hotspot\share\interpreter\linkResolver.cpp, line 766]
Event: 3.223 Thread 0x0000015a44e89090 Exception <a 'java/lang/NoSuchMethodError'{0x00000000844f2758}: 'java.lang.Object java.lang.invoke.DirectMethodHandle$Holder.invokeSpecial(java.lang.Object, java.lang.Object, java.lang.Object, java.lang.Object, int)'> (0x00000000844f2758) 
thrown [e:\jenkins\tmp\workspace\build\src\src\hotspot\share\interpreter\linkResolver.cpp, line 766]
Event: 3.223 Thread 0x0000015a44e89090 Exception <a 'java/lang/NoSuchMethodError'{0x00000000844f6320}: 'java.lang.Object java.lang.invoke.Invokers$Holder.linkToTargetMethod(java.lang.Object, java.lang.Object, int, java.lang.Object)'> (0x00000000844f6320) 
thrown [e:\jenkins\tmp\workspace\build\src\src\hotspot\share\interpreter\linkResolver.cpp, line 766]
Event: 3.317 Thread 0x0000015a44e89090 Exception <a 'java/lang/NoSuchMethodError'{0x0000000083f44ab0}: 'java.lang.Object java.lang.invoke.DirectMethodHandle$Holder.invokeStaticInit(java.lang.Object, int, int, int, int)'> (0x0000000083f44ab0) 
thrown [e:\jenkins\tmp\workspace\build\src\src\hotspot\share\interpreter\linkResolver.cpp, line 766]
Event: 3.429 Thread 0x0000015a44e89090 Exception <a 'java/lang/NoSuchMethodError'{0x0000000087f19118}: 'java.lang.Object java.lang.invoke.DirectMethodHandle$Holder.invokeStaticInit(java.lang.Object, java.lang.Object, int, int, int, int)'> (0x0000000087f19118) 
thrown [e:\jenkins\tmp\workspace\build\src\src\hotspot\share\interpreter\linkResolver.cpp, line 766]

VM Operations (20 events):
Event: 2.991 Executing VM operation: ICBufferFull done
Event: 3.277 Executing VM operation: HandshakeAllThreads
Event: 3.277 Executing VM operation: HandshakeAllThreads done
Event: 3.294 Executing VM operation: HandshakeAllThreads
Event: 3.294 Executing VM operation: HandshakeAllThreads done
Event: 3.337 Executing VM operation: CollectForMetadataAllocation
Event: 3.346 Executing VM operation: CollectForMetadataAllocation done
Event: 3.347 Executing VM operation: HandshakeAllThreads
Event: 3.347 Executing VM operation: HandshakeAllThreads done
Event: 3.364 Executing VM operation: G1Concurrent
Event: 3.366 Executing VM operation: G1Concurrent done
Event: 3.371 Executing VM operation: G1Concurrent
Event: 3.371 Executing VM operation: G1Concurrent done
Event: 3.585 Executing VM operation: G1CollectForAllocation
Event: 3.591 Executing VM operation: G1CollectForAllocation done
Event: 3.592 Executing VM operation: G1CollectForAllocation
Event: 3.595 Executing VM operation: G1CollectForAllocation done
Event: 3.603 Executing VM operation: G1CollectForAllocation
Event: 3.603 Executing VM operation: G1CollectForAllocation done
Event: 3.610 Executing VM operation: G1CollectForAllocation

Events (20 events):
Event: 3.536 loading class com/sun/jmx/remote/util/ClassLogger
Event: 3.536 loading class com/sun/jmx/remote/util/ClassLogger done
Event: 3.536 loading class jdk/internal/logger/LazyLoggers
Event: 3.536 loading class jdk/internal/logger/LazyLoggers done
Event: 3.536 loading class jdk/internal/logger/LazyLoggers$1
Event: 3.537 loading class jdk/internal/logger/LazyLoggers$1 done
Event: 3.537 loading class jdk/internal/logger/LazyLoggers$LazyLoggerFactories
Event: 3.537 loading class jdk/internal/logger/LazyLoggers$LazyLoggerFactories done
Event: 3.537 loading class jdk/internal/logger/LoggerFinderLoader
Event: 3.537 loading class jdk/internal/logger/LoggerFinderLoader done
Event: 3.538 loading class sun/util/logging/internal/LoggingProviderImpl$JULWrapper
Event: 3.538 loading class sun/util/logging/internal/LoggingProviderImpl$JULWrapper done
Event: 3.545 loading class java/lang/invoke/VarHandleLongs$FieldInstanceReadWrite
Event: 3.545 loading class java/lang/invoke/VarHandleLongs$FieldInstanceReadOnly
Event: 3.546 loading class java/lang/invoke/VarHandleLongs$FieldInstanceReadOnly done
Event: 3.546 loading class java/lang/invoke/VarHandleLongs$FieldInstanceReadWrite done
Event: 3.546 loading class java/util/concurrent/atomic/Striped64$1
Event: 3.546 loading class java/util/concurrent/atomic/Striped64$1 done
Event: 3.556 loading class java/lang/instrument/IllegalClassFormatException
Event: 3.556 loading class java/lang/instrument/IllegalClassFormatException done


Dynamic libraries:
0x00007ff7948a0000 - 0x00007ff7948ae000 	C:\temp\eclipse-jee\plugins\org.eclipse.justj.openjdk.hotspot.jre.full.win32.x86_64_17.0.1.v20211116-1657\jre\bin\javaw.exe
0x00007ffa7c5f0000 - 0x00007ffa7c7e8000 	C:\windows\SYSTEM32\ntdll.dll
0x00007ffa7a870000 - 0x00007ffa7a932000 	C:\windows\System32\KERNEL32.DLL
0x00007ffa79df0000 - 0x00007ffa7a0ef000 	C:\windows\System32\KERNELBASE.dll
0x00007ffa7a4a0000 - 0x00007ffa7a5a0000 	C:\windows\System32\ucrtbase.dll
0x00007ffa75600000 - 0x00007ffa75618000 	C:\temp\eclipse-jee\plugins\org.eclipse.justj.openjdk.hotspot.jre.full.win32.x86_64_17.0.1.v20211116-1657\jre\bin\jli.dll
0x00007ffa7bc60000 - 0x00007ffa7bdfd000 	C:\windows\System32\USER32.dll
0x00007ffa7a180000 - 0x00007ffa7a1a2000 	C:\windows\System32\win32u.dll
0x00007ffa7b250000 - 0x00007ffa7b27b000 	C:\windows\System32\GDI32.dll
0x00007ffa7a1b0000 - 0x00007ffa7a2ca000 	C:\windows\System32\gdi32full.dll
0x00007ffa7a3b0000 - 0x00007ffa7a44d000 	C:\windows\System32\msvcp_win.dll
0x00007ffa755e0000 - 0x00007ffa755f9000 	C:\temp\eclipse-jee\plugins\org.eclipse.justj.openjdk.hotspot.jre.full.win32.x86_64_17.0.1.v20211116-1657\jre\bin\VCRUNTIME140.dll
0x00007ffa65380000 - 0x00007ffa6561a000 	C:\windows\WinSxS\amd64_microsoft.windows.common-controls_6595b64144ccf1df_6.0.19041.4355_none_60b8b9eb71f62e16\COMCTL32.dll
0x00007ffa7a690000 - 0x00007ffa7a72e000 	C:\windows\System32\msvcrt.dll
0x00007ffa7b280000 - 0x00007ffa7b2af000 	C:\windows\System32\IMM32.DLL
0x0000015a277c0000 - 0x0000015a277d6000 	C:\windows\System32\umppc19205.dll
0x0000015a27800000 - 0x0000015a27813000 	C:\windows\System32\CsXumd64_19205.dll
0x00007ffa79a90000 - 0x00007ffa79ac6000 	C:\windows\system32\vmwsci.dll
0x00007ffa7b240000 - 0x00007ffa7b248000 	C:\windows\System32\PSAPI.DLL
0x00007ffa755d0000 - 0x00007ffa755dc000 	C:\temp\eclipse-jee\plugins\org.eclipse.justj.openjdk.hotspot.jre.full.win32.x86_64_17.0.1.v20211116-1657\jre\bin\vcruntime140_1.dll
0x00007ffa67f70000 - 0x00007ffa68001000 	C:\temp\eclipse-jee\plugins\org.eclipse.justj.openjdk.hotspot.jre.full.win32.x86_64_17.0.1.v20211116-1657\jre\bin\msvcp140.dll
0x00007ffa23d50000 - 0x00007ffa24996000 	C:\temp\eclipse-jee\plugins\org.eclipse.justj.openjdk.hotspot.jre.full.win32.x86_64_17.0.1.v20211116-1657\jre\bin\server\jvm.dll
0x00007ffa7c500000 - 0x00007ffa7c5af000 	C:\windows\System32\ADVAPI32.dll
0x00007ffa7b2b0000 - 0x00007ffa7b34f000 	C:\windows\System32\sechost.dll
0x00007ffa7ab40000 - 0x00007ffa7ac63000 	C:\windows\System32\RPCRT4.dll
0x00007ffa7a380000 - 0x00007ffa7a3a7000 	C:\windows\System32\bcrypt.dll
0x00007ffa6c580000 - 0x00007ffa6c589000 	C:\windows\SYSTEM32\WSOCK32.dll
0x00007ffa7a800000 - 0x00007ffa7a86b000 	C:\windows\System32\WS2_32.dll
0x00007ffa6dba0000 - 0x00007ffa6dbc7000 	C:\windows\SYSTEM32\WINMM.dll
0x00007ffa789a0000 - 0x00007ffa789aa000 	C:\windows\SYSTEM32\VERSION.dll
0x00007ffa78960000 - 0x00007ffa78972000 	C:\windows\SYSTEM32\kernel.appcore.dll
0x00007ffa754b0000 - 0x00007ffa754ba000 	C:\temp\eclipse-jee\plugins\org.eclipse.justj.openjdk.hotspot.jre.full.win32.x86_64_17.0.1.v20211116-1657\jre\bin\jimage.dll
0x00007ffa77460000 - 0x00007ffa77644000 	C:\windows\SYSTEM32\DBGHELP.DLL
0x00007ffa72020000 - 0x00007ffa72054000 	C:\windows\SYSTEM32\dbgcore.DLL
0x00007ffa7a0f0000 - 0x00007ffa7a172000 	C:\windows\System32\bcryptPrimitives.dll
0x00007ffa68650000 - 0x00007ffa68675000 	C:\temp\eclipse-jee\plugins\org.eclipse.justj.openjdk.hotspot.jre.full.win32.x86_64_17.0.1.v20211116-1657\jre\bin\java.dll
0x00007ffa6c3b0000 - 0x00007ffa6c3c8000 	C:\temp\eclipse-jee\plugins\org.eclipse.justj.openjdk.hotspot.jre.full.win32.x86_64_17.0.1.v20211116-1657\jre\bin\zip.dll
0x00007ffa7b4f0000 - 0x00007ffa7bc5d000 	C:\windows\System32\SHELL32.dll
0x00007ffa781b0000 - 0x00007ffa78954000 	C:\windows\SYSTEM32\windows.storage.dll
0x00007ffa7c0e0000 - 0x00007ffa7c435000 	C:\windows\System32\combase.dll
0x00007ffa795b0000 - 0x00007ffa795db000 	C:\windows\SYSTEM32\Wldp.dll
0x00007ffa7b360000 - 0x00007ffa7b42d000 	C:\windows\System32\OLEAUT32.dll
0x00007ffa7b430000 - 0x00007ffa7b4dd000 	C:\windows\System32\SHCORE.dll
0x00007ffa7c4a0000 - 0x00007ffa7c4f5000 	C:\windows\System32\shlwapi.dll
0x00007ffa79bc0000 - 0x00007ffa79be5000 	C:\windows\SYSTEM32\profapi.dll
0x00007ffa6a0d0000 - 0x00007ffa6a0e9000 	C:\temp\eclipse-jee\plugins\org.eclipse.justj.openjdk.hotspot.jre.full.win32.x86_64_17.0.1.v20211116-1657\jre\bin\net.dll
0x00007ffa72520000 - 0x00007ffa7262a000 	C:\windows\SYSTEM32\WINHTTP.dll
0x00007ffa79310000 - 0x00007ffa7937c000 	C:\windows\system32\mswsock.dll
0x00007ffa698f0000 - 0x00007ffa69905000 	C:\temp\eclipse-jee\plugins\org.eclipse.justj.openjdk.hotspot.jre.full.win32.x86_64_17.0.1.v20211116-1657\jre\bin\nio.dll
0x00007ffa72ca0000 - 0x00007ffa72ca9000 	C:\temp\eclipse-jee\plugins\org.eclipse.justj.openjdk.hotspot.jre.full.win32.x86_64_17.0.1.v20211116-1657\jre\bin\management.dll
0x00007ffa728b0000 - 0x00007ffa728bb000 	C:\temp\eclipse-jee\plugins\org.eclipse.justj.openjdk.hotspot.jre.full.win32.x86_64_17.0.1.v20211116-1657\jre\bin\management_ext.dll
0x00007ffa72fd0000 - 0x00007ffa72fde000 	C:\temp\eclipse-jee\plugins\org.eclipse.justj.openjdk.hotspot.jre.full.win32.x86_64_17.0.1.v20211116-1657\jre\bin\sunmscapi.dll
0x00007ffa79c90000 - 0x00007ffa79dec000 	C:\windows\System32\CRYPT32.dll
0x00007ffa79620000 - 0x00007ffa79647000 	C:\windows\SYSTEM32\ncrypt.dll
0x00007ffa795e0000 - 0x00007ffa7961b000 	C:\windows\SYSTEM32\NTASN1.dll
0x00007ffa79510000 - 0x00007ffa79528000 	C:\windows\SYSTEM32\CRYPTSP.dll
0x00007ffa78c30000 - 0x00007ffa78c68000 	C:\windows\system32\rsaenh.dll
0x00007ffa79b80000 - 0x00007ffa79bae000 	C:\windows\SYSTEM32\USERENV.dll
0x00007ffa79500000 - 0x00007ffa7950c000 	C:\windows\SYSTEM32\CRYPTBASE.dll
0x00007ffa78ff0000 - 0x00007ffa7902b000 	C:\windows\SYSTEM32\IPHLPAPI.DLL
0x00007ffa7b4e0000 - 0x00007ffa7b4e8000 	C:\windows\System32\NSI.dll
0x00007ffa74620000 - 0x00007ffa74637000 	C:\windows\SYSTEM32\dhcpcsvc6.DLL
0x00007ffa745f0000 - 0x00007ffa7460d000 	C:\windows\SYSTEM32\dhcpcsvc.DLL
0x00007ffa79030000 - 0x00007ffa790fa000 	C:\windows\SYSTEM32\DNSAPI.dll

dbghelp: loaded successfully - version: 4.0.5 - missing functions: none
symbol engine: initialized successfully - sym options: 0x614 - pdb path: .;C:\temp\eclipse-jee\plugins\org.eclipse.justj.openjdk.hotspot.jre.full.win32.x86_64_17.0.1.v20211116-1657\jre\bin;C:\windows\SYSTEM32;C:\windows\WinSxS\amd64_microsoft.windows.common-controls_6595b64144ccf1df_6.0.19041.4355_none_60b8b9eb71f62e16;C:\temp\eclipse-jee\plugins\org.eclipse.justj.openjdk.hotspot.jre.full.win32.x86_64_17.0.1.v20211116-1657\jre\bin\server

VM Arguments:
jvm_args: -Dfile.encoding=UTF-8 -XX:+ShowCodeDetailsInExceptionMessages 
java_command: com.hotel.managementsystem.ManagementsystemApplication
java_class_path (initial): C:\Users\2784408\Downloads\managementsystem\managementsystem\target\classes;C:\Users\2784408\.m2\repository\org\springframework\boot\spring-boot-starter-data-jpa\3.4.4\spring-boot-starter-data-jpa-3.4.4.jar;C:\Users\2784408\.m2\repository\org\springframework\boot\spring-boot-starter\3.4.4\spring-boot-starter-3.4.4.jar;C:\Users\2784408\.m2\repository\org\springframework\boot\spring-boot-starter-logging\3.4.4\spring-boot-starter-logging-3.4.4.jar;C:\Users\2784408\.m2\repository\ch\qos\logback\logback-classic\1.5.18\logback-classic-1.5.18.jar;C:\Users\2784408\.m2\repository\ch\qos\logback\logback-core\1.5.18\logback-core-1.5.18.jar;C:\Users\2784408\.m2\repository\org\apache\logging\log4j\log4j-to-slf4j\2.24.3\log4j-to-slf4j-2.24.3.jar;C:\Users\2784408\.m2\repository\org\apache\logging\log4j\log4j-api\2.24.3\log4j-api-2.24.3.jar;C:\Users\2784408\.m2\repository\org\slf4j\jul-to-slf4j\2.0.17\jul-to-slf4j-2.0.17.jar;C:\Users\2784408\.m2\repository\jakarta\annotation\jakarta.annotation-api\2.1.1\jakarta.annotation-api-2.1.1.jar;C:\Users\2784408\.m2\repository\org\yaml\snakeyaml\2.3\snakeyaml-2.3.jar;C:\Users\2784408\.m2\repository\org\springframework\boot\spring-boot-starter-jdbc\3.4.4\spring-boot-starter-jdbc-3.4.4.jar;C:\Users\2784408\.m2\repository\com\zaxxer\HikariCP\5.1.0\HikariCP-5.1.0.jar;C:\Users\2784408\.m2\repository\org\springframework\spring-jdbc\6.2.5\spring-jdbc-6.2.5.jar;C:\Users\2784408\.m2\repository\org\hibernate\orm\hibernate-core\6.6.11.Final\hibernate-core-6.6.11.Final.jar;C:\Users\2784408\.m2\repository\jakarta\persistence\jakarta.persistence-api\3.1.0\jakarta.persistence-api-3.1.0.jar;C:\Users\2784408\.m2\repository\jakarta\transaction\jakarta.transaction-api\2.0.1\jakarta.transaction-api-2.0.1.jar;C:\Users\2784408\.m2\repository\org\jboss\logging\jboss-logging\3.6.1.Final\jboss-logging-3.6.1.Final.jar;C:\Users\2784408\.m2\repository\org\hibernate\common\hibernate-commons-annotations\7.0.3.Final\hibernate-commons-annotatio
Launcher Type: SUN_STANDARD

[Global flags]
     intx CICompilerCount                          = 3                                         {product} {ergonomic}
     uint ConcGCThreads                            = 1                                         {product} {ergonomic}
     uint G1ConcRefinementThreads                  = 4                                         {product} {ergonomic}
   size_t G1HeapRegionSize                         = 1048576                                   {product} {ergonomic}
    uintx GCDrainStackTargetSize                   = 64                                        {product} {ergonomic}
   size_t InitialHeapSize                          = 134217728                                 {product} {ergonomic}
   size_t MarkStackSize                            = 4194304                                   {product} {ergonomic}
   size_t MaxHeapSize                              = 2147483648                                {product} {ergonomic}
   size_t MaxNewSize                               = 1287651328                                {product} {ergonomic}
   size_t MinHeapDeltaBytes                        = 1048576                                   {product} {ergonomic}
   size_t MinHeapSize                              = 8388608                                   {product} {ergonomic}
    uintx NonNMethodCodeHeapSize                   = 5832780                                {pd product} {ergonomic}
    uintx NonProfiledCodeHeapSize                  = 122912730                              {pd product} {ergonomic}
    uintx ProfiledCodeHeapSize                     = 122912730                              {pd product} {ergonomic}
    uintx ReservedCodeCacheSize                    = 251658240                              {pd product} {ergonomic}
     bool SegmentedCodeCache                       = true                                      {product} {ergonomic}
     bool ShowCodeDetailsInExceptionMessages       = true                                   {manageable} {command line}
   size_t SoftMaxHeapSize                          = 2147483648                             {manageable} {ergonomic}
     bool UseCompressedClassPointers               = true                           {product lp64_product} {ergonomic}
     bool UseCompressedOops                        = true                           {product lp64_product} {ergonomic}
     bool UseG1GC                                  = true                                      {product} {ergonomic}
     bool UseLargePagesIndividualAllocation        = false                                  {pd product} {ergonomic}

Logging:
Log output configuration:
 #0: stdout all=warning uptime,level,tags
 #1: stderr all=off uptime,level,tags

Environment Variables:
JAVA_HOME=C:\Program Files\OpenLogic\jdk-17.0.12.7-hotspot\
PATH=C:/temp/eclipse-jee//plugins/org.eclipse.justj.openjdk.hotspot.jre.full.win32.x86_64_17.0.1.v20211116-1657/jre/bin/server;C:/temp/eclipse-jee//plugins/org.eclipse.justj.openjdk.hotspot.jre.full.win32.x86_64_17.0.1.v20211116-1657/jre/bin;C:\Program Files\OpenLogic\jdk-17.0.12.7-hotspot\bin;C:\Program Files\Python312\Scripts\;C:\Program Files\Python312\;C:\windows\system32;C:\windows;C:\windows\System32\Wbem;C:\windows\System32\WindowsPowerShell\v1.0\;C:\windows\System32\OpenSSH\;C:\Program Files\Git\cmd;C:\Program Files\TortoiseGit\bin;C:\temp\java-1.8.0-openjdk-1.8.0.265-3\bin;C:\temp\java-1.8.0-openjdk-1.8.0.265-3\jre\bin;C:\temp\New folder\tomcat-9.0.72\bin;C:\temp\New folder\cli-8.19.3\bin;C:\Program Files\Common Files\ThinPrint\;C:\Program Files\nodejs\;C:\temp\New folder\node_modules\.bin;C:\Program Files\Microsoft VS Code\bin;C:\Users\2784408\AppData\Local\Microsoft\WindowsApps;;C:\temp\eclipse-jee;
USERNAME=2784408
OS=Windows_NT
PROCESSOR_IDENTIFIER=Intel64 Family 6 Model 85 Stepping 7, GenuineIntel



---------------  S Y S T E M  ---------------

OS:
 Windows 10 , 64 bit Build 19041 (10.0.19041.5438)
OS uptime: 27 days 23:02 hours
VMWare virtualization detected

CPU: total 4 (initial active 4) (2 cores per cpu, 1 threads per core) family 6 model 85 stepping 7 microcode 0x5003605, cx8, cmov, fxsr, mmx, 3dnowpref, sse, sse2, sse3, ssse3, sse4.1, sse4.2, popcnt, lzcnt, tsc, tscinvbit, avx, avx2, aes, erms, clmul, bmi1, bmi2, adx, avx512f, avx512dq, avx512cd, avx512bw, avx512vl, fma, vzeroupper, avx512_vnni, clflush, clflushopt, clwb, hv

Memory: 4k page, system-wide physical 8191M (1162M free)
TotalPageFile size 8702M (AvailPageFile size 11M)
current process WorkingSet (physical memory assigned to process): 219M, peak: 254M
current process commit charge ("private bytes"): 307M, peak: 368M

vm_info: OpenJDK 64-Bit Server VM (17.0.1+12) for windows-amd64 JRE (17.0.1+12), built on Oct 20 2021 07:42:55 by "" with MS VC++ 16.7 (VS2019)

END.
